#
# A fatal error has been detected by the Java Runtime Environment:
#
#  EXCEPTION_ACCESS_VIOLATION (0xc0000005) at pc=0x00000000633b8ad5, pid=11732, tid=8832
#
# JRE version: Java(TM) SE Runtime Environment (8.0_71-b15) (build 1.8.0_71-b15)
# Java VM: Java HotSpot(TM) 64-Bit Server VM (25.71-b15 mixed mode windows-amd64 compressed oops)
# Problematic frame:
# V  [jvm.dll+0x128ad5]
#
# Failed to write core dump. Minidumps are not enabled by default on client versions of Windows
#
# If you would like to submit a bug report, please visit:
#   http://bugreport.java.com/bugreport/crash.jsp
#

---------------  T H R E A D  ---------------

Current thread (0x000000001eb02800):  JavaThread "JDWP Transport Listener: dt_socket" daemon [_thread_in_vm, id=8832, stack(0x000000001f0d0000,0x000000001f1d0000)]

siginfo: ExceptionCode=0xc0000005, reading address 0xffffffffffffffff

Registers:
RAX=0x000000001f1cf401, RBX=0x000000001eb02800, RCX=0x3b656c6261003b65, RDX=0x0000000000000000
RSP=0x000000001f1cf450, RBP=0x3b656c6261003b65, RSI=0x000000001f1cf568, RDI=0x0000000002e59ea0
R8 =0x000000001eb02800, R9 =0x0000000000000000, R10=0x0000000000000000, R11=0x0000000000000064
R12=0x0000000000000000, R13=0x000000001eb0c3c8, R14=0x0000000000000000, R15=0x0000000000000000
RIP=0x00000000633b8ad5, EFLAGS=0x0000000000010206

Top of Stack: (sp=0x000000001f1cf450)
0x000000001f1cf450:   000000001eb02800 000000001eb02800
0x000000001f1cf460:   000000001f1cf518 00000000635be34b
0x000000001f1cf470:   000000001eb02800 00000000635dabad
0x000000001f1cf480:   0000000000000000 0000000063ea9155
0x000000001f1cf490:   000000001feb73a0 0000000063eb291e
0x000000001f1cf4a0:   000000001eb02800 0000000000000000
0x000000001f1cf4b0:   0000000000000000 0000000000000000
0x000000001f1cf4c0:   3b656c6261003b65 0000000063eb1a15
0x000000001f1cf4d0:   000000001f1cf568 000000001f1cf540
0x000000001f1cf4e0:   0000000000000001 000000001feb73a0
0x000000001f1cf4f0:   3b656c6261003b65 0000000063e953b3
0x000000001f1cf500:   000000001f1cf630 0000000000000001
0x000000001f1cf510:   0000000000000001 000000001feb73a0
0x000000001f1cf520:   0000000000000001 0000000000000000
0x000000001f1cf530:   0000000000000000 0000000000000000
0x000000001f1cf540:   0000000000000001 0000000063e95571 

Instructions: (pc=0x00000000633b8ad5)
0x00000000633b8ab5:   cc cc cc cc cc cc cc cc cc cc cc 48 83 ec 28 48
0x00000000633b8ac5:   85 c9 75 07 33 c0 48 83 c4 28 c3 48 89 5c 24 20
0x00000000633b8ad5:   48 8b 19 48 85 db 74 20 48 83 fb 37 74 1a 48 8b
0x00000000633b8ae5:   13 48 8b cb ff 52 10 84 c0 74 0d 48 8b c3 48 8b 


Register to memory mapping:

RAX=0x000000001f1cf401 is pointing into the stack for thread: 0x000000001eb02800
RBX=0x000000001eb02800 is a thread
RCX=0x3b656c6261003b65 is an unknown value
RDX=0x0000000000000000 is an unknown value
RSP=0x000000001f1cf450 is pointing into the stack for thread: 0x000000001eb02800
RBP=0x3b656c6261003b65 is an unknown value
RSI=0x000000001f1cf568 is pointing into the stack for thread: 0x000000001eb02800
RDI=0x0000000002e59ea0 is an unknown value
R8 =0x000000001eb02800 is a thread
R9 =0x0000000000000000 is an unknown value
R10=0x0000000000000000 is an unknown value
R11=0x0000000000000064 is an unknown value
R12=0x0000000000000000 is an unknown value
R13=0x000000001eb0c3c8 is an unknown value
R14=0x0000000000000000 is an unknown value
R15=0x0000000000000000 is an unknown value


Stack: [0x000000001f0d0000,0x000000001f1d0000],  sp=0x000000001f1cf450,  free space=1021k
Native frames: (J=compiled Java code, j=interpreted, Vv=VM code, C=native code)
V  [jvm.dll+0x128ad5]
V  [jvm.dll+0x34abad]
C  [jdwp.dll+0x21a15]
C  [jdwp.dll+0x53b3]
C  [jdwp.dll+0x5571]
C  [jdwp.dll+0xf0a8]
C  [jdwp.dll+0x1f2d5]
C  [jdwp.dll+0x1f4aa]
V  [jvm.dll+0x1bbb58]
V  [jvm.dll+0x243234]
V  [jvm.dll+0x29a10a]
C  [msvcr100.dll+0x21d9f]
C  [msvcr100.dll+0x21e3b]
C  [KERNEL32.DLL+0x12d92]
C  [ntdll.dll+0x9f64]


---------------  P R O C E S S  ---------------

Java Threads: ( => current thread )
  0x0000000020384800 JavaThread "TimerQueue" daemon [_thread_blocked, id=9964, stack(0x0000000000f70000,0x0000000001070000)]
  0x000000002038a800 JavaThread "Thread-57" [_thread_in_native, id=32, stack(0x000000002b610000,0x000000002b710000)]
  0x0000000020383800 JavaThread "Thread-58" [_thread_blocked, id=3884, stack(0x000000002b510000,0x000000002b610000)]
  0x0000000020385000 JavaThread "Thread-55" [_thread_blocked, id=7692, stack(0x000000002b310000,0x000000002b410000)]
  0x0000000020389800 JavaThread "Thread-54" [_thread_blocked, id=10772, stack(0x000000002b210000,0x000000002b310000)]
  0x0000000020387800 JavaThread "Timer-0" daemon [_thread_blocked, id=9884, stack(0x000000002ab10000,0x000000002ac10000)]
  0x0000000020382000 JavaThread "Media Resource Disposer" daemon [_thread_blocked, id=10828, stack(0x000000002aa10000,0x000000002ab10000)]
  0x0000000020381800 JavaThread "JFXMedia Player EventQueueThread" daemon [_thread_blocked, id=11608, stack(0x0000000029d10000,0x0000000029e10000)]
  0x000000002008e800 JavaThread "Thread-16" daemon [_thread_blocked, id=5820, stack(0x0000000029e10000,0x0000000029f10000)]
  0x0000000020090000 JavaThread "Thread-13" [_thread_in_native, id=10948, stack(0x0000000028b10000,0x0000000028c10000)]
  0x000000002008f800 JavaThread "Thread-14" [_thread_blocked, id=11412, stack(0x0000000028a10000,0x0000000028b10000)]
  0x000000002008e000 JavaThread "JavaFX Application Thread" [_thread_in_native, id=5700, stack(0x0000000028910000,0x0000000028a10000)]
  0x0000000020092800 JavaThread "Thread-12" daemon [_thread_blocked, id=11696, stack(0x0000000028810000,0x0000000028910000)]
  0x000000002008c800 JavaThread "QuantumRenderer-0" daemon [_thread_blocked, id=10124, stack(0x0000000028710000,0x0000000028810000)]
  0x000000002008d000 JavaThread "Thread-8" [_thread_blocked, id=9912, stack(0x0000000028310000,0x0000000028410000)]
  0x0000000020091800 JavaThread "Thread-7" [_thread_blocked, id=9108, stack(0x0000000028210000,0x0000000028310000)]
  0x0000000020091000 JavaThread "Network Thread" [_thread_blocked, id=8200, stack(0x0000000023c90000,0x0000000023d90000)]
  0x000000002029e800 JavaThread "Thread-5" [_thread_blocked, id=5352, stack(0x0000000023890000,0x0000000023990000)]
  0x0000000020272800 JavaThread "D3D Screen Updater" daemon [_thread_blocked, id=10252, stack(0x0000000021440000,0x0000000021540000)]
  0x0000000020258800 JavaThread "EDT" [_thread_blocked, id=10988, stack(0x0000000021340000,0x0000000021440000)]
  0x0000000002e62800 JavaThread "DestroyJavaVM" [_thread_blocked, id=11992, stack(0x0000000002ca0000,0x0000000002da0000)]
  0x000000001eebe800 JavaThread "Thread-1" [_thread_blocked, id=200, stack(0x0000000020c40000,0x0000000020d40000)]
  0x000000001eeb9800 JavaThread "AWT-EventQueue-0" [_thread_blocked, id=11128, stack(0x0000000020b40000,0x0000000020c40000)]
  0x000000001eeb6000 JavaThread "AWT-Windows" daemon [_thread_in_native, id=5312, stack(0x0000000020890000,0x0000000020990000)]
  0x000000001febb000 JavaThread "AWT-Shutdown" [_thread_blocked, id=5296, stack(0x0000000020790000,0x0000000020890000)]
  0x000000001ff0d000 JavaThread "Java2D Disposer" daemon [_thread_blocked, id=5400, stack(0x0000000020690000,0x0000000020790000)]
  0x000000001ebbe000 JavaThread "Service Thread" daemon [_thread_blocked, id=11028, stack(0x000000001fbb0000,0x000000001fcb0000)]
  0x000000001eb2e800 JavaThread "C1 CompilerThread3" daemon [_thread_blocked, id=5816, stack(0x000000001fab0000,0x000000001fbb0000)]
  0x000000001eb2d000 JavaThread "C2 CompilerThread2" daemon [_thread_blocked, id=6940, stack(0x000000001f9b0000,0x000000001fab0000)]
  0x000000001eb2b000 JavaThread "C2 CompilerThread1" daemon [_thread_blocked, id=9032, stack(0x000000001f8b0000,0x000000001f9b0000)]
  0x000000001eb21000 JavaThread "C2 CompilerThread0" daemon [_thread_blocked, id=9320, stack(0x000000001f7b0000,0x000000001f8b0000)]
  0x000000001eb11800 JavaThread "JDWP Command Reader" daemon [_thread_in_native, id=12024, stack(0x000000001f6b0000,0x000000001f7b0000)]
  0x000000001eb0e000 JavaThread "JDWP Event Helper Thread" daemon [_thread_blocked, id=5348, stack(0x000000001f5b0000,0x000000001f6b0000)]
=>0x000000001eb02800 JavaThread "JDWP Transport Listener: dt_socket" daemon [_thread_in_vm, id=8832, stack(0x000000001f0d0000,0x000000001f1d0000)]
  0x000000001eaf7800 JavaThread "Attach Listener" daemon [_thread_blocked, id=11560, stack(0x000000001efd0000,0x000000001f0d0000)]
  0x000000001eaf6800 JavaThread "Signal Dispatcher" daemon [_thread_blocked, id=11160, stack(0x000000001eed0000,0x000000001efd0000)]
  0x0000000002f5b000 JavaThread "Finalizer" daemon [_thread_blocked, id=10428, stack(0x000000001e8f0000,0x000000001e9f0000)]
  0x000000001ca1d000 JavaThread "Reference Handler" daemon [_thread_blocked, id=2944, stack(0x000000001e7f0000,0x000000001e8f0000)]

Other Threads:
  0x000000001ca18800 VMThread [stack: 0x000000001e6f0000,0x000000001e7f0000] [id=4976]
  0x000000001ebc3000 WatcherThread [stack: 0x000000001fcb0000,0x000000001fdb0000] [id=6640]

VM state:synchronizing (normal execution)

VM Mutex/Monitor currently owned by a thread:  ([mutex/lock_event])
[0x0000000002e5dff0] Threads_lock - owner thread: 0x000000001ca18800
[0x0000000002e5e670] Heap_lock - owner thread: 0x000000002008d000

Heap:
 PSYoungGen      total 177664K, used 177312K [0x000000076ae00000, 0x00000007a1e80000, 0x00000007c0000000)
  eden space 177152K, 100% used [0x000000076ae00000,0x0000000775b00000,0x0000000775b00000)
  from space 512K, 31% used [0x00000007a1d80000,0x00000007a1da8000,0x00000007a1e00000)
  to   space 512K, 0% used [0x00000007a1e00000,0x00000007a1e00000,0x00000007a1e80000)
 ParOldGen       total 152576K, used 121295K [0x00000006c0a00000, 0x00000006c9f00000, 0x000000076ae00000)
  object space 152576K, 79% used [0x00000006c0a00000,0x00000006c8073fc0,0x00000006c9f00000)
 Metaspace       used 25838K, capacity 26200K, committed 26624K, reserved 1073152K
  class space    used 3082K, capacity 3207K, committed 3328K, reserved 1048576K

Card table byte_map: [0x0000000012320000,0x0000000012b20000] byte_map_base: 0x000000000ed1b000

Marking Bits: (ParMarkBitMap*) 0x0000000063a9f600
 Begin Bits: [0x0000000013880000, 0x0000000017858000)
 End Bits:   [0x0000000017858000, 0x000000001b830000)

Polling page: 0x00000000014d0000

CodeCache: size=245760Kb used=9706Kb max_used=9738Kb free=236053Kb
 bounds [0x0000000002f60000, 0x0000000003920000, 0x0000000011f60000]
 total_blobs=3480 nmethods=2775 adapters=624
 compilation: enabled

Compilation events (10 events):
Event: 564.609 Thread 0x000000001eb21000 3419       4       com.sun.glass.ui.win.WinApplication::submitForLaterInvocation (6 bytes)
Event: 564.609 Thread 0x000000001eb2b000 3420   !   4       com.sun.glass.ui.InvokeLaterDispatcher$Future::run (91 bytes)
Event: 564.609 Thread 0x000000001eb21000 nmethod 3419 0x000000000322be90 code [0x000000000322bfe0, 0x000000000322c068]
Event: 564.618 Thread 0x000000001eb2b000 nmethod 3420 0x0000000003855490 code [0x00000000038556a0, 0x00000000038566e0]
Event: 571.570 Thread 0x000000001eb2d000 3421       4       online.common.commonLobby::setGameTime (279 bytes)
Event: 571.571 Thread 0x000000001eb2e800 3422       3       bridge.Date::<init> (6 bytes)
Event: 571.571 Thread 0x000000001eb2e800 nmethod 3422 0x000000000337c610 code [0x000000000337c780, 0x000000000337c990]
Event: 571.579 Thread 0x000000001eb21000 3423       4       bridge.Date::<init> (6 bytes)
Event: 571.579 Thread 0x000000001eb21000 nmethod 3423 0x00000000037370d0 code [0x0000000003737200, 0x0000000003737258]
Event: 571.602 Thread 0x000000001eb2d000 nmethod 3421 0x000000000371c010 code [0x000000000371c300, 0x000000000371dd30]

GC Heap History (10 events):
Event: 571.065 GC heap before
{Heap before GC invocations=4248 (full 1):
 PSYoungGen      total 212480K, used 212064K [0x000000076ae00000, 0x00000007a1e80000, 0x00000007c0000000)
  eden space 211968K, 100% used [0x000000076ae00000,0x0000000777d00000,0x0000000777d00000)
  from space 512K, 18% used [0x00000007a1e00000,0x00000007a1e18000,0x00000007a1e80000)
  to   space 512K, 0% used [0x00000007a1d80000,0x00000007a1d80000,0x00000007a1e00000)
 ParOldGen       total 152576K, used 121231K [0x00000006c0a00000, 0x00000006c9f00000, 0x000000076ae00000)
  object space 152576K, 79% used [0x00000006c0a00000,0x00000006c8063fc0,0x00000006c9f00000)
 Metaspace       used 25824K, capacity 26200K, committed 26624K, reserved 1073152K
  class space    used 3081K, capacity 3207K, committed 3328K, reserved 1048576K
Event: 571.066 GC heap after
Heap after GC invocations=4248 (full 1):
 PSYoungGen      total 204800K, used 128K [0x000000076ae00000, 0x00000007a1e80000, 0x00000007c0000000)
  eden space 204288K, 0% used [0x000000076ae00000,0x000000076ae00000,0x0000000777580000)
  from space 512K, 25% used [0x00000007a1d80000,0x00000007a1da0000,0x00000007a1e00000)
  to   space 512K, 0% used [0x00000007a1e00000,0x00000007a1e00000,0x00000007a1e80000)
 ParOldGen       total 152576K, used 121247K [0x00000006c0a00000, 0x00000006c9f00000, 0x000000076ae00000)
  object space 152576K, 79% used [0x00000006c0a00000,0x00000006c8067fc0,0x00000006c9f00000)
 Metaspace       used 25824K, capacity 26200K, committed 26624K, reserved 1073152K
  class space    used 3081K, capacity 3207K, committed 3328K, reserved 1048576K
}
Event: 571.195 GC heap before
{Heap before GC invocations=4249 (full 1):
 PSYoungGen      total 204800K, used 204416K [0x000000076ae00000, 0x00000007a1e80000, 0x00000007c0000000)
  eden space 204288K, 100% used [0x000000076ae00000,0x0000000777580000,0x0000000777580000)
  from space 512K, 25% used [0x00000007a1d80000,0x00000007a1da0000,0x00000007a1e00000)
  to   space 512K, 0% used [0x00000007a1e00000,0x00000007a1e00000,0x00000007a1e80000)
 ParOldGen       total 152576K, used 121247K [0x00000006c0a00000, 0x00000006c9f00000, 0x000000076ae00000)
  object space 152576K, 79% used [0x00000006c0a00000,0x00000006c8067fc0,0x00000006c9f00000)
 Metaspace       used 25824K, capacity 26200K, committed 26624K, reserved 1073152K
  class space    used 3081K, capacity 3207K, committed 3328K, reserved 1048576K
Event: 571.196 GC heap after
Heap after GC invocations=4249 (full 1):
 PSYoungGen      total 197632K, used 64K [0x000000076ae00000, 0x00000007a1e80000, 0x00000007c0000000)
  eden space 197120K, 0% used [0x000000076ae00000,0x000000076ae00000,0x0000000776e80000)
  from space 512K, 12% used [0x00000007a1e00000,0x00000007a1e10000,0x00000007a1e80000)
  to   space 512K, 0% used [0x00000007a1d80000,0x00000007a1d80000,0x00000007a1e00000)
 ParOldGen       total 152576K, used 121263K [0x00000006c0a00000, 0x00000006c9f00000, 0x000000076ae00000)
  object space 152576K, 79% used [0x00000006c0a00000,0x00000006c806bfc0,0x00000006c9f00000)
 Metaspace       used 25824K, capacity 26200K, committed 26624K, reserved 1073152K
  class space    used 3081K, capacity 3207K, committed 3328K, reserved 1048576K
}
Event: 571.316 GC heap before
{Heap before GC invocations=4250 (full 1):
 PSYoungGen      total 197632K, used 197184K [0x000000076ae00000, 0x00000007a1e80000, 0x00000007c0000000)
  eden space 197120K, 100% used [0x000000076ae00000,0x0000000776e80000,0x0000000776e80000)
  from space 512K, 12% used [0x00000007a1e00000,0x00000007a1e10000,0x00000007a1e80000)
  to   space 512K, 0% used [0x00000007a1d80000,0x00000007a1d80000,0x00000007a1e00000)
 ParOldGen       total 152576K, used 121263K [0x00000006c0a00000, 0x00000006c9f00000, 0x000000076ae00000)
  object space 152576K, 79% used [0x00000006c0a00000,0x00000006c806bfc0,0x00000006c9f00000)
 Metaspace       used 25824K, capacity 26200K, committed 26624K, reserved 1073152K
  class space    used 3081K, capacity 3207K, committed 3328K, reserved 1048576K
Event: 571.317 GC heap after
Heap after GC invocations=4250 (full 1):
 PSYoungGen      total 190464K, used 128K [0x000000076ae00000, 0x00000007a1e80000, 0x00000007c0000000)
  eden space 189952K, 0% used [0x000000076ae00000,0x000000076ae00000,0x0000000776780000)
  from space 512K, 25% used [0x00000007a1d80000,0x00000007a1da0000,0x00000007a1e00000)
  to   space 512K, 0% used [0x00000007a1e00000,0x00000007a1e00000,0x00000007a1e80000)
 ParOldGen       total 152576K, used 121263K [0x00000006c0a00000, 0x00000006c9f00000, 0x000000076ae00000)
  object space 152576K, 79% used [0x00000006c0a00000,0x00000006c806bfc0,0x00000006c9f00000)
 Metaspace       used 25824K, capacity 26200K, committed 26624K, reserved 1073152K
  class space    used 3081K, capacity 3207K, committed 3328K, reserved 1048576K
}
Event: 571.449 GC heap before
{Heap before GC invocations=4251 (full 1):
 PSYoungGen      total 190464K, used 190080K [0x000000076ae00000, 0x00000007a1e80000, 0x00000007c0000000)
  eden space 189952K, 100% used [0x000000076ae00000,0x0000000776780000,0x0000000776780000)
  from space 512K, 25% used [0x00000007a1d80000,0x00000007a1da0000,0x00000007a1e00000)
  to   space 512K, 0% used [0x00000007a1e00000,0x00000007a1e00000,0x00000007a1e80000)
 ParOldGen       total 152576K, used 121263K [0x00000006c0a00000, 0x00000006c9f00000, 0x000000076ae00000)
  object space 152576K, 79% used [0x00000006c0a00000,0x00000006c806bfc0,0x00000006c9f00000)
 Metaspace       used 25824K, capacity 26200K, committed 26624K, reserved 1073152K
  class space    used 3081K, capacity 3207K, committed 3328K, reserved 1048576K
Event: 571.450 GC heap after
Heap after GC invocations=4251 (full 1):
 PSYoungGen      total 183808K, used 96K [0x000000076ae00000, 0x00000007a1e80000, 0x00000007c0000000)
  eden space 183296K, 0% used [0x000000076ae00000,0x000000076ae00000,0x0000000776100000)
  from space 512K, 18% used [0x00000007a1e00000,0x00000007a1e18000,0x00000007a1e80000)
  to   space 512K, 0% used [0x00000007a1d80000,0x00000007a1d80000,0x00000007a1e00000)
 ParOldGen       total 152576K, used 121279K [0x00000006c0a00000, 0x00000006c9f00000, 0x000000076ae00000)
  object space 152576K, 79% used [0x00000006c0a00000,0x00000006c806ffc0,0x00000006c9f00000)
 Metaspace       used 25824K, capacity 26200K, committed 26624K, reserved 1073152K
  class space    used 3081K, capacity 3207K, committed 3328K, reserved 1048576K
}
Event: 571.575 GC heap before
{Heap before GC invocations=4252 (full 1):
 PSYoungGen      total 183808K, used 183392K [0x000000076ae00000, 0x00000007a1e80000, 0x00000007c0000000)
  eden space 183296K, 100% used [0x000000076ae00000,0x0000000776100000,0x0000000776100000)
  from space 512K, 18% used [0x00000007a1e00000,0x00000007a1e18000,0x00000007a1e80000)
  to   space 512K, 0% used [0x00000007a1d80000,0x00000007a1d80000,0x00000007a1e00000)
 ParOldGen       total 152576K, used 121279K [0x00000006c0a00000, 0x00000006c9f00000, 0x000000076ae00000)
  object space 152576K, 79% used [0x00000006c0a00000,0x00000006c806ffc0,0x00000006c9f00000)
 Metaspace       used 25838K, capacity 26200K, committed 26624K, reserved 1073152K
  class space    used 3082K, capacity 3207K, committed 3328K, reserved 1048576K
Event: 571.576 GC heap after
Heap after GC invocations=4252 (full 1):
 PSYoungGen      total 177664K, used 160K [0x000000076ae00000, 0x00000007a1e80000, 0x00000007c0000000)
  eden space 177152K, 0% used [0x000000076ae00000,0x000000076ae00000,0x0000000775b00000)
  from space 512K, 31% used [0x00000007a1d80000,0x00000007a1da8000,0x00000007a1e00000)
  to   space 512K, 0% used [0x00000007a1e00000,0x00000007a1e00000,0x00000007a1e80000)
 ParOldGen       total 152576K, used 121295K [0x00000006c0a00000, 0x00000006c9f00000, 0x000000076ae00000)
  object space 152576K, 79% used [0x00000006c0a00000,0x00000006c8073fc0,0x00000006c9f00000)
 Metaspace       used 25838K, capacity 26200K, committed 26624K, reserved 1073152K
  class space    used 3082K, capacity 3207K, committed 3328K, reserved 1048576K
}

Deoptimization events (10 events):
Event: 113.322 Thread 0x000000001eeb9800 Uncommon trap: reason=class_check action=maybe_recompile pc=0x0000000003738210 method=sun.java2d.SurfaceData.getSourceSurfaceData(Ljava/awt/Image;ILsun/java2d/loops/CompositeType;Ljava/awt/Color;)Lsun/java2d/SurfaceData; @ 8
Event: 113.322 Thread 0x000000001eeb9800 Uncommon trap: reason=class_check action=maybe_recompile pc=0x0000000003738210 method=sun.java2d.SurfaceData.getSourceSurfaceData(Ljava/awt/Image;ILsun/java2d/loops/CompositeType;Ljava/awt/Color;)Lsun/java2d/SurfaceData; @ 8
Event: 113.322 Thread 0x000000001eeb9800 Uncommon trap: reason=class_check action=maybe_recompile pc=0x0000000003738210 method=sun.java2d.SurfaceData.getSourceSurfaceData(Ljava/awt/Image;ILsun/java2d/loops/CompositeType;Ljava/awt/Color;)Lsun/java2d/SurfaceData; @ 8
Event: 113.323 Thread 0x000000001eeb9800 Uncommon trap: reason=unstable_if action=reinterpret pc=0x0000000003588aa8 method=sun.awt.image.SurfaceManager.getImageScale(Ljava/awt/Image;)I @ 4
Event: 113.323 Thread 0x000000001eeb9800 Uncommon trap: reason=class_check action=maybe_recompile pc=0x000000000371b630 method=sun.java2d.pipe.DrawImage.copyImage(Lsun/java2d/SunGraphics2D;Ljava/awt/Image;IILjava/awt/Color;)Z @ 2
Event: 113.323 Thread 0x000000001eeb9800 Uncommon trap: reason=class_check action=maybe_recompile pc=0x00000000036b8f3c method=sun.java2d.SurfaceData.getSourceSurfaceData(Ljava/awt/Image;ILsun/java2d/loops/CompositeType;Ljava/awt/Color;)Lsun/java2d/SurfaceData; @ 8
Event: 113.420 Thread 0x000000001eeb9800 Uncommon trap: reason=class_check action=maybe_recompile pc=0x000000000371b630 method=sun.java2d.pipe.DrawImage.copyImage(Lsun/java2d/SunGraphics2D;Ljava/awt/Image;IILjava/awt/Color;)Z @ 2
Event: 113.424 Thread 0x000000001eeb9800 Uncommon trap: reason=unstable_if action=reinterpret pc=0x0000000003882478 method=java.awt.Rectangle.translate(II)V @ 11
Event: 113.424 Thread 0x000000001eeb9800 Uncommon trap: reason=class_check action=maybe_recompile pc=0x000000000371b630 method=sun.java2d.pipe.DrawImage.copyImage(Lsun/java2d/SunGraphics2D;Ljava/awt/Image;IILjava/awt/Color;)Z @ 2
Event: 116.053 Thread 0x0000000020385000 Uncommon trap: reason=unhandled action=none pc=0x00000000035a1ffc method=online.game.sgf.sgf_reader.readch()C @ 20

Internal exceptions (10 events):
Event: 0.187 Thread 0x0000000002e62800 Exception <a 'java/security/PrivilegedActionException'> (0x000000076af13e30) thrown at [C:\re\workspace\8-2-build-windows-amd64-cygwin\jdk8u71\5731\hotspot\src\share\vm\prims\jvm.cpp, line 1386]
Event: 0.187 Thread 0x0000000002e62800 Exception <a 'java/security/PrivilegedActionException'> (0x000000076af14040) thrown at [C:\re\workspace\8-2-build-windows-amd64-cygwin\jdk8u71\5731\hotspot\src\share\vm\prims\jvm.cpp, line 1386]
Event: 0.190 Thread 0x0000000002e62800 Exception <a 'java/io/FileNotFoundException'> (0x000000076af16408) thrown at [C:\re\workspace\8-2-build-windows-amd64-cygwin\jdk8u71\5731\hotspot\src\share\vm\prims\jni.cpp, line 709]
Event: 0.222 Thread 0x0000000002e62800 Exception <a 'java/lang/NoSuchFieldError': method resolution failed> (0x000000076b3baea8) thrown at [C:\re\workspace\8-2-build-windows-amd64-cygwin\jdk8u71\5731\hotspot\src\share\vm\prims\methodHandles.cpp, line 1146]
Event: 0.225 Thread 0x0000000002e62800 Exception <a 'java/lang/NoSuchFieldError': method resolution failed> (0x000000076b3c8460) thrown at [C:\re\workspace\8-2-build-windows-amd64-cygwin\jdk8u71\5731\hotspot\src\share\vm\prims\methodHandles.cpp, line 1146]
Event: 1.476 Thread 0x000000001eeb9800 Exception <a 'java/io/FileNotFoundException'> (0x000000076cc25b68) thrown at [C:\re\workspace\8-2-build-windows-amd64-cygwin\jdk8u71\5731\hotspot\src\share\vm\prims\jni.cpp, line 709]
Event: 16.050 Thread 0x0000000020091800 Implicit null exception at 0x00000000034e50d9 to 0x00000000034e51b1
Event: 16.471 Thread 0x0000000020091800 Exception <a 'java/lang/NullPointerException'> (0x000000076c250f90) thrown at [C:\re\workspace\8-2-build-windows-amd64-cygwin\jdk8u71\5731\hotspot\src\share\vm\interpreter\linkResolver.cpp, line 1178]
Event: 16.563 Thread 0x000000002008e000 Exception <a 'java/lang/NullPointerException'> (0x000000076cd08ab0) thrown at [C:\re\workspace\8-2-build-windows-amd64-cygwin\jdk8u71\5731\hotspot\src\share\vm\interpreter\linkResolver.cpp, line 1280]
Event: 20.626 Thread 0x000000002008e000 Exception <a 'java/lang/NullPointerException'> (0x000000076ddc0000) thrown at [C:\re\workspace\8-2-build-windows-amd64-cygwin\jdk8u71\5731\hotspot\src\share\vm\interpreter\linkResolver.cpp, line 1280]

Events (10 events):
Event: 571.586 Executing VM operation: EnterInterpOnlyMode
Event: 571.586 Executing nested VM operation: Deoptimize
Event: 571.586 Executing nested VM operation: Deoptimize done
Event: 571.586 Executing VM operation: EnterInterpOnlyMode done
Event: 571.586 Executing VM operation: GetCurrentLocation
Event: 571.586 Executing VM operation: GetCurrentLocation done
Event: 571.586 Executing VM operation: ChangeSingleStep
Event: 571.586 Executing VM operation: ChangeSingleStep done
Event: 571.588 Executing VM operation: ChangeSingleStep
Event: 571.588 Executing VM operation: ChangeSingleStep done


Dynamic libraries:
0x00007ff7ba390000 - 0x00007ff7ba3c7000 	C:\Program Files\Java\jdk1.8.0_71\bin\javaw.exe
0x00007ffa38900000 - 0x00007ffa38ac2000 	C:\WINDOWS\SYSTEM32\ntdll.dll
0x00007ffa365f0000 - 0x00007ffa3669d000 	C:\WINDOWS\system32\KERNEL32.DLL
0x00007ffa35d90000 - 0x00007ffa35f6d000 	C:\WINDOWS\system32\KERNELBASE.dll
0x00007ffa36710000 - 0x00007ffa367b6000 	C:\WINDOWS\system32\ADVAPI32.dll
0x00007ffa36520000 - 0x00007ffa365bd000 	C:\WINDOWS\system32\msvcrt.dll
0x00007ffa36f00000 - 0x00007ffa36f5b000 	C:\WINDOWS\system32\sechost.dll
0x00007ffa36f60000 - 0x00007ffa37086000 	C:\WINDOWS\system32\RPCRT4.dll
0x00007ffa35fc0000 - 0x00007ffa3610e000 	C:\WINDOWS\system32\USER32.dll
0x00007ffa38600000 - 0x00007ffa38786000 	C:\WINDOWS\system32\GDI32.dll
0x00007ffa2c090000 - 0x00007ffa2c304000 	C:\WINDOWS\WinSxS\amd64_microsoft.windows.common-controls_6595b64144ccf1df_6.0.10240.16384_none_f41f7b285750ef43\COMCTL32.dll
0x00007ffa35f80000 - 0x00007ffa35fb6000 	C:\WINDOWS\system32\IMM32.DLL
0x00007ffa36970000 - 0x00007ffa36acc000 	C:\WINDOWS\system32\MSCTF.dll
0x0000000063b20000 - 0x0000000063bf2000 	C:\Program Files\Java\jdk1.8.0_71\jre\bin\msvcr100.dll
0x0000000063290000 - 0x0000000063b1f000 	C:\Program Files\Java\jdk1.8.0_71\jre\bin\server\jvm.dll
0x00007ffa36bb0000 - 0x00007ffa36bb8000 	C:\WINDOWS\system32\PSAPI.DLL
0x00007ffa32f20000 - 0x00007ffa32f43000 	C:\WINDOWS\SYSTEM32\WINMM.dll
0x00007ffa2aad0000 - 0x00007ffa2aad9000 	C:\WINDOWS\SYSTEM32\WSOCK32.dll
0x00007ffa31e40000 - 0x00007ffa31e4a000 	C:\WINDOWS\SYSTEM32\VERSION.dll
0x00007ffa36170000 - 0x00007ffa361d9000 	C:\WINDOWS\system32\WS2_32.dll
0x00007ffa365e0000 - 0x00007ffa365e8000 	C:\WINDOWS\system32\NSI.dll
0x00007ffa32e70000 - 0x00007ffa32e9c000 	C:\WINDOWS\SYSTEM32\WINMMBASE.dll
0x00007ffa35d40000 - 0x00007ffa35d84000 	C:\WINDOWS\system32\cfgmgr32.dll
0x00007ffa33c40000 - 0x00007ffa33c67000 	C:\WINDOWS\SYSTEM32\DEVOBJ.dll
0x0000000063f00000 - 0x0000000063f0f000 	C:\Program Files\Java\jdk1.8.0_71\jre\bin\verify.dll
0x0000000063ed0000 - 0x0000000063ef9000 	C:\Program Files\Java\jdk1.8.0_71\jre\bin\java.dll
0x0000000063e90000 - 0x0000000063ec5000 	C:\Program Files\Java\jdk1.8.0_71\jre\bin\jdwp.dll
0x0000000063e80000 - 0x0000000063e88000 	C:\Program Files\Java\jdk1.8.0_71\jre\bin\npt.dll
0x0000000063270000 - 0x0000000063286000 	C:\Program Files\Java\jdk1.8.0_71\jre\bin\zip.dll
0x00007ffa37090000 - 0x00007ffa385f8000 	C:\WINDOWS\system32\SHELL32.dll
0x00007ffa35710000 - 0x00007ffa35d38000 	C:\WINDOWS\system32\windows.storage.dll
0x00007ffa361e0000 - 0x00007ffa3645c000 	C:\WINDOWS\system32\combase.dll
0x00007ffa36c70000 - 0x00007ffa36cc1000 	C:\WINDOWS\system32\shlwapi.dll
0x00007ffa35360000 - 0x00007ffa3536f000 	C:\WINDOWS\system32\kernel.appcore.dll
0x00007ffa35420000 - 0x00007ffa354d3000 	C:\WINDOWS\system32\shcore.dll
0x00007ffa352d0000 - 0x00007ffa3531a000 	C:\WINDOWS\system32\powrprof.dll
0x00007ffa35340000 - 0x00007ffa35353000 	C:\WINDOWS\system32\profapi.dll
0x00007ffa36460000 - 0x00007ffa3651e000 	C:\WINDOWS\system32\OLEAUT32.dll
0x0000000063e70000 - 0x0000000063e79000 	C:\Program Files\Java\jdk1.8.0_71\jre\bin\dt_socket.dll
0x00007ffa32ed0000 - 0x00007ffa32ee8000 	C:\WINDOWS\system32\NLAapi.dll
0x00007ffa299d0000 - 0x00007ffa299e5000 	C:\WINDOWS\system32\napinsp.dll
0x00007ffa299b0000 - 0x00007ffa299ca000 	C:\WINDOWS\system32\pnrpnsp.dll
0x00007ffa34b30000 - 0x00007ffa34b8d000 	C:\WINDOWS\System32\mswsock.dll
0x00007ffa34770000 - 0x00007ffa34818000 	C:\WINDOWS\SYSTEM32\DNSAPI.dll
0x00007ffa298d0000 - 0x00007ffa298dd000 	C:\WINDOWS\System32\winrnr.dll
0x0000000065a10000 - 0x0000000065a36000 	C:\Program Files\Bonjour\mdnsNSP.dll
0x00007ffa33570000 - 0x00007ffa335a8000 	C:\WINDOWS\SYSTEM32\Iphlpapi.DLL
0x00007ffa33350000 - 0x00007ffa3335b000 	C:\WINDOWS\SYSTEM32\WINNSI.DLL
0x00007ffa30eb0000 - 0x00007ffa30f18000 	C:\WINDOWS\System32\fwpuclnt.dll
0x00007ffa35200000 - 0x00007ffa35228000 	C:\WINDOWS\SYSTEM32\bcrypt.dll
0x00007ffa31180000 - 0x00007ffa3118a000 	C:\Windows\System32\rasadhlp.dll
0x00000000630d0000 - 0x0000000063268000 	C:\Program Files\Java\jdk1.8.0_71\jre\bin\awt.dll
0x00007ffa33a20000 - 0x00007ffa33a98000 	C:\WINDOWS\system32\apphelp.dll
0x00007ffa33ba0000 - 0x00007ffa33c36000 	C:\WINDOWS\system32\uxtheme.dll
0x00007ffa32ef0000 - 0x00007ffa32f12000 	C:\WINDOWS\system32\dwmapi.dll
0x00007ffa38790000 - 0x00007ffa388d1000 	C:\WINDOWS\system32\ole32.dll
0x00007ffa35090000 - 0x00007ffa350fb000 	C:\WINDOWS\SYSTEM32\bcryptPrimitives.dll
0x00007ffa142f0000 - 0x00007ffa14500000 	C:\WINDOWS\system32\d3d9.dll
0x00007ffa31c40000 - 0x00007ffa31da2000 	C:\WINDOWS\SYSTEM32\aticfx64.dll
0x00007ffa2f280000 - 0x00007ffa2f2a1000 	C:\WINDOWS\SYSTEM32\atiu9p64.dll
0x00007ffa0ea60000 - 0x00007ffa0f2bb000 	C:\WINDOWS\SYSTEM32\atiumd64.dll
0x0000000063fe0000 - 0x0000000064865000 	C:\WINDOWS\SYSTEM32\atiumd6a.dll
0x00007ffa34bd0000 - 0x00007ffa34be7000 	C:\WINDOWS\SYSTEM32\CRYPTSP.dll
0x00007ffa34940000 - 0x00007ffa34973000 	C:\WINDOWS\system32\rsaenh.dll
0x00007ffa34750000 - 0x00007ffa3476f000 	C:\WINDOWS\SYSTEM32\USERENV.dll
0x00007ffa34d50000 - 0x00007ffa34d5b000 	C:\WINDOWS\SYSTEM32\CRYPTBASE.dll
0x00000000630b0000 - 0x00000000630ca000 	C:\Program Files\Java\jdk1.8.0_71\jre\bin\net.dll
0x00007ffa32140000 - 0x00007ffa32156000 	C:\WINDOWS\SYSTEM32\dhcpcsvc6.DLL
0x00007ffa31db0000 - 0x00007ffa31dca000 	C:\WINDOWS\SYSTEM32\dhcpcsvc.DLL
0x0000000063090000 - 0x00000000630a1000 	C:\Program Files\Java\jdk1.8.0_71\jre\bin\nio.dll
0x0000000063040000 - 0x0000000063087000 	C:\Program Files\Java\jdk1.8.0_71\jre\bin\fontmanager.dll
0x0000000062ff0000 - 0x0000000063032000 	C:\Program Files\Java\jdk1.8.0_71\jre\bin\t2k.dll
0x0000000062fb0000 - 0x0000000062fe1000 	C:\Program Files\Java\jdk1.8.0_71\jre\bin\jpeg.dll
0x0000000062f70000 - 0x0000000062fac000 	C:\Program Files\Java\jdk1.8.0_71\jre\bin\lcms.dll
0x00007ffa1d8f0000 - 0x00007ffa1d9df000 	C:\Program Files\Java\jdk1.8.0_71\jre\bin\msvcr120.dll
0x00007ffa24a00000 - 0x00007ffa24aa6000 	C:\Program Files\Java\jdk1.8.0_71\jre\bin\msvcp120.dll
0x0000000062f40000 - 0x0000000062f63000 	C:\Program Files\Java\jdk1.8.0_71\jre\bin\prism_d3d.dll
0x0000000062ef0000 - 0x0000000062f33000 	C:\Program Files\Java\jdk1.8.0_71\jre\bin\glass.dll
0x00007ffa36ad0000 - 0x00007ffa36ba7000 	C:\WINDOWS\system32\COMDLG32.dll
0x0000000062e70000 - 0x0000000062ee2000 	C:\Program Files\Java\jdk1.8.0_71\jre\bin\glib-lite.dll
0x0000000062dd0000 - 0x0000000062e6c000 	C:\Program Files\Java\jdk1.8.0_71\jre\bin\gstreamer-lite.dll
0x00007ffa320a0000 - 0x00007ffa3213c000 	C:\WINDOWS\SYSTEM32\DSOUND.dll
0x0000000062da0000 - 0x0000000062dc5000 	C:\Program Files\Java\jdk1.8.0_71\jre\bin\jfxmedia.dll
0x00007ffa34e90000 - 0x00007ffa34ebc000 	C:\WINDOWS\SYSTEM32\SspiCli.dll
0x0000000062d70000 - 0x0000000062da0000 	C:\Program Files\Java\jdk1.8.0_71\jre\bin\fxplugins.dll
0x00007ffa36bc0000 - 0x00007ffa36c65000 	C:\WINDOWS\system32\clbcatq.dll
0x00007ffa32190000 - 0x00007ffa32202000 	C:\WINDOWS\System32\MMDevApi.dll
0x00007ffa32920000 - 0x00007ffa32aa3000 	C:\WINDOWS\System32\PROPSYS.dll
0x00007ffa31750000 - 0x00007ffa317d5000 	C:\WINDOWS\SYSTEM32\AUDIOSES.DLL
0x00007ffa31610000 - 0x00007ffa31741000 	C:\WINDOWS\SYSTEM32\wintypes.dll
0x00007ffa31e30000 - 0x00007ffa31e3b000 	C:\WINDOWS\SYSTEM32\avrt.dll
0x00007ffa2aae0000 - 0x00007ffa2ac6a000 	C:\WINDOWS\SYSTEM32\dbghelp.dll

VM Arguments:
jvm_args: -agentlib:jdwp=transport=dt_socket,suspend=y,address=localhost:59463 -Dfile.encoding=Cp1252 
java_command: com.codename1.impl.javase.Simulator dev.boardspace.Develop
java_class_path (initial): G:\share\projects\eclipse\boardspace-cn2\JavaSE.jar;G:\share\projects\eclipse\boardspace-cn2\bin;G:\share\projects\eclipse\boardspace-cn2\lib\CLDC11.jar;G:\share\projects\eclipse\boardspace-cn2\lib\CodenameOne.jar;G:\share\projects\eclipse\boardspace-cn2\lib\impl\cls;G:\share\projects\eclipse\boardspace-cn2\lib\impl\stubs;G:\share\projects\eclipse\boardspace-cn2\native\internal_tmp
Launcher Type: SUN_STANDARD

Environment Variables:
JAVA_HOME=C:\program files\java\jdk1.8.0_71\
PATH=C:\Program Files\Java\jdk1.8.0_71\jre\bin;C:/Program Files/Java/jre1.8.0_73/bin/server;C:/Program Files/Java/jre1.8.0_73/bin;C:/Program Files/Java/jre1.8.0_73/lib/amd64;C:\ProgramData\Oracle\Java\javapath;C:\Program Files\java\jdk1.8.0_71\bin;C:\Perl64\site\bin;C:\Perl64\bin;C:\Program Files\Common Files\Microsoft Shared\Windows Live;C:\Program Files (x86)\Common Files\Microsoft Shared\Windows Live;C:\Program Files (x86)\AMD APP\bin\x86_64;C:\Program Files (x86)\AMD APP\bin\x86;C:\WINDOWS\system32;C:\WINDOWS;C:\WINDOWS\System32\Wbem;C:\WINDOWS\System32\WindowsPowerShell\v1.0\;C:\Program Files (x86)\ATI Technologies\ATI.ACE\Core-Static;C:\Program Files (x86)\Windows Live\Shared;f:\rktools\bin;c:\Program Files (x86)\Microsoft SQL Server\100\Tools\Binn\;c:\Program Files\Microsoft SQL Server\100\Tools\Binn\;c:\Program Files\Microsoft SQL Server\100\DTS\Binn\;C:\Program Files\Microsoft\Web Platform Installer\;C:\Program Files (x86)\Microsoft ASP.NET\ASP.NET Web Pages\v1.0\;C:\Program Files (x86)\Windows Kits\8.0\Windows Performance Toolkit\;C:\Program Files\Microsoft SQL Server\110\Tools\Binn\;C:\Program Files (x86)\Gow\bin;C:\Program Files (x86)\Git\cmd;C:\Program Files\Emscript;C:\Program Files (x86)\Skype\Phone\;C:\Program Files (x86)\CVSNT\;C:\Program Files (x86)\SSH Communications Security\SSH Secure Shell;c:\java\run\;C:\Program Files\MySQL\MySQL Server 5.6\bin;C:\java\apache-maven-3.0.5\bin;C:\java\eclipse;
USERNAME=Ddyer
OS=Windows_NT
PROCESSOR_IDENTIFIER=Intel64 Family 6 Model 58 Stepping 9, GenuineIntel



---------------  S Y S T E M  ---------------

OS: Windows 10.0 , 64 bit Build 10240 (10.0.10240.16384)

CPU:total 8 (4 cores per cpu, 2 threads per core) family 6 model 58 stepping 9, cmov, cx8, fxsr, mmx, sse, sse2, sse3, ssse3, sse4.1, sse4.2, popcnt, avx, aes, clmul, erms, ht, tsc, tscinvbit, tscinv

Memory: 4k page, physical 16733600k(8513708k free), swap 17782176k(9214972k free)

vm_info: Java HotSpot(TM) 64-Bit Server VM (25.71-b15) for windows-amd64 JRE (1.8.0_71-b15), built on Dec 22 2015 18:15:55 by "java_re" with MS VC++ 10.0 (VS2010)

time: Thu May 19 14:01:30 2016
elapsed time: 571 seconds (0d 0h 9m 31s)

