#
# A fatal error has been detected by the Java Runtime Environment:
#
#  EXCEPTION_ACCESS_VIOLATION (0xc0000005) at pc=0x000000005b07bd50, pid=1364, tid=12516
#
# JRE version: Java(TM) SE Runtime Environment (9.0+11) (build 9.0.1+11)
# Java VM: Java HotSpot(TM) 64-Bit Server VM (9.0.1+11, mixed mode, tiered, compressed oops, g1 gc, windows-amd64)
# Problematic frame:
# V  [jvm.dll+0x32bd50]
#
# No core dump will be written. Minidumps are not enabled by default on client versions of Windows
#
# If you would like to submit a bug report, please visit:
#   http://bugreport.java.com/bugreport/crash.jsp
#

---------------  S U M M A R Y ------------

Command Line: -agentlib:jdwp=transport=dt_socket,suspend=y,address=localhost:61530 -Dfile.encoding=Cp1252 com.codename1.impl.javase.Simulator dev.boardspace.Develop

Host: Intel(R) Core(TM) i7-3770 CPU @ 3.40GHz, 8 cores, 15G,  Windows 10 , 64 bit Build 19041 (10.0.19041.804)
Time: Thu Feb 18 00:19:45 2021 Pacific Standard Time elapsed time: 1226 seconds (0d 0h 20m 26s)

---------------  T H R E A D  ---------------

Current thread (0x0000027867477800):  VMThread "VM Thread" [stack: 0x000000ed7cc00000,0x000000ed7cd00000] [id=12516]

Stack: [0x000000ed7cc00000,0x000000ed7cd00000],  sp=0x000000ed7ccff170,  free space=1020k
Native frames: (J=compiled Java code, j=interpreted, Vv=VM code, C=native code)
V  [jvm.dll+0x32bd50]
V  [jvm.dll+0x327708]
V  [jvm.dll+0x34200f]
V  [jvm.dll+0x34522d]
V  [jvm.dll+0x2968e0]
V  [jvm.dll+0x2969d9]
V  [jvm.dll+0x2f8671]
V  [jvm.dll+0x2f7211]
V  [jvm.dll+0x2f6910]
V  [jvm.dll+0x2f65a0]
V  [jvm.dll+0x2f3d05]
V  [jvm.dll+0x2f3173]
V  [jvm.dll+0x57845f]
V  [jvm.dll+0x57876c]
V  [jvm.dll+0x578e80]
V  [jvm.dll+0x546f8a]
V  [jvm.dll+0x465261]
V  [jvm.dll+0x6a34eb]
V  [jvm.dll+0x6a1c85]
V  [jvm.dll+0x6a2461]
V  [jvm.dll+0x6a274c]
V  [jvm.dll+0x5864e0]
C  [msvcr120.dll+0x24f7f]
C  [msvcr120.dll+0x25126]
C  [KERNEL32.DLL+0x17034]
C  [ntdll.dll+0x4d241]


siginfo: EXCEPTION_ACCESS_VIOLATION (0xc0000005), reading address 0xffffffffffffffff


Register to memory mapping:

RIP=0x000000005b07bd50 jvm.dll
RAX=0x0219021100000047 is an unknown value
RBX=0x0000027867477800 is an unknown value
RCX=0x00000007c00016d0 is pointing into metadata
RDX=0x0219021100000047 is an unknown value
RSP=0x000000ed7ccff170 is an unknown value
RBP=0x0000000000000003 is an unknown value
RSI=0x000000ed7ccff230 is an unknown value
RDI=0x0000000000000000 is an unknown value
R8 =0x0000027867477800 is an unknown value
R9 =0x0219021100000047 is an unknown value
R10=0x0000000000000074 is an unknown value
R11=0x0000000000000074 is an unknown value
R12=0x000000ed7ccffa01 is an unknown value
R13=0x00000000000001ba is an unknown value
R14=0x000000000000004d is an unknown value
R15=0x0000000000000001 is an unknown value


Registers:
RAX=0x0219021100000047, RBX=0x0000027867477800, RCX=0x00000007c00016d0, RDX=0x0219021100000047
RSP=0x000000ed7ccff170, RBP=0x0000000000000003, RSI=0x000000ed7ccff230, RDI=0x0000000000000000
R8 =0x0000027867477800, R9 =0x0219021100000047, R10=0x0000000000000074, R11=0x0000000000000074
R12=0x000000ed7ccffa01, R13=0x00000000000001ba, R14=0x000000000000004d, R15=0x0000000000000001
RIP=0x000000005b07bd50, EFLAGS=0x0000000000010246

Top of Stack: (sp=0x000000ed7ccff170)
0x000000ed7ccff170:   00000007c00016d0 000002783ed90150
0x000000ed7ccff180:   00000000000007ff 0000027867477800
0x000000ed7ccff190:   0000000000000000 000000005b077708
0x000000ed7ccff1a0:   00000007c00016d0 0000027867477800
0x000000ed7ccff1b0:   000000ed7ccff230 0000027867477800
0x000000ed7ccff1c0:   000000ed7ccff2a0 000000005b09200f
0x000000ed7ccff1d0:   0000027867477800 000000ed7ccff8b0
0x000000ed7ccff1e0:   00000006c8badb00 00000000000007ff
0x000000ed7ccff1f0:   000000005b047100 00000278673314f0
0x000000ed7ccff200:   000000ed7ccff2a0 000000005b09522d
0x000000ed7ccff210:   000000000000001c 000000ed7ccff400
0x000000ed7ccff220:   000000000000004d 0000000000000003
0x000000ed7ccff230:   000000002fffffff 00007fff00000000
0x000000ed7ccff240:   0000027867477800 000000ed7ccff400
0x000000ed7ccff250:   0000000000000000 000000005afe68e0
0x000000ed7ccff260:   000000ed7ccff3f0 000000005b350201 

Instructions: (pc=0x000000005b07bd50)
0x000000005b07bd30:   8b d8 e8 c9 89 d8 ff 48 83 7b 08 00 4c 8b c8 74
0x000000005b07bd40:   04 33 ff eb 23 80 3d c9 ac 62 00 00 74 05 33 ff
0x000000005b07bd50:   89 78 0c 48 8d 4d fe 48 8d 78 10 48 85 c9 74 05
0x000000005b07bd60:   33 c0 f3 48 ab 49 8b f9 48 83 7b 08 00 48 8b 74 


VM_Operation (0x000000ed7d7ff730): GetOrSetLocal, mode: safepoint, requested by thread 0x0000027867e9b800


---------------  P R O C E S S  ---------------

Java Threads: ( => current thread )
  0x000002786a242800 JavaThread "Thread-8" [_thread_blocked, id=13080, stack(0x000000ed7f700000,0x000000ed7f800000)]
  0x000002786a23c800 JavaThread "online.game.Game" [_thread_blocked, id=11428, stack(0x000000ed7f300000,0x000000ed7f400000)]
  0x000002786a23b800 JavaThread "file selector" [_thread_blocked, id=10556, stack(0x000000ed7f200000,0x000000ed7f300000)]
  0x000002786a241800 JavaThread "RA thread" [_thread_blocked, id=5484, stack(0x000000ed7f100000,0x000000ed7f200000)]
  0x000002786a241000 JavaThread "invokeAndBlock1" [_thread_blocked, id=6616, stack(0x000000ed7f500000,0x000000ed7f600000)]
  0x000002786a23f800 JavaThread "Network Thread" [_thread_blocked, id=7808, stack(0x000000ed7f400000,0x000000ed7f500000)]
  0x000002786a773000 JavaThread "launcher" [_thread_blocked, id=7352, stack(0x000000ed7ee00000,0x000000ed7ef00000)]
  0x000002786a305000 JavaThread "D3D Screen Updater" daemon [_thread_blocked, id=1428, stack(0x000000ed7f000000,0x000000ed7f100000)]
  0x000002786a302800 JavaThread "EDT" [_thread_blocked, id=5792, stack(0x000000ed7ef00000,0x000000ed7f000000)]
  0x000002783edd0000 JavaThread "DestroyJavaVM" [_thread_blocked, id=14064, stack(0x000000ed7b700000,0x000000ed7b800000)]
  0x000002786876c000 JavaThread "Thread-3" [_thread_blocked, id=10444, stack(0x000000ed7e000000,0x000000ed7e100000)]
  0x000002786876b800 JavaThread "AWT-EventQueue-0" [_thread_blocked, id=14944, stack(0x000000ed7df00000,0x000000ed7e000000)]
  0x0000027868990800 JavaThread "AWT-Windows" daemon [_thread_in_native, id=7900, stack(0x000000ed7de00000,0x000000ed7df00000)]
  0x0000027868796000 JavaThread "AWT-Shutdown" [_thread_blocked, id=4964, stack(0x000000ed7dd00000,0x000000ed7de00000)]
  0x0000027868795000 JavaThread "Java2D Disposer" daemon [_thread_blocked, id=2308, stack(0x000000ed7dc00000,0x000000ed7dd00000)]
  0x0000027867ec6000 JavaThread "Service Thread" daemon [_thread_blocked, id=14644, stack(0x000000ed7da00000,0x000000ed7db00000)]
  0x0000027867ea8800 JavaThread "JDWP Command Reader" daemon [_thread_in_native, id=9168, stack(0x000000ed7d900000,0x000000ed7da00000)]
  0x0000027867e9e000 JavaThread "JDWP Event Helper Thread" daemon [_thread_blocked, id=2496, stack(0x000000ed7d800000,0x000000ed7d900000)]
  0x0000027867e9b800 JavaThread "JDWP Transport Listener: dt_socket" daemon [_thread_blocked, id=10408, stack(0x000000ed7d700000,0x000000ed7d800000)]
  0x0000027867db0800 JavaThread "Common-Cleaner" daemon [_thread_blocked, id=4932, stack(0x000000ed7d600000,0x000000ed7d700000)]
  0x0000027867d25000 JavaThread "Sweeper thread" daemon [_thread_blocked, id=4844, stack(0x000000ed7d500000,0x000000ed7d600000)]
  0x0000027867cf4800 JavaThread "C1 CompilerThread3" daemon [_thread_blocked, id=3548, stack(0x000000ed7d400000,0x000000ed7d500000)]
  0x0000027867ce9800 JavaThread "C2 CompilerThread2" daemon [_thread_blocked, id=13504, stack(0x000000ed7d300000,0x000000ed7d400000)]
  0x0000027867ce5800 JavaThread "C2 CompilerThread1" daemon [_thread_blocked, id=9148, stack(0x000000ed7d200000,0x000000ed7d300000)]
  0x0000027867ce5000 JavaThread "C2 CompilerThread0" daemon [_thread_blocked, id=3888, stack(0x000000ed7d100000,0x000000ed7d200000)]
  0x0000027867ce4000 JavaThread "Attach Listener" daemon [_thread_blocked, id=9676, stack(0x000000ed7d000000,0x000000ed7d100000)]
  0x0000027867ce2800 JavaThread "Signal Dispatcher" daemon [_thread_blocked, id=6876, stack(0x000000ed7cf00000,0x000000ed7d000000)]
  0x0000027867c9a800 JavaThread "Finalizer" daemon [_thread_blocked, id=3964, stack(0x000000ed7ce00000,0x000000ed7cf00000)]
  0x000002786747c000 JavaThread "Reference Handler" daemon [_thread_blocked, id=14140, stack(0x000000ed7cd00000,0x000000ed7ce00000)]

Other Threads:
=>0x0000027867477800 VMThread "VM Thread" [stack: 0x000000ed7cc00000,0x000000ed7cd00000] [id=12516]
  0x0000027867eab800 WatcherThread [stack: 0x000000ed7db00000,0x000000ed7dc00000] [id=8876]
  0x000002783ede8000 GCTaskThread "GC Thread#0" [stack: 0x000000ed7b800000,0x000000ed7b900000] [id=13372]
  0x000002783ede9800 GCTaskThread "GC Thread#1" [stack: 0x000000ed7b900000,0x000000ed7ba00000] [id=5356]
  0x000002783edeb800 GCTaskThread "GC Thread#2" [stack: 0x000000ed7ba00000,0x000000ed7bb00000] [id=3400]
  0x000002783edf6800 GCTaskThread "GC Thread#3" [stack: 0x000000ed7bb00000,0x000000ed7bc00000] [id=10744]
  0x000002783edf8800 GCTaskThread "GC Thread#4" [stack: 0x000000ed7bc00000,0x000000ed7bd00000] [id=11548]
  0x000002783edfc000 GCTaskThread "GC Thread#5" [stack: 0x000000ed7bd00000,0x000000ed7be00000] [id=4512]
  0x000002783edfd800 GCTaskThread "GC Thread#6" [stack: 0x000000ed7be00000,0x000000ed7bf00000] [id=12604]
  0x000002783edfe800 GCTaskThread "GC Thread#7" [stack: 0x000000ed7bf00000,0x000000ed7c000000] [id=6624]
  0x000002783ee6a000 ConcurrentGCThread "G1 Main Marker" [stack: 0x000000ed7c900000,0x000000ed7ca00000] [id=8224]
  0x000002783ee6c800 ConcurrentGCThread "G1 Marker#0" [stack: 0x000000ed7ca00000,0x000000ed7cb00000] [id=11476]
  0x000002783ee6e000 ConcurrentGCThread "G1 Marker#1" [stack: 0x000000ed7cb00000,0x000000ed7cc00000] [id=6864]
  0x000002783ee08800 ConcurrentGCThread "G1 Refine#0" [stack: 0x000000ed7c700000,0x000000ed7c800000] [id=9300]
  0x000002783ee0c000 ConcurrentGCThread "G1 Refine#1" [stack: 0x000000ed7c600000,0x000000ed7c700000] [id=8028]
  0x000002783ee07000 ConcurrentGCThread "G1 Refine#2" [stack: 0x000000ed7c500000,0x000000ed7c600000] [id=14684]
  0x000002783ee0e800 ConcurrentGCThread "G1 Refine#3" [stack: 0x000000ed7c400000,0x000000ed7c500000] [id=11852]
  0x000002783ee06000 ConcurrentGCThread "G1 Refine#4" [stack: 0x000000ed7c300000,0x000000ed7c400000] [id=8400]
  0x000002783ee03000 ConcurrentGCThread "G1 Refine#5" [stack: 0x000000ed7c200000,0x000000ed7c300000] [id=2476]
  0x000002783ee01800 ConcurrentGCThread "G1 Refine#6" [stack: 0x000000ed7c100000,0x000000ed7c200000] [id=14680]
  0x000002783ee00800 ConcurrentGCThread "G1 Refine#7" [stack: 0x000000ed7c000000,0x000000ed7c100000] [id=14356]
  0x000002783ee27000 ConcurrentGCThread "G1 Young RemSet Sampling" [stack: 0x000000ed7c800000,0x000000ed7c900000] [id=10244]

Threads with active compile tasks:

VM state:at safepoint (normal execution)

VM Mutex/Monitor currently owned by a thread:  ([mutex/lock_event])
[0x000002783edcd120] Threads_lock - owner thread: 0x0000027867477800

Heap address: 0x00000006c0a00000, size: 4086 MB, Compressed Oops mode: Zero based, Oop shift amount: 3
Narrow klass base: 0x0000000000000000, Narrow klass shift: 3
Compressed class space size: 1073741824 Address: 0x00000007c0000000

Heap:
 garbage-first heap   total 262144K, used 151401K [0x00000006c0a00000, 0x00000006c0b00800, 0x00000007c0000000)
  region size 1024K, 14 young (14336K), 4 survivors (4096K)
 Metaspace       used 36797K, capacity 37944K, committed 38096K, reserved 1083392K
  class space    used 4048K, capacity 4287K, committed 4352K, reserved 1048576K
Heap Regions: E=young(eden), S=young(survivor), O=old, HS=humongous(starts), HC=humongous(continues), CS=collection set, F=free, A=archive, TS=gc time stamp, AC=allocation context, TAMS=top-at-mark-start (previous, next)
|   0|0x00000006c0a00000, 0x00000006c0b00000, 0x00000006c0b00000|100%|HS|  |TS  0|AC  0|TAMS 0x00000006c0b00000, 0x00000006c0b00000|
|   1|0x00000006c0b00000, 0x00000006c0c00000, 0x00000006c0c00000|100%|HC|  |TS  0|AC  0|TAMS 0x00000006c0c00000, 0x00000006c0c00000|
|   2|0x00000006c0c00000, 0x00000006c0d00000, 0x00000006c0d00000|100%| O|  |TS  0|AC  0|TAMS 0x00000006c0d00000, 0x00000006c0d00000|
|   3|0x00000006c0d00000, 0x00000006c0e00000, 0x00000006c0e00000|100%| O|  |TS  0|AC  0|TAMS 0x00000006c0e00000, 0x00000006c0e00000|
|   4|0x00000006c0e00000, 0x00000006c0f00000, 0x00000006c0f00000|100%|HS|  |TS  0|AC  0|TAMS 0x00000006c0f00000, 0x00000006c0f00000|
|   5|0x00000006c0f00000, 0x00000006c1000000, 0x00000006c1000000|100%|HS|  |TS  0|AC  0|TAMS 0x00000006c1000000, 0x00000006c1000000|
|   6|0x00000006c1000000, 0x00000006c1100000, 0x00000006c1100000|100%| O|  |TS  0|AC  0|TAMS 0x00000006c1100000, 0x00000006c1100000|
|   7|0x00000006c1100000, 0x00000006c1200000, 0x00000006c1200000|100%| O|  |TS  0|AC  0|TAMS 0x00000006c1200000, 0x00000006c1200000|
|   8|0x00000006c1200000, 0x00000006c1300000, 0x00000006c1300000|100%|HS|  |TS  0|AC  0|TAMS 0x00000006c1300000, 0x00000006c1300000|
|   9|0x00000006c1300000, 0x00000006c1400000, 0x00000006c1400000|100%|HC|  |TS  0|AC  0|TAMS 0x00000006c1400000, 0x00000006c1400000|
|  10|0x00000006c1400000, 0x00000006c1500000, 0x00000006c1500000|100%|HC|  |TS  0|AC  0|TAMS 0x00000006c1500000, 0x00000006c1500000|
|  11|0x00000006c1500000, 0x00000006c1600000, 0x00000006c1600000|100%|HC|  |TS  0|AC  0|TAMS 0x00000006c1600000, 0x00000006c1600000|
|  12|0x00000006c1600000, 0x00000006c1700000, 0x00000006c1700000|100%|HS|  |TS  0|AC  0|TAMS 0x00000006c1700000, 0x00000006c1700000|
|  13|0x00000006c1700000, 0x00000006c1800000, 0x00000006c1800000|100%|HC|  |TS  0|AC  0|TAMS 0x00000006c1800000, 0x00000006c1800000|
|  14|0x00000006c1800000, 0x00000006c1900000, 0x00000006c1900000|100%|HC|  |TS  0|AC  0|TAMS 0x00000006c1900000, 0x00000006c1900000|
|  15|0x00000006c1900000, 0x00000006c1a00000, 0x00000006c1a00000|100%| O|  |TS  0|AC  0|TAMS 0x00000006c1a00000, 0x00000006c1a00000|
|  16|0x00000006c1a00000, 0x00000006c1b00000, 0x00000006c1b00000|100%| O|  |TS  0|AC  0|TAMS 0x00000006c1b00000, 0x00000006c1b00000|
|  17|0x00000006c1b00000, 0x00000006c1c00000, 0x00000006c1c00000|100%| O|  |TS  0|AC  0|TAMS 0x00000006c1c00000, 0x00000006c1c00000|
|  18|0x00000006c1c00000, 0x00000006c1d00000, 0x00000006c1d00000|100%|HS|  |TS  0|AC  0|TAMS 0x00000006c1d00000, 0x00000006c1d00000|
|  19|0x00000006c1d00000, 0x00000006c1e00000, 0x00000006c1e00000|100%|HC|  |TS  0|AC  0|TAMS 0x00000006c1e00000, 0x00000006c1e00000|
|  20|0x00000006c1e00000, 0x00000006c1f00000, 0x00000006c1f00000|100%| O|  |TS  0|AC  0|TAMS 0x00000006c1f00000, 0x00000006c1f00000|
|  21|0x00000006c1f00000, 0x00000006c2000000, 0x00000006c2000000|100%| O|  |TS  0|AC  0|TAMS 0x00000006c2000000, 0x00000006c2000000|
|  22|0x00000006c2000000, 0x00000006c2100000, 0x00000006c2100000|100%|HS|  |TS  0|AC  0|TAMS 0x00000006c2100000, 0x00000006c2100000|
|  23|0x00000006c2100000, 0x00000006c2200000, 0x00000006c2200000|100%|HC|  |TS  0|AC  0|TAMS 0x00000006c2200000, 0x00000006c2200000|
|  24|0x00000006c2200000, 0x00000006c2300000, 0x00000006c2300000|100%|HS|  |TS  0|AC  0|TAMS 0x00000006c2300000, 0x00000006c2300000|
|  25|0x00000006c2300000, 0x00000006c2400000, 0x00000006c2400000|100%|HC|  |TS  0|AC  0|TAMS 0x00000006c2400000, 0x00000006c2400000|
|  26|0x00000006c2400000, 0x00000006c2400000, 0x00000006c2500000|  0%| F|  |TS  0|AC  0|TAMS 0x00000006c2400000, 0x00000006c2400000|
|  27|0x00000006c2500000, 0x00000006c2600000, 0x00000006c2600000|100%| O|  |TS  0|AC  0|TAMS 0x00000006c2600000, 0x00000006c2600000|
|  28|0x00000006c2600000, 0x00000006c2700000, 0x00000006c2700000|100%| O|  |TS  0|AC  0|TAMS 0x00000006c2700000, 0x00000006c2700000|
|  29|0x00000006c2700000, 0x00000006c2800000, 0x00000006c2800000|100%| O|  |TS  0|AC  0|TAMS 0x00000006c2800000, 0x00000006c2800000|
|  30|0x00000006c2800000, 0x00000006c2900000, 0x00000006c2900000|100%| O|  |TS  0|AC  0|TAMS 0x00000006c2900000, 0x00000006c2900000|
|  31|0x00000006c2900000, 0x00000006c2a00000, 0x00000006c2a00000|100%| O|  |TS  0|AC  0|TAMS 0x00000006c2a00000, 0x00000006c2a00000|
|  32|0x00000006c2a00000, 0x00000006c2b00000, 0x00000006c2b00000|100%| O|  |TS  0|AC  0|TAMS 0x00000006c2b00000, 0x00000006c2b00000|
|  33|0x00000006c2b00000, 0x00000006c2c00000, 0x00000006c2c00000|100%| O|  |TS  0|AC  0|TAMS 0x00000006c2c00000, 0x00000006c2c00000|
|  34|0x00000006c2c00000, 0x00000006c2d00000, 0x00000006c2d00000|100%|HS|  |TS  0|AC  0|TAMS 0x00000006c2d00000, 0x00000006c2d00000|
|  35|0x00000006c2d00000, 0x00000006c2e00000, 0x00000006c2e00000|100%|HS|  |TS  0|AC  0|TAMS 0x00000006c2e00000, 0x00000006c2e00000|
|  36|0x00000006c2e00000, 0x00000006c2f00000, 0x00000006c2f00000|100%|HC|  |TS  0|AC  0|TAMS 0x00000006c2f00000, 0x00000006c2f00000|
|  37|0x00000006c2f00000, 0x00000006c3000000, 0x00000006c3000000|100%| O|  |TS  0|AC  0|TAMS 0x00000006c3000000, 0x00000006c3000000|
|  38|0x00000006c3000000, 0x00000006c3100000, 0x00000006c3100000|100%| O|  |TS  0|AC  0|TAMS 0x00000006c3100000, 0x00000006c3100000|
|  39|0x00000006c3100000, 0x00000006c3200000, 0x00000006c3200000|100%| O|  |TS  0|AC  0|TAMS 0x00000006c3200000, 0x00000006c3200000|
|  40|0x00000006c3200000, 0x00000006c3300000, 0x00000006c3300000|100%|HS|  |TS  0|AC  0|TAMS 0x00000006c3300000, 0x00000006c3300000|
|  41|0x00000006c3300000, 0x00000006c3400000, 0x00000006c3400000|100%| O|  |TS  0|AC  0|TAMS 0x00000006c3400000, 0x00000006c3400000|
|  42|0x00000006c3400000, 0x00000006c3500000, 0x00000006c3500000|100%|HS|  |TS  0|AC  0|TAMS 0x00000006c3500000, 0x00000006c3500000|
|  43|0x00000006c3500000, 0x00000006c3600000, 0x00000006c3600000|100%|HC|  |TS  0|AC  0|TAMS 0x00000006c3600000, 0x00000006c3600000|
|  44|0x00000006c3600000, 0x00000006c3700000, 0x00000006c3700000|100%| O|  |TS  0|AC  0|TAMS 0x00000006c3700000, 0x00000006c3700000|
|  45|0x00000006c3700000, 0x00000006c3800000, 0x00000006c3800000|100%| O|  |TS  0|AC  0|TAMS 0x00000006c3800000, 0x00000006c3800000|
|  46|0x00000006c3800000, 0x00000006c3900000, 0x00000006c3900000|100%| O|  |TS  0|AC  0|TAMS 0x00000006c3900000, 0x00000006c3900000|
|  47|0x00000006c3900000, 0x00000006c3a00000, 0x00000006c3a00000|100%| O|  |TS  0|AC  0|TAMS 0x00000006c3a00000, 0x00000006c3a00000|
|  48|0x00000006c3a00000, 0x00000006c3b00000, 0x00000006c3b00000|100%| O|  |TS  0|AC  0|TAMS 0x00000006c3b00000, 0x00000006c3b00000|
|  49|0x00000006c3b00000, 0x00000006c3c00000, 0x00000006c3c00000|100%| O|  |TS  0|AC  0|TAMS 0x00000006c3c00000, 0x00000006c3c00000|
|  50|0x00000006c3c00000, 0x00000006c3d00000, 0x00000006c3d00000|100%| O|  |TS  0|AC  0|TAMS 0x00000006c3d00000, 0x00000006c3d00000|
|  51|0x00000006c3d00000, 0x00000006c3e00000, 0x00000006c3e00000|100%|HS|  |TS  0|AC  0|TAMS 0x00000006c3e00000, 0x00000006c3e00000|
|  52|0x00000006c3e00000, 0x00000006c3f00000, 0x00000006c3f00000|100%|HS|  |TS  0|AC  0|TAMS 0x00000006c3f00000, 0x00000006c3f00000|
|  53|0x00000006c3f00000, 0x00000006c4000000, 0x00000006c4000000|100%| O|  |TS  0|AC  0|TAMS 0x00000006c4000000, 0x00000006c4000000|
|  54|0x00000006c4000000, 0x00000006c4048800, 0x00000006c4100000| 28%| O|  |TS  0|AC  0|TAMS 0x00000006c4048800, 0x00000006c4048800|
|  55|0x00000006c4100000, 0x00000006c4200000, 0x00000006c4200000|100%| O|  |TS  0|AC  0|TAMS 0x00000006c4200000, 0x00000006c4200000|
|  56|0x00000006c4200000, 0x00000006c4300000, 0x00000006c4300000|100%|HS|  |TS  0|AC  0|TAMS 0x00000006c4300000, 0x00000006c4300000|
|  57|0x00000006c4300000, 0x00000006c4300000, 0x00000006c4400000|  0%| F|  |TS  0|AC  0|TAMS 0x00000006c4300000, 0x00000006c4300000|
|  58|0x00000006c4400000, 0x00000006c4400000, 0x00000006c4500000|  0%| F|  |TS  0|AC  0|TAMS 0x00000006c4400000, 0x00000006c4400000|
|  59|0x00000006c4500000, 0x00000006c4600000, 0x00000006c4600000|100%| O|  |TS  0|AC  0|TAMS 0x00000006c4600000, 0x00000006c4600000|
|  60|0x00000006c4600000, 0x00000006c4600000, 0x00000006c4700000|  0%| F|  |TS  0|AC  0|TAMS 0x00000006c4600000, 0x00000006c4600000|
|  61|0x00000006c4700000, 0x00000006c4800000, 0x00000006c4800000|100%| O|  |TS  0|AC  0|TAMS 0x00000006c4800000, 0x00000006c4800000|
|  62|0x00000006c4800000, 0x00000006c4800000, 0x00000006c4900000|  0%| F|  |TS  0|AC  0|TAMS 0x00000006c4800000, 0x00000006c4800000|
|  63|0x00000006c4900000, 0x00000006c4a00000, 0x00000006c4a00000|100%| O|  |TS  0|AC  0|TAMS 0x00000006c4a00000, 0x00000006c4a00000|
|  64|0x00000006c4a00000, 0x00000006c4a00000, 0x00000006c4b00000|  0%| F|  |TS  0|AC  0|TAMS 0x00000006c4a00000, 0x00000006c4a00000|
|  65|0x00000006c4b00000, 0x00000006c4c00000, 0x00000006c4c00000|100%| O|  |TS  0|AC  0|TAMS 0x00000006c4c00000, 0x00000006c4c00000|
|  66|0x00000006c4c00000, 0x00000006c4d00000, 0x00000006c4d00000|100%| O|  |TS  0|AC  0|TAMS 0x00000006c4d00000, 0x00000006c4d00000|
|  67|0x00000006c4d00000, 0x00000006c4e00000, 0x00000006c4e00000|100%| O|  |TS  0|AC  0|TAMS 0x00000006c4e00000, 0x00000006c4e00000|
|  68|0x00000006c4e00000, 0x00000006c4f00000, 0x00000006c4f00000|100%| O|  |TS  0|AC  0|TAMS 0x00000006c4f00000, 0x00000006c4f00000|
|  69|0x00000006c4f00000, 0x00000006c5000000, 0x00000006c5000000|100%| O|  |TS  0|AC  0|TAMS 0x00000006c5000000, 0x00000006c5000000|
|  70|0x00000006c5000000, 0x00000006c5100000, 0x00000006c5100000|100%| O|  |TS  0|AC  0|TAMS 0x00000006c5100000, 0x00000006c5100000|
|  71|0x00000006c5100000, 0x00000006c5200000, 0x00000006c5200000|100%| O|  |TS  0|AC  0|TAMS 0x00000006c5200000, 0x00000006c5200000|
|  72|0x00000006c5200000, 0x00000006c5300000, 0x00000006c5300000|100%| O|  |TS  0|AC  0|TAMS 0x00000006c5300000, 0x00000006c5300000|
|  73|0x00000006c5300000, 0x00000006c5400000, 0x00000006c5400000|100%| O|  |TS  0|AC  0|TAMS 0x00000006c5400000, 0x00000006c5400000|
|  74|0x00000006c5400000, 0x00000006c5500000, 0x00000006c5500000|100%| O|  |TS  0|AC  0|TAMS 0x00000006c5500000, 0x00000006c5500000|
|  75|0x00000006c5500000, 0x00000006c5600000, 0x00000006c5600000|100%|HS|  |TS  0|AC  0|TAMS 0x00000006c5600000, 0x00000006c5600000|
|  76|0x00000006c5600000, 0x00000006c5700000, 0x00000006c5700000|100%| O|  |TS  0|AC  0|TAMS 0x00000006c5700000, 0x00000006c5700000|
|  77|0x00000006c5700000, 0x00000006c5800000, 0x00000006c5800000|100%| O|  |TS  0|AC  0|TAMS 0x00000006c5800000, 0x00000006c5800000|
|  78|0x00000006c5800000, 0x00000006c5900000, 0x00000006c5900000|100%| O|  |TS  0|AC  0|TAMS 0x00000006c5900000, 0x00000006c5900000|
|  79|0x00000006c5900000, 0x00000006c5a00000, 0x00000006c5a00000|100%| O|  |TS  0|AC  0|TAMS 0x00000006c5a00000, 0x00000006c5a00000|
|  80|0x00000006c5a00000, 0x00000006c5b00000, 0x00000006c5b00000|100%|HS|  |TS  0|AC  0|TAMS 0x00000006c5b00000, 0x00000006c5b00000|
|  81|0x00000006c5b00000, 0x00000006c5c00000, 0x00000006c5c00000|100%|HC|  |TS  0|AC  0|TAMS 0x00000006c5c00000, 0x00000006c5c00000|
|  82|0x00000006c5c00000, 0x00000006c5d00000, 0x00000006c5d00000|100%|HC|  |TS  0|AC  0|TAMS 0x00000006c5d00000, 0x00000006c5d00000|
|  83|0x00000006c5d00000, 0x00000006c5e00000, 0x00000006c5e00000|100%|HC|  |TS  0|AC  0|TAMS 0x00000006c5e00000, 0x00000006c5e00000|
|  84|0x00000006c5e00000, 0x00000006c5f00000, 0x00000006c5f00000|100%|HC|  |TS  0|AC  0|TAMS 0x00000006c5f00000, 0x00000006c5f00000|
|  85|0x00000006c5f00000, 0x00000006c6000000, 0x00000006c6000000|100%|HC|  |TS  0|AC  0|TAMS 0x00000006c6000000, 0x00000006c6000000|
|  86|0x00000006c6000000, 0x00000006c6100000, 0x00000006c6100000|100%|HC|  |TS  0|AC  0|TAMS 0x00000006c6100000, 0x00000006c6100000|
|  87|0x00000006c6100000, 0x00000006c6200000, 0x00000006c6200000|100%| O|  |TS  0|AC  0|TAMS 0x00000006c6200000, 0x00000006c6200000|
|  88|0x00000006c6200000, 0x00000006c6300000, 0x00000006c6300000|100%| O|  |TS  0|AC  0|TAMS 0x00000006c6300000, 0x00000006c6300000|
|  89|0x00000006c6300000, 0x00000006c6400000, 0x00000006c6400000|100%| O|  |TS  0|AC  0|TAMS 0x00000006c6400000, 0x00000006c6400000|
|  90|0x00000006c6400000, 0x00000006c6500000, 0x00000006c6500000|100%| O|  |TS  0|AC  0|TAMS 0x00000006c6500000, 0x00000006c6500000|
|  91|0x00000006c6500000, 0x00000006c6600000, 0x00000006c6600000|100%| O|  |TS  0|AC  0|TAMS 0x00000006c6600000, 0x00000006c6600000|
|  92|0x00000006c6600000, 0x00000006c6700000, 0x00000006c6700000|100%| O|  |TS  0|AC  0|TAMS 0x00000006c6700000, 0x00000006c6700000|
|  93|0x00000006c6700000, 0x00000006c6800000, 0x00000006c6800000|100%| O|  |TS  0|AC  0|TAMS 0x00000006c6800000, 0x00000006c6800000|
|  94|0x00000006c6800000, 0x00000006c6900000, 0x00000006c6900000|100%| O|  |TS  0|AC  0|TAMS 0x00000006c6900000, 0x00000006c6900000|
|  95|0x00000006c6900000, 0x00000006c6a00000, 0x00000006c6a00000|100%| O|  |TS  0|AC  0|TAMS 0x00000006c6a00000, 0x00000006c6a00000|
|  96|0x00000006c6a00000, 0x00000006c6b00000, 0x00000006c6b00000|100%| O|  |TS  0|AC  0|TAMS 0x00000006c6b00000, 0x00000006c6b00000|
|  97|0x00000006c6b00000, 0x00000006c6c00000, 0x00000006c6c00000|100%| O|  |TS  0|AC  0|TAMS 0x00000006c6c00000, 0x00000006c6c00000|
|  98|0x00000006c6c00000, 0x00000006c6d00000, 0x00000006c6d00000|100%| O|  |TS  0|AC  0|TAMS 0x00000006c6d00000, 0x00000006c6d00000|
|  99|0x00000006c6d00000, 0x00000006c6e00000, 0x00000006c6e00000|100%| O|  |TS  0|AC  0|TAMS 0x00000006c6e00000, 0x00000006c6e00000|
| 100|0x00000006c6e00000, 0x00000006c6f00000, 0x00000006c6f00000|100%| O|  |TS  0|AC  0|TAMS 0x00000006c6f00000, 0x00000006c6f00000|
| 101|0x00000006c6f00000, 0x00000006c7000000, 0x00000006c7000000|100%| O|  |TS  0|AC  0|TAMS 0x00000006c7000000, 0x00000006c7000000|
| 102|0x00000006c7000000, 0x00000006c7100000, 0x00000006c7100000|100%| O|  |TS  0|AC  0|TAMS 0x00000006c7100000, 0x00000006c7100000|
| 103|0x00000006c7100000, 0x00000006c7200000, 0x00000006c7200000|100%| O|  |TS  0|AC  0|TAMS 0x00000006c7200000, 0x00000006c7200000|
| 104|0x00000006c7200000, 0x00000006c7300000, 0x00000006c7300000|100%|HS|  |TS  0|AC  0|TAMS 0x00000006c7300000, 0x00000006c7300000|
| 105|0x00000006c7300000, 0x00000006c7400000, 0x00000006c7400000|100%| O|  |TS  0|AC  0|TAMS 0x00000006c7400000, 0x00000006c7400000|
| 106|0x00000006c7400000, 0x00000006c7500000, 0x00000006c7500000|100%| O|  |TS  0|AC  0|TAMS 0x00000006c7500000, 0x00000006c7500000|
| 107|0x00000006c7500000, 0x00000006c7600000, 0x00000006c7600000|100%| O|  |TS  0|AC  0|TAMS 0x00000006c7600000, 0x00000006c7600000|
| 108|0x00000006c7600000, 0x00000006c7700000, 0x00000006c7700000|100%| O|  |TS  0|AC  0|TAMS 0x00000006c7700000, 0x00000006c7700000|
| 109|0x00000006c7700000, 0x00000006c7800000, 0x00000006c7800000|100%| O|  |TS  0|AC  0|TAMS 0x00000006c7800000, 0x00000006c7800000|
| 110|0x00000006c7800000, 0x00000006c7900000, 0x00000006c7900000|100%| O|  |TS  0|AC  0|TAMS 0x00000006c7900000, 0x00000006c7900000|
| 111|0x00000006c7900000, 0x00000006c7a00000, 0x00000006c7a00000|100%| O|  |TS  0|AC  0|TAMS 0x00000006c7a00000, 0x00000006c7a00000|
| 112|0x00000006c7a00000, 0x00000006c7b00000, 0x00000006c7b00000|100%| O|  |TS  0|AC  0|TAMS 0x00000006c7b00000, 0x00000006c7b00000|
| 113|0x00000006c7b00000, 0x00000006c7c00000, 0x00000006c7c00000|100%| O|  |TS  0|AC  0|TAMS 0x00000006c7c00000, 0x00000006c7c00000|
| 114|0x00000006c7c00000, 0x00000006c7d00000, 0x00000006c7d00000|100%| O|  |TS  0|AC  0|TAMS 0x00000006c7d00000, 0x00000006c7d00000|
| 115|0x00000006c7d00000, 0x00000006c7e00000, 0x00000006c7e00000|100%| O|  |TS  0|AC  0|TAMS 0x00000006c7e00000, 0x00000006c7e00000|
| 116|0x00000006c7e00000, 0x00000006c7f00000, 0x00000006c7f00000|100%| O|  |TS  0|AC  0|TAMS 0x00000006c7f00000, 0x00000006c7f00000|
| 117|0x00000006c7f00000, 0x00000006c8000000, 0x00000006c8000000|100%| O|  |TS  0|AC  0|TAMS 0x00000006c8000000, 0x00000006c8000000|
| 118|0x00000006c8000000, 0x00000006c8100000, 0x00000006c8100000|100%| O|  |TS  0|AC  0|TAMS 0x00000006c8100000, 0x00000006c8100000|
| 119|0x00000006c8100000, 0x00000006c8200000, 0x00000006c8200000|100%| O|  |TS  0|AC  0|TAMS 0x00000006c8200000, 0x00000006c8200000|
| 120|0x00000006c8200000, 0x00000006c8300000, 0x00000006c8300000|100%| O|  |TS  0|AC  0|TAMS 0x00000006c8300000, 0x00000006c8300000|
| 121|0x00000006c8300000, 0x00000006c8400000, 0x00000006c8400000|100%| O|  |TS  0|AC  0|TAMS 0x00000006c8400000, 0x00000006c8400000|
| 122|0x00000006c8400000, 0x00000006c8500000, 0x00000006c8500000|100%| O|  |TS  0|AC  0|TAMS 0x00000006c8500000, 0x00000006c8500000|
| 123|0x00000006c8500000, 0x00000006c8600000, 0x00000006c8600000|100%| O|  |TS  0|AC  0|TAMS 0x00000006c8600000, 0x00000006c8600000|
| 124|0x00000006c8600000, 0x00000006c8700000, 0x00000006c8700000|100%| O|  |TS  0|AC  0|TAMS 0x00000006c8700000, 0x00000006c8700000|
| 125|0x00000006c8700000, 0x00000006c8800000, 0x00000006c8800000|100%| O|  |TS  0|AC  0|TAMS 0x00000006c8800000, 0x00000006c8800000|
| 126|0x00000006c8800000, 0x00000006c8900000, 0x00000006c8900000|100%| O|  |TS  0|AC  0|TAMS 0x00000006c8900000, 0x00000006c8900000|
| 127|0x00000006c8900000, 0x00000006c8a00000, 0x00000006c8a00000|100%| O|  |TS  0|AC  0|TAMS 0x00000006c8a00000, 0x00000006c8a00000|
| 128|0x00000006c8a00000, 0x00000006c8b00000, 0x00000006c8b00000|100%| O|  |TS  0|AC  0|TAMS 0x00000006c8b00000, 0x00000006c8b00000|
| 129|0x00000006c8b00000, 0x00000006c8c00000, 0x00000006c8c00000|100%| O|  |TS  0|AC  0|TAMS 0x00000006c8c00000, 0x00000006c8c00000|
| 130|0x00000006c8c00000, 0x00000006c8c00000, 0x00000006c8d00000|  0%| F|  |TS  0|AC  0|TAMS 0x00000006c8c00000, 0x00000006c8c00000|
| 131|0x00000006c8d00000, 0x00000006c8d00000, 0x00000006c8e00000|  0%| F|  |TS  0|AC  0|TAMS 0x00000006c8d00000, 0x00000006c8d00000|
| 132|0x00000006c8e00000, 0x00000006c8f00000, 0x00000006c8f00000|100%| O|  |TS  0|AC  0|TAMS 0x00000006c8f00000, 0x00000006c8f00000|
| 133|0x00000006c8f00000, 0x00000006c9000000, 0x00000006c9000000|100%| O|  |TS  0|AC  0|TAMS 0x00000006c9000000, 0x00000006c9000000|
| 134|0x00000006c9000000, 0x00000006c9100000, 0x00000006c9100000|100%| O|  |TS  0|AC  0|TAMS 0x00000006c9100000, 0x00000006c9100000|
| 135|0x00000006c9100000, 0x00000006c9200000, 0x00000006c9200000|100%| O|  |TS  0|AC  0|TAMS 0x00000006c9200000, 0x00000006c9200000|
| 136|0x00000006c9200000, 0x00000006c9300000, 0x00000006c9300000|100%| O|  |TS  0|AC  0|TAMS 0x00000006c9300000, 0x00000006c9300000|
| 137|0x00000006c9300000, 0x00000006c9400000, 0x00000006c9400000|100%| O|  |TS  0|AC  0|TAMS 0x00000006c9400000, 0x00000006c9400000|
| 138|0x00000006c9400000, 0x00000006c9500000, 0x00000006c9500000|100%| O|  |TS  0|AC  0|TAMS 0x00000006c9500000, 0x00000006c9500000|
| 139|0x00000006c9500000, 0x00000006c9600000, 0x00000006c9600000|100%| O|  |TS  0|AC  0|TAMS 0x00000006c9600000, 0x00000006c9600000|
| 140|0x00000006c9600000, 0x00000006c9700000, 0x00000006c9700000|100%| O|  |TS  0|AC  0|TAMS 0x00000006c9700000, 0x00000006c9700000|
| 141|0x00000006c9700000, 0x00000006c9800000, 0x00000006c9800000|100%|HS|  |TS  0|AC  0|TAMS 0x00000006c9800000, 0x00000006c9800000|
| 142|0x00000006c9800000, 0x00000006c9900000, 0x00000006c9900000|100%|HC|  |TS  0|AC  0|TAMS 0x00000006c9900000, 0x00000006c9900000|
| 143|0x00000006c9900000, 0x00000006c9a00000, 0x00000006c9a00000|100%|HC|  |TS  0|AC  0|TAMS 0x00000006c9a00000, 0x00000006c9a00000|
| 144|0x00000006c9a00000, 0x00000006c9a00000, 0x00000006c9b00000|  0%| F|  |TS  0|AC  0|TAMS 0x00000006c9a00000, 0x00000006c9a00000|
| 145|0x00000006c9b00000, 0x00000006c9b00000, 0x00000006c9c00000|  0%| F|  |TS  0|AC  0|TAMS 0x00000006c9b00000, 0x00000006c9b00000|
| 146|0x00000006c9c00000, 0x00000006c9c00000, 0x00000006c9d00000|  0%| F|  |TS  0|AC  0|TAMS 0x00000006c9c00000, 0x00000006c9c00000|
| 147|0x00000006c9d00000, 0x00000006c9d00000, 0x00000006c9e00000|  0%| F|  |TS  0|AC  0|TAMS 0x00000006c9d00000, 0x00000006c9d00000|
| 148|0x00000006c9e00000, 0x00000006c9e00000, 0x00000006c9f00000|  0%| F|  |TS  0|AC  0|TAMS 0x00000006c9e00000, 0x00000006c9e00000|
| 149|0x00000006c9f00000, 0x00000006c9f00000, 0x00000006ca000000|  0%| F|  |TS  0|AC  0|TAMS 0x00000006c9f00000, 0x00000006c9f00000|
| 150|0x00000006ca000000, 0x00000006ca000000, 0x00000006ca100000|  0%| F|  |TS  0|AC  0|TAMS 0x00000006ca000000, 0x00000006ca000000|
| 151|0x00000006ca100000, 0x00000006ca100000, 0x00000006ca200000|  0%| F|  |TS  0|AC  0|TAMS 0x00000006ca100000, 0x00000006ca100000|
| 152|0x00000006ca200000, 0x00000006ca200000, 0x00000006ca300000|  0%| F|  |TS  0|AC  0|TAMS 0x00000006ca200000, 0x00000006ca200000|
| 153|0x00000006ca300000, 0x00000006ca300000, 0x00000006ca400000|  0%| F|  |TS  0|AC  0|TAMS 0x00000006ca300000, 0x00000006ca300000|
| 154|0x00000006ca400000, 0x00000006ca400000, 0x00000006ca500000|  0%| F|  |TS  0|AC  0|TAMS 0x00000006ca400000, 0x00000006ca400000|
| 155|0x00000006ca500000, 0x00000006ca500000, 0x00000006ca600000|  0%| F|  |TS  0|AC  0|TAMS 0x00000006ca500000, 0x00000006ca500000|
| 156|0x00000006ca600000, 0x00000006ca600000, 0x00000006ca700000|  0%| F|  |TS  0|AC  0|TAMS 0x00000006ca600000, 0x00000006ca600000|
| 157|0x00000006ca700000, 0x00000006ca700000, 0x00000006ca800000|  0%| F|  |TS  0|AC  0|TAMS 0x00000006ca700000, 0x00000006ca700000|
| 158|0x00000006ca800000, 0x00000006ca800000, 0x00000006ca900000|  0%| F|  |TS  0|AC  0|TAMS 0x00000006ca800000, 0x00000006ca800000|
| 159|0x00000006ca900000, 0x00000006ca900000, 0x00000006caa00000|  0%| F|  |TS  0|AC  0|TAMS 0x00000006ca900000, 0x00000006ca900000|
| 160|0x00000006caa00000, 0x00000006caa00000, 0x00000006cab00000|  0%| F|  |TS  0|AC  0|TAMS 0x00000006caa00000, 0x00000006caa00000|
| 161|0x00000006cab00000, 0x00000006cab00000, 0x00000006cac00000|  0%| F|  |TS  0|AC  0|TAMS 0x00000006cab00000, 0x00000006cab00000|
| 162|0x00000006cac00000, 0x00000006cac00000, 0x00000006cad00000|  0%| F|  |TS  0|AC  0|TAMS 0x00000006cac00000, 0x00000006cac00000|
| 163|0x00000006cad00000, 0x00000006cad00000, 0x00000006cae00000|  0%| F|  |TS  0|AC  0|TAMS 0x00000006cad00000, 0x00000006cad00000|
| 164|0x00000006cae00000, 0x00000006cae00000, 0x00000006caf00000|  0%| F|  |TS  0|AC  0|TAMS 0x00000006cae00000, 0x00000006cae00000|
| 165|0x00000006caf00000, 0x00000006caf00000, 0x00000006cb000000|  0%| F|  |TS  0|AC  0|TAMS 0x00000006caf00000, 0x00000006caf00000|
| 166|0x00000006cb000000, 0x00000006cb000000, 0x00000006cb100000|  0%| F|  |TS  0|AC  0|TAMS 0x00000006cb000000, 0x00000006cb000000|
| 167|0x00000006cb100000, 0x00000006cb100000, 0x00000006cb200000|  0%| F|  |TS  0|AC  0|TAMS 0x00000006cb100000, 0x00000006cb100000|
| 168|0x00000006cb200000, 0x00000006cb200000, 0x00000006cb300000|  0%| F|  |TS  0|AC  0|TAMS 0x00000006cb200000, 0x00000006cb200000|
| 169|0x00000006cb300000, 0x00000006cb300000, 0x00000006cb400000|  0%| F|  |TS  0|AC  0|TAMS 0x00000006cb300000, 0x00000006cb300000|
| 170|0x00000006cb400000, 0x00000006cb400000, 0x00000006cb500000|  0%| F|  |TS  0|AC  0|TAMS 0x00000006cb400000, 0x00000006cb400000|
| 171|0x00000006cb500000, 0x00000006cb500000, 0x00000006cb600000|  0%| F|  |TS  0|AC  0|TAMS 0x00000006cb500000, 0x00000006cb500000|
| 172|0x00000006cb600000, 0x00000006cb600000, 0x00000006cb700000|  0%| F|  |TS  0|AC  0|TAMS 0x00000006cb600000, 0x00000006cb600000|
| 173|0x00000006cb700000, 0x00000006cb700000, 0x00000006cb800000|  0%| F|  |TS  0|AC  0|TAMS 0x00000006cb700000, 0x00000006cb700000|
| 174|0x00000006cb800000, 0x00000006cb800000, 0x00000006cb900000|  0%| F|  |TS  0|AC  0|TAMS 0x00000006cb800000, 0x00000006cb800000|
| 175|0x00000006cb900000, 0x00000006cb900000, 0x00000006cba00000|  0%| F|  |TS  0|AC  0|TAMS 0x00000006cb900000, 0x00000006cb900000|
| 176|0x00000006cba00000, 0x00000006cba00000, 0x00000006cbb00000|  0%| F|  |TS  0|AC  0|TAMS 0x00000006cba00000, 0x00000006cba00000|
| 177|0x00000006cbb00000, 0x00000006cbb00000, 0x00000006cbc00000|  0%| F|  |TS  0|AC  0|TAMS 0x00000006cbb00000, 0x00000006cbb00000|
| 178|0x00000006cbc00000, 0x00000006cbc00000, 0x00000006cbd00000|  0%| F|  |TS  0|AC  0|TAMS 0x00000006cbc00000, 0x00000006cbc00000|
| 179|0x00000006cbd00000, 0x00000006cbd00000, 0x00000006cbe00000|  0%| F|  |TS  0|AC  0|TAMS 0x00000006cbd00000, 0x00000006cbd00000|
| 180|0x00000006cbe00000, 0x00000006cbe00000, 0x00000006cbf00000|  0%| F|  |TS  0|AC  0|TAMS 0x00000006cbe00000, 0x00000006cbe00000|
| 181|0x00000006cbf00000, 0x00000006cbf00000, 0x00000006cc000000|  0%| F|  |TS  0|AC  0|TAMS 0x00000006cbf00000, 0x00000006cbf00000|
| 182|0x00000006cc000000, 0x00000006cc000000, 0x00000006cc100000|  0%| F|  |TS  0|AC  0|TAMS 0x00000006cc000000, 0x00000006cc000000|
| 183|0x00000006cc100000, 0x00000006cc100000, 0x00000006cc200000|  0%| F|  |TS  0|AC  0|TAMS 0x00000006cc100000, 0x00000006cc100000|
| 184|0x00000006cc200000, 0x00000006cc200000, 0x00000006cc300000|  0%| F|  |TS  0|AC  0|TAMS 0x00000006cc200000, 0x00000006cc200000|
| 185|0x00000006cc300000, 0x00000006cc300000, 0x00000006cc400000|  0%| F|  |TS  0|AC  0|TAMS 0x00000006cc300000, 0x00000006cc300000|
| 186|0x00000006cc400000, 0x00000006cc400000, 0x00000006cc500000|  0%| F|  |TS  0|AC  0|TAMS 0x00000006cc400000, 0x00000006cc400000|
| 187|0x00000006cc500000, 0x00000006cc500000, 0x00000006cc600000|  0%| F|  |TS  0|AC  0|TAMS 0x00000006cc500000, 0x00000006cc500000|
| 188|0x00000006cc600000, 0x00000006cc600000, 0x00000006cc700000|  0%| F|  |TS  0|AC  0|TAMS 0x00000006cc600000, 0x00000006cc600000|
| 189|0x00000006cc700000, 0x00000006cc700000, 0x00000006cc800000|  0%| F|  |TS  0|AC  0|TAMS 0x00000006cc700000, 0x00000006cc700000|
| 190|0x00000006cc800000, 0x00000006cc800000, 0x00000006cc900000|  0%| F|  |TS  0|AC  0|TAMS 0x00000006cc800000, 0x00000006cc800000|
| 191|0x00000006cc900000, 0x00000006cc900000, 0x00000006cca00000|  0%| F|  |TS  0|AC  0|TAMS 0x00000006cc900000, 0x00000006cc900000|
| 192|0x00000006cca00000, 0x00000006cca00000, 0x00000006ccb00000|  0%| F|  |TS  0|AC  0|TAMS 0x00000006cca00000, 0x00000006cca00000|
| 193|0x00000006ccb00000, 0x00000006ccb00000, 0x00000006ccc00000|  0%| F|  |TS  0|AC  0|TAMS 0x00000006ccb00000, 0x00000006ccb00000|
| 194|0x00000006ccc00000, 0x00000006ccc00000, 0x00000006ccd00000|  0%| F|  |TS  0|AC  0|TAMS 0x00000006ccc00000, 0x00000006ccc00000|
| 195|0x00000006ccd00000, 0x00000006ccd91c18, 0x00000006cce00000| 56%| S|CS|TS  0|AC  0|TAMS 0x00000006ccd00000, 0x00000006ccd00000|
| 196|0x00000006cce00000, 0x00000006ccf00000, 0x00000006ccf00000|100%| S|CS|TS  0|AC  0|TAMS 0x00000006cce00000, 0x00000006cce00000|
| 197|0x00000006ccf00000, 0x00000006cd000000, 0x00000006cd000000|100%| S|CS|TS  0|AC  0|TAMS 0x00000006ccf00000, 0x00000006ccf00000|
| 198|0x00000006cd000000, 0x00000006cd100000, 0x00000006cd100000|100%| S|CS|TS  0|AC  0|TAMS 0x00000006cd000000, 0x00000006cd000000|
| 199|0x00000006cd100000, 0x00000006cd100000, 0x00000006cd200000|  0%| F|  |TS  0|AC  0|TAMS 0x00000006cd100000, 0x00000006cd100000|
| 200|0x00000006cd200000, 0x00000006cd200000, 0x00000006cd300000|  0%| F|  |TS  0|AC  0|TAMS 0x00000006cd200000, 0x00000006cd200000|
| 201|0x00000006cd300000, 0x00000006cd300000, 0x00000006cd400000|  0%| F|  |TS  0|AC  0|TAMS 0x00000006cd300000, 0x00000006cd300000|
| 202|0x00000006cd400000, 0x00000006cd400000, 0x00000006cd500000|  0%| F|  |TS  0|AC  0|TAMS 0x00000006cd400000, 0x00000006cd400000|
| 203|0x00000006cd500000, 0x00000006cd500000, 0x00000006cd600000|  0%| F|  |TS  0|AC  0|TAMS 0x00000006cd500000, 0x00000006cd500000|
| 204|0x00000006cd600000, 0x00000006cd600000, 0x00000006cd700000|  0%| F|  |TS  0|AC  0|TAMS 0x00000006cd600000, 0x00000006cd600000|
| 205|0x00000006cd700000, 0x00000006cd700000, 0x00000006cd800000|  0%| F|  |TS  0|AC  0|TAMS 0x00000006cd700000, 0x00000006cd700000|
| 206|0x00000006cd800000, 0x00000006cd800000, 0x00000006cd900000|  0%| F|  |TS  0|AC  0|TAMS 0x00000006cd800000, 0x00000006cd800000|
| 207|0x00000006cd900000, 0x00000006cd900000, 0x00000006cda00000|  0%| F|  |TS  0|AC  0|TAMS 0x00000006cd900000, 0x00000006cd900000|
| 208|0x00000006cda00000, 0x00000006cda00000, 0x00000006cdb00000|  0%| F|  |TS  0|AC  0|TAMS 0x00000006cda00000, 0x00000006cda00000|
| 209|0x00000006cdb00000, 0x00000006cdb00000, 0x00000006cdc00000|  0%| F|  |TS  0|AC  0|TAMS 0x00000006cdb00000, 0x00000006cdb00000|
| 210|0x00000006cdc00000, 0x00000006cdc00000, 0x00000006cdd00000|  0%| F|  |TS  0|AC  0|TAMS 0x00000006cdc00000, 0x00000006cdc00000|
| 211|0x00000006cdd00000, 0x00000006cdd00000, 0x00000006cde00000|  0%| F|  |TS  0|AC  0|TAMS 0x00000006cdd00000, 0x00000006cdd00000|
| 212|0x00000006cde00000, 0x00000006cde00000, 0x00000006cdf00000|  0%| F|  |TS  0|AC  0|TAMS 0x00000006cde00000, 0x00000006cde00000|
| 213|0x00000006cdf00000, 0x00000006cdf00000, 0x00000006ce000000|  0%| F|  |TS  0|AC  0|TAMS 0x00000006cdf00000, 0x00000006cdf00000|
| 214|0x00000006ce000000, 0x00000006ce000000, 0x00000006ce100000|  0%| F|  |TS  0|AC  0|TAMS 0x00000006ce000000, 0x00000006ce000000|
| 215|0x00000006ce100000, 0x00000006ce100000, 0x00000006ce200000|  0%| F|  |TS  0|AC  0|TAMS 0x00000006ce100000, 0x00000006ce100000|
| 216|0x00000006ce200000, 0x00000006ce200000, 0x00000006ce300000|  0%| F|  |TS  0|AC  0|TAMS 0x00000006ce200000, 0x00000006ce200000|
| 217|0x00000006ce300000, 0x00000006ce300000, 0x00000006ce400000|  0%| F|  |TS  0|AC  0|TAMS 0x00000006ce300000, 0x00000006ce300000|
| 218|0x00000006ce400000, 0x00000006ce400000, 0x00000006ce500000|  0%| F|  |TS  0|AC  0|TAMS 0x00000006ce400000, 0x00000006ce400000|
| 219|0x00000006ce500000, 0x00000006ce500000, 0x00000006ce600000|  0%| F|  |TS  0|AC  0|TAMS 0x00000006ce500000, 0x00000006ce500000|
| 220|0x00000006ce600000, 0x00000006ce600000, 0x00000006ce700000|  0%| F|  |TS  0|AC  0|TAMS 0x00000006ce600000, 0x00000006ce600000|
| 221|0x00000006ce700000, 0x00000006ce700000, 0x00000006ce800000|  0%| F|  |TS  0|AC  0|TAMS 0x00000006ce700000, 0x00000006ce700000|
| 222|0x00000006ce800000, 0x00000006ce800000, 0x00000006ce900000|  0%| F|  |TS  0|AC  0|TAMS 0x00000006ce800000, 0x00000006ce800000|
| 223|0x00000006ce900000, 0x00000006ce900000, 0x00000006cea00000|  0%| F|  |TS  0|AC  0|TAMS 0x00000006ce900000, 0x00000006ce900000|
| 224|0x00000006cea00000, 0x00000006cea00000, 0x00000006ceb00000|  0%| F|  |TS  0|AC  0|TAMS 0x00000006cea00000, 0x00000006cea00000|
| 225|0x00000006ceb00000, 0x00000006ceb00000, 0x00000006cec00000|  0%| F|  |TS  0|AC  0|TAMS 0x00000006ceb00000, 0x00000006ceb00000|
| 226|0x00000006cec00000, 0x00000006cec00000, 0x00000006ced00000|  0%| F|  |TS  0|AC  0|TAMS 0x00000006cec00000, 0x00000006cec00000|
| 227|0x00000006ced00000, 0x00000006ced00000, 0x00000006cee00000|  0%| F|  |TS  0|AC  0|TAMS 0x00000006ced00000, 0x00000006ced00000|
| 228|0x00000006cee00000, 0x00000006cee00000, 0x00000006cef00000|  0%| F|  |TS  0|AC  0|TAMS 0x00000006cee00000, 0x00000006cee00000|
| 229|0x00000006cef00000, 0x00000006cef00000, 0x00000006cf000000|  0%| F|  |TS  0|AC  0|TAMS 0x00000006cef00000, 0x00000006cef00000|
| 230|0x00000006cf000000, 0x00000006cf000000, 0x00000006cf100000|  0%| F|  |TS  0|AC  0|TAMS 0x00000006cf000000, 0x00000006cf000000|
| 231|0x00000006cf100000, 0x00000006cf100000, 0x00000006cf200000|  0%| F|  |TS  0|AC  0|TAMS 0x00000006cf100000, 0x00000006cf100000|
| 232|0x00000006cf200000, 0x00000006cf200000, 0x00000006cf300000|  0%| F|  |TS  0|AC  0|TAMS 0x00000006cf200000, 0x00000006cf200000|
| 233|0x00000006cf300000, 0x00000006cf300000, 0x00000006cf400000|  0%| F|  |TS  0|AC  0|TAMS 0x00000006cf300000, 0x00000006cf300000|
| 234|0x00000006cf400000, 0x00000006cf400000, 0x00000006cf500000|  0%| F|  |TS  0|AC  0|TAMS 0x00000006cf400000, 0x00000006cf400000|
| 235|0x00000006cf500000, 0x00000006cf500000, 0x00000006cf600000|  0%| F|  |TS  0|AC  0|TAMS 0x00000006cf500000, 0x00000006cf500000|
| 236|0x00000006cf600000, 0x00000006cf600000, 0x00000006cf700000|  0%| F|  |TS  0|AC  0|TAMS 0x00000006cf600000, 0x00000006cf600000|
| 237|0x00000006cf700000, 0x00000006cf700000, 0x00000006cf800000|  0%| F|  |TS  0|AC  0|TAMS 0x00000006cf700000, 0x00000006cf700000|
| 238|0x00000006cf800000, 0x00000006cf800000, 0x00000006cf900000|  0%| F|  |TS  0|AC  0|TAMS 0x00000006cf800000, 0x00000006cf800000|
| 239|0x00000006cf900000, 0x00000006cf900000, 0x00000006cfa00000|  0%| F|  |TS  0|AC  0|TAMS 0x00000006cf900000, 0x00000006cf900000|
| 240|0x00000006cfa00000, 0x00000006cfa00000, 0x00000006cfb00000|  0%| F|  |TS  0|AC  0|TAMS 0x00000006cfa00000, 0x00000006cfa00000|
| 241|0x00000006cfb00000, 0x00000006cfb00000, 0x00000006cfc00000|  0%| F|  |TS  0|AC  0|TAMS 0x00000006cfb00000, 0x00000006cfb00000|
| 242|0x00000006cfc00000, 0x00000006cfc00000, 0x00000006cfd00000|  0%| F|  |TS  0|AC  0|TAMS 0x00000006cfc00000, 0x00000006cfc00000|
| 243|0x00000006cfd00000, 0x00000006cfd00000, 0x00000006cfe00000|  0%| F|  |TS  0|AC  0|TAMS 0x00000006cfd00000, 0x00000006cfd00000|
| 244|0x00000006cfe00000, 0x00000006cfe00000, 0x00000006cff00000|  0%| F|  |TS  0|AC  0|TAMS 0x00000006cfe00000, 0x00000006cfe00000|
| 245|0x00000006cff00000, 0x00000006cff00000, 0x00000006d0000000|  0%| F|  |TS  0|AC  0|TAMS 0x00000006cff00000, 0x00000006cff00000|
| 246|0x00000006d0000000, 0x00000006d0097ec8, 0x00000006d0100000| 59%| E|  |TS  0|AC  0|TAMS 0x00000006d0000000, 0x00000006d0000000|
| 247|0x00000006d0100000, 0x00000006d0200000, 0x00000006d0200000|100%| E|CS|TS  0|AC  0|TAMS 0x00000006d0100000, 0x00000006d0100000|
| 248|0x00000006d0200000, 0x00000006d0300000, 0x00000006d0300000|100%| E|CS|TS  0|AC  0|TAMS 0x00000006d0200000, 0x00000006d0200000|
| 249|0x00000006d0300000, 0x00000006d0400000, 0x00000006d0400000|100%| E|CS|TS  0|AC  0|TAMS 0x00000006d0300000, 0x00000006d0300000|
| 250|0x00000006d0400000, 0x00000006d0500000, 0x00000006d0500000|100%| E|CS|TS  0|AC  0|TAMS 0x00000006d0400000, 0x00000006d0400000|
| 251|0x00000006d0500000, 0x00000006d0600000, 0x00000006d0600000|100%| E|CS|TS  0|AC  0|TAMS 0x00000006d0500000, 0x00000006d0500000|
| 252|0x00000006d0600000, 0x00000006d0700000, 0x00000006d0700000|100%| E|CS|TS  0|AC  0|TAMS 0x00000006d0600000, 0x00000006d0600000|
| 253|0x00000006d0700000, 0x00000006d0800000, 0x00000006d0800000|100%| E|CS|TS  0|AC  0|TAMS 0x00000006d0700000, 0x00000006d0700000|
| 254|0x00000006d0800000, 0x00000006d0900000, 0x00000006d0900000|100%| E|CS|TS  0|AC  0|TAMS 0x00000006d0800000, 0x00000006d0800000|
| 255|0x00000006d0900000, 0x00000006d0a00000, 0x00000006d0a00000|100%| E|CS|TS  0|AC  0|TAMS 0x00000006d0900000, 0x00000006d0900000|

Card table byte_map: [0x000002785b830000,0x000002785c030000] byte_map_base: 0x000002785822b000

Marking Bits (Prev, Next): (CMBitMap*) 0x000002783ee692b8, (CMBitMap*) 0x000002783ee69280
 Prev Bits: [0x0000027860810000, 0x00000278647e8000)
 Next Bits: [0x000002785c830000, 0x0000027860808000)

Polling page: 0x000002783ed70000

CodeHeap 'non-profiled nmethods': size=120000Kb used=4628Kb max_used=4628Kb free=115371Kb
 bounds [0x0000027852890000, 0x0000027852d20000, 0x0000027859dc0000]
CodeHeap 'profiled nmethods': size=120000Kb used=12883Kb max_used=13241Kb free=107116Kb
 bounds [0x000002784b360000, 0x000002784c070000, 0x0000027852890000]
CodeHeap 'non-nmethods': size=5760Kb used=1479Kb max_used=1575Kb free=4280Kb
 bounds [0x000002784adc0000, 0x000002784b030000, 0x000002784b360000]
 total_blobs=8302 nmethods=5022 adapters=687
 compilation: enabled

Compilation events (10 events):
Event: 1163.938 Thread 0x0000027867cf4800 5678       1       java.util.WeakHashMap::indexFor (6 bytes)
Event: 1163.938 Thread 0x0000027867cf4800 nmethod 5678 0x0000027852a38890 code [0x0000027852a38a20, 0x0000027852a38b18]
Event: 1166.552 Thread 0x0000027867cf4800 5679 % !   3       com.codename1.ui.Display::mainEDTLoop @ 214 (426 bytes)
Event: 1166.554 Thread 0x0000027867cf4800 nmethod 5679% 0x000002784c064010 code [0x000002784c0646e0, 0x000002784c068660]
Event: 1226.306 Thread 0x0000027867ce5000 5680       4       com.codename1.ui.Form::repaintAnimations (72 bytes)
Event: 1226.306 Thread 0x0000027867ce5800 5681   !   4       com.codename1.ui.Display::processSerialCalls (157 bytes)
Event: 1226.320 Thread 0x0000027867ce9800 5682       4       com.codename1.ui.Form::flushRevalidateQueue (79 bytes)
Event: 1226.322 Thread 0x0000027867ce5000 nmethod 5680 0x0000027852d12a10 code [0x0000027852d12c20, 0x0000027852d13888]
Event: 1226.322 Thread 0x0000027867ce9800 nmethod 5682 0x0000027852a87e90 code [0x0000027852a88020, 0x0000027852a88138]
Event: 1226.324 Thread 0x0000027867ce5800 nmethod 5681 0x0000027852d14190 code [0x0000027852d143c0, 0x0000027852d151b0]

GC Heap History (10 events):
Event: 43.072 GC heap before
{Heap before GC invocations=13 (full 0):
 garbage-first heap   total 262144K, used 153290K [0x00000006c0a00000, 0x00000006c0b00800, 0x00000007c0000000)
  region size 1024K, 12 young (12288K), 1 survivors (1024K)
 Metaspace       used 35455K, capacity 36600K, committed 36688K, reserved 1081344K
  class space    used 3980K, capacity 4223K, committed 4224K, reserved 1048576K
}
Event: 43.074 GC heap after
{Heap after GC invocations=14 (full 0):
 garbage-first heap   total 262144K, used 136793K [0x00000006c0a00000, 0x00000006c0b00800, 0x00000007c0000000)
  region size 1024K, 1 young (1024K), 1 survivors (1024K)
 Metaspace       used 35455K, capacity 36600K, committed 36688K, reserved 1081344K
  class space    used 3980K, capacity 4223K, committed 4224K, reserved 1048576K
}
Event: 44.663 GC heap before
{Heap before GC invocations=14 (full 0):
 garbage-first heap   total 262144K, used 186969K [0x00000006c0a00000, 0x00000006c0b00800, 0x00000007c0000000)
  region size 1024K, 50 young (51200K), 1 survivors (1024K)
 Metaspace       used 35511K, capacity 36664K, committed 36944K, reserved 1081344K
  class space    used 3980K, capacity 4223K, committed 4224K, reserved 1048576K
}
Event: 44.665 GC heap after
{Heap after GC invocations=15 (full 0):
 garbage-first heap   total 262144K, used 136851K [0x00000006c0a00000, 0x00000006c0b00800, 0x00000007c0000000)
  region size 1024K, 1 young (1024K), 1 survivors (1024K)
 Metaspace       used 35511K, capacity 36664K, committed 36944K, reserved 1081344K
  class space    used 3980K, capacity 4223K, committed 4224K, reserved 1048576K
}
Event: 45.506 GC heap before
{Heap before GC invocations=16 (full 0):
 garbage-first heap   total 262144K, used 191123K [0x00000006c0a00000, 0x00000006c0b00800, 0x00000007c0000000)
  region size 1024K, 54 young (55296K), 1 survivors (1024K)
 Metaspace       used 35571K, capacity 36728K, committed 36944K, reserved 1081344K
  class space    used 3982K, capacity 4223K, committed 4224K, reserved 1048576K
}
Event: 45.508 GC heap after
{Heap after GC invocations=17 (full 0):
 garbage-first heap   total 262144K, used 137565K [0x00000006c0a00000, 0x00000006c0b00800, 0x00000007c0000000)
  region size 1024K, 2 young (2048K), 2 survivors (2048K)
 Metaspace       used 35571K, capacity 36728K, committed 36944K, reserved 1081344K
  class space    used 3982K, capacity 4223K, committed 4224K, reserved 1048576K
}
Event: 45.889 GC heap before
{Heap before GC invocations=17 (full 0):
 garbage-first heap   total 262144K, used 147805K [0x00000006c0a00000, 0x00000006c0b00800, 0x00000007c0000000)
  region size 1024K, 12 young (12288K), 2 survivors (2048K)
 Metaspace       used 35635K, capacity 36728K, committed 36944K, reserved 1081344K
  class space    used 3987K, capacity 4223K, committed 4224K, reserved 1048576K
}
Event: 45.890 GC heap after
{Heap after GC invocations=18 (full 0):
 garbage-first heap   total 262144K, used 136506K [0x00000006c0a00000, 0x00000006c0b00800, 0x00000007c0000000)
  region size 1024K, 2 young (2048K), 2 survivors (2048K)
 Metaspace       used 35635K, capacity 36728K, committed 36944K, reserved 1081344K
  class space    used 3987K, capacity 4223K, committed 4224K, reserved 1048576K
}
Event: 575.998 GC heap before
{Heap before GC invocations=18 (full 0):
 garbage-first heap   total 262144K, used 195898K [0x00000006c0a00000, 0x00000006c0b00800, 0x00000007c0000000)
  region size 1024K, 57 young (58368K), 2 survivors (2048K)
 Metaspace       used 36746K, capacity 37880K, committed 38096K, reserved 1083392K
  class space    used 4042K, capacity 4287K, committed 4352K, reserved 1048576K
}
Event: 576.001 GC heap after
{Heap after GC invocations=19 (full 0):
 garbage-first heap   total 262144K, used 142185K [0x00000006c0a00000, 0x00000006c0b00800, 0x00000007c0000000)
  region size 1024K, 4 young (4096K), 4 survivors (4096K)
 Metaspace       used 36746K, capacity 37880K, committed 38096K, reserved 1083392K
  class space    used 4042K, capacity 4287K, committed 4352K, reserved 1048576K
}

Deoptimization events (10 events):
Event: 62.104 Thread 0x000002786a302800 Uncommon trap: reason=class_check action=maybe_recompile pc=0x0000027852c502a0 method=java.io.PrintStream.write([BII)V @ 16 c2
Event: 65.616 Thread 0x000002786a302800 Uncommon trap: reason=array_check action=maybe_recompile pc=0x0000027852c97198 method=lib.OStack.insertElementAt(Ljava/lang/Object;I)Llib/StackIterator; @ 24 c2
Event: 65.697 Thread 0x000002786a302800 Uncommon trap: reason=array_check action=maybe_recompile pc=0x0000027852c97198 method=lib.OStack.insertElementAt(Ljava/lang/Object;I)Llib/StackIterator; @ 24 c2
Event: 65.919 Thread 0x000002786a302800 Uncommon trap: reason=array_check action=maybe_recompile pc=0x0000027852c97198 method=lib.OStack.insertElementAt(Ljava/lang/Object;I)Llib/StackIterator; @ 24 c2
Event: 65.939 Thread 0x000002786a302800 Uncommon trap: reason=array_check action=maybe_recompile pc=0x0000027852c97198 method=lib.OStack.insertElementAt(Ljava/lang/Object;I)Llib/StackIterator; @ 24 c2
Event: 69.181 Thread 0x000002786a302800 Uncommon trap: reason=unstable_if action=reinterpret pc=0x0000027852c8df80 method=lib.TextContainer.drawAsMultipleLines(Llib/Graphics;Llib/HitPoint;Lcom/codename1/ui/geom/Rectangle;Ljava/lang/StringBuilder;)Z @ 954 c2
Event: 86.480 Thread 0x000002786876b800 Uncommon trap: reason=speculate_class_check action=maybe_recompile pc=0x0000027852c45400 method=java.awt.EventQueue.coalesceEvent(Ljava/awt/AWTEvent;I)Z @ 53 c2
Event: 267.207 Thread 0x000002786876b800 Uncommon trap: reason=speculate_class_check action=maybe_recompile pc=0x0000027852c45400 method=java.awt.EventQueue.coalesceEvent(Ljava/awt/AWTEvent;I)Z @ 53 c2
Event: 460.796 Thread 0x000002786a305000 Uncommon trap: reason=class_check action=make_not_entrant pc=0x0000027852ceeff4 method=java.util.ArrayList.toArray([Ljava/lang/Object;)[Ljava/lang/Object; @ 21 c2
Event: 673.567 Thread 0x000002786876b800 Uncommon trap: reason=unstable_if action=reinterpret pc=0x0000027852a3f0c8 method=java.awt.Toolkit$SelectiveAWTEventListener.eventDispatched(Ljava/awt/AWTEvent;)V @ 230 c2

Classes redefined (10 events):
Event: 807.404 Thread 0x0000027867477800 redefined class name=lib.RepaintId, count=4
Event: 807.421 Thread 0x0000027867477800 redefined class name=lib.RepaintManager$RepaintHelper, count=4
Event: 807.439 Thread 0x0000027867477800 redefined class name=lib.RepaintManager, count=4
Event: 807.456 Thread 0x0000027867477800 redefined class name=lib.RepaintManager$RepaintStrategy, count=4
Event: 807.472 Thread 0x0000027867477800 redefined class name=lib.RepaintManager$1, count=4
Event: 807.488 Thread 0x0000027867477800 redefined class name=lib.RepaintManager$2, count=4
Event: 807.504 Thread 0x0000027867477800 redefined class name=lib.RepaintManager$3, count=4
Event: 807.520 Thread 0x0000027867477800 redefined class name=lib.PTStack, count=4
Event: 807.536 Thread 0x0000027867477800 redefined class name=lib.PaintTimer, count=4
Event: 807.552 Thread 0x0000027867477800 redefined class name=lib.RefreshReason, count=4

Internal exceptions (10 events):
Event: 25.157 Thread 0x000002786a773000 Exception <a 'java/io/FileNotFoundException'{0x00000006cde96258}> (0x00000006cde96258) thrown at [t:/workspace/hotspot/src/share/vm/prims/jni.cpp, line 604]
Event: 25.157 Thread 0x000002786a773000 Exception <a 'java/io/FileNotFoundException'{0x00000006cde97720}> (0x00000006cde97720) thrown at [t:/workspace/hotspot/src/share/vm/prims/jni.cpp, line 604]
Event: 25.157 Thread 0x000002786a773000 Exception <a 'java/io/FileNotFoundException'{0x00000006cde98bb0}> (0x00000006cde98bb0) thrown at [t:/workspace/hotspot/src/share/vm/prims/jni.cpp, line 604]
Event: 25.158 Thread 0x000002786a773000 Exception <a 'java/io/FileNotFoundException'{0x00000006cde9a088}> (0x00000006cde9a088) thrown at [t:/workspace/hotspot/src/share/vm/prims/jni.cpp, line 604]
Event: 25.158 Thread 0x000002786a773000 Exception <a 'java/io/FileNotFoundException'{0x00000006cde9b560}> (0x00000006cde9b560) thrown at [t:/workspace/hotspot/src/share/vm/prims/jni.cpp, line 604]
Event: 25.158 Thread 0x000002786a773000 Exception <a 'java/io/FileNotFoundException'{0x00000006cde9ca28}> (0x00000006cde9ca28) thrown at [t:/workspace/hotspot/src/share/vm/prims/jni.cpp, line 604]
Event: 37.556 Thread 0x000002786a302800 Implicit null exception at 0x00000278529c15f5 to 0x00000278529c1c75
Event: 39.003 Thread 0x000002786a302800 Implicit null exception at 0x0000027852a3d48d to 0x0000027852a3e775
Event: 41.635 Thread 0x000002786a302800 Implicit null exception at 0x0000027852a49bcc to 0x0000027852a49d11
Event: 49.213 Thread 0x000002786a302800 Implicit null exception at 0x0000027852a157d2 to 0x0000027852a17849

Events (10 events):
Event: 1226.326 Executing VM operation: GetOwnedMonitorInfo done
Event: 1226.326 Thread 0x0000027867d25000 flushing nmethod 0x000002784b8b6090
Event: 1226.327 Executing VM operation: GetCurrentContendedMonitor
Event: 1226.327 Executing VM operation: GetCurrentContendedMonitor done
Event: 1226.328 Thread 0x0000027867d25000 flushing nmethod 0x000002784bd87010
Event: 1226.329 Thread 0x0000027867d25000 flushing nmethod 0x000002784be1db10
Event: 1226.329 Thread 0x0000027867d25000 flushing nmethod 0x000002784bf67a90
Event: 1226.349 Executing VM operation: GetFrameLocation
Event: 1226.349 Executing VM operation: GetFrameLocation done
Event: 1226.349 Executing VM operation: GetOrSetLocal


Dynamic libraries:
0x00007ff63b2e0000 - 0x00007ff63b31e000 	C:\Program Files\Java\jdk-9.0.1\bin\javaw.exe
0x00007ffff21b0000 - 0x00007ffff23a6000 	C:\WINDOWS\SYSTEM32\ntdll.dll
0x00007ffff1a20000 - 0x00007ffff1add000 	C:\WINDOWS\System32\KERNEL32.DLL
0x00007fffefaf0000 - 0x00007fffefdb9000 	C:\WINDOWS\System32\KERNELBASE.dll
0x00007ffff1e40000 - 0x00007ffff1eec000 	C:\WINDOWS\System32\ADVAPI32.dll
0x00007ffff1510000 - 0x00007ffff15ae000 	C:\WINDOWS\System32\msvcrt.dll
0x00007ffff0830000 - 0x00007ffff08cc000 	C:\WINDOWS\System32\sechost.dll
0x00007ffff1f10000 - 0x00007ffff203b000 	C:\WINDOWS\System32\RPCRT4.dll
0x00007ffff0b00000 - 0x00007ffff0ca0000 	C:\WINDOWS\System32\USER32.dll
0x00007fffefe40000 - 0x00007fffefe62000 	C:\WINDOWS\System32\win32u.dll
0x00007ffff02d0000 - 0x00007ffff02fa000 	C:\WINDOWS\System32\GDI32.dll
0x00007fffefe70000 - 0x00007fffeff7b000 	C:\WINDOWS\System32\gdi32full.dll
0x00007fffef8f0000 - 0x00007fffef98d000 	C:\WINDOWS\System32\msvcp_win.dll
0x00007fffeff80000 - 0x00007ffff0080000 	C:\WINDOWS\System32\ucrtbase.dll
0x00007fffe6950000 - 0x00007fffe6beb000 	C:\WINDOWS\WinSxS\amd64_microsoft.windows.common-controls_6595b64144ccf1df_6.0.19041.746_none_ca02b4b61b8320a4\COMCTL32.dll
0x00007fffe6ee0000 - 0x00007fffe6eea000 	C:\WINDOWS\SYSTEM32\VERSION.dll
0x00007ffff0750000 - 0x00007ffff0780000 	C:\WINDOWS\System32\IMM32.DLL
0x00007fffd1bb0000 - 0x00007fffd1c9f000 	C:\Program Files\Java\jdk-9.0.1\bin\msvcr120.dll
0x00007fffd0af0000 - 0x00007fffd0b96000 	C:\Program Files\Java\jdk-9.0.1\bin\msvcp120.dll
0x000000005ad50000 - 0x000000005b774000 	C:\Program Files\Java\jdk-9.0.1\bin\server\jvm.dll
0x00007ffff0a10000 - 0x00007ffff0a18000 	C:\WINDOWS\System32\PSAPI.DLL
0x00007fffed9d0000 - 0x00007fffed9d9000 	C:\WINDOWS\SYSTEM32\WSOCK32.dll
0x00007fffe3540000 - 0x00007fffe3567000 	C:\WINDOWS\SYSTEM32\WINMM.dll
0x00007ffff06e0000 - 0x00007ffff074b000 	C:\WINDOWS\System32\WS2_32.dll
0x00007fffea2b0000 - 0x00007fffea2bf000 	C:\Program Files\Java\jdk-9.0.1\bin\verify.dll
0x00007fffd8030000 - 0x00007fffd8057000 	C:\Program Files\Java\jdk-9.0.1\bin\java.dll
0x00007fffd1e20000 - 0x00007fffd1e56000 	C:\Program Files\Java\jdk-9.0.1\bin\jdwp.dll
0x00007fffdb810000 - 0x00007fffdb826000 	C:\Program Files\Java\jdk-9.0.1\bin\zip.dll
0x00007fffe97d0000 - 0x00007fffe97da000 	C:\Program Files\Java\jdk-9.0.1\bin\jimage.dll
0x00007ffff0dc0000 - 0x00007ffff1502000 	C:\WINDOWS\System32\SHELL32.dll
0x00007fffecd70000 - 0x00007fffed500000 	C:\WINDOWS\SYSTEM32\windows.storage.dll
0x00007ffff1ae0000 - 0x00007ffff1e36000 	C:\WINDOWS\System32\combase.dll
0x00007fffef280000 - 0x00007fffef2ac000 	C:\WINDOWS\SYSTEM32\Wldp.dll
0x00007ffff0780000 - 0x00007ffff082e000 	C:\WINDOWS\System32\SHCORE.dll
0x00007ffff05f0000 - 0x00007ffff0645000 	C:\WINDOWS\System32\shlwapi.dll
0x00007fffef820000 - 0x00007fffef846000 	C:\WINDOWS\SYSTEM32\profapi.dll
0x00007fffdb7a0000 - 0x00007fffdb7ba000 	C:\Program Files\Java\jdk-9.0.1\bin\net.dll
0x00007fffe7180000 - 0x00007fffe7280000 	C:\WINDOWS\SYSTEM32\WINHTTP.dll
0x00007fffef000000 - 0x00007fffef06a000 	C:\WINDOWS\system32\mswsock.dll
0x00007fffdb4c0000 - 0x00007fffdb4d1000 	C:\Program Files\Java\jdk-9.0.1\bin\nio.dll
0x00007fffe9760000 - 0x00007fffe976a000 	C:\Program Files\Java\jdk-9.0.1\bin\dt_socket.dll
0x00007fffeed30000 - 0x00007fffeedfb000 	C:\WINDOWS\SYSTEM32\DNSAPI.dll
0x00007fffeecf0000 - 0x00007fffeed2b000 	C:\WINDOWS\SYSTEM32\IPHLPAPI.DLL
0x00007ffff0300000 - 0x00007ffff0308000 	C:\WINDOWS\System32\NSI.dll
0x00007fffe5ec0000 - 0x00007fffe5f3f000 	C:\WINDOWS\System32\fwpuclnt.dll
0x00007fffefdc0000 - 0x00007fffefde7000 	C:\WINDOWS\System32\bcrypt.dll
0x00007fffe64f0000 - 0x00007fffe64fa000 	C:\Windows\System32\rasadhlp.dll
0x00007fffbbea0000 - 0x00007fffbc039000 	C:\Program Files\Java\jdk-9.0.1\bin\awt.dll
0x00007ffff20a0000 - 0x00007ffff216d000 	C:\WINDOWS\System32\OLEAUT32.dll
0x00007fffec510000 - 0x00007fffecad0000 	C:\WINDOWS\SYSTEM32\d2d1.dll
0x00007fffebcb0000 - 0x00007fffebd40000 	C:\WINDOWS\SYSTEM32\apphelp.dll
0x00007fffe7a70000 - 0x00007fffe7a78000 	C:\Program Files\Java\jdk-9.0.1\bin\prefs.dll
0x00007fffebe70000 - 0x00007fffebf0e000 	C:\WINDOWS\system32\uxtheme.dll
0x00007ffff0ca0000 - 0x00007ffff0db5000 	C:\WINDOWS\System32\MSCTF.dll
0x00007ffff08d0000 - 0x00007ffff09fa000 	C:\WINDOWS\System32\ole32.dll
0x00007fffee480000 - 0x00007fffee492000 	C:\WINDOWS\SYSTEM32\kernel.appcore.dll
0x00007ffff0080000 - 0x00007ffff0100000 	C:\WINDOWS\System32\bcryptPrimitives.dll
0x00007fffec180000 - 0x00007fffec1af000 	C:\WINDOWS\system32\DWMAPI.DLL
0x00007fffcea70000 - 0x00007fffceb95000 	C:\WINDOWS\system32\opengl32.dll
0x00007fffdb6c0000 - 0x00007fffdb6ec000 	C:\WINDOWS\SYSTEM32\GLU32.dll
0x00007fffbbad0000 - 0x00007fffbbc9f000 	C:\WINDOWS\system32\d3d9.dll
0x00007fffd4c00000 - 0x00007fffd4d67000 	C:\WINDOWS\SYSTEM32\aticfx64.dll
0x00007fffe6810000 - 0x00007fffe6831000 	C:\WINDOWS\SYSTEM32\atiu9p64.dll
0x00007fffada00000 - 0x00007fffae259000 	C:\WINDOWS\SYSTEM32\atiumd64.dll
0x000000005d180000 - 0x000000005da08000 	C:\WINDOWS\SYSTEM32\atiumd6a.dll
0x00007fffef6a0000 - 0x00007fffef6eb000 	C:\WINDOWS\SYSTEM32\POWRPROF.dll
0x00007fffef680000 - 0x00007fffef692000 	C:\WINDOWS\SYSTEM32\UMPDC.dll
0x00007fffc0cc0000 - 0x00007fffc0d5d000 	C:\Program Files\Java\jdk-9.0.1\bin\fontmanager.dll
0x00007fffd0aa0000 - 0x00007fffd0ae2000 	C:\Program Files\Java\jdk-9.0.1\bin\t2k.dll
0x00007fffd84e0000 - 0x00007fffd85db000 	C:\WINDOWS\SYSTEM32\textinputframework.dll
0x00007fffeb820000 - 0x00007fffeb912000 	C:\WINDOWS\System32\CoreMessaging.dll
0x00007fffeb920000 - 0x00007fffebc7e000 	C:\WINDOWS\System32\CoreUIComponents.dll
0x00007fffee610000 - 0x00007fffee643000 	C:\WINDOWS\SYSTEM32\ntmarta.dll
0x00007fffeb5c0000 - 0x00007fffeb714000 	C:\WINDOWS\SYSTEM32\wintypes.dll
0x00007fffef1e0000 - 0x00007fffef1f8000 	C:\WINDOWS\SYSTEM32\CRYPTSP.dll
0x00007fffee9a0000 - 0x00007fffee9d4000 	C:\WINDOWS\system32\rsaenh.dll
0x00007fffef7a0000 - 0x00007fffef7ce000 	C:\WINDOWS\SYSTEM32\USERENV.dll
0x00007fffef1d0000 - 0x00007fffef1dc000 	C:\WINDOWS\SYSTEM32\CRYPTBASE.dll
0x00007fffeaaf0000 - 0x00007fffeab07000 	C:\WINDOWS\SYSTEM32\dhcpcsvc6.DLL
0x00007fffeaad0000 - 0x00007fffeaaed000 	C:\WINDOWS\SYSTEM32\dhcpcsvc.DLL
0x00007fffe7a50000 - 0x00007fffe7a5b000 	C:\Program Files\Java\jdk-9.0.1\bin\sunmscapi.dll
0x00007fffef990000 - 0x00007fffefae6000 	C:\WINDOWS\System32\CRYPT32.dll
0x00007fffd1fd0000 - 0x00007fffd1ff3000 	C:\Program Files\Java\jdk-9.0.1\bin\sunec.dll
0x00007fffd1df0000 - 0x00007fffd1e1b000 	C:\Program Files\Java\jdk-9.0.1\bin\javajpeg.dll
0x00007fffcd350000 - 0x00007fffcd38d000 	C:\Program Files\Java\jdk-9.0.1\bin\lcms.dll
0x00007fffed530000 - 0x00007fffed714000 	C:\WINDOWS\SYSTEM32\dbghelp.dll

VM Arguments:
jvm_args: -agentlib:jdwp=transport=dt_socket,suspend=y,address=localhost:61530 -Dfile.encoding=Cp1252 
java_command: com.codename1.impl.javase.Simulator dev.boardspace.Develop
java_class_path (initial): G:\share\projects\eclipse\boardspace-cn2\JavaSE.jar;G:\share\projects\eclipse\boardspace-cn2\bin;G:\share\projects\eclipse\boardspace-cn2\lib\CLDC11.jar;G:\share\projects\eclipse\boardspace-cn2\lib\CodenameOne.jar;G:\share\projects\eclipse\boardspace-cn2\lib\impl\cls;G:\share\projects\eclipse\boardspace-cn2\lib\impl\stubs;G:\share\projects\eclipse\boardspace-cn2\jmf-2.1.1e.jar;G:\share\projects\eclipse\boardspace-cn2\native\internal_tmp
Launcher Type: SUN_STANDARD

Logging:
Log output configuration:
#0: stdout all=warning uptime,level,tags
#1: stderr all=off uptime,level,tags

Environment Variables:
JAVA_HOME=C:\program files\java\jdk1.8.0_71\
PATH=C:/Program Files/Java/jre1.8.0_144/bin/server;C:/Program Files/Java/jre1.8.0_144/bin;C:/Program Files/Java/jre1.8.0_144/lib/amd64;C:\Program Files (x86)\Common Files\Oracle\Java\javapath;C:\ProgramData\Oracle\Java\javapath;C:\Program Files\java\jdk1.8.0_71\bin;C:\Perl64\site\bin;C:\Perl64\bin;C:\Program Files\Common Files\Microsoft Shared\Windows Live;C:\Program Files (x86)\Common Files\Microsoft Shared\Windows Live;C:\Program Files (x86)\AMD APP\bin\x86_64;C:\Program Files (x86)\AMD APP\bin\x86;C:\WINDOWS\system32;C:\WINDOWS;C:\WINDOWS\System32\Wbem;C:\WINDOWS\System32\WindowsPowerShell\v1.0\;C:\Program Files (x86)\ATI Technologies\ATI.ACE\Core-Static;C:\Program Files (x86)\Windows Live\Shared;f:\rktools\bin;c:\Program Files (x86)\Microsoft SQL Server\100\Tools\Binn\;c:\Program Files\Microsoft SQL Server\100\Tools\Binn\;c:\Program Files\Microsoft SQL Server\100\DTS\Binn\;C:\Program Files\Microsoft\Web Platform Installer\;C:\Program Files (x86)\Microsoft ASP.NET\ASP.NET Web Pages\v1.0\;C:\Program Files\Microsoft SQL Server\110\Tools\Binn\;C:\Program Files (x86)\Gow\bin;C:\Program Files (x86)\Git\cmd;C:\Program Files\Emscript;C:\Program Files (x86)\AOMEI Backupper;C:\Program Files (x86)\Windows Kits\10\Windows Performance Toolkit\;C:\WINDOWS\System32\OpenSSH\;C:\WINDOWS\system32;C:\WINDOWS;C:\WINDOWS\System32\Wbem;C:\WINDOWS\System32\WindowsPowerShell\v1.0\;C:\WINDOWS\System32\OpenSSH\;C:\Program Files\Git\cmd;C:\Program Files\PuTTY\;C:\Program Files (x86)\CVSNT\;C:\Program Files (x86)\SSH Communications Security\SSH Secure Shell;c:\java\run\;C:\Program Files\MySQL\MySQL Server 5.6\bin;C:\java\apache-maven-3.5.2\bin;C:\Users\Ddyer\AppData\Local\Microsoft\WindowsApps;c:\mingw\bin;C:\Users\Ddyer\AppData\Local\GitHubDesktop\bin;c:\Programs\apache-ant-1.10.7\bin\;;%USERPROFILE%\AppData\Local\Microsoft\WindowsApps;C:\Users\Ddyer\eclipse\java-oxygen\eclipse;
USERNAME=Ddyer
OS=Windows_NT
PROCESSOR_IDENTIFIER=Intel64 Family 6 Model 58 Stepping 9, GenuineIntel



---------------  S Y S T E M  ---------------

OS: Windows 10 , 64 bit Build 19041 (10.0.19041.804)

CPU:total 8 (initial active 8) (4 cores per cpu, 2 threads per core) family 6 model 58 stepping 9, cmov, cx8, fxsr, mmx, sse, sse2, sse3, ssse3, sse4.1, sse4.2, popcnt, avx, aes, clmul, erms, ht, tsc, tscinvbit, tscinv

Memory: 4k page, physical 16733600k(7475392k free), swap 33510816k(21086364k free)

vm_info: Java HotSpot(TM) 64-Bit Server VM (9.0.1+11) for windows-amd64 JRE (9.0.1+11), built on Sep 28 2017 04:54:03 by "mach5one" with MS VC++ 12.0 (VS2013)

END.
