#
# A fatal error has been detected by the Java Runtime Environment:
#
#  EXCEPTION_ACCESS_VIOLATION (0xc0000005) at pc=0x000000005b07bd50, pid=6832, tid=4448
#
# JRE version: Java(TM) SE Runtime Environment (9.0+11) (build 9.0.1+11)
# Java VM: Java HotSpot(TM) 64-Bit Server VM (9.0.1+11, mixed mode, tiered, compressed oops, g1 gc, windows-amd64)
# Problematic frame:
# V  [jvm.dll+0x32bd50]
#
# No core dump will be written. Minidumps are not enabled by default on client versions of Windows
#
# If you would like to submit a bug report, please visit:
#   http://bugreport.java.com/bugreport/crash.jsp
#

---------------  S U M M A R Y ------------

Command Line: -agentlib:jdwp=transport=dt_socket,suspend=y,address=localhost:60613 -Dfile.encoding=Cp1252 com.codename1.impl.javase.Simulator dev.boardspace.Develop

Host: Intel(R) Core(TM) i7-3770 CPU @ 3.40GHz, 8 cores, 15G,  Windows 10 , 64 bit Build 19041 (10.0.19041.804)
Time: Wed Feb 17 21:02:14 2021 Pacific Standard Time elapsed time: 759 seconds (0d 0h 12m 39s)

---------------  T H R E A D  ---------------

Current thread (0x000001666993f000):  VMThread "VM Thread" [stack: 0x0000006087900000,0x0000006087a00000] [id=4448]

Stack: [0x0000006087900000,0x0000006087a00000],  sp=0x00000060879fe620,  free space=1017k
Native frames: (J=compiled Java code, j=interpreted, Vv=VM code, C=native code)
V  [jvm.dll+0x32bd50]
V  [jvm.dll+0x327708]
V  [jvm.dll+0x34200f]
V  [jvm.dll+0x34522d]
V  [jvm.dll+0x2968e0]
V  [jvm.dll+0x2969d9]
V  [jvm.dll+0x2f8671]
V  [jvm.dll+0x2f2f9e]
V  [jvm.dll+0x2f4043]
V  [jvm.dll+0x2f5f53]
V  [jvm.dll+0x2f654e]
V  [jvm.dll+0x2f3d05]
V  [jvm.dll+0x2f3173]
V  [jvm.dll+0x57845f]
V  [jvm.dll+0x57876c]
V  [jvm.dll+0x578e80]
V  [jvm.dll+0x546f8a]
V  [jvm.dll+0x465261]
V  [jvm.dll+0x6a34eb]
V  [jvm.dll+0x6a1c85]
V  [jvm.dll+0x6a2461]
V  [jvm.dll+0x6a274c]
V  [jvm.dll+0x5864e0]
C  [msvcr120.dll+0x24f7f]
C  [msvcr120.dll+0x25126]
C  [KERNEL32.DLL+0x17034]
C  [ntdll.dll+0x4d241]


siginfo: EXCEPTION_ACCESS_VIOLATION (0xc0000005), reading address 0xffffffffffffffff


Register to memory mapping:

RIP=0x000000005b07bd50 jvm.dll
RAX=0x0b00000000002001 is an unknown value
RBX=0x000001666993f000 is an unknown value
RCX=0x00000007c00016d0 is pointing into metadata
RDX=0x0b00000000002001 is an unknown value
RSP=0x00000060879fe620 is an unknown value
RBP=0x0000000000000003 is an unknown value
RSI=0x00000060879fe6e0 is an unknown value
RDI=0x0000000000000000 is an unknown value
R8 =0x000001666993f000 is an unknown value
R9 =0x0b00000000002001 is an unknown value
R10=0x0000000000000064 is an unknown value
R11=0x0000000000000064 is an unknown value
R12=0x00000060879ff301 is an unknown value
R13=0x0000000000000000 is an unknown value
R14=0x0000000000000056 is an unknown value
R15=0x0000000000000001 is an unknown value


Registers:
RAX=0x0b00000000002001, RBX=0x000001666993f000, RCX=0x00000007c00016d0, RDX=0x0b00000000002001
RSP=0x00000060879fe620, RBP=0x0000000000000003, RSI=0x00000060879fe6e0, RDI=0x0000000000000000
R8 =0x000001666993f000, R9 =0x0b00000000002001, R10=0x0000000000000064, R11=0x0000000000000064
R12=0x00000060879ff301, R13=0x0000000000000000, R14=0x0000000000000056, R15=0x0000000000000001
RIP=0x000000005b07bd50, EFLAGS=0x0000000000010246

Top of Stack: (sp=0x00000060879fe620)
0x00000060879fe620:   00000007c00016d0 00000060879fefa0
0x00000060879fe630:   00000000000003d8 000001666993f000
0x00000060879fe640:   0000000000000000 000000005b077708
0x00000060879fe650:   00000007c00016d0 000001666993f000
0x00000060879fe660:   00000060879fe6e0 000001666993f000
0x00000060879fe670:   00000060879fe750 000000005b09200f
0x00000060879fe680:   000001666993f000 000000000000077f
0x00000060879fe690:   0000006089cfe5d0 0000006089cfe5d4
0x00000060879fe6a0:   0000000000000000 00000166697f8a70
0x00000060879fe6b0:   00000060879fe750 000000005b09522d
0x00000060879fe6c0:   00000060879fef40 00000060879fe8b0
0x00000060879fe6d0:   0000000000000056 0000000000000042
0x00000060879fe6e0:   00000060879fefa0 00000060879fe720
0x00000060879fe6f0:   000001666993f000 00000060879fe8b0
0x00000060879fe700:   0000000000000000 000000005afe68e0
0x00000060879fe710:   00000060879fe8a0 0000006089cfe501 

Instructions: (pc=0x000000005b07bd50)
0x000000005b07bd30:   8b d8 e8 c9 89 d8 ff 48 83 7b 08 00 4c 8b c8 74
0x000000005b07bd40:   04 33 ff eb 23 80 3d c9 ac 62 00 00 74 05 33 ff
0x000000005b07bd50:   89 78 0c 48 8d 4d fe 48 8d 78 10 48 85 c9 74 05
0x000000005b07bd60:   33 c0 f3 48 ab 49 8b f9 48 83 7b 08 00 48 8b 74 


VM_Operation (0x00000060884ff0e0): GetOrSetLocal, mode: safepoint, requested by thread 0x000001666a478800


---------------  P R O C E S S  ---------------

Java Threads: ( => current thread )
  0x0000016674338800 JavaThread "Thread-59" [_thread_blocked, id=9032, stack(0x000000608bb00000,0x000000608bc00000)]
  0x0000016674335800 JavaThread "reader" [_thread_in_native, id=13384, stack(0x000000608bd00000,0x000000608be00000)]
  0x0000016674331000 JavaThread "writer" [_thread_blocked, id=9028, stack(0x000000608bc00000,0x000000608bd00000)]
  0x0000016674338000 JavaThread "online.game.Game" [_thread_blocked, id=15112, stack(0x000000608ba00000,0x000000608bb00000)]
  0x0000016674334000 JavaThread "file selector" [_thread_blocked, id=8476, stack(0x000000608b900000,0x000000608ba00000)]
  0x0000016674337000 JavaThread "TimerQueue" daemon [_thread_blocked, id=10668, stack(0x000000608b600000,0x000000608b700000)]
  0x000001666aad2000 JavaThread "reader" [_thread_in_native, id=13808, stack(0x000000608a000000,0x000000608a100000)]
  0x000001666aad5000 JavaThread "writer" [_thread_blocked, id=5904, stack(0x0000006089f00000,0x000000608a000000)]
  0x000001666aad4000 JavaThread "RA thread" [_thread_blocked, id=1912, stack(0x0000006089e00000,0x0000006089f00000)]
  0x000001666aad3800 JavaThread "invokeAndBlock1" [_thread_blocked, id=3372, stack(0x000000608a200000,0x000000608a300000)]
  0x000001666aad2800 JavaThread "Network Thread" [_thread_blocked, id=3380, stack(0x000000608a100000,0x000000608a200000)]
  0x000001666a3e4800 JavaThread "launcher" [_thread_blocked, id=15060, stack(0x0000006089b00000,0x0000006089c00000)]
  0x000001666b7a2000 JavaThread "D3D Screen Updater" daemon [_thread_blocked, id=14600, stack(0x0000006089d00000,0x0000006089e00000)]
  0x000001666b7a1000 JavaThread "EDT" [_thread_blocked, id=292, stack(0x0000006089c00000,0x0000006089d00000)]
  0x0000016641213000 JavaThread "DestroyJavaVM" [_thread_blocked, id=15332, stack(0x0000006086400000,0x0000006086500000)]
  0x000001666b22f800 JavaThread "Thread-3" [_thread_blocked, id=15204, stack(0x0000006088d00000,0x0000006088e00000)]
  0x000001666af91000 JavaThread "AWT-EventQueue-0" [_thread_blocked, id=6748, stack(0x0000006088c00000,0x0000006088d00000)]
  0x000001666aca7000 JavaThread "AWT-Windows" daemon [_thread_in_native, id=15192, stack(0x0000006088b00000,0x0000006088c00000)]
  0x000001666ad41000 JavaThread "AWT-Shutdown" [_thread_blocked, id=13060, stack(0x0000006088a00000,0x0000006088b00000)]
  0x000001666acd5000 JavaThread "Java2D Disposer" daemon [_thread_blocked, id=12456, stack(0x0000006088900000,0x0000006088a00000)]
  0x000001666a486800 JavaThread "Service Thread" daemon [_thread_blocked, id=8700, stack(0x0000006088700000,0x0000006088800000)]
  0x000001666a47c000 JavaThread "JDWP Command Reader" daemon [_thread_in_native, id=2924, stack(0x0000006088600000,0x0000006088700000)]
  0x000001666a47b800 JavaThread "JDWP Event Helper Thread" daemon [_thread_blocked, id=4844, stack(0x0000006088500000,0x0000006088600000)]
  0x000001666a478800 JavaThread "JDWP Transport Listener: dt_socket" daemon [_thread_blocked, id=10800, stack(0x0000006088400000,0x0000006088500000)]
  0x000001666a392000 JavaThread "Common-Cleaner" daemon [_thread_blocked, id=7468, stack(0x0000006088300000,0x0000006088400000)]
  0x000001666a306800 JavaThread "Sweeper thread" daemon [_thread_blocked, id=11836, stack(0x0000006088200000,0x0000006088300000)]
  0x000001666a2c4000 JavaThread "C1 CompilerThread3" daemon [_thread_blocked, id=10980, stack(0x0000006088100000,0x0000006088200000)]
  0x000001666a2c2800 JavaThread "C2 CompilerThread2" daemon [_thread_blocked, id=9676, stack(0x0000006088000000,0x0000006088100000)]
  0x000001666a2b5800 JavaThread "C2 CompilerThread1" daemon [_thread_blocked, id=3856, stack(0x0000006087f00000,0x0000006088000000)]
  0x000001666a2b2000 JavaThread "C2 CompilerThread0" daemon [_thread_blocked, id=12356, stack(0x0000006087e00000,0x0000006087f00000)]
  0x000001666a2b1800 JavaThread "Attach Listener" daemon [_thread_blocked, id=14432, stack(0x0000006087d00000,0x0000006087e00000)]
  0x000001666a2af800 JavaThread "Signal Dispatcher" daemon [_thread_blocked, id=10096, stack(0x0000006087c00000,0x0000006087d00000)]
  0x0000016669954800 JavaThread "Finalizer" daemon [_thread_blocked, id=14580, stack(0x0000006087b00000,0x0000006087c00000)]
  0x000001666994b800 JavaThread "Reference Handler" daemon [_thread_blocked, id=12112, stack(0x0000006087a00000,0x0000006087b00000)]

Other Threads:
=>0x000001666993f000 VMThread "VM Thread" [stack: 0x0000006087900000,0x0000006087a00000] [id=4448]
  0x000001666a4d2800 WatcherThread [stack: 0x0000006088800000,0x0000006088900000] [id=7224]
  0x000001664122d000 GCTaskThread "GC Thread#0" [stack: 0x0000006086500000,0x0000006086600000] [id=8284]
  0x000001664122e000 GCTaskThread "GC Thread#1" [stack: 0x0000006086600000,0x0000006086700000] [id=9552]
  0x0000016641230800 GCTaskThread "GC Thread#2" [stack: 0x0000006086700000,0x0000006086800000] [id=11348]
  0x0000016641233000 GCTaskThread "GC Thread#3" [stack: 0x0000006086800000,0x0000006086900000] [id=304]
  0x0000016641235800 GCTaskThread "GC Thread#4" [stack: 0x0000006086900000,0x0000006086a00000] [id=12812]
  0x000001664123a000 GCTaskThread "GC Thread#5" [stack: 0x0000006086a00000,0x0000006086b00000] [id=7880]
  0x000001664123f000 GCTaskThread "GC Thread#6" [stack: 0x0000006086b00000,0x0000006086c00000] [id=11892]
  0x0000016641240800 GCTaskThread "GC Thread#7" [stack: 0x0000006086c00000,0x0000006086d00000] [id=10876]
  0x00000166412a0800 ConcurrentGCThread "G1 Main Marker" [stack: 0x0000006087600000,0x0000006087700000] [id=15068]
  0x00000166412a3000 ConcurrentGCThread "G1 Marker#0" [stack: 0x0000006087700000,0x0000006087800000] [id=6840]
  0x00000166412a5000 ConcurrentGCThread "G1 Marker#1" [stack: 0x0000006087800000,0x0000006087900000] [id=8140]
  0x000001664125b000 ConcurrentGCThread "G1 Refine#0" [stack: 0x0000006087400000,0x0000006087500000] [id=7464]
  0x000001664125a000 ConcurrentGCThread "G1 Refine#1" [stack: 0x0000006087300000,0x0000006087400000] [id=9548]
  0x0000016641251000 ConcurrentGCThread "G1 Refine#2" [stack: 0x0000006087200000,0x0000006087300000] [id=15004]
  0x000001664124e000 ConcurrentGCThread "G1 Refine#3" [stack: 0x0000006087100000,0x0000006087200000] [id=3596]
  0x000001664124c000 ConcurrentGCThread "G1 Refine#4" [stack: 0x0000006087000000,0x0000006087100000] [id=7372]
  0x0000016641249000 ConcurrentGCThread "G1 Refine#5" [stack: 0x0000006086f00000,0x0000006087000000] [id=1676]
  0x0000016641247800 ConcurrentGCThread "G1 Refine#6" [stack: 0x0000006086e00000,0x0000006086f00000] [id=13812]
  0x0000016641242000 ConcurrentGCThread "G1 Refine#7" [stack: 0x0000006086d00000,0x0000006086e00000] [id=10712]
  0x000001664125c000 ConcurrentGCThread "G1 Young RemSet Sampling" [stack: 0x0000006087500000,0x0000006087600000] [id=1304]

Threads with active compile tasks:

VM state:at safepoint (normal execution)

VM Mutex/Monitor currently owned by a thread:  ([mutex/lock_event])
[0x0000016641211990] Threads_lock - owner thread: 0x000001666993f000

Heap address: 0x00000006c0a00000, size: 4086 MB, Compressed Oops mode: Zero based, Oop shift amount: 3
Narrow klass base: 0x0000000000000000, Narrow klass shift: 3
Compressed class space size: 1073741824 Address: 0x00000007c0000000

Heap:
 garbage-first heap   total 262144K, used 72654K [0x00000006c0a00000, 0x00000006c0b00800, 0x00000007c0000000)
  region size 1024K, 22 young (22528K), 13 survivors (13312K)
 Metaspace       used 37588K, capacity 38770K, committed 39040K, reserved 1083392K
  class space    used 4183K, capacity 4456K, committed 4480K, reserved 1048576K
Heap Regions: E=young(eden), S=young(survivor), O=old, HS=humongous(starts), HC=humongous(continues), CS=collection set, F=free, A=archive, TS=gc time stamp, AC=allocation context, TAMS=top-at-mark-start (previous, next)
|   0|0x00000006c0a00000, 0x00000006c0a00000, 0x00000006c0b00000|  0%| F|  |TS  1|AC  0|TAMS 0x00000006c0a00000, 0x00000006c0a00000|
|   1|0x00000006c0b00000, 0x00000006c0b00000, 0x00000006c0c00000|  0%| F|  |TS  1|AC  0|TAMS 0x00000006c0b00000, 0x00000006c0b00000|
|   2|0x00000006c0c00000, 0x00000006c0c00000, 0x00000006c0d00000|  0%| F|  |TS  1|AC  0|TAMS 0x00000006c0c00000, 0x00000006c0c00000|
|   3|0x00000006c0d00000, 0x00000006c0d00000, 0x00000006c0e00000|  0%| F|  |TS  1|AC  0|TAMS 0x00000006c0d00000, 0x00000006c0d00000|
|   4|0x00000006c0e00000, 0x00000006c0e00000, 0x00000006c0f00000|  0%| F|  |TS  1|AC  0|TAMS 0x00000006c0e00000, 0x00000006c0e00000|
|   5|0x00000006c0f00000, 0x00000006c0f00000, 0x00000006c1000000|  0%| F|  |TS  1|AC  0|TAMS 0x00000006c0f00000, 0x00000006c0f00000|
|   6|0x00000006c1000000, 0x00000006c1000000, 0x00000006c1100000|  0%| F|  |TS  1|AC  0|TAMS 0x00000006c1000000, 0x00000006c1000000|
|   7|0x00000006c1100000, 0x00000006c1200000, 0x00000006c1200000|100%|HS|  |TS  0|AC  0|TAMS 0x00000006c1200000, 0x00000006c1200000|
|   8|0x00000006c1200000, 0x00000006c1300000, 0x00000006c1300000|100%|HS|  |TS  0|AC  0|TAMS 0x00000006c1300000, 0x00000006c1300000|
|   9|0x00000006c1300000, 0x00000006c1400000, 0x00000006c1400000|100%|HC|  |TS  0|AC  0|TAMS 0x00000006c1400000, 0x00000006c1400000|
|  10|0x00000006c1400000, 0x00000006c1500000, 0x00000006c1500000|100%|HC|  |TS  0|AC  0|TAMS 0x00000006c1500000, 0x00000006c1500000|
|  11|0x00000006c1500000, 0x00000006c1600000, 0x00000006c1600000|100%|HC|  |TS  0|AC  0|TAMS 0x00000006c1600000, 0x00000006c1600000|
|  12|0x00000006c1600000, 0x00000006c1700000, 0x00000006c1700000|100%|HS|  |TS  0|AC  0|TAMS 0x00000006c1700000, 0x00000006c1700000|
|  13|0x00000006c1700000, 0x00000006c1800000, 0x00000006c1800000|100%| O|  |TS  1|AC  0|TAMS 0x00000006c1700000, 0x00000006c1700000|
|  14|0x00000006c1800000, 0x00000006c1900000, 0x00000006c1900000|100%|HS|  |TS  0|AC  0|TAMS 0x00000006c1900000, 0x00000006c1900000|
|  15|0x00000006c1900000, 0x00000006c1900000, 0x00000006c1a00000|  0%| F|  |TS  1|AC  0|TAMS 0x00000006c1900000, 0x00000006c1900000|
|  16|0x00000006c1a00000, 0x00000006c1a00000, 0x00000006c1b00000|  0%| F|  |TS  1|AC  0|TAMS 0x00000006c1a00000, 0x00000006c1a00000|
|  17|0x00000006c1b00000, 0x00000006c1c00000, 0x00000006c1c00000|100%|HS|  |TS  0|AC  0|TAMS 0x00000006c1c00000, 0x00000006c1c00000|
|  18|0x00000006c1c00000, 0x00000006c1c00000, 0x00000006c1d00000|  0%| F|  |TS  1|AC  0|TAMS 0x00000006c1c00000, 0x00000006c1c00000|
|  19|0x00000006c1d00000, 0x00000006c1e00000, 0x00000006c1e00000|100%| O|  |TS  1|AC  0|TAMS 0x00000006c1d00000, 0x00000006c1d00000|
|  20|0x00000006c1e00000, 0x00000006c1f00000, 0x00000006c1f00000|100%|HS|  |TS  0|AC  0|TAMS 0x00000006c1f00000, 0x00000006c1f00000|
|  21|0x00000006c1f00000, 0x00000006c2000000, 0x00000006c2000000|100%|HS|  |TS  0|AC  0|TAMS 0x00000006c2000000, 0x00000006c2000000|
|  22|0x00000006c2000000, 0x00000006c2100000, 0x00000006c2100000|100%|HC|  |TS  0|AC  0|TAMS 0x00000006c2100000, 0x00000006c2100000|
|  23|0x00000006c2100000, 0x00000006c2200000, 0x00000006c2200000|100%|HS|  |TS  0|AC  0|TAMS 0x00000006c2200000, 0x00000006c2200000|
|  24|0x00000006c2200000, 0x00000006c2300000, 0x00000006c2300000|100%|HC|  |TS  0|AC  0|TAMS 0x00000006c2300000, 0x00000006c2300000|
|  25|0x00000006c2300000, 0x00000006c2400000, 0x00000006c2400000|100%| O|  |TS  0|AC  0|TAMS 0x00000006c2400000, 0x00000006c2400000|
|  26|0x00000006c2400000, 0x00000006c2500000, 0x00000006c2500000|100%| O|  |TS  0|AC  0|TAMS 0x00000006c2500000, 0x00000006c2500000|
|  27|0x00000006c2500000, 0x00000006c2500000, 0x00000006c2600000|  0%| F|  |TS  1|AC  0|TAMS 0x00000006c2500000, 0x00000006c2500000|
|  28|0x00000006c2600000, 0x00000006c2600000, 0x00000006c2700000|  0%| F|  |TS  1|AC  0|TAMS 0x00000006c2600000, 0x00000006c2600000|
|  29|0x00000006c2700000, 0x00000006c2700000, 0x00000006c2800000|  0%| F|  |TS  1|AC  0|TAMS 0x00000006c2700000, 0x00000006c2700000|
|  30|0x00000006c2800000, 0x00000006c2800000, 0x00000006c2900000|  0%| F|  |TS  1|AC  0|TAMS 0x00000006c2800000, 0x00000006c2800000|
|  31|0x00000006c2900000, 0x00000006c2a00000, 0x00000006c2a00000|100%|HS|  |TS  0|AC  0|TAMS 0x00000006c2900000, 0x00000006c2900000|
|  32|0x00000006c2a00000, 0x00000006c2b00000, 0x00000006c2b00000|100%|HC|  |TS  0|AC  0|TAMS 0x00000006c2a00000, 0x00000006c2a00000|
|  33|0x00000006c2b00000, 0x00000006c2b00000, 0x00000006c2c00000|  0%| F|  |TS  1|AC  0|TAMS 0x00000006c2b00000, 0x00000006c2b00000|
|  34|0x00000006c2c00000, 0x00000006c2c00000, 0x00000006c2d00000|  0%| F|  |TS  1|AC  0|TAMS 0x00000006c2c00000, 0x00000006c2c00000|
|  35|0x00000006c2d00000, 0x00000006c2e00000, 0x00000006c2e00000|100%| O|  |TS  1|AC  0|TAMS 0x00000006c2d00000, 0x00000006c2d00000|
|  36|0x00000006c2e00000, 0x00000006c2f00000, 0x00000006c2f00000|100%| O|  |TS  0|AC  0|TAMS 0x00000006c2f00000, 0x00000006c2f00000|
|  37|0x00000006c2f00000, 0x00000006c3000000, 0x00000006c3000000|100%| O|  |TS  0|AC  0|TAMS 0x00000006c3000000, 0x00000006c3000000|
|  38|0x00000006c3000000, 0x00000006c3100000, 0x00000006c3100000|100%| O|  |TS  0|AC  0|TAMS 0x00000006c3100000, 0x00000006c3100000|
|  39|0x00000006c3100000, 0x00000006c3200000, 0x00000006c3200000|100%| O|  |TS  0|AC  0|TAMS 0x00000006c3200000, 0x00000006c3200000|
|  40|0x00000006c3200000, 0x00000006c3300000, 0x00000006c3300000|100%| O|  |TS  0|AC  0|TAMS 0x00000006c3300000, 0x00000006c3300000|
|  41|0x00000006c3300000, 0x00000006c3400000, 0x00000006c3400000|100%| O|  |TS  0|AC  0|TAMS 0x00000006c3400000, 0x00000006c3400000|
|  42|0x00000006c3400000, 0x00000006c3500000, 0x00000006c3500000|100%| O|  |TS  0|AC  0|TAMS 0x00000006c3500000, 0x00000006c3500000|
|  43|0x00000006c3500000, 0x00000006c3600000, 0x00000006c3600000|100%| O|  |TS  0|AC  0|TAMS 0x00000006c3600000, 0x00000006c3600000|
|  44|0x00000006c3600000, 0x00000006c3700000, 0x00000006c3700000|100%| O|  |TS  0|AC  0|TAMS 0x00000006c3700000, 0x00000006c3700000|
|  45|0x00000006c3700000, 0x00000006c3800000, 0x00000006c3800000|100%| O|  |TS  0|AC  0|TAMS 0x00000006c3800000, 0x00000006c3800000|
|  46|0x00000006c3800000, 0x00000006c3900000, 0x00000006c3900000|100%| O|  |TS  0|AC  0|TAMS 0x00000006c3900000, 0x00000006c3900000|
|  47|0x00000006c3900000, 0x00000006c3a00000, 0x00000006c3a00000|100%| O|  |TS  0|AC  0|TAMS 0x00000006c3a00000, 0x00000006c3a00000|
|  48|0x00000006c3a00000, 0x00000006c3b00000, 0x00000006c3b00000|100%| O|  |TS  0|AC  0|TAMS 0x00000006c3b00000, 0x00000006c3b00000|
|  49|0x00000006c3b00000, 0x00000006c3c00000, 0x00000006c3c00000|100%| O|  |TS  0|AC  0|TAMS 0x00000006c3c00000, 0x00000006c3c00000|
|  50|0x00000006c3c00000, 0x00000006c3d00000, 0x00000006c3d00000|100%| O|  |TS  0|AC  0|TAMS 0x00000006c3d00000, 0x00000006c3d00000|
|  51|0x00000006c3d00000, 0x00000006c3e00000, 0x00000006c3e00000|100%| O|  |TS  0|AC  0|TAMS 0x00000006c3e00000, 0x00000006c3e00000|
|  52|0x00000006c3e00000, 0x00000006c3f00000, 0x00000006c3f00000|100%| O|  |TS  0|AC  0|TAMS 0x00000006c3f00000, 0x00000006c3f00000|
|  53|0x00000006c3f00000, 0x00000006c4000000, 0x00000006c4000000|100%| O|  |TS  0|AC  0|TAMS 0x00000006c4000000, 0x00000006c4000000|
|  54|0x00000006c4000000, 0x00000006c4100000, 0x00000006c4100000|100%| O|  |TS  0|AC  0|TAMS 0x00000006c4100000, 0x00000006c4100000|
|  55|0x00000006c4100000, 0x00000006c4200000, 0x00000006c4200000|100%| O|  |TS  1|AC  0|TAMS 0x00000006c41b6e00, 0x00000006c41b6e00|
|  56|0x00000006c4200000, 0x00000006c4300000, 0x00000006c4300000|100%|HS|  |TS  0|AC  0|TAMS 0x00000006c4200000, 0x00000006c4200000|
|  57|0x00000006c4300000, 0x00000006c4400000, 0x00000006c4400000|100%|HC|  |TS  0|AC  0|TAMS 0x00000006c4300000, 0x00000006c4300000|
|  58|0x00000006c4400000, 0x00000006c4500000, 0x00000006c4500000|100%|HS|  |TS  0|AC  0|TAMS 0x00000006c4400000, 0x00000006c4400000|
|  59|0x00000006c4500000, 0x00000006c4600000, 0x00000006c4600000|100%|HC|  |TS  0|AC  0|TAMS 0x00000006c4500000, 0x00000006c4500000|
|  60|0x00000006c4600000, 0x00000006c4700000, 0x00000006c4700000|100%|HS|  |TS  0|AC  0|TAMS 0x00000006c4600000, 0x00000006c4600000|
|  61|0x00000006c4700000, 0x00000006c4800000, 0x00000006c4800000|100%|HC|  |TS  0|AC  0|TAMS 0x00000006c4700000, 0x00000006c4700000|
|  62|0x00000006c4800000, 0x00000006c4900000, 0x00000006c4900000|100%|HC|  |TS  0|AC  0|TAMS 0x00000006c4800000, 0x00000006c4800000|
|  63|0x00000006c4900000, 0x00000006c4a00000, 0x00000006c4a00000|100%|HS|  |TS  0|AC  0|TAMS 0x00000006c4900000, 0x00000006c4900000|
|  64|0x00000006c4a00000, 0x00000006c4b00000, 0x00000006c4b00000|100%|HC|  |TS  0|AC  0|TAMS 0x00000006c4a00000, 0x00000006c4a00000|
|  65|0x00000006c4b00000, 0x00000006c4c00000, 0x00000006c4c00000|100%|HC|  |TS  0|AC  0|TAMS 0x00000006c4b00000, 0x00000006c4b00000|
|  66|0x00000006c4c00000, 0x00000006c4c7ac00, 0x00000006c4d00000| 47%| O|  |TS  1|AC  0|TAMS 0x00000006c4c00000, 0x00000006c4c00000|
|  67|0x00000006c4d00000, 0x00000006c4d00000, 0x00000006c4e00000|  0%| F|  |TS  0|AC  0|TAMS 0x00000006c4d00000, 0x00000006c4d00000|
|  68|0x00000006c4e00000, 0x00000006c4e00000, 0x00000006c4f00000|  0%| F|  |TS  0|AC  0|TAMS 0x00000006c4e00000, 0x00000006c4e00000|
|  69|0x00000006c4f00000, 0x00000006c4f00000, 0x00000006c5000000|  0%| F|  |TS  0|AC  0|TAMS 0x00000006c4f00000, 0x00000006c4f00000|
|  70|0x00000006c5000000, 0x00000006c5000000, 0x00000006c5100000|  0%| F|  |TS  0|AC  0|TAMS 0x00000006c5000000, 0x00000006c5000000|
|  71|0x00000006c5100000, 0x00000006c5100000, 0x00000006c5200000|  0%| F|  |TS  0|AC  0|TAMS 0x00000006c5100000, 0x00000006c5100000|
|  72|0x00000006c5200000, 0x00000006c5200000, 0x00000006c5300000|  0%| F|  |TS  0|AC  0|TAMS 0x00000006c5200000, 0x00000006c5200000|
|  73|0x00000006c5300000, 0x00000006c5300000, 0x00000006c5400000|  0%| F|  |TS  0|AC  0|TAMS 0x00000006c5300000, 0x00000006c5300000|
|  74|0x00000006c5400000, 0x00000006c5400000, 0x00000006c5500000|  0%| F|  |TS  0|AC  0|TAMS 0x00000006c5400000, 0x00000006c5400000|
|  75|0x00000006c5500000, 0x00000006c5500000, 0x00000006c5600000|  0%| F|  |TS  0|AC  0|TAMS 0x00000006c5500000, 0x00000006c5500000|
|  76|0x00000006c5600000, 0x00000006c5600000, 0x00000006c5700000|  0%| F|  |TS  0|AC  0|TAMS 0x00000006c5600000, 0x00000006c5600000|
|  77|0x00000006c5700000, 0x00000006c5700000, 0x00000006c5800000|  0%| F|  |TS  0|AC  0|TAMS 0x00000006c5700000, 0x00000006c5700000|
|  78|0x00000006c5800000, 0x00000006c5800000, 0x00000006c5900000|  0%| F|  |TS  0|AC  0|TAMS 0x00000006c5800000, 0x00000006c5800000|
|  79|0x00000006c5900000, 0x00000006c5900000, 0x00000006c5a00000|  0%| F|  |TS  0|AC  0|TAMS 0x00000006c5900000, 0x00000006c5900000|
|  80|0x00000006c5a00000, 0x00000006c5a00000, 0x00000006c5b00000|  0%| F|  |TS  0|AC  0|TAMS 0x00000006c5a00000, 0x00000006c5a00000|
|  81|0x00000006c5b00000, 0x00000006c5b00000, 0x00000006c5c00000|  0%| F|  |TS  0|AC  0|TAMS 0x00000006c5b00000, 0x00000006c5b00000|
|  82|0x00000006c5c00000, 0x00000006c5c00000, 0x00000006c5d00000|  0%| F|  |TS  0|AC  0|TAMS 0x00000006c5c00000, 0x00000006c5c00000|
|  83|0x00000006c5d00000, 0x00000006c5d00000, 0x00000006c5e00000|  0%| F|  |TS  0|AC  0|TAMS 0x00000006c5d00000, 0x00000006c5d00000|
|  84|0x00000006c5e00000, 0x00000006c5e00000, 0x00000006c5f00000|  0%| F|  |TS  0|AC  0|TAMS 0x00000006c5e00000, 0x00000006c5e00000|
|  85|0x00000006c5f00000, 0x00000006c5f00000, 0x00000006c6000000|  0%| F|  |TS  0|AC  0|TAMS 0x00000006c5f00000, 0x00000006c5f00000|
|  86|0x00000006c6000000, 0x00000006c6000000, 0x00000006c6100000|  0%| F|  |TS  0|AC  0|TAMS 0x00000006c6000000, 0x00000006c6000000|
|  87|0x00000006c6100000, 0x00000006c6100000, 0x00000006c6200000|  0%| F|  |TS  0|AC  0|TAMS 0x00000006c6100000, 0x00000006c6100000|
|  88|0x00000006c6200000, 0x00000006c6200000, 0x00000006c6300000|  0%| F|  |TS  0|AC  0|TAMS 0x00000006c6200000, 0x00000006c6200000|
|  89|0x00000006c6300000, 0x00000006c6300000, 0x00000006c6400000|  0%| F|  |TS  0|AC  0|TAMS 0x00000006c6300000, 0x00000006c6300000|
|  90|0x00000006c6400000, 0x00000006c6478ce0, 0x00000006c6500000| 47%| S|CS|TS  1|AC  0|TAMS 0x00000006c6400000, 0x00000006c6400000|
|  91|0x00000006c6500000, 0x00000006c6600000, 0x00000006c6600000|100%| S|CS|TS  1|AC  0|TAMS 0x00000006c6500000, 0x00000006c6500000|
|  92|0x00000006c6600000, 0x00000006c6700000, 0x00000006c6700000|100%| S|CS|TS  1|AC  0|TAMS 0x00000006c6600000, 0x00000006c6600000|
|  93|0x00000006c6700000, 0x00000006c6800000, 0x00000006c6800000|100%| S|CS|TS  1|AC  0|TAMS 0x00000006c6700000, 0x00000006c6700000|
|  94|0x00000006c6800000, 0x00000006c6900000, 0x00000006c6900000|100%| S|CS|TS  1|AC  0|TAMS 0x00000006c6800000, 0x00000006c6800000|
|  95|0x00000006c6900000, 0x00000006c6a00000, 0x00000006c6a00000|100%| S|CS|TS  1|AC  0|TAMS 0x00000006c6900000, 0x00000006c6900000|
|  96|0x00000006c6a00000, 0x00000006c6b00000, 0x00000006c6b00000|100%| S|CS|TS  1|AC  0|TAMS 0x00000006c6a00000, 0x00000006c6a00000|
|  97|0x00000006c6b00000, 0x00000006c6c00000, 0x00000006c6c00000|100%| S|CS|TS  1|AC  0|TAMS 0x00000006c6b00000, 0x00000006c6b00000|
|  98|0x00000006c6c00000, 0x00000006c6d00000, 0x00000006c6d00000|100%| S|CS|TS  1|AC  0|TAMS 0x00000006c6c00000, 0x00000006c6c00000|
|  99|0x00000006c6d00000, 0x00000006c6e00000, 0x00000006c6e00000|100%| S|CS|TS  1|AC  0|TAMS 0x00000006c6d00000, 0x00000006c6d00000|
| 100|0x00000006c6e00000, 0x00000006c6f00000, 0x00000006c6f00000|100%| S|CS|TS  1|AC  0|TAMS 0x00000006c6e00000, 0x00000006c6e00000|
| 101|0x00000006c6f00000, 0x00000006c7000000, 0x00000006c7000000|100%| S|CS|TS  1|AC  0|TAMS 0x00000006c6f00000, 0x00000006c6f00000|
| 102|0x00000006c7000000, 0x00000006c7100000, 0x00000006c7100000|100%| S|CS|TS  1|AC  0|TAMS 0x00000006c7000000, 0x00000006c7000000|
| 103|0x00000006c7100000, 0x00000006c7100000, 0x00000006c7200000|  0%| F|  |TS  1|AC  0|TAMS 0x00000006c7100000, 0x00000006c7100000|
| 104|0x00000006c7200000, 0x00000006c7200000, 0x00000006c7300000|  0%| F|  |TS  1|AC  0|TAMS 0x00000006c7200000, 0x00000006c7200000|
| 105|0x00000006c7300000, 0x00000006c7300000, 0x00000006c7400000|  0%| F|  |TS  1|AC  0|TAMS 0x00000006c7300000, 0x00000006c7300000|
| 106|0x00000006c7400000, 0x00000006c7400000, 0x00000006c7500000|  0%| F|  |TS  1|AC  0|TAMS 0x00000006c7400000, 0x00000006c7400000|
| 107|0x00000006c7500000, 0x00000006c7500000, 0x00000006c7600000|  0%| F|  |TS  1|AC  0|TAMS 0x00000006c7500000, 0x00000006c7500000|
| 108|0x00000006c7600000, 0x00000006c7600000, 0x00000006c7700000|  0%| F|  |TS  1|AC  0|TAMS 0x00000006c7600000, 0x00000006c7600000|
| 109|0x00000006c7700000, 0x00000006c7700000, 0x00000006c7800000|  0%| F|  |TS  1|AC  0|TAMS 0x00000006c7700000, 0x00000006c7700000|
| 110|0x00000006c7800000, 0x00000006c7800000, 0x00000006c7900000|  0%| F|  |TS  1|AC  0|TAMS 0x00000006c7800000, 0x00000006c7800000|
| 111|0x00000006c7900000, 0x00000006c7900000, 0x00000006c7a00000|  0%| F|  |TS  1|AC  0|TAMS 0x00000006c7900000, 0x00000006c7900000|
| 112|0x00000006c7a00000, 0x00000006c7a00000, 0x00000006c7b00000|  0%| F|  |TS  1|AC  0|TAMS 0x00000006c7a00000, 0x00000006c7a00000|
| 113|0x00000006c7b00000, 0x00000006c7b00000, 0x00000006c7c00000|  0%| F|  |TS  1|AC  0|TAMS 0x00000006c7b00000, 0x00000006c7b00000|
| 114|0x00000006c7c00000, 0x00000006c7c00000, 0x00000006c7d00000|  0%| F|  |TS  1|AC  0|TAMS 0x00000006c7c00000, 0x00000006c7c00000|
| 115|0x00000006c7d00000, 0x00000006c7d00000, 0x00000006c7e00000|  0%| F|  |TS  1|AC  0|TAMS 0x00000006c7d00000, 0x00000006c7d00000|
| 116|0x00000006c7e00000, 0x00000006c7e00000, 0x00000006c7f00000|  0%| F|  |TS  1|AC  0|TAMS 0x00000006c7e00000, 0x00000006c7e00000|
| 117|0x00000006c7f00000, 0x00000006c7f00000, 0x00000006c8000000|  0%| F|  |TS  1|AC  0|TAMS 0x00000006c7f00000, 0x00000006c7f00000|
| 118|0x00000006c8000000, 0x00000006c8000000, 0x00000006c8100000|  0%| F|  |TS  1|AC  0|TAMS 0x00000006c8000000, 0x00000006c8000000|
| 119|0x00000006c8100000, 0x00000006c8100000, 0x00000006c8200000|  0%| F|  |TS  1|AC  0|TAMS 0x00000006c8100000, 0x00000006c8100000|
| 120|0x00000006c8200000, 0x00000006c8200000, 0x00000006c8300000|  0%| F|  |TS  1|AC  0|TAMS 0x00000006c8200000, 0x00000006c8200000|
| 121|0x00000006c8300000, 0x00000006c8300000, 0x00000006c8400000|  0%| F|  |TS  1|AC  0|TAMS 0x00000006c8300000, 0x00000006c8300000|
| 122|0x00000006c8400000, 0x00000006c8400000, 0x00000006c8500000|  0%| F|  |TS  1|AC  0|TAMS 0x00000006c8400000, 0x00000006c8400000|
| 123|0x00000006c8500000, 0x00000006c8500000, 0x00000006c8600000|  0%| F|  |TS  1|AC  0|TAMS 0x00000006c8500000, 0x00000006c8500000|
| 124|0x00000006c8600000, 0x00000006c8600000, 0x00000006c8700000|  0%| F|  |TS  1|AC  0|TAMS 0x00000006c8600000, 0x00000006c8600000|
| 125|0x00000006c8700000, 0x00000006c8700000, 0x00000006c8800000|  0%| F|  |TS  1|AC  0|TAMS 0x00000006c8700000, 0x00000006c8700000|
| 126|0x00000006c8800000, 0x00000006c8800000, 0x00000006c8900000|  0%| F|  |TS  1|AC  0|TAMS 0x00000006c8800000, 0x00000006c8800000|
| 127|0x00000006c8900000, 0x00000006c8900000, 0x00000006c8a00000|  0%| F|  |TS  1|AC  0|TAMS 0x00000006c8900000, 0x00000006c8900000|
| 128|0x00000006c8a00000, 0x00000006c8a00000, 0x00000006c8b00000|  0%| F|  |TS  1|AC  0|TAMS 0x00000006c8a00000, 0x00000006c8a00000|
| 129|0x00000006c8b00000, 0x00000006c8b00000, 0x00000006c8c00000|  0%| F|  |TS  1|AC  0|TAMS 0x00000006c8b00000, 0x00000006c8b00000|
| 130|0x00000006c8c00000, 0x00000006c8c00000, 0x00000006c8d00000|  0%| F|  |TS  1|AC  0|TAMS 0x00000006c8c00000, 0x00000006c8c00000|
| 131|0x00000006c8d00000, 0x00000006c8d00000, 0x00000006c8e00000|  0%| F|  |TS  1|AC  0|TAMS 0x00000006c8d00000, 0x00000006c8d00000|
| 132|0x00000006c8e00000, 0x00000006c8e00000, 0x00000006c8f00000|  0%| F|  |TS  1|AC  0|TAMS 0x00000006c8e00000, 0x00000006c8e00000|
| 133|0x00000006c8f00000, 0x00000006c8f00000, 0x00000006c9000000|  0%| F|  |TS  1|AC  0|TAMS 0x00000006c8f00000, 0x00000006c8f00000|
| 134|0x00000006c9000000, 0x00000006c9000000, 0x00000006c9100000|  0%| F|  |TS  1|AC  0|TAMS 0x00000006c9000000, 0x00000006c9000000|
| 135|0x00000006c9100000, 0x00000006c9100000, 0x00000006c9200000|  0%| F|  |TS  1|AC  0|TAMS 0x00000006c9100000, 0x00000006c9100000|
| 136|0x00000006c9200000, 0x00000006c9200000, 0x00000006c9300000|  0%| F|  |TS  1|AC  0|TAMS 0x00000006c9200000, 0x00000006c9200000|
| 137|0x00000006c9300000, 0x00000006c9300000, 0x00000006c9400000|  0%| F|  |TS  1|AC  0|TAMS 0x00000006c9300000, 0x00000006c9300000|
| 138|0x00000006c9400000, 0x00000006c9400000, 0x00000006c9500000|  0%| F|  |TS  1|AC  0|TAMS 0x00000006c9400000, 0x00000006c9400000|
| 139|0x00000006c9500000, 0x00000006c9500000, 0x00000006c9600000|  0%| F|  |TS  1|AC  0|TAMS 0x00000006c9500000, 0x00000006c9500000|
| 140|0x00000006c9600000, 0x00000006c9600000, 0x00000006c9700000|  0%| F|  |TS  1|AC  0|TAMS 0x00000006c9600000, 0x00000006c9600000|
| 141|0x00000006c9700000, 0x00000006c9700000, 0x00000006c9800000|  0%| F|  |TS  1|AC  0|TAMS 0x00000006c9700000, 0x00000006c9700000|
| 142|0x00000006c9800000, 0x00000006c9800000, 0x00000006c9900000|  0%| F|  |TS  1|AC  0|TAMS 0x00000006c9800000, 0x00000006c9800000|
| 143|0x00000006c9900000, 0x00000006c9900000, 0x00000006c9a00000|  0%| F|  |TS  1|AC  0|TAMS 0x00000006c9900000, 0x00000006c9900000|
| 144|0x00000006c9a00000, 0x00000006c9a00000, 0x00000006c9b00000|  0%| F|  |TS  1|AC  0|TAMS 0x00000006c9a00000, 0x00000006c9a00000|
| 145|0x00000006c9b00000, 0x00000006c9b00000, 0x00000006c9c00000|  0%| F|  |TS  1|AC  0|TAMS 0x00000006c9b00000, 0x00000006c9b00000|
| 146|0x00000006c9c00000, 0x00000006c9c00000, 0x00000006c9d00000|  0%| F|  |TS  1|AC  0|TAMS 0x00000006c9c00000, 0x00000006c9c00000|
| 147|0x00000006c9d00000, 0x00000006c9d00000, 0x00000006c9e00000|  0%| F|  |TS  1|AC  0|TAMS 0x00000006c9d00000, 0x00000006c9d00000|
| 148|0x00000006c9e00000, 0x00000006c9e00000, 0x00000006c9f00000|  0%| F|  |TS  1|AC  0|TAMS 0x00000006c9e00000, 0x00000006c9e00000|
| 149|0x00000006c9f00000, 0x00000006c9f00000, 0x00000006ca000000|  0%| F|  |TS  1|AC  0|TAMS 0x00000006c9f00000, 0x00000006c9f00000|
| 150|0x00000006ca000000, 0x00000006ca000000, 0x00000006ca100000|  0%| F|  |TS  1|AC  0|TAMS 0x00000006ca000000, 0x00000006ca000000|
| 151|0x00000006ca100000, 0x00000006ca100000, 0x00000006ca200000|  0%| F|  |TS  1|AC  0|TAMS 0x00000006ca100000, 0x00000006ca100000|
| 152|0x00000006ca200000, 0x00000006ca200000, 0x00000006ca300000|  0%| F|  |TS  1|AC  0|TAMS 0x00000006ca200000, 0x00000006ca200000|
| 153|0x00000006ca300000, 0x00000006ca300000, 0x00000006ca400000|  0%| F|  |TS  1|AC  0|TAMS 0x00000006ca300000, 0x00000006ca300000|
| 154|0x00000006ca400000, 0x00000006ca400000, 0x00000006ca500000|  0%| F|  |TS  1|AC  0|TAMS 0x00000006ca400000, 0x00000006ca400000|
| 155|0x00000006ca500000, 0x00000006ca500000, 0x00000006ca600000|  0%| F|  |TS  1|AC  0|TAMS 0x00000006ca500000, 0x00000006ca500000|
| 156|0x00000006ca600000, 0x00000006ca600000, 0x00000006ca700000|  0%| F|  |TS  1|AC  0|TAMS 0x00000006ca600000, 0x00000006ca600000|
| 157|0x00000006ca700000, 0x00000006ca700000, 0x00000006ca800000|  0%| F|  |TS  1|AC  0|TAMS 0x00000006ca700000, 0x00000006ca700000|
| 158|0x00000006ca800000, 0x00000006ca800000, 0x00000006ca900000|  0%| F|  |TS  1|AC  0|TAMS 0x00000006ca800000, 0x00000006ca800000|
| 159|0x00000006ca900000, 0x00000006ca900000, 0x00000006caa00000|  0%| F|  |TS  1|AC  0|TAMS 0x00000006ca900000, 0x00000006ca900000|
| 160|0x00000006caa00000, 0x00000006caa00000, 0x00000006cab00000|  0%| F|  |TS  1|AC  0|TAMS 0x00000006caa00000, 0x00000006caa00000|
| 161|0x00000006cab00000, 0x00000006cab00000, 0x00000006cac00000|  0%| F|  |TS  1|AC  0|TAMS 0x00000006cab00000, 0x00000006cab00000|
| 162|0x00000006cac00000, 0x00000006cac00000, 0x00000006cad00000|  0%| F|  |TS  1|AC  0|TAMS 0x00000006cac00000, 0x00000006cac00000|
| 163|0x00000006cad00000, 0x00000006cad00000, 0x00000006cae00000|  0%| F|  |TS  1|AC  0|TAMS 0x00000006cad00000, 0x00000006cad00000|
| 164|0x00000006cae00000, 0x00000006cae00000, 0x00000006caf00000|  0%| F|  |TS  1|AC  0|TAMS 0x00000006cae00000, 0x00000006cae00000|
| 165|0x00000006caf00000, 0x00000006caf00000, 0x00000006cb000000|  0%| F|  |TS  1|AC  0|TAMS 0x00000006caf00000, 0x00000006caf00000|
| 166|0x00000006cb000000, 0x00000006cb000000, 0x00000006cb100000|  0%| F|  |TS  1|AC  0|TAMS 0x00000006cb000000, 0x00000006cb000000|
| 167|0x00000006cb100000, 0x00000006cb100000, 0x00000006cb200000|  0%| F|  |TS  1|AC  0|TAMS 0x00000006cb100000, 0x00000006cb100000|
| 168|0x00000006cb200000, 0x00000006cb200000, 0x00000006cb300000|  0%| F|  |TS  1|AC  0|TAMS 0x00000006cb200000, 0x00000006cb200000|
| 169|0x00000006cb300000, 0x00000006cb300000, 0x00000006cb400000|  0%| F|  |TS  1|AC  0|TAMS 0x00000006cb300000, 0x00000006cb300000|
| 170|0x00000006cb400000, 0x00000006cb400000, 0x00000006cb500000|  0%| F|  |TS  1|AC  0|TAMS 0x00000006cb400000, 0x00000006cb400000|
| 171|0x00000006cb500000, 0x00000006cb500000, 0x00000006cb600000|  0%| F|  |TS  1|AC  0|TAMS 0x00000006cb500000, 0x00000006cb500000|
| 172|0x00000006cb600000, 0x00000006cb600000, 0x00000006cb700000|  0%| F|  |TS  1|AC  0|TAMS 0x00000006cb600000, 0x00000006cb600000|
| 173|0x00000006cb700000, 0x00000006cb700000, 0x00000006cb800000|  0%| F|  |TS  1|AC  0|TAMS 0x00000006cb700000, 0x00000006cb700000|
| 174|0x00000006cb800000, 0x00000006cb800000, 0x00000006cb900000|  0%| F|  |TS  1|AC  0|TAMS 0x00000006cb800000, 0x00000006cb800000|
| 175|0x00000006cb900000, 0x00000006cb900000, 0x00000006cba00000|  0%| F|  |TS  1|AC  0|TAMS 0x00000006cb900000, 0x00000006cb900000|
| 176|0x00000006cba00000, 0x00000006cba00000, 0x00000006cbb00000|  0%| F|  |TS  1|AC  0|TAMS 0x00000006cba00000, 0x00000006cba00000|
| 177|0x00000006cbb00000, 0x00000006cbb00000, 0x00000006cbc00000|  0%| F|  |TS  1|AC  0|TAMS 0x00000006cbb00000, 0x00000006cbb00000|
| 178|0x00000006cbc00000, 0x00000006cbc00000, 0x00000006cbd00000|  0%| F|  |TS  1|AC  0|TAMS 0x00000006cbc00000, 0x00000006cbc00000|
| 179|0x00000006cbd00000, 0x00000006cbd00000, 0x00000006cbe00000|  0%| F|  |TS  1|AC  0|TAMS 0x00000006cbd00000, 0x00000006cbd00000|
| 180|0x00000006cbe00000, 0x00000006cbe00000, 0x00000006cbf00000|  0%| F|  |TS  1|AC  0|TAMS 0x00000006cbe00000, 0x00000006cbe00000|
| 181|0x00000006cbf00000, 0x00000006cbf00000, 0x00000006cc000000|  0%| F|  |TS  1|AC  0|TAMS 0x00000006cbf00000, 0x00000006cbf00000|
| 182|0x00000006cc000000, 0x00000006cc000000, 0x00000006cc100000|  0%| F|  |TS  1|AC  0|TAMS 0x00000006cc000000, 0x00000006cc000000|
| 183|0x00000006cc100000, 0x00000006cc100000, 0x00000006cc200000|  0%| F|  |TS  1|AC  0|TAMS 0x00000006cc100000, 0x00000006cc100000|
| 184|0x00000006cc200000, 0x00000006cc200000, 0x00000006cc300000|  0%| F|  |TS  1|AC  0|TAMS 0x00000006cc200000, 0x00000006cc200000|
| 185|0x00000006cc300000, 0x00000006cc300000, 0x00000006cc400000|  0%| F|  |TS  1|AC  0|TAMS 0x00000006cc300000, 0x00000006cc300000|
| 186|0x00000006cc400000, 0x00000006cc400000, 0x00000006cc500000|  0%| F|  |TS  1|AC  0|TAMS 0x00000006cc400000, 0x00000006cc400000|
| 187|0x00000006cc500000, 0x00000006cc500000, 0x00000006cc600000|  0%| F|  |TS  1|AC  0|TAMS 0x00000006cc500000, 0x00000006cc500000|
| 188|0x00000006cc600000, 0x00000006cc600000, 0x00000006cc700000|  0%| F|  |TS  1|AC  0|TAMS 0x00000006cc600000, 0x00000006cc600000|
| 189|0x00000006cc700000, 0x00000006cc700000, 0x00000006cc800000|  0%| F|  |TS  1|AC  0|TAMS 0x00000006cc700000, 0x00000006cc700000|
| 190|0x00000006cc800000, 0x00000006cc800000, 0x00000006cc900000|  0%| F|  |TS  1|AC  0|TAMS 0x00000006cc800000, 0x00000006cc800000|
| 191|0x00000006cc900000, 0x00000006cc900000, 0x00000006cca00000|  0%| F|  |TS  1|AC  0|TAMS 0x00000006cc900000, 0x00000006cc900000|
| 192|0x00000006cca00000, 0x00000006cca00000, 0x00000006ccb00000|  0%| F|  |TS  1|AC  0|TAMS 0x00000006cca00000, 0x00000006cca00000|
| 193|0x00000006ccb00000, 0x00000006ccb00000, 0x00000006ccc00000|  0%| F|  |TS  1|AC  0|TAMS 0x00000006ccb00000, 0x00000006ccb00000|
| 194|0x00000006ccc00000, 0x00000006ccc00000, 0x00000006ccd00000|  0%| F|  |TS  1|AC  0|TAMS 0x00000006ccc00000, 0x00000006ccc00000|
| 195|0x00000006ccd00000, 0x00000006ccd00000, 0x00000006cce00000|  0%| F|  |TS  1|AC  0|TAMS 0x00000006ccd00000, 0x00000006ccd00000|
| 196|0x00000006cce00000, 0x00000006cce00000, 0x00000006ccf00000|  0%| F|  |TS  1|AC  0|TAMS 0x00000006cce00000, 0x00000006cce00000|
| 197|0x00000006ccf00000, 0x00000006ccf00000, 0x00000006cd000000|  0%| F|  |TS  1|AC  0|TAMS 0x00000006ccf00000, 0x00000006ccf00000|
| 198|0x00000006cd000000, 0x00000006cd000000, 0x00000006cd100000|  0%| F|  |TS  1|AC  0|TAMS 0x00000006cd000000, 0x00000006cd000000|
| 199|0x00000006cd100000, 0x00000006cd100000, 0x00000006cd200000|  0%| F|  |TS  1|AC  0|TAMS 0x00000006cd100000, 0x00000006cd100000|
| 200|0x00000006cd200000, 0x00000006cd200000, 0x00000006cd300000|  0%| F|  |TS  1|AC  0|TAMS 0x00000006cd200000, 0x00000006cd200000|
| 201|0x00000006cd300000, 0x00000006cd300000, 0x00000006cd400000|  0%| F|  |TS  1|AC  0|TAMS 0x00000006cd300000, 0x00000006cd300000|
| 202|0x00000006cd400000, 0x00000006cd400000, 0x00000006cd500000|  0%| F|  |TS  1|AC  0|TAMS 0x00000006cd400000, 0x00000006cd400000|
| 203|0x00000006cd500000, 0x00000006cd500000, 0x00000006cd600000|  0%| F|  |TS  1|AC  0|TAMS 0x00000006cd500000, 0x00000006cd500000|
| 204|0x00000006cd600000, 0x00000006cd600000, 0x00000006cd700000|  0%| F|  |TS  1|AC  0|TAMS 0x00000006cd600000, 0x00000006cd600000|
| 205|0x00000006cd700000, 0x00000006cd700000, 0x00000006cd800000|  0%| F|  |TS  1|AC  0|TAMS 0x00000006cd700000, 0x00000006cd700000|
| 206|0x00000006cd800000, 0x00000006cd800000, 0x00000006cd900000|  0%| F|  |TS  1|AC  0|TAMS 0x00000006cd800000, 0x00000006cd800000|
| 207|0x00000006cd900000, 0x00000006cd900000, 0x00000006cda00000|  0%| F|  |TS  1|AC  0|TAMS 0x00000006cd900000, 0x00000006cd900000|
| 208|0x00000006cda00000, 0x00000006cda00000, 0x00000006cdb00000|  0%| F|  |TS  1|AC  0|TAMS 0x00000006cda00000, 0x00000006cda00000|
| 209|0x00000006cdb00000, 0x00000006cdb00000, 0x00000006cdc00000|  0%| F|  |TS  1|AC  0|TAMS 0x00000006cdb00000, 0x00000006cdb00000|
| 210|0x00000006cdc00000, 0x00000006cdc00000, 0x00000006cdd00000|  0%| F|  |TS  1|AC  0|TAMS 0x00000006cdc00000, 0x00000006cdc00000|
| 211|0x00000006cdd00000, 0x00000006cdd00000, 0x00000006cde00000|  0%| F|  |TS  1|AC  0|TAMS 0x00000006cdd00000, 0x00000006cdd00000|
| 212|0x00000006cde00000, 0x00000006cde00000, 0x00000006cdf00000|  0%| F|  |TS  1|AC  0|TAMS 0x00000006cde00000, 0x00000006cde00000|
| 213|0x00000006cdf00000, 0x00000006cdf00000, 0x00000006ce000000|  0%| F|  |TS  1|AC  0|TAMS 0x00000006cdf00000, 0x00000006cdf00000|
| 214|0x00000006ce000000, 0x00000006ce000000, 0x00000006ce100000|  0%| F|  |TS  1|AC  0|TAMS 0x00000006ce000000, 0x00000006ce000000|
| 215|0x00000006ce100000, 0x00000006ce100000, 0x00000006ce200000|  0%| F|  |TS  1|AC  0|TAMS 0x00000006ce100000, 0x00000006ce100000|
| 216|0x00000006ce200000, 0x00000006ce200000, 0x00000006ce300000|  0%| F|  |TS  1|AC  0|TAMS 0x00000006ce200000, 0x00000006ce200000|
| 217|0x00000006ce300000, 0x00000006ce300000, 0x00000006ce400000|  0%| F|  |TS  1|AC  0|TAMS 0x00000006ce300000, 0x00000006ce300000|
| 218|0x00000006ce400000, 0x00000006ce400000, 0x00000006ce500000|  0%| F|  |TS  1|AC  0|TAMS 0x00000006ce400000, 0x00000006ce400000|
| 219|0x00000006ce500000, 0x00000006ce500000, 0x00000006ce600000|  0%| F|  |TS  1|AC  0|TAMS 0x00000006ce500000, 0x00000006ce500000|
| 220|0x00000006ce600000, 0x00000006ce600000, 0x00000006ce700000|  0%| F|  |TS  1|AC  0|TAMS 0x00000006ce600000, 0x00000006ce600000|
| 221|0x00000006ce700000, 0x00000006ce700000, 0x00000006ce800000|  0%| F|  |TS  1|AC  0|TAMS 0x00000006ce700000, 0x00000006ce700000|
| 222|0x00000006ce800000, 0x00000006ce800000, 0x00000006ce900000|  0%| F|  |TS  1|AC  0|TAMS 0x00000006ce800000, 0x00000006ce800000|
| 223|0x00000006ce900000, 0x00000006ce900000, 0x00000006cea00000|  0%| F|  |TS  1|AC  0|TAMS 0x00000006ce900000, 0x00000006ce900000|
| 224|0x00000006cea00000, 0x00000006cea00000, 0x00000006ceb00000|  0%| F|  |TS  1|AC  0|TAMS 0x00000006cea00000, 0x00000006cea00000|
| 225|0x00000006ceb00000, 0x00000006ceb00000, 0x00000006cec00000|  0%| F|  |TS  1|AC  0|TAMS 0x00000006ceb00000, 0x00000006ceb00000|
| 226|0x00000006cec00000, 0x00000006cec00000, 0x00000006ced00000|  0%| F|  |TS  1|AC  0|TAMS 0x00000006cec00000, 0x00000006cec00000|
| 227|0x00000006ced00000, 0x00000006ced00000, 0x00000006cee00000|  0%| F|  |TS  1|AC  0|TAMS 0x00000006ced00000, 0x00000006ced00000|
| 228|0x00000006cee00000, 0x00000006cee00000, 0x00000006cef00000|  0%| F|  |TS  1|AC  0|TAMS 0x00000006cee00000, 0x00000006cee00000|
| 229|0x00000006cef00000, 0x00000006cef00000, 0x00000006cf000000|  0%| F|  |TS  1|AC  0|TAMS 0x00000006cef00000, 0x00000006cef00000|
| 230|0x00000006cf000000, 0x00000006cf000000, 0x00000006cf100000|  0%| F|  |TS  1|AC  0|TAMS 0x00000006cf000000, 0x00000006cf000000|
| 231|0x00000006cf100000, 0x00000006cf100000, 0x00000006cf200000|  0%| F|  |TS  1|AC  0|TAMS 0x00000006cf100000, 0x00000006cf100000|
| 232|0x00000006cf200000, 0x00000006cf200000, 0x00000006cf300000|  0%| F|  |TS  1|AC  0|TAMS 0x00000006cf200000, 0x00000006cf200000|
| 233|0x00000006cf300000, 0x00000006cf300000, 0x00000006cf400000|  0%| F|  |TS  1|AC  0|TAMS 0x00000006cf300000, 0x00000006cf300000|
| 234|0x00000006cf400000, 0x00000006cf400000, 0x00000006cf500000|  0%| F|  |TS  1|AC  0|TAMS 0x00000006cf400000, 0x00000006cf400000|
| 235|0x00000006cf500000, 0x00000006cf500000, 0x00000006cf600000|  0%| F|  |TS  1|AC  0|TAMS 0x00000006cf500000, 0x00000006cf500000|
| 236|0x00000006cf600000, 0x00000006cf600000, 0x00000006cf700000|  0%| F|  |TS  1|AC  0|TAMS 0x00000006cf600000, 0x00000006cf600000|
| 237|0x00000006cf700000, 0x00000006cf700000, 0x00000006cf800000|  0%| F|  |TS  1|AC  0|TAMS 0x00000006cf700000, 0x00000006cf700000|
| 238|0x00000006cf800000, 0x00000006cf800000, 0x00000006cf900000|  0%| F|  |TS  1|AC  0|TAMS 0x00000006cf800000, 0x00000006cf800000|
| 239|0x00000006cf900000, 0x00000006cf900000, 0x00000006cfa00000|  0%| F|  |TS  1|AC  0|TAMS 0x00000006cf900000, 0x00000006cf900000|
| 240|0x00000006cfa00000, 0x00000006cfa00000, 0x00000006cfb00000|  0%| F|  |TS  1|AC  0|TAMS 0x00000006cfa00000, 0x00000006cfa00000|
| 241|0x00000006cfb00000, 0x00000006cfb00000, 0x00000006cfc00000|  0%| F|  |TS  1|AC  0|TAMS 0x00000006cfb00000, 0x00000006cfb00000|
| 242|0x00000006cfc00000, 0x00000006cfc00000, 0x00000006cfd00000|  0%| F|  |TS  1|AC  0|TAMS 0x00000006cfc00000, 0x00000006cfc00000|
| 243|0x00000006cfd00000, 0x00000006cfd00000, 0x00000006cfe00000|  0%| F|  |TS  1|AC  0|TAMS 0x00000006cfd00000, 0x00000006cfd00000|
| 244|0x00000006cfe00000, 0x00000006cfe00000, 0x00000006cff00000|  0%| F|  |TS  1|AC  0|TAMS 0x00000006cfe00000, 0x00000006cfe00000|
| 245|0x00000006cff00000, 0x00000006cff00000, 0x00000006d0000000|  0%| F|  |TS  1|AC  0|TAMS 0x00000006cff00000, 0x00000006cff00000|
| 246|0x00000006d0000000, 0x00000006d0000000, 0x00000006d0100000|  0%| F|  |TS  1|AC  0|TAMS 0x00000006d0000000, 0x00000006d0000000|
| 247|0x00000006d0100000, 0x00000006d01d7e08, 0x00000006d0200000| 84%| E|  |TS  1|AC  0|TAMS 0x00000006d0100000, 0x00000006d0100000|
| 248|0x00000006d0200000, 0x00000006d0300000, 0x00000006d0300000|100%| E|CS|TS  1|AC  0|TAMS 0x00000006d0200000, 0x00000006d0200000|
| 249|0x00000006d0300000, 0x00000006d0400000, 0x00000006d0400000|100%| E|CS|TS  1|AC  0|TAMS 0x00000006d0300000, 0x00000006d0300000|
| 250|0x00000006d0400000, 0x00000006d0500000, 0x00000006d0500000|100%| E|CS|TS  1|AC  0|TAMS 0x00000006d0400000, 0x00000006d0400000|
| 251|0x00000006d0500000, 0x00000006d0600000, 0x00000006d0600000|100%| E|CS|TS  1|AC  0|TAMS 0x00000006d0500000, 0x00000006d0500000|
| 252|0x00000006d0600000, 0x00000006d0700000, 0x00000006d0700000|100%| E|CS|TS  1|AC  0|TAMS 0x00000006d0600000, 0x00000006d0600000|
| 253|0x00000006d0700000, 0x00000006d0800000, 0x00000006d0800000|100%| E|CS|TS  1|AC  0|TAMS 0x00000006d0700000, 0x00000006d0700000|
| 254|0x00000006d0800000, 0x00000006d0900000, 0x00000006d0900000|100%| E|CS|TS  1|AC  0|TAMS 0x00000006d0800000, 0x00000006d0800000|
| 255|0x00000006d0900000, 0x00000006d0a00000, 0x00000006d0a00000|100%| E|CS|TS  1|AC  0|TAMS 0x00000006d0900000, 0x00000006d0900000|

Card table byte_map: [0x000001665dd20000,0x000001665e520000] byte_map_base: 0x000001665a71b000

Marking Bits (Prev, Next): (CMBitMap*) 0x000001664129fe20, (CMBitMap*) 0x000001664129fe58
 Prev Bits: [0x000001665ed20000, 0x0000016662cf8000)
 Next Bits: [0x0000016662d00000, 0x0000016666cd8000)

Polling page: 0x00000166413f0000

CodeHeap 'non-profiled nmethods': size=120000Kb used=3868Kb max_used=3868Kb free=116132Kb
 bounds [0x0000016654d90000, 0x0000016655160000, 0x000001665c2c0000]
CodeHeap 'profiled nmethods': size=120000Kb used=11852Kb max_used=12144Kb free=108147Kb
 bounds [0x000001664d860000, 0x000001664e530000, 0x0000016654d90000]
CodeHeap 'non-nmethods': size=5760Kb used=1482Kb max_used=1562Kb free=4278Kb
 bounds [0x000001664d2c0000, 0x000001664d530000, 0x000001664d860000]
 total_blobs=8290 nmethods=4678 adapters=686
 compilation: enabled

Compilation events (10 events):
Event: 741.156 Thread 0x000001666a2c2800 5676       4       java.io.PrintStream::print (9 bytes)
Event: 741.156 Thread 0x000001666a2c2800 nmethod 5676 0x0000016655070790 code [0x0000016655070920, 0x00000166550709c8]
Event: 741.772 Thread 0x000001666a2b2000 5677       4       sun.java2d.d3d.D3DSurfaceData$D3DWindowSurfaceData::markClean (9 bytes)
Event: 741.776 Thread 0x000001666a2b2000 nmethod 5677 0x0000016655124690 code [0x0000016655124840, 0x0000016655124eb8]
Event: 741.802 Thread 0x000001666a2b5800 5678   !   4       sun.java2d.d3d.D3DSurfaceData::swapBuffers (147 bytes)
Event: 741.815 Thread 0x000001666a2b5800 nmethod 5678 0x0000016655139e90 code [0x000001665513a0a0, 0x000001665513ae90]
Event: 742.124 Thread 0x000001666a2c2800 5679   !   4       java.io.PrintStream::println (24 bytes)
Event: 742.127 Thread 0x000001666a2c2800 nmethod 5679 0x0000016655123e90 code [0x0000016655124040, 0x0000016655124398]
Event: 742.589 Thread 0x000001666a2c4000 5680       3       lib.RepaintManager::repaint (15 bytes)
Event: 742.589 Thread 0x000001666a2c4000 nmethod 5680 0x000001664dbc4b10 code [0x000001664dbc4ce0, 0x000001664dbc4ec0]

GC Heap History (10 events):
Event: 2.267 GC heap before
{Heap before GC invocations=0 (full 0):
 garbage-first heap   total 262144K, used 24576K [0x00000006c0a00000, 0x00000006c0b00800, 0x00000007c0000000)
  region size 1024K, 24 young (24576K), 0 survivors (0K)
 Metaspace       used 10503K, capacity 11120K, committed 11392K, reserved 1058816K
  class space    used 942K, capacity 1061K, committed 1152K, reserved 1048576K
}
Event: 2.270 GC heap after
{Heap after GC invocations=1 (full 0):
 garbage-first heap   total 262144K, used 2763K [0x00000006c0a00000, 0x00000006c0b00800, 0x00000007c0000000)
  region size 1024K, 3 young (3072K), 3 survivors (3072K)
 Metaspace       used 10503K, capacity 11120K, committed 11392K, reserved 1058816K
  class space    used 942K, capacity 1061K, committed 1152K, reserved 1048576K
}
Event: 12.500 GC heap before
{Heap before GC invocations=1 (full 0):
 garbage-first heap   total 262144K, used 79563K [0x00000006c0a00000, 0x00000006c0b00800, 0x00000007c0000000)
  region size 1024K, 63 young (64512K), 3 survivors (3072K)
 Metaspace       used 20193K, capacity 21168K, committed 21296K, reserved 1069056K
  class space    used 2194K, capacity 2389K, committed 2432K, reserved 1048576K
}
Event: 12.508 GC heap after
{Heap after GC invocations=2 (full 0):
 garbage-first heap   total 262144K, used 22528K [0x00000006c0a00000, 0x00000006c0b00800, 0x00000007c0000000)
  region size 1024K, 6 young (6144K), 6 survivors (6144K)
 Metaspace       used 20193K, capacity 21168K, committed 21296K, reserved 1069056K
  class space    used 2194K, capacity 2389K, committed 2432K, reserved 1048576K
}
Event: 32.344 GC heap before
{Heap before GC invocations=3 (full 0):
 garbage-first heap   total 262144K, used 120832K [0x00000006c0a00000, 0x00000006c0b00800, 0x00000007c0000000)
  region size 1024K, 82 young (83968K), 6 survivors (6144K)
 Metaspace       used 32494K, capacity 33620K, committed 33792K, reserved 1079296K
  class space    used 3811K, capacity 4063K, committed 4096K, reserved 1048576K
}
Event: 32.353 GC heap after
{Heap after GC invocations=4 (full 0):
 garbage-first heap   total 262144K, used 26293K [0x00000006c0a00000, 0x00000006c0b00800, 0x00000007c0000000)
  region size 1024K, 11 young (11264K), 11 survivors (11264K)
 Metaspace       used 32494K, capacity 33620K, committed 33792K, reserved 1079296K
  class space    used 3811K, capacity 4063K, committed 4096K, reserved 1048576K
}
Event: 41.796 GC heap before
{Heap before GC invocations=4 (full 0):
 garbage-first heap   total 262144K, used 130741K [0x00000006c0a00000, 0x00000006c0b00800, 0x00000007c0000000)
  region size 1024K, 93 young (95232K), 11 survivors (11264K)
 Metaspace       used 34559K, capacity 35686K, committed 35920K, reserved 1081344K
  class space    used 4005K, capacity 4262K, committed 4352K, reserved 1048576K
}
Event: 41.807 GC heap after
{Heap after GC invocations=5 (full 0):
 garbage-first heap   total 262144K, used 50907K [0x00000006c0a00000, 0x00000006c0b00800, 0x00000007c0000000)
  region size 1024K, 14 young (14336K), 14 survivors (14336K)
 Metaspace       used 34559K, capacity 35686K, committed 35920K, reserved 1081344K
  class space    used 4005K, capacity 4262K, committed 4352K, reserved 1048576K
}
Event: 716.774 GC heap before
{Heap before GC invocations=6 (full 0):
 garbage-first heap   total 262144K, used 220891K [0x00000006c0a00000, 0x00000006c0b00800, 0x00000007c0000000)
  region size 1024K, 153 young (156672K), 14 survivors (14336K)
 Metaspace       used 37549K, capacity 38706K, committed 39040K, reserved 1083392K
  class space    used 4183K, capacity 4456K, committed 4480K, reserved 1048576K
}
Event: 716.788 GC heap after
{Heap after GC invocations=7 (full 0):
 garbage-first heap   total 262144K, used 64462K [0x00000006c0a00000, 0x00000006c0b00800, 0x00000007c0000000)
  region size 1024K, 13 young (13312K), 13 survivors (13312K)
 Metaspace       used 37549K, capacity 38706K, committed 39040K, reserved 1083392K
  class space    used 4183K, capacity 4456K, committed 4480K, reserved 1048576K
}

Deoptimization events (10 events):
Event: 444.240 Thread 0x000001666b7a1000 Uncommon trap: reason=array_check action=maybe_recompile pc=0x0000016654eab9bc method=lib.OStack.push(Ljava/lang/Object;)Llib/StackIterator; @ 45 c2
Event: 554.153 Thread 0x000001666af91000 Uncommon trap: reason=speculate_class_check action=maybe_recompile pc=0x000001665501ac44 method=java.awt.EventQueue.coalesceEvent(Ljava/awt/AWTEvent;I)Z @ 53 c2
Event: 554.155 Thread 0x000001666af91000 Uncommon trap: reason=class_check action=maybe_recompile pc=0x00000166550facc4 method=java.awt.EventQueue.coalesceEvent(Ljava/awt/AWTEvent;I)Z @ 32 c2
Event: 555.430 Thread 0x000001666b7a1000 Uncommon trap: reason=unstable_if action=reinterpret pc=0x0000016655152208 method=lib.SimpleLock.Lock()Z @ 8 c2
Event: 588.165 Thread 0x000001666af91000 Uncommon trap: reason=speculate_class_check action=maybe_recompile pc=0x00000166550face4 method=java.awt.EventQueue.coalesceEvent(Ljava/awt/AWTEvent;I)Z @ 53 c2
Event: 588.165 Thread 0x000001666af91000 Uncommon trap: reason=intrinsic_or_type_checked_inlining action=make_not_entrant pc=0x0000016654df2a50 method=java.util.ArrayList.toArray([Ljava/lang/Object;)[Ljava/lang/Object; @ 36 c2
Event: 653.569 Thread 0x000001666af91000 Uncommon trap: reason=speculate_class_check action=maybe_recompile pc=0x00000166550face4 method=java.awt.EventQueue.coalesceEvent(Ljava/awt/AWTEvent;I)Z @ 53 c2
Event: 721.352 Thread 0x000001666a3e4800 Uncommon trap: reason=unstable_if action=reinterpret pc=0x000001665502e9b4 method=online.common.commonLobby.processEchoGroup(Ljava/lang/String;Ljava/util/StringTokenizer;)Z @ 7 c2
Event: 721.352 Thread 0x000001666a3e4800 Uncommon trap: reason=unstable_if action=reinterpret pc=0x0000016655038d84 method=online.common.commonLobby.doMYTURN(Ljava/lang/String;Ljava/util/StringTokenizer;Ljava/lang/String;)V @ 52 c2
Event: 721.352 Thread 0x000001666a3e4800 Uncommon trap: reason=unstable_if action=reinterpret pc=0x0000016654fd3d14 method=lib.ConnectionManager.LogMessage(Ljava/lang/String;)V @ 11 c2

Classes redefined (10 events):
Event: 711.008 Thread 0x000001666993f000 redefined class name=lib.PTStack, count=6
Event: 711.024 Thread 0x000001666993f000 redefined class name=lib.PaintTimer, count=6
Event: 711.037 Thread 0x000001666993f000 redefined class name=lib.RefreshReason, count=6
Event: 711.050 Thread 0x000001666993f000 redefined class name=lib.RepaintId, count=6
Event: 711.062 Thread 0x000001666993f000 redefined class name=lib.RepaintManager$1, count=6
Event: 711.074 Thread 0x000001666993f000 redefined class name=lib.RepaintManager$2, count=6
Event: 711.086 Thread 0x000001666993f000 redefined class name=lib.RepaintManager$RepaintHelper, count=6
Event: 711.099 Thread 0x000001666993f000 redefined class name=lib.RepaintManager, count=6
Event: 711.110 Thread 0x000001666993f000 redefined class name=lib.RepaintManager$3, count=6
Event: 711.126 Thread 0x000001666993f000 redefined class name=lib.RepaintManager$RepaintStrategy, count=6

Internal exceptions (10 events):
Event: 22.903 Thread 0x000001666aad2800 Exception <a 'java/lang/NoSuchMethodError'{0x00000006cee289b0}: java.lang.invoke.DirectMethodHandle$Holder.invokeStaticInit(Ljava/lang/Object;Ljava/lang/Object;)V> (0x00000006cee289b0) thrown at [t:/workspace/hotspot/src/share/vm/interpreter/linkResolver.
Event: 22.905 Thread 0x000001666aad2800 Exception <a 'java/lang/NoSuchMethodError'{0x00000006cee2e750}: java.lang.invoke.DirectMethodHandle$Holder.invokeStatic(Ljava/lang/Object;Ljava/lang/Object;)I> (0x00000006cee2e750) thrown at [t:/workspace/hotspot/src/share/vm/interpreter/linkResolver.cpp,
Event: 22.905 Thread 0x000001666aad2800 Exception <a 'java/lang/NoSuchMethodError'{0x00000006cee31900}: java.lang.invoke.DirectMethodHandle$Holder.invokeStaticInit(Ljava/lang/Object;Ljava/lang/Object;)I> (0x00000006cee31900) thrown at [t:/workspace/hotspot/src/share/vm/interpreter/linkResolver.
Event: 22.906 Thread 0x000001666aad2800 Exception <a 'java/lang/NoSuchMethodError'{0x00000006cee39c20}: java.lang.invoke.DirectMethodHandle$Holder.invokeInterface(Ljava/lang/Object;Ljava/lang/Object;Ljava/lang/Object;)I> (0x00000006cee39c20) thrown at [t:/workspace/hotspot/src/share/vm/interpre
Event: 22.914 Thread 0x000001666aad2800 Exception <a 'sun/nio/fs/WindowsException'{0x00000006cee66430}> (0x00000006cee66430) thrown at [t:/workspace/hotspot/src/share/vm/prims/jni.cpp, line 604]
Event: 22.916 Thread 0x000001666aad2800 Exception <a 'java/lang/NoSuchMethodError'{0x00000006cee6d7a0}: java.lang.Object.lambda$negate$3(I)Z> (0x00000006cee6d7a0) thrown at [t:/workspace/hotspot/src/share/vm/interpreter/linkResolver.cpp, line 731]
Event: 23.361 Thread 0x000001666aad2800 Implicit null exception at 0x0000016654ea0018 to 0x0000016654ea01b9
Event: 23.911 Thread 0x000001666aad2000 Exception <a 'java/net/SocketException'{0x00000006cf3be880}: socket closed> (0x00000006cf3be880) thrown at [t:/workspace/hotspot/src/share/vm/prims/jni.cpp, line 625]
Event: 34.666 Thread 0x000001666a3d9000 Implicit null exception at 0x0000016654ebab75 to 0x0000016654ebb1f5
Event: 51.765 Thread 0x000001666b7a1000 Implicit null exception at 0x000001665502ce95 to 0x000001665502e031

Events (10 events):
Event: 758.994 Executing VM operation: GetOwnedMonitorInfo done
Event: 758.994 Executing VM operation: GetCurrentContendedMonitor
Event: 758.994 Executing VM operation: GetCurrentContendedMonitor done
Event: 758.995 Executing VM operation: GetCurrentContendedMonitor
Event: 758.995 Executing VM operation: GetCurrentContendedMonitor done
Event: 758.996 Executing VM operation: GetOwnedMonitorInfo
Event: 758.996 Executing VM operation: GetOwnedMonitorInfo done
Event: 759.026 Executing VM operation: GetFrameLocation
Event: 759.026 Executing VM operation: GetFrameLocation done
Event: 759.026 Executing VM operation: GetOrSetLocal


Dynamic libraries:
0x00007ff63b2e0000 - 0x00007ff63b31e000 	C:\Program Files\Java\jdk-9.0.1\bin\javaw.exe
0x00007ffff21b0000 - 0x00007ffff23a6000 	C:\WINDOWS\SYSTEM32\ntdll.dll
0x00007ffff1a20000 - 0x00007ffff1add000 	C:\WINDOWS\System32\KERNEL32.DLL
0x00007fffefaf0000 - 0x00007fffefdb9000 	C:\WINDOWS\System32\KERNELBASE.dll
0x00007ffff1e40000 - 0x00007ffff1eec000 	C:\WINDOWS\System32\ADVAPI32.dll
0x00007ffff1510000 - 0x00007ffff15ae000 	C:\WINDOWS\System32\msvcrt.dll
0x00007ffff0830000 - 0x00007ffff08cc000 	C:\WINDOWS\System32\sechost.dll
0x00007ffff1f10000 - 0x00007ffff203b000 	C:\WINDOWS\System32\RPCRT4.dll
0x00007ffff0b00000 - 0x00007ffff0ca0000 	C:\WINDOWS\System32\USER32.dll
0x00007fffefe40000 - 0x00007fffefe62000 	C:\WINDOWS\System32\win32u.dll
0x00007ffff02d0000 - 0x00007ffff02fa000 	C:\WINDOWS\System32\GDI32.dll
0x00007fffefe70000 - 0x00007fffeff7b000 	C:\WINDOWS\System32\gdi32full.dll
0x00007fffef8f0000 - 0x00007fffef98d000 	C:\WINDOWS\System32\msvcp_win.dll
0x00007fffeff80000 - 0x00007ffff0080000 	C:\WINDOWS\System32\ucrtbase.dll
0x00007fffe6950000 - 0x00007fffe6beb000 	C:\WINDOWS\WinSxS\amd64_microsoft.windows.common-controls_6595b64144ccf1df_6.0.19041.746_none_ca02b4b61b8320a4\COMCTL32.dll
0x00007fffe6ee0000 - 0x00007fffe6eea000 	C:\WINDOWS\SYSTEM32\VERSION.dll
0x00007ffff0750000 - 0x00007ffff0780000 	C:\WINDOWS\System32\IMM32.DLL
0x00007fffc0c70000 - 0x00007fffc0d5f000 	C:\Program Files\Java\jdk-9.0.1\bin\msvcr120.dll
0x00007fffb8700000 - 0x00007fffb87a6000 	C:\Program Files\Java\jdk-9.0.1\bin\msvcp120.dll
0x000000005ad50000 - 0x000000005b774000 	C:\Program Files\Java\jdk-9.0.1\bin\server\jvm.dll
0x00007ffff0a10000 - 0x00007ffff0a18000 	C:\WINDOWS\System32\PSAPI.DLL
0x00007fffed9d0000 - 0x00007fffed9d9000 	C:\WINDOWS\SYSTEM32\WSOCK32.dll
0x00007fffe3540000 - 0x00007fffe3567000 	C:\WINDOWS\SYSTEM32\WINMM.dll
0x00007ffff06e0000 - 0x00007ffff074b000 	C:\WINDOWS\System32\WS2_32.dll
0x00007fffea2b0000 - 0x00007fffea2bf000 	C:\Program Files\Java\jdk-9.0.1\bin\verify.dll
0x00007fffd1fd0000 - 0x00007fffd1ff7000 	C:\Program Files\Java\jdk-9.0.1\bin\java.dll
0x00007fffd1bc0000 - 0x00007fffd1bf6000 	C:\Program Files\Java\jdk-9.0.1\bin\jdwp.dll
0x00007fffdb7a0000 - 0x00007fffdb7b6000 	C:\Program Files\Java\jdk-9.0.1\bin\zip.dll
0x00007fffe97d0000 - 0x00007fffe97da000 	C:\Program Files\Java\jdk-9.0.1\bin\jimage.dll
0x00007ffff0dc0000 - 0x00007ffff1502000 	C:\WINDOWS\System32\SHELL32.dll
0x00007fffecd70000 - 0x00007fffed500000 	C:\WINDOWS\SYSTEM32\windows.storage.dll
0x00007ffff1ae0000 - 0x00007ffff1e36000 	C:\WINDOWS\System32\combase.dll
0x00007fffef280000 - 0x00007fffef2ac000 	C:\WINDOWS\SYSTEM32\Wldp.dll
0x00007ffff0780000 - 0x00007ffff082e000 	C:\WINDOWS\System32\SHCORE.dll
0x00007ffff05f0000 - 0x00007ffff0645000 	C:\WINDOWS\System32\shlwapi.dll
0x00007fffef820000 - 0x00007fffef846000 	C:\WINDOWS\SYSTEM32\profapi.dll
0x00007fffdb4c0000 - 0x00007fffdb4da000 	C:\Program Files\Java\jdk-9.0.1\bin\net.dll
0x00007fffe7180000 - 0x00007fffe7280000 	C:\WINDOWS\SYSTEM32\WINHTTP.dll
0x00007fffef000000 - 0x00007fffef06a000 	C:\WINDOWS\system32\mswsock.dll
0x00007fffd12f0000 - 0x00007fffd1301000 	C:\Program Files\Java\jdk-9.0.1\bin\nio.dll
0x00007fffe9760000 - 0x00007fffe976a000 	C:\Program Files\Java\jdk-9.0.1\bin\dt_socket.dll
0x00007fffeed30000 - 0x00007fffeedfb000 	C:\WINDOWS\SYSTEM32\DNSAPI.dll
0x00007fffeecf0000 - 0x00007fffeed2b000 	C:\WINDOWS\SYSTEM32\IPHLPAPI.DLL
0x00007ffff0300000 - 0x00007ffff0308000 	C:\WINDOWS\System32\NSI.dll
0x00007fffe5ec0000 - 0x00007fffe5f3f000 	C:\WINDOWS\System32\fwpuclnt.dll
0x00007fffefdc0000 - 0x00007fffefde7000 	C:\WINDOWS\System32\bcrypt.dll
0x00007fffe64f0000 - 0x00007fffe64fa000 	C:\Windows\System32\rasadhlp.dll
0x00007fffb7e50000 - 0x00007fffb7fe9000 	C:\Program Files\Java\jdk-9.0.1\bin\awt.dll
0x00007ffff20a0000 - 0x00007ffff216d000 	C:\WINDOWS\System32\OLEAUT32.dll
0x00007fffec510000 - 0x00007fffecad0000 	C:\WINDOWS\SYSTEM32\d2d1.dll
0x00007fffebcb0000 - 0x00007fffebd40000 	C:\WINDOWS\SYSTEM32\apphelp.dll
0x00007fffe7a70000 - 0x00007fffe7a78000 	C:\Program Files\Java\jdk-9.0.1\bin\prefs.dll
0x00007fffebe70000 - 0x00007fffebf0e000 	C:\WINDOWS\system32\uxtheme.dll
0x00007ffff0ca0000 - 0x00007ffff0db5000 	C:\WINDOWS\System32\MSCTF.dll
0x00007ffff08d0000 - 0x00007ffff09fa000 	C:\WINDOWS\System32\ole32.dll
0x00007fffee480000 - 0x00007fffee492000 	C:\WINDOWS\SYSTEM32\kernel.appcore.dll
0x00007ffff0080000 - 0x00007ffff0100000 	C:\WINDOWS\System32\bcryptPrimitives.dll
0x00007fffec180000 - 0x00007fffec1af000 	C:\WINDOWS\system32\DWMAPI.DLL
0x00007fffcea70000 - 0x00007fffceb95000 	C:\WINDOWS\system32\opengl32.dll
0x00007fffdb6c0000 - 0x00007fffdb6ec000 	C:\WINDOWS\SYSTEM32\GLU32.dll
0x00007fffbbad0000 - 0x00007fffbbc9f000 	C:\WINDOWS\system32\d3d9.dll
0x00007fffd4c00000 - 0x00007fffd4d67000 	C:\WINDOWS\SYSTEM32\aticfx64.dll
0x00007fffe6810000 - 0x00007fffe6831000 	C:\WINDOWS\SYSTEM32\atiu9p64.dll
0x00007fffada00000 - 0x00007fffae259000 	C:\WINDOWS\SYSTEM32\atiumd64.dll
0x000000005d180000 - 0x000000005da08000 	C:\WINDOWS\SYSTEM32\atiumd6a.dll
0x00007fffef6a0000 - 0x00007fffef6eb000 	C:\WINDOWS\SYSTEM32\POWRPROF.dll
0x00007fffef680000 - 0x00007fffef692000 	C:\WINDOWS\SYSTEM32\UMPDC.dll
0x00007fffbbd90000 - 0x00007fffbbe2d000 	C:\Program Files\Java\jdk-9.0.1\bin\fontmanager.dll
0x00007fffcce00000 - 0x00007fffcce42000 	C:\Program Files\Java\jdk-9.0.1\bin\t2k.dll
0x00007fffd84e0000 - 0x00007fffd85db000 	C:\WINDOWS\SYSTEM32\textinputframework.dll
0x00007fffeb920000 - 0x00007fffebc7e000 	C:\WINDOWS\System32\CoreUIComponents.dll
0x00007fffeb820000 - 0x00007fffeb912000 	C:\WINDOWS\System32\CoreMessaging.dll
0x00007fffee610000 - 0x00007fffee643000 	C:\WINDOWS\SYSTEM32\ntmarta.dll
0x00007fffeb5c0000 - 0x00007fffeb714000 	C:\WINDOWS\SYSTEM32\wintypes.dll
0x00007fffef1e0000 - 0x00007fffef1f8000 	C:\WINDOWS\SYSTEM32\CRYPTSP.dll
0x00007fffee9a0000 - 0x00007fffee9d4000 	C:\WINDOWS\system32\rsaenh.dll
0x00007fffef7a0000 - 0x00007fffef7ce000 	C:\WINDOWS\SYSTEM32\USERENV.dll
0x00007fffef1d0000 - 0x00007fffef1dc000 	C:\WINDOWS\SYSTEM32\CRYPTBASE.dll
0x00007fffeaaf0000 - 0x00007fffeab07000 	C:\WINDOWS\SYSTEM32\dhcpcsvc6.DLL
0x00007fffeaad0000 - 0x00007fffeaaed000 	C:\WINDOWS\SYSTEM32\dhcpcsvc.DLL
0x00007fffe7a50000 - 0x00007fffe7a5b000 	C:\Program Files\Java\jdk-9.0.1\bin\sunmscapi.dll
0x00007fffef990000 - 0x00007fffefae6000 	C:\WINDOWS\System32\CRYPT32.dll
0x00007fffd1200000 - 0x00007fffd1223000 	C:\Program Files\Java\jdk-9.0.1\bin\sunec.dll
0x00007fffd09e0000 - 0x00007fffd0a0b000 	C:\Program Files\Java\jdk-9.0.1\bin\javajpeg.dll
0x00007fffcd350000 - 0x00007fffcd38d000 	C:\Program Files\Java\jdk-9.0.1\bin\lcms.dll
0x00007fffde530000 - 0x00007fffde537000 	C:\Program Files\Java\jdk-9.0.1\bin\jawt.dll
0x00007fffbbf40000 - 0x00007fffbc039000 	C:\Users\Ddyer\.codenameone\cef\lib\win64\chrome_elf.dll
0x00007fff973a0000 - 0x00007fff9ea90000 	C:\Users\Ddyer\.codenameone\cef\lib\win64\libcef.dll
0x00007ffff0100000 - 0x00007ffff0160000 	C:\WINDOWS\System32\WINTRUST.dll
0x00007fffedb00000 - 0x00007fffedbf3000 	C:\WINDOWS\SYSTEM32\dxgi.dll
0x00007ffff0a20000 - 0x00007ffff0afa000 	C:\WINDOWS\System32\COMDLG32.dll
0x00007fffe37f0000 - 0x00007fffe37fc000 	C:\WINDOWS\SYSTEM32\Secur32.dll
0x00007fffe8e40000 - 0x00007fffe8e58000 	C:\WINDOWS\SYSTEM32\NETAPI32.dll
0x00007fffca780000 - 0x00007fffca7e6000 	C:\WINDOWS\SYSTEM32\OLEACC.dll
0x00007fffc6c30000 - 0x00007fffc6f26000 	C:\WINDOWS\SYSTEM32\UIAutomationCore.DLL
0x00007fffebd60000 - 0x00007fffebd74000 	C:\WINDOWS\SYSTEM32\WTSAPI32.dll
0x00007fffed720000 - 0x00007fffed72d000 	C:\WINDOWS\SYSTEM32\HID.DLL
0x00007fffea320000 - 0x00007fffea417000 	C:\WINDOWS\SYSTEM32\PROPSYS.dll
0x00007fffec290000 - 0x00007fffec50f000 	C:\WINDOWS\SYSTEM32\DWrite.dll
0x00007fffed530000 - 0x00007fffed714000 	C:\WINDOWS\SYSTEM32\dbghelp.dll
0x00007fffe7f20000 - 0x00007fffe7fae000 	C:\WINDOWS\SYSTEM32\WINSPOOL.DRV
0x00007fffdb880000 - 0x00007fffdb899000 	C:\WINDOWS\SYSTEM32\USP10.dll
0x00007fffcd890000 - 0x00007fffcd8a1000 	C:\WINDOWS\SYSTEM32\credui.dll
0x00007fffdb610000 - 0x00007fffdb634000 	C:\WINDOWS\SYSTEM32\dxva2.dll
0x00007fffed730000 - 0x00007fffed994000 	C:\WINDOWS\SYSTEM32\d3d11.dll
0x00007fffe41c0000 - 0x00007fffe43ae000 	C:\WINDOWS\SYSTEM32\urlmon.dll
0x00007fffef2f0000 - 0x00007fffef317000 	C:\WINDOWS\SYSTEM32\ncrypt.dll
0x00007fffde960000 - 0x00007fffde9b1000 	C:\WINDOWS\SYSTEM32\CRYPTUI.dll
0x00007fffdc890000 - 0x00007fffdcd6a000 	C:\WINDOWS\SYSTEM32\WININET.dll
0x00007fffdc380000 - 0x00007fffdc6b6000 	C:\WINDOWS\SYSTEM32\ESENT.dll
0x00007fffdbc70000 - 0x00007fffdbf20000 	C:\WINDOWS\SYSTEM32\iertutil.dll
0x00007fffef7d0000 - 0x00007fffef80c000 	C:\WINDOWS\SYSTEM32\SSPICLI.DLL
0x00007fffeee00000 - 0x00007fffeee0c000 	C:\WINDOWS\SYSTEM32\NETUTILS.DLL
0x00007fffeea30000 - 0x00007fffeea47000 	C:\WINDOWS\SYSTEM32\WKSCLI.DLL
0x00007fffe39e0000 - 0x00007fffe39f9000 	C:\WINDOWS\SYSTEM32\SAMCLI.DLL
0x00007fffef400000 - 0x00007fffef412000 	C:\WINDOWS\SYSTEM32\MSASN1.dll
0x00007fffef2b0000 - 0x00007fffef2eb000 	C:\WINDOWS\SYSTEM32\NTASN1.dll
0x00007fffb6cf0000 - 0x00007fffb6e29000 	C:\Users\Ddyer\.codenameone\cef\lib\win64\jcef.dll
0x00007fffef640000 - 0x00007fffef64a000 	C:\WINDOWS\SYSTEM32\DPAPI.dll
0x00007fffe9050000 - 0x00007fffe906d000 	C:\WINDOWS\system32\NLAapi.dll
0x00007ffff0540000 - 0x00007ffff05e9000 	C:\WINDOWS\System32\clbcatq.dll
0x00007fffed9a0000 - 0x00007fffed9c3000 	C:\WINDOWS\SYSTEM32\gpapi.dll
0x00007fffef5c0000 - 0x00007fffef61a000 	C:\WINDOWS\SYSTEM32\WINSTA.dll
0x00007fffe8c40000 - 0x00007fffe8cc5000 	C:\WINDOWS\System32\MMDevApi.dll
0x00007fffef650000 - 0x00007fffef67c000 	C:\WINDOWS\System32\DEVOBJ.dll
0x00007fffefdf0000 - 0x00007fffefe3e000 	C:\WINDOWS\System32\cfgmgr32.dll
0x00007fffd8390000 - 0x00007fffd84d1000 	C:\Windows\System32\Windows.UI.dll
0x00007fffd6530000 - 0x00007fffd6682000 	C:\Windows\System32\InputHost.dll

VM Arguments:
jvm_args: -agentlib:jdwp=transport=dt_socket,suspend=y,address=localhost:60613 -Dfile.encoding=Cp1252 
java_command: com.codename1.impl.javase.Simulator dev.boardspace.Develop
java_class_path (initial): G:\share\projects\eclipse\boardspace-cn2\JavaSE.jar;G:\share\projects\eclipse\boardspace-cn2\bin;G:\share\projects\eclipse\boardspace-cn2\lib\CLDC11.jar;G:\share\projects\eclipse\boardspace-cn2\lib\CodenameOne.jar;G:\share\projects\eclipse\boardspace-cn2\lib\impl\cls;G:\share\projects\eclipse\boardspace-cn2\lib\impl\stubs;G:\share\projects\eclipse\boardspace-cn2\jmf-2.1.1e.jar;G:\share\projects\eclipse\boardspace-cn2\native\internal_tmp
Launcher Type: SUN_STANDARD

Logging:
Log output configuration:
#0: stdout all=warning uptime,level,tags
#1: stderr all=off uptime,level,tags

Environment Variables:
JAVA_HOME=C:\program files\java\jdk1.8.0_71\
PATH=C:/Program Files/Java/jre1.8.0_144/bin/server;C:/Program Files/Java/jre1.8.0_144/bin;C:/Program Files/Java/jre1.8.0_144/lib/amd64;C:\Program Files (x86)\Common Files\Oracle\Java\javapath;C:\ProgramData\Oracle\Java\javapath;C:\Program Files\java\jdk1.8.0_71\bin;C:\Perl64\site\bin;C:\Perl64\bin;C:\Program Files\Common Files\Microsoft Shared\Windows Live;C:\Program Files (x86)\Common Files\Microsoft Shared\Windows Live;C:\Program Files (x86)\AMD APP\bin\x86_64;C:\Program Files (x86)\AMD APP\bin\x86;C:\WINDOWS\system32;C:\WINDOWS;C:\WINDOWS\System32\Wbem;C:\WINDOWS\System32\WindowsPowerShell\v1.0\;C:\Program Files (x86)\ATI Technologies\ATI.ACE\Core-Static;C:\Program Files (x86)\Windows Live\Shared;f:\rktools\bin;c:\Program Files (x86)\Microsoft SQL Server\100\Tools\Binn\;c:\Program Files\Microsoft SQL Server\100\Tools\Binn\;c:\Program Files\Microsoft SQL Server\100\DTS\Binn\;C:\Program Files\Microsoft\Web Platform Installer\;C:\Program Files (x86)\Microsoft ASP.NET\ASP.NET Web Pages\v1.0\;C:\Program Files\Microsoft SQL Server\110\Tools\Binn\;C:\Program Files (x86)\Gow\bin;C:\Program Files (x86)\Git\cmd;C:\Program Files\Emscript;C:\Program Files (x86)\AOMEI Backupper;C:\Program Files (x86)\Windows Kits\10\Windows Performance Toolkit\;C:\WINDOWS\System32\OpenSSH\;C:\WINDOWS\system32;C:\WINDOWS;C:\WINDOWS\System32\Wbem;C:\WINDOWS\System32\WindowsPowerShell\v1.0\;C:\WINDOWS\System32\OpenSSH\;C:\Program Files\Git\cmd;C:\Program Files\PuTTY\;C:\Program Files (x86)\CVSNT\;C:\Program Files (x86)\SSH Communications Security\SSH Secure Shell;c:\java\run\;C:\Program Files\MySQL\MySQL Server 5.6\bin;C:\java\apache-maven-3.5.2\bin;C:\Users\Ddyer\AppData\Local\Microsoft\WindowsApps;c:\mingw\bin;C:\Users\Ddyer\AppData\Local\GitHubDesktop\bin;c:\Programs\apache-ant-1.10.7\bin\;;%USERPROFILE%\AppData\Local\Microsoft\WindowsApps;C:\Users\Ddyer\eclipse\java-oxygen\eclipse;
USERNAME=Ddyer
OS=Windows_NT
PROCESSOR_IDENTIFIER=Intel64 Family 6 Model 58 Stepping 9, GenuineIntel



---------------  S Y S T E M  ---------------

OS: Windows 10 , 64 bit Build 19041 (10.0.19041.804)

CPU:total 8 (initial active 8) (4 cores per cpu, 2 threads per core) family 6 model 58 stepping 9, cmov, cx8, fxsr, mmx, sse, sse2, sse3, ssse3, sse4.1, sse4.2, popcnt, avx, aes, clmul, erms, ht, tsc, tscinvbit, tscinv

Memory: 4k page, physical 16733600k(7379240k free), swap 33510816k(20868412k free)

vm_info: Java HotSpot(TM) 64-Bit Server VM (9.0.1+11) for windows-amd64 JRE (9.0.1+11), built on Sep 28 2017 04:54:03 by "mach5one" with MS VC++ 12.0 (VS2013)

END.
