#
# A fatal error has been detected by the Java Runtime Environment:
#
#  EXCEPTION_ACCESS_VIOLATION (0xc0000005) at pc=0x00000000505dbd50, pid=13560, tid=17600
#
# JRE version: Java(TM) SE Runtime Environment (9.0+11) (build 9.0.1+11)
# Java VM: Java HotSpot(TM) 64-Bit Server VM (9.0.1+11, mixed mode, tiered, compressed oops, g1 gc, windows-amd64)
# Problematic frame:
# V  [jvm.dll+0x32bd50]
#
# No core dump will be written. Minidumps are not enabled by default on client versions of Windows
#
# If you would like to submit a bug report, please visit:
#   http://bugreport.java.com/bugreport/crash.jsp
#

---------------  S U M M A R Y ------------

Command Line: -agentlib:jdwp=transport=dt_socket,suspend=y,address=localhost:62153 -javaagent:C:\Users\Ddyer\eclipse\java-2021-03\eclipse\configuration\org.eclipse.osgi\222\0\.cp\lib\javaagent-shaded.jar -Dfile.encoding=Cp1252 com.codename1.impl.javase.Simulator dev.boardspace.Develop

Host: Intel(R) Core(TM) i7-3770 CPU @ 3.40GHz, 8 cores, 15G,  Windows 10 , 64 bit Build 19041 (10.0.19041.804)
Time: Sat Apr 03 16:53:04 2021 Pacific Daylight Time elapsed time: 4272 seconds (0d 1h 11m 12s)

---------------  T H R E A D  ---------------

Current thread (0x00000177c3c28000):  VMThread "VM Thread" [stack: 0x00000008ada00000,0x00000008adb00000] [id=17600]

Stack: [0x00000008ada00000,0x00000008adb00000],  sp=0x00000008adafe9f0,  free space=1018k
Native frames: (J=compiled Java code, j=interpreted, Vv=VM code, C=native code)
V  [jvm.dll+0x32bd50]
V  [jvm.dll+0x327708]
V  [jvm.dll+0x34200f]
V  [jvm.dll+0x34522d]
V  [jvm.dll+0x2968e0]
V  [jvm.dll+0x2969d9]
V  [jvm.dll+0x2f8671]
V  [jvm.dll+0x2f75d8]
V  [jvm.dll+0x2f4d89]
V  [jvm.dll+0x2f654e]
V  [jvm.dll+0x2f3d05]
V  [jvm.dll+0x2f3173]
V  [jvm.dll+0x57845f]
V  [jvm.dll+0x57876c]
V  [jvm.dll+0x578e80]
V  [jvm.dll+0x546f8a]
V  [jvm.dll+0x465261]
V  [jvm.dll+0x6a34eb]
V  [jvm.dll+0x6a1c85]
V  [jvm.dll+0x6a2461]
V  [jvm.dll+0x6a274c]
V  [jvm.dll+0x5864e0]
C  [msvcr120.dll+0x24f7f]
C  [msvcr120.dll+0x25126]
C  [KERNEL32.DLL+0x17034]
C  [ntdll.dll+0x52651]


siginfo: EXCEPTION_ACCESS_VIOLATION (0xc0000005), reading address 0xffffffffffffffff


Register to memory mapping:

RIP=0x00000000505dbd50 jvm.dll
RAX=0x67656c6c492f676e is an unknown value
RBX=0x00000177c3c28000 is an unknown value
RCX=0x00000007c00016d0 is pointing into metadata
RDX=0x67656c6c492f676e is an unknown value
RSP=0x00000008adafe9f0 is an unknown value
RBP=0x0000000000000003 is an unknown value
RSI=0x00000008adafeab0 is an unknown value
RDI=0x0000000000000000 is an unknown value
R8 =0x00000177c3c28000 is an unknown value
R9 =0x67656c6c492f676e is an unknown value
R10=0x0000000000000073 is an unknown value
R11=0x0000000000000073 is an unknown value
R12=0x000000000000002c is an unknown value
R13=0x0000000000000000 is an unknown value
R14=0x0000000000000059 is an unknown value
R15=0x0000000000000001 is an unknown value


Registers:
RAX=0x67656c6c492f676e, RBX=0x00000177c3c28000, RCX=0x00000007c00016d0, RDX=0x67656c6c492f676e
RSP=0x00000008adafe9f0, RBP=0x0000000000000003, RSI=0x00000008adafeab0, RDI=0x0000000000000000
R8 =0x00000177c3c28000, R9 =0x67656c6c492f676e, R10=0x0000000000000073, R11=0x0000000000000073
R12=0x000000000000002c, R13=0x0000000000000000, R14=0x0000000000000059, R15=0x0000000000000001
RIP=0x00000000505dbd50, EFLAGS=0x0000000000010246

Top of Stack: (sp=0x00000008adafe9f0)
0x00000008adafe9f0:   00000007c00016d0 0000017700000007
0x00000008adafea00:   00000008adaff120 00000177c3c28000
0x00000008adafea10:   0000000000000000 00000000505d7708
0x00000008adafea20:   00000007c00016d0 00000177c3c28000
0x00000008adafea30:   00000008adafeab0 00000177c3c28000
0x00000008adafea40:   00000008adafeb20 00000000505f200f
0x00000008adafea50:   00000177c3c28000 4fffffff4fffffff
0x00000008adafea60:   4fffffff4fffffff 4fffffff4fffffff
0x00000008adafea70:   0000000050c066ec 00000177c3ae4510
0x00000008adafea80:   00000008adafeb20 00000000505f522d
0x00000008adafea90:   00000008adafeab0 00000008adafec80
0x00000008adafeaa0:   0000000000000059 00000008adaff080
0x00000008adafeab0:   4fffffff4fffffff 2fffffff4fffffff
0x00000008adafeac0:   00000177c3c28000 00000008adafec80
0x00000008adafead0:   0000000000000000 00000000505468e0
0x00000008adafeae0:   00000008adafec70 0000000000000001 

Instructions: (pc=0x00000000505dbd50)
0x00000000505dbd30:   8b d8 e8 c9 89 d8 ff 48 83 7b 08 00 4c 8b c8 74
0x00000000505dbd40:   04 33 ff eb 23 80 3d c9 ac 62 00 00 74 05 33 ff
0x00000000505dbd50:   89 78 0c 48 8d 4d fe 48 8d 78 10 48 85 c9 74 05
0x00000000505dbd60:   33 c0 f3 48 ab 49 8b f9 48 83 7b 08 00 48 8b 74 


VM_Operation (0x00000008ae5ff070): GetOrSetLocal, mode: safepoint, requested by thread 0x00000177c469c000


---------------  P R O C E S S  ---------------

Java Threads: ( => current thread )
  0x00000177c4f35800 JavaThread "online.game.Game" [_thread_blocked, id=4116, stack(0x00000008b0100000,0x00000008b0200000)]
  0x00000177c4f35000 JavaThread "file selector" [_thread_blocked, id=11320, stack(0x00000008ac400000,0x00000008ac500000)]
  0x00000177c4f37000 JavaThread "TimerQueue" daemon [_thread_blocked, id=11168, stack(0x00000008b1800000,0x00000008b1900000)]
  0x00000177c4f38000 JavaThread "RA thread" [_thread_blocked, id=2896, stack(0x00000008b0000000,0x00000008b0100000)]
  0x00000177c4f32000 JavaThread "invokeAndBlock1" [_thread_blocked, id=12348, stack(0x00000008b0400000,0x00000008b0500000)]
  0x00000177c4f34000 JavaThread "Network Thread" [_thread_blocked, id=3488, stack(0x00000008b0300000,0x00000008b0400000)]
  0x00000177c5043800 JavaThread "launcher" [_thread_blocked, id=3380, stack(0x00000008aff00000,0x00000008b0000000)]
  0x00000177c676d800 JavaThread "Thread-4" [_thread_blocked, id=10416, stack(0x00000008afc00000,0x00000008afd00000)]
  0x00000177c44e2000 JavaThread "D3D Screen Updater" daemon [_thread_blocked, id=9124, stack(0x00000008afe00000,0x00000008aff00000)]
  0x00000177c8aa8000 JavaThread "EDT" [_thread_blocked, id=19208, stack(0x00000008afd00000,0x00000008afe00000)]
  0x000001779b4c6000 JavaThread "DestroyJavaVM" [_thread_blocked, id=20012, stack(0x00000008ac500000,0x00000008ac600000)]
  0x00000177c5246800 JavaThread "Thread-3" [_thread_blocked, id=1092, stack(0x00000008aee00000,0x00000008aef00000)]
  0x00000177c5246000 JavaThread "AWT-EventQueue-0" [_thread_blocked, id=16660, stack(0x00000008aed00000,0x00000008aee00000)]
  0x00000177c4f90800 JavaThread "AWT-Windows" daemon [_thread_in_native, id=7668, stack(0x00000008aec00000,0x00000008aed00000)]
  0x00000177c547a000 JavaThread "AWT-Shutdown" [_thread_blocked, id=15928, stack(0x00000008aeb00000,0x00000008aec00000)]
  0x00000177c544f000 JavaThread "Java2D Disposer" daemon [_thread_blocked, id=15744, stack(0x00000008aea00000,0x00000008aeb00000)]
  0x00000177c4802000 JavaThread "Service Thread" daemon [_thread_blocked, id=18116, stack(0x00000008ae800000,0x00000008ae900000)]
  0x00000177c46a0000 JavaThread "JDWP Command Reader" daemon [_thread_in_native, id=7460, stack(0x00000008ae700000,0x00000008ae800000)]
  0x00000177c469f000 JavaThread "JDWP Event Helper Thread" daemon [_thread_blocked, id=4068, stack(0x00000008ae600000,0x00000008ae700000)]
  0x00000177c469c000 JavaThread "JDWP Transport Listener: dt_socket" daemon [_thread_blocked, id=2332, stack(0x00000008ae500000,0x00000008ae600000)]
  0x00000177c4571000 JavaThread "Common-Cleaner" daemon [_thread_blocked, id=15860, stack(0x00000008ae400000,0x00000008ae500000)]
  0x00000177c44dd800 JavaThread "Sweeper thread" daemon [_thread_blocked, id=16912, stack(0x00000008ae300000,0x00000008ae400000)]
  0x00000177c44b3800 JavaThread "C1 CompilerThread3" daemon [_thread_blocked, id=6456, stack(0x00000008ae200000,0x00000008ae300000)]
  0x00000177c44a1000 JavaThread "C2 CompilerThread2" daemon [_thread_blocked, id=9504, stack(0x00000008ae100000,0x00000008ae200000)]
  0x00000177c449d000 JavaThread "C2 CompilerThread1" daemon [_thread_blocked, id=8880, stack(0x00000008ae000000,0x00000008ae100000)]
  0x00000177c449c000 JavaThread "C2 CompilerThread0" daemon [_thread_blocked, id=1632, stack(0x00000008adf00000,0x00000008ae000000)]
  0x00000177c4497800 JavaThread "Attach Listener" daemon [_thread_blocked, id=19624, stack(0x00000008ade00000,0x00000008adf00000)]
  0x00000177c3c3e000 JavaThread "Signal Dispatcher" daemon [_thread_blocked, id=3036, stack(0x00000008add00000,0x00000008ade00000)]
  0x00000177c444a000 JavaThread "Finalizer" daemon [_thread_blocked, id=19420, stack(0x00000008adc00000,0x00000008add00000)]
  0x00000177c4441800 JavaThread "Reference Handler" daemon [_thread_blocked, id=7276, stack(0x00000008adb00000,0x00000008adc00000)]

Other Threads:
=>0x00000177c3c28000 VMThread "VM Thread" [stack: 0x00000008ada00000,0x00000008adb00000] [id=17600]
  0x00000177c4e8c800 WatcherThread [stack: 0x00000008ae900000,0x00000008aea00000] [id=17304]
  0x000001779b4df000 GCTaskThread "GC Thread#0" [stack: 0x00000008ac600000,0x00000008ac700000] [id=19492]
  0x000001779b4e0800 GCTaskThread "GC Thread#1" [stack: 0x00000008ac700000,0x00000008ac800000] [id=19140]
  0x000001779b4e2800 GCTaskThread "GC Thread#2" [stack: 0x00000008ac800000,0x00000008ac900000] [id=16260]
  0x000001779b4f1800 GCTaskThread "GC Thread#3" [stack: 0x00000008ac900000,0x00000008aca00000] [id=1080]
  0x000001779b4f7800 GCTaskThread "GC Thread#4" [stack: 0x00000008aca00000,0x00000008acb00000] [id=19764]
  0x000001779b4fa000 GCTaskThread "GC Thread#5" [stack: 0x00000008acb00000,0x00000008acc00000] [id=17192]
  0x000001779b4fb000 GCTaskThread "GC Thread#6" [stack: 0x00000008acc00000,0x00000008acd00000] [id=9676]
  0x000001779b4fc000 GCTaskThread "GC Thread#7" [stack: 0x00000008acd00000,0x00000008ace00000] [id=3692]
  0x000001779b55c800 ConcurrentGCThread "G1 Main Marker" [stack: 0x00000008ad700000,0x00000008ad800000] [id=16584]
  0x000001779b55e000 ConcurrentGCThread "G1 Marker#0" [stack: 0x00000008ad800000,0x00000008ad900000] [id=13572]
  0x000001779b55e800 ConcurrentGCThread "G1 Marker#1" [stack: 0x00000008ad900000,0x00000008ada00000] [id=12756]
  0x000001779b514800 ConcurrentGCThread "G1 Refine#0" [stack: 0x00000008ad500000,0x00000008ad600000] [id=7108]
  0x000001779b513800 ConcurrentGCThread "G1 Refine#1" [stack: 0x00000008ad400000,0x00000008ad500000] [id=3888]
  0x000001779b510800 ConcurrentGCThread "G1 Refine#2" [stack: 0x00000008ad300000,0x00000008ad400000] [id=18444]
  0x000001779b50f800 ConcurrentGCThread "G1 Refine#3" [stack: 0x00000008ad200000,0x00000008ad300000] [id=17036]
  0x000001779b505800 ConcurrentGCThread "G1 Refine#4" [stack: 0x00000008ad100000,0x00000008ad200000] [id=18832]
  0x000001779b500800 ConcurrentGCThread "G1 Refine#5" [stack: 0x00000008ad000000,0x00000008ad100000] [id=19804]
  0x000001779b4ff800 ConcurrentGCThread "G1 Refine#6" [stack: 0x00000008acf00000,0x00000008ad000000] [id=15328]
  0x000001779b4fe800 ConcurrentGCThread "G1 Refine#7" [stack: 0x00000008ace00000,0x00000008acf00000] [id=10848]
  0x000001779b516800 ConcurrentGCThread "G1 Young RemSet Sampling" [stack: 0x00000008ad600000,0x00000008ad700000] [id=7988]

Threads with active compile tasks:

VM state:at safepoint (normal execution)

VM Mutex/Monitor currently owned by a thread:  ([mutex/lock_event])
[0x000001779b4c4de0] Threads_lock - owner thread: 0x00000177c3c28000

Heap address: 0x00000006c0a00000, size: 4086 MB, Compressed Oops mode: Zero based, Oop shift amount: 3
Narrow klass base: 0x0000000000000000, Narrow klass shift: 3
Compressed class space size: 1073741824 Address: 0x00000007c0000000

Heap:
 garbage-first heap   total 262144K, used 93226K [0x00000006c0a00000, 0x00000006c0b00800, 0x00000007c0000000)
  region size 1024K, 42 young (43008K), 4 survivors (4096K)
 Metaspace       used 39726K, capacity 40856K, committed 41216K, reserved 1085440K
  class space    used 4288K, capacity 4557K, committed 4608K, reserved 1048576K
Heap Regions: E=young(eden), S=young(survivor), O=old, HS=humongous(starts), HC=humongous(continues), CS=collection set, F=free, A=archive, TS=gc time stamp, AC=allocation context, TAMS=top-at-mark-start (previous, next)
|   0|0x00000006c0a00000, 0x00000006c0b00000, 0x00000006c0b00000|100%| O|  |TS  0|AC  0|TAMS 0x00000006c0b00000, 0x00000006c0b00000|
|   1|0x00000006c0b00000, 0x00000006c0c00000, 0x00000006c0c00000|100%| O|  |TS  0|AC  0|TAMS 0x00000006c0c00000, 0x00000006c0c00000|
|   2|0x00000006c0c00000, 0x00000006c0d00000, 0x00000006c0d00000|100%| O|  |TS  0|AC  0|TAMS 0x00000006c0d00000, 0x00000006c0d00000|
|   3|0x00000006c0d00000, 0x00000006c0e00000, 0x00000006c0e00000|100%| O|  |TS  0|AC  0|TAMS 0x00000006c0e00000, 0x00000006c0e00000|
|   4|0x00000006c0e00000, 0x00000006c0f00000, 0x00000006c0f00000|100%| O|  |TS  0|AC  0|TAMS 0x00000006c0f00000, 0x00000006c0f00000|
|   5|0x00000006c0f00000, 0x00000006c1000000, 0x00000006c1000000|100%| O|  |TS  0|AC  0|TAMS 0x00000006c1000000, 0x00000006c1000000|
|   6|0x00000006c1000000, 0x00000006c1100000, 0x00000006c1100000|100%| O|  |TS  0|AC  0|TAMS 0x00000006c1100000, 0x00000006c1100000|
|   7|0x00000006c1100000, 0x00000006c1200000, 0x00000006c1200000|100%| O|  |TS  0|AC  0|TAMS 0x00000006c1200000, 0x00000006c1200000|
|   8|0x00000006c1200000, 0x00000006c1300000, 0x00000006c1300000|100%|HS|  |TS  0|AC  0|TAMS 0x00000006c1300000, 0x00000006c1300000|
|   9|0x00000006c1300000, 0x00000006c1400000, 0x00000006c1400000|100%|HC|  |TS  0|AC  0|TAMS 0x00000006c1400000, 0x00000006c1400000|
|  10|0x00000006c1400000, 0x00000006c1500000, 0x00000006c1500000|100%|HC|  |TS  0|AC  0|TAMS 0x00000006c1500000, 0x00000006c1500000|
|  11|0x00000006c1500000, 0x00000006c1600000, 0x00000006c1600000|100%|HC|  |TS  0|AC  0|TAMS 0x00000006c1600000, 0x00000006c1600000|
|  12|0x00000006c1600000, 0x00000006c1700000, 0x00000006c1700000|100%| O|  |TS  0|AC  0|TAMS 0x00000006c1700000, 0x00000006c1700000|
|  13|0x00000006c1700000, 0x00000006c1800000, 0x00000006c1800000|100%| O|  |TS  0|AC  0|TAMS 0x00000006c1800000, 0x00000006c1800000|
|  14|0x00000006c1800000, 0x00000006c1900000, 0x00000006c1900000|100%| O|  |TS  0|AC  0|TAMS 0x00000006c1900000, 0x00000006c1900000|
|  15|0x00000006c1900000, 0x00000006c1a00000, 0x00000006c1a00000|100%| O|  |TS  0|AC  0|TAMS 0x00000006c1a00000, 0x00000006c1a00000|
|  16|0x00000006c1a00000, 0x00000006c1b00000, 0x00000006c1b00000|100%| O|  |TS  0|AC  0|TAMS 0x00000006c1b00000, 0x00000006c1b00000|
|  17|0x00000006c1b00000, 0x00000006c1c00000, 0x00000006c1c00000|100%|HS|  |TS  0|AC  0|TAMS 0x00000006c1b00000, 0x00000006c1b00000|
|  18|0x00000006c1c00000, 0x00000006c1d00000, 0x00000006c1d00000|100%| O|  |TS  0|AC  0|TAMS 0x00000006c1d00000, 0x00000006c1d00000|
|  19|0x00000006c1d00000, 0x00000006c1e00000, 0x00000006c1e00000|100%| O|  |TS  0|AC  0|TAMS 0x00000006c1e00000, 0x00000006c1e00000|
|  20|0x00000006c1e00000, 0x00000006c1f00000, 0x00000006c1f00000|100%| O|  |TS  0|AC  0|TAMS 0x00000006c1f00000, 0x00000006c1f00000|
|  21|0x00000006c1f00000, 0x00000006c2000000, 0x00000006c2000000|100%| O|  |TS  0|AC  0|TAMS 0x00000006c2000000, 0x00000006c2000000|
|  22|0x00000006c2000000, 0x00000006c2100000, 0x00000006c2100000|100%| O|  |TS  0|AC  0|TAMS 0x00000006c2100000, 0x00000006c2100000|
|  23|0x00000006c2100000, 0x00000006c2200000, 0x00000006c2200000|100%| O|  |TS  0|AC  0|TAMS 0x00000006c2200000, 0x00000006c2200000|
|  24|0x00000006c2200000, 0x00000006c2300000, 0x00000006c2300000|100%| O|  |TS  0|AC  0|TAMS 0x00000006c2300000, 0x00000006c2300000|
|  25|0x00000006c2300000, 0x00000006c2400000, 0x00000006c2400000|100%| O|  |TS 29|AC  0|TAMS 0x00000006c236f800, 0x00000006c236f800|
|  26|0x00000006c2400000, 0x00000006c2500000, 0x00000006c2500000|100%|HS|  |TS  0|AC  0|TAMS 0x00000006c2400000, 0x00000006c2400000|
|  27|0x00000006c2500000, 0x00000006c2600000, 0x00000006c2600000|100%|HC|  |TS  0|AC  0|TAMS 0x00000006c2500000, 0x00000006c2500000|
|  28|0x00000006c2600000, 0x00000006c2700000, 0x00000006c2700000|100%|HC|  |TS  0|AC  0|TAMS 0x00000006c2600000, 0x00000006c2600000|
|  29|0x00000006c2700000, 0x00000006c2800000, 0x00000006c2800000|100%| O|  |TS 29|AC  0|TAMS 0x00000006c2700000, 0x00000006c2700000|
|  30|0x00000006c2800000, 0x00000006c2900000, 0x00000006c2900000|100%| O|  |TS 31|AC  0|TAMS 0x00000006c2800000, 0x00000006c2800000|
|  31|0x00000006c2900000, 0x00000006c2a00000, 0x00000006c2a00000|100%|HS|  |TS  0|AC  0|TAMS 0x00000006c2900000, 0x00000006c2900000|
|  32|0x00000006c2a00000, 0x00000006c2b00000, 0x00000006c2b00000|100%| O|  |TS 33|AC  0|TAMS 0x00000006c2a00000, 0x00000006c2a00000|
|  33|0x00000006c2b00000, 0x00000006c2c00000, 0x00000006c2c00000|100%| O|  |TS 77|AC  0|TAMS 0x00000006c2b00000, 0x00000006c2b00000|
|  34|0x00000006c2c00000, 0x00000006c2c0aa00, 0x00000006c2d00000|  4%| O|  |TS 77|AC  0|TAMS 0x00000006c2c00000, 0x00000006c2c00000|
|  35|0x00000006c2d00000, 0x00000006c2d00000, 0x00000006c2e00000|  0%| F|  |TS 49|AC  0|TAMS 0x00000006c2d00000, 0x00000006c2d00000|
|  36|0x00000006c2e00000, 0x00000006c2f00000, 0x00000006c2f00000|100%|HS|  |TS 47|AC  0|TAMS 0x00000006c2e00000, 0x00000006c2e00000|
|  37|0x00000006c2f00000, 0x00000006c2f00000, 0x00000006c3000000|  0%| F|  |TS 49|AC  0|TAMS 0x00000006c2f00000, 0x00000006c2f00000|
|  38|0x00000006c3000000, 0x00000006c3000000, 0x00000006c3100000|  0%| F|  |TS 49|AC  0|TAMS 0x00000006c3000000, 0x00000006c3000000|
|  39|0x00000006c3100000, 0x00000006c3100000, 0x00000006c3200000|  0%| F|  |TS 49|AC  0|TAMS 0x00000006c3100000, 0x00000006c3100000|
|  40|0x00000006c3200000, 0x00000006c3200000, 0x00000006c3300000|  0%| F|  |TS 49|AC  0|TAMS 0x00000006c3200000, 0x00000006c3200000|
|  41|0x00000006c3300000, 0x00000006c3300000, 0x00000006c3400000|  0%| F|  |TS 49|AC  0|TAMS 0x00000006c3300000, 0x00000006c3300000|
|  42|0x00000006c3400000, 0x00000006c3400000, 0x00000006c3500000|  0%| F|  |TS 49|AC  0|TAMS 0x00000006c3400000, 0x00000006c3400000|
|  43|0x00000006c3500000, 0x00000006c3500000, 0x00000006c3600000|  0%| F|  |TS 49|AC  0|TAMS 0x00000006c3500000, 0x00000006c3500000|
|  44|0x00000006c3600000, 0x00000006c3600000, 0x00000006c3700000|  0%| F|  |TS 49|AC  0|TAMS 0x00000006c3600000, 0x00000006c3600000|
|  45|0x00000006c3700000, 0x00000006c3700000, 0x00000006c3800000|  0%| F|  |TS 49|AC  0|TAMS 0x00000006c3700000, 0x00000006c3700000|
|  46|0x00000006c3800000, 0x00000006c3800000, 0x00000006c3900000|  0%| F|  |TS 49|AC  0|TAMS 0x00000006c3800000, 0x00000006c3800000|
|  47|0x00000006c3900000, 0x00000006c3900000, 0x00000006c3a00000|  0%| F|  |TS 49|AC  0|TAMS 0x00000006c3900000, 0x00000006c3900000|
|  48|0x00000006c3a00000, 0x00000006c3a00000, 0x00000006c3b00000|  0%| F|  |TS 49|AC  0|TAMS 0x00000006c3a00000, 0x00000006c3a00000|
|  49|0x00000006c3b00000, 0x00000006c3b00000, 0x00000006c3c00000|  0%| F|  |TS 49|AC  0|TAMS 0x00000006c3b00000, 0x00000006c3b00000|
|  50|0x00000006c3c00000, 0x00000006c3c00000, 0x00000006c3d00000|  0%| F|  |TS 49|AC  0|TAMS 0x00000006c3c00000, 0x00000006c3c00000|
|  51|0x00000006c3d00000, 0x00000006c3d00000, 0x00000006c3e00000|  0%| F|  |TS 49|AC  0|TAMS 0x00000006c3d00000, 0x00000006c3d00000|
|  52|0x00000006c3e00000, 0x00000006c3e00000, 0x00000006c3f00000|  0%| F|  |TS 49|AC  0|TAMS 0x00000006c3e00000, 0x00000006c3e00000|
|  53|0x00000006c3f00000, 0x00000006c3f00000, 0x00000006c4000000|  0%| F|  |TS 49|AC  0|TAMS 0x00000006c3f00000, 0x00000006c3f00000|
|  54|0x00000006c4000000, 0x00000006c4100000, 0x00000006c4100000|100%|HS|  |TS  0|AC  0|TAMS 0x00000006c4000000, 0x00000006c4000000|
|  55|0x00000006c4100000, 0x00000006c4100000, 0x00000006c4200000|  0%| F|  |TS 49|AC  0|TAMS 0x00000006c4100000, 0x00000006c4100000|
|  56|0x00000006c4200000, 0x00000006c4300000, 0x00000006c4300000|100%|HS|  |TS  0|AC  0|TAMS 0x00000006c4300000, 0x00000006c4300000|
|  57|0x00000006c4300000, 0x00000006c4300000, 0x00000006c4400000|  0%| F|  |TS 49|AC  0|TAMS 0x00000006c4300000, 0x00000006c4300000|
|  58|0x00000006c4400000, 0x00000006c4400000, 0x00000006c4500000|  0%| F|  |TS 49|AC  0|TAMS 0x00000006c4400000, 0x00000006c4400000|
|  59|0x00000006c4500000, 0x00000006c4500000, 0x00000006c4600000|  0%| F|  |TS 49|AC  0|TAMS 0x00000006c4500000, 0x00000006c4500000|
|  60|0x00000006c4600000, 0x00000006c4600000, 0x00000006c4700000|  0%| F|  |TS 49|AC  0|TAMS 0x00000006c4600000, 0x00000006c4600000|
|  61|0x00000006c4700000, 0x00000006c4700000, 0x00000006c4800000|  0%| F|  |TS 49|AC  0|TAMS 0x00000006c4700000, 0x00000006c4700000|
|  62|0x00000006c4800000, 0x00000006c4900000, 0x00000006c4900000|100%|HS|  |TS  0|AC  0|TAMS 0x00000006c4900000, 0x00000006c4900000|
|  63|0x00000006c4900000, 0x00000006c4900000, 0x00000006c4a00000|  0%| F|  |TS 49|AC  0|TAMS 0x00000006c4900000, 0x00000006c4900000|
|  64|0x00000006c4a00000, 0x00000006c4a00000, 0x00000006c4b00000|  0%| F|  |TS 49|AC  0|TAMS 0x00000006c4a00000, 0x00000006c4a00000|
|  65|0x00000006c4b00000, 0x00000006c4c00000, 0x00000006c4c00000|100%|HS|  |TS  0|AC  0|TAMS 0x00000006c4c00000, 0x00000006c4c00000|
|  66|0x00000006c4c00000, 0x00000006c4d00000, 0x00000006c4d00000|100%|HS|  |TS  0|AC  0|TAMS 0x00000006c4c00000, 0x00000006c4c00000|
|  67|0x00000006c4d00000, 0x00000006c4e00000, 0x00000006c4e00000|100%|HC|  |TS  0|AC  0|TAMS 0x00000006c4d00000, 0x00000006c4d00000|
|  68|0x00000006c4e00000, 0x00000006c4f00000, 0x00000006c4f00000|100%|HC|  |TS  0|AC  0|TAMS 0x00000006c4e00000, 0x00000006c4e00000|
|  69|0x00000006c4f00000, 0x00000006c4f00000, 0x00000006c5000000|  0%| F|  |TS  0|AC  0|TAMS 0x00000006c4f00000, 0x00000006c4f00000|
|  70|0x00000006c5000000, 0x00000006c5100000, 0x00000006c5100000|100%| O|  |TS  0|AC  0|TAMS 0x00000006c5100000, 0x00000006c5100000|
|  71|0x00000006c5100000, 0x00000006c5200000, 0x00000006c5200000|100%| O|  |TS  0|AC  0|TAMS 0x00000006c5200000, 0x00000006c5200000|
|  72|0x00000006c5200000, 0x00000006c5300000, 0x00000006c5300000|100%| O|  |TS  0|AC  0|TAMS 0x00000006c5300000, 0x00000006c5300000|
|  73|0x00000006c5300000, 0x00000006c5400000, 0x00000006c5400000|100%| O|  |TS  0|AC  0|TAMS 0x00000006c5400000, 0x00000006c5400000|
|  74|0x00000006c5400000, 0x00000006c5500000, 0x00000006c5500000|100%| O|  |TS  0|AC  0|TAMS 0x00000006c5500000, 0x00000006c5500000|
|  75|0x00000006c5500000, 0x00000006c5600000, 0x00000006c5600000|100%| O|  |TS  0|AC  0|TAMS 0x00000006c5600000, 0x00000006c5600000|
|  76|0x00000006c5600000, 0x00000006c5700000, 0x00000006c5700000|100%| O|  |TS  0|AC  0|TAMS 0x00000006c5700000, 0x00000006c5700000|
|  77|0x00000006c5700000, 0x00000006c5700000, 0x00000006c5800000|  0%| F|  |TS 51|AC  0|TAMS 0x00000006c5700000, 0x00000006c5700000|
|  78|0x00000006c5800000, 0x00000006c5800000, 0x00000006c5900000|  0%| F|  |TS 51|AC  0|TAMS 0x00000006c5800000, 0x00000006c5800000|
|  79|0x00000006c5900000, 0x00000006c5a00000, 0x00000006c5a00000|100%| O|  |TS  0|AC  0|TAMS 0x00000006c5a00000, 0x00000006c5a00000|
|  80|0x00000006c5a00000, 0x00000006c5a00000, 0x00000006c5b00000|  0%| F|  |TS 49|AC  0|TAMS 0x00000006c5a00000, 0x00000006c5a00000|
|  81|0x00000006c5b00000, 0x00000006c5b00000, 0x00000006c5c00000|  0%| F|  |TS 49|AC  0|TAMS 0x00000006c5b00000, 0x00000006c5b00000|
|  82|0x00000006c5c00000, 0x00000006c5c00000, 0x00000006c5d00000|  0%| F|  |TS 49|AC  0|TAMS 0x00000006c5c00000, 0x00000006c5c00000|
|  83|0x00000006c5d00000, 0x00000006c5d00000, 0x00000006c5e00000|  0%| F|  |TS 49|AC  0|TAMS 0x00000006c5d00000, 0x00000006c5d00000|
|  84|0x00000006c5e00000, 0x00000006c5e00000, 0x00000006c5f00000|  0%| F|  |TS 49|AC  0|TAMS 0x00000006c5e00000, 0x00000006c5e00000|
|  85|0x00000006c5f00000, 0x00000006c5f00000, 0x00000006c6000000|  0%| F|  |TS 49|AC  0|TAMS 0x00000006c5f00000, 0x00000006c5f00000|
|  86|0x00000006c6000000, 0x00000006c6000000, 0x00000006c6100000|  0%| F|  |TS 49|AC  0|TAMS 0x00000006c6000000, 0x00000006c6000000|
|  87|0x00000006c6100000, 0x00000006c6100000, 0x00000006c6200000|  0%| F|  |TS 49|AC  0|TAMS 0x00000006c6100000, 0x00000006c6100000|
|  88|0x00000006c6200000, 0x00000006c6200000, 0x00000006c6300000|  0%| F|  |TS 49|AC  0|TAMS 0x00000006c6200000, 0x00000006c6200000|
|  89|0x00000006c6300000, 0x00000006c6300000, 0x00000006c6400000|  0%| F|  |TS 49|AC  0|TAMS 0x00000006c6300000, 0x00000006c6300000|
|  90|0x00000006c6400000, 0x00000006c6400000, 0x00000006c6500000|  0%| F|  |TS 49|AC  0|TAMS 0x00000006c6400000, 0x00000006c6400000|
|  91|0x00000006c6500000, 0x00000006c6500000, 0x00000006c6600000|  0%| F|  |TS 49|AC  0|TAMS 0x00000006c6500000, 0x00000006c6500000|
|  92|0x00000006c6600000, 0x00000006c6600000, 0x00000006c6700000|  0%| F|  |TS 49|AC  0|TAMS 0x00000006c6600000, 0x00000006c6600000|
|  93|0x00000006c6700000, 0x00000006c6700000, 0x00000006c6800000|  0%| F|  |TS 49|AC  0|TAMS 0x00000006c6700000, 0x00000006c6700000|
|  94|0x00000006c6800000, 0x00000006c6800000, 0x00000006c6900000|  0%| F|  |TS 49|AC  0|TAMS 0x00000006c6800000, 0x00000006c6800000|
|  95|0x00000006c6900000, 0x00000006c6900000, 0x00000006c6a00000|  0%| F|  |TS 49|AC  0|TAMS 0x00000006c6900000, 0x00000006c6900000|
|  96|0x00000006c6a00000, 0x00000006c6a00000, 0x00000006c6b00000|  0%| F|  |TS 49|AC  0|TAMS 0x00000006c6a00000, 0x00000006c6a00000|
|  97|0x00000006c6b00000, 0x00000006c6b00000, 0x00000006c6c00000|  0%| F|  |TS 49|AC  0|TAMS 0x00000006c6b00000, 0x00000006c6b00000|
|  98|0x00000006c6c00000, 0x00000006c6c00000, 0x00000006c6d00000|  0%| F|  |TS 75|AC  0|TAMS 0x00000006c6c00000, 0x00000006c6c00000|
|  99|0x00000006c6d00000, 0x00000006c6e00000, 0x00000006c6e00000|100%| S|CS|TS 77|AC  0|TAMS 0x00000006c6d00000, 0x00000006c6d00000|
| 100|0x00000006c6e00000, 0x00000006c6e00000, 0x00000006c6f00000|  0%| F|  |TS 77|AC  0|TAMS 0x00000006c6e00000, 0x00000006c6e00000|
| 101|0x00000006c6f00000, 0x00000006c6f00000, 0x00000006c7000000|  0%| F|  |TS 77|AC  0|TAMS 0x00000006c6f00000, 0x00000006c6f00000|
| 102|0x00000006c7000000, 0x00000006c7000000, 0x00000006c7100000|  0%| F|  |TS 77|AC  0|TAMS 0x00000006c7000000, 0x00000006c7000000|
| 103|0x00000006c7100000, 0x00000006c7200000, 0x00000006c7200000|100%| S|CS|TS 77|AC  0|TAMS 0x00000006c7100000, 0x00000006c7100000|
| 104|0x00000006c7200000, 0x00000006c7300000, 0x00000006c7300000|100%| S|CS|TS 77|AC  0|TAMS 0x00000006c7200000, 0x00000006c7200000|
| 105|0x00000006c7300000, 0x00000006c7400000, 0x00000006c7400000|100%| S|CS|TS 77|AC  0|TAMS 0x00000006c7300000, 0x00000006c7300000|
| 106|0x00000006c7400000, 0x00000006c7400000, 0x00000006c7500000|  0%| F|  |TS 77|AC  0|TAMS 0x00000006c7400000, 0x00000006c7400000|
| 107|0x00000006c7500000, 0x00000006c7500000, 0x00000006c7600000|  0%| F|  |TS 77|AC  0|TAMS 0x00000006c7500000, 0x00000006c7500000|
| 108|0x00000006c7600000, 0x00000006c7600000, 0x00000006c7700000|  0%| F|  |TS 77|AC  0|TAMS 0x00000006c7600000, 0x00000006c7600000|
| 109|0x00000006c7700000, 0x00000006c7700000, 0x00000006c7800000|  0%| F|  |TS 77|AC  0|TAMS 0x00000006c7700000, 0x00000006c7700000|
| 110|0x00000006c7800000, 0x00000006c7800000, 0x00000006c7900000|  0%| F|  |TS 77|AC  0|TAMS 0x00000006c7800000, 0x00000006c7800000|
| 111|0x00000006c7900000, 0x00000006c7900000, 0x00000006c7a00000|  0%| F|  |TS 77|AC  0|TAMS 0x00000006c7900000, 0x00000006c7900000|
| 112|0x00000006c7a00000, 0x00000006c7a00000, 0x00000006c7b00000|  0%| F|  |TS 77|AC  0|TAMS 0x00000006c7a00000, 0x00000006c7a00000|
| 113|0x00000006c7b00000, 0x00000006c7b00000, 0x00000006c7c00000|  0%| F|  |TS 77|AC  0|TAMS 0x00000006c7b00000, 0x00000006c7b00000|
| 114|0x00000006c7c00000, 0x00000006c7c00000, 0x00000006c7d00000|  0%| F|  |TS 77|AC  0|TAMS 0x00000006c7c00000, 0x00000006c7c00000|
| 115|0x00000006c7d00000, 0x00000006c7d00000, 0x00000006c7e00000|  0%| F|  |TS 77|AC  0|TAMS 0x00000006c7d00000, 0x00000006c7d00000|
| 116|0x00000006c7e00000, 0x00000006c7e00000, 0x00000006c7f00000|  0%| F|  |TS 77|AC  0|TAMS 0x00000006c7e00000, 0x00000006c7e00000|
| 117|0x00000006c7f00000, 0x00000006c7f00000, 0x00000006c8000000|  0%| F|  |TS 77|AC  0|TAMS 0x00000006c7f00000, 0x00000006c7f00000|
| 118|0x00000006c8000000, 0x00000006c8000000, 0x00000006c8100000|  0%| F|  |TS 77|AC  0|TAMS 0x00000006c8000000, 0x00000006c8000000|
| 119|0x00000006c8100000, 0x00000006c8100000, 0x00000006c8200000|  0%| F|  |TS 77|AC  0|TAMS 0x00000006c8100000, 0x00000006c8100000|
| 120|0x00000006c8200000, 0x00000006c8200000, 0x00000006c8300000|  0%| F|  |TS 77|AC  0|TAMS 0x00000006c8200000, 0x00000006c8200000|
| 121|0x00000006c8300000, 0x00000006c8300000, 0x00000006c8400000|  0%| F|  |TS 77|AC  0|TAMS 0x00000006c8300000, 0x00000006c8300000|
| 122|0x00000006c8400000, 0x00000006c8400000, 0x00000006c8500000|  0%| F|  |TS 77|AC  0|TAMS 0x00000006c8400000, 0x00000006c8400000|
| 123|0x00000006c8500000, 0x00000006c8500000, 0x00000006c8600000|  0%| F|  |TS 77|AC  0|TAMS 0x00000006c8500000, 0x00000006c8500000|
| 124|0x00000006c8600000, 0x00000006c8600000, 0x00000006c8700000|  0%| F|  |TS 77|AC  0|TAMS 0x00000006c8600000, 0x00000006c8600000|
| 125|0x00000006c8700000, 0x00000006c8700000, 0x00000006c8800000|  0%| F|  |TS 77|AC  0|TAMS 0x00000006c8700000, 0x00000006c8700000|
| 126|0x00000006c8800000, 0x00000006c8800000, 0x00000006c8900000|  0%| F|  |TS 77|AC  0|TAMS 0x00000006c8800000, 0x00000006c8800000|
| 127|0x00000006c8900000, 0x00000006c8900000, 0x00000006c8a00000|  0%| F|  |TS 77|AC  0|TAMS 0x00000006c8900000, 0x00000006c8900000|
| 128|0x00000006c8a00000, 0x00000006c8a00000, 0x00000006c8b00000|  0%| F|  |TS 77|AC  0|TAMS 0x00000006c8a00000, 0x00000006c8a00000|
| 129|0x00000006c8b00000, 0x00000006c8b00000, 0x00000006c8c00000|  0%| F|  |TS 77|AC  0|TAMS 0x00000006c8b00000, 0x00000006c8b00000|
| 130|0x00000006c8c00000, 0x00000006c8c00000, 0x00000006c8d00000|  0%| F|  |TS 77|AC  0|TAMS 0x00000006c8c00000, 0x00000006c8c00000|
| 131|0x00000006c8d00000, 0x00000006c8d00000, 0x00000006c8e00000|  0%| F|  |TS 77|AC  0|TAMS 0x00000006c8d00000, 0x00000006c8d00000|
| 132|0x00000006c8e00000, 0x00000006c8e00000, 0x00000006c8f00000|  0%| F|  |TS 77|AC  0|TAMS 0x00000006c8e00000, 0x00000006c8e00000|
| 133|0x00000006c8f00000, 0x00000006c8f00000, 0x00000006c9000000|  0%| F|  |TS 77|AC  0|TAMS 0x00000006c8f00000, 0x00000006c8f00000|
| 134|0x00000006c9000000, 0x00000006c9000000, 0x00000006c9100000|  0%| F|  |TS 77|AC  0|TAMS 0x00000006c9000000, 0x00000006c9000000|
| 135|0x00000006c9100000, 0x00000006c9100000, 0x00000006c9200000|  0%| F|  |TS 77|AC  0|TAMS 0x00000006c9100000, 0x00000006c9100000|
| 136|0x00000006c9200000, 0x00000006c9200000, 0x00000006c9300000|  0%| F|  |TS 77|AC  0|TAMS 0x00000006c9200000, 0x00000006c9200000|
| 137|0x00000006c9300000, 0x00000006c9300000, 0x00000006c9400000|  0%| F|  |TS 77|AC  0|TAMS 0x00000006c9300000, 0x00000006c9300000|
| 138|0x00000006c9400000, 0x00000006c9400000, 0x00000006c9500000|  0%| F|  |TS 77|AC  0|TAMS 0x00000006c9400000, 0x00000006c9400000|
| 139|0x00000006c9500000, 0x00000006c9500000, 0x00000006c9600000|  0%| F|  |TS 77|AC  0|TAMS 0x00000006c9500000, 0x00000006c9500000|
| 140|0x00000006c9600000, 0x00000006c9600000, 0x00000006c9700000|  0%| F|  |TS 77|AC  0|TAMS 0x00000006c9600000, 0x00000006c9600000|
| 141|0x00000006c9700000, 0x00000006c9700000, 0x00000006c9800000|  0%| F|  |TS 77|AC  0|TAMS 0x00000006c9700000, 0x00000006c9700000|
| 142|0x00000006c9800000, 0x00000006c9800000, 0x00000006c9900000|  0%| F|  |TS 77|AC  0|TAMS 0x00000006c9800000, 0x00000006c9800000|
| 143|0x00000006c9900000, 0x00000006c9900000, 0x00000006c9a00000|  0%| F|  |TS 77|AC  0|TAMS 0x00000006c9900000, 0x00000006c9900000|
| 144|0x00000006c9a00000, 0x00000006c9a00000, 0x00000006c9b00000|  0%| F|  |TS 77|AC  0|TAMS 0x00000006c9a00000, 0x00000006c9a00000|
| 145|0x00000006c9b00000, 0x00000006c9b00000, 0x00000006c9c00000|  0%| F|  |TS 77|AC  0|TAMS 0x00000006c9b00000, 0x00000006c9b00000|
| 146|0x00000006c9c00000, 0x00000006c9c00000, 0x00000006c9d00000|  0%| F|  |TS 77|AC  0|TAMS 0x00000006c9c00000, 0x00000006c9c00000|
| 147|0x00000006c9d00000, 0x00000006c9d00000, 0x00000006c9e00000|  0%| F|  |TS 77|AC  0|TAMS 0x00000006c9d00000, 0x00000006c9d00000|
| 148|0x00000006c9e00000, 0x00000006c9e00000, 0x00000006c9f00000|  0%| F|  |TS 77|AC  0|TAMS 0x00000006c9e00000, 0x00000006c9e00000|
| 149|0x00000006c9f00000, 0x00000006c9f00000, 0x00000006ca000000|  0%| F|  |TS 77|AC  0|TAMS 0x00000006c9f00000, 0x00000006c9f00000|
| 150|0x00000006ca000000, 0x00000006ca000000, 0x00000006ca100000|  0%| F|  |TS 77|AC  0|TAMS 0x00000006ca000000, 0x00000006ca000000|
| 151|0x00000006ca100000, 0x00000006ca100000, 0x00000006ca200000|  0%| F|  |TS 77|AC  0|TAMS 0x00000006ca100000, 0x00000006ca100000|
| 152|0x00000006ca200000, 0x00000006ca200000, 0x00000006ca300000|  0%| F|  |TS 77|AC  0|TAMS 0x00000006ca200000, 0x00000006ca200000|
| 153|0x00000006ca300000, 0x00000006ca300000, 0x00000006ca400000|  0%| F|  |TS 77|AC  0|TAMS 0x00000006ca300000, 0x00000006ca300000|
| 154|0x00000006ca400000, 0x00000006ca400000, 0x00000006ca500000|  0%| F|  |TS 77|AC  0|TAMS 0x00000006ca400000, 0x00000006ca400000|
| 155|0x00000006ca500000, 0x00000006ca500000, 0x00000006ca600000|  0%| F|  |TS 77|AC  0|TAMS 0x00000006ca500000, 0x00000006ca500000|
| 156|0x00000006ca600000, 0x00000006ca600000, 0x00000006ca700000|  0%| F|  |TS 77|AC  0|TAMS 0x00000006ca600000, 0x00000006ca600000|
| 157|0x00000006ca700000, 0x00000006ca700000, 0x00000006ca800000|  0%| F|  |TS 77|AC  0|TAMS 0x00000006ca700000, 0x00000006ca700000|
| 158|0x00000006ca800000, 0x00000006ca800000, 0x00000006ca900000|  0%| F|  |TS 77|AC  0|TAMS 0x00000006ca800000, 0x00000006ca800000|
| 159|0x00000006ca900000, 0x00000006ca900000, 0x00000006caa00000|  0%| F|  |TS 77|AC  0|TAMS 0x00000006ca900000, 0x00000006ca900000|
| 160|0x00000006caa00000, 0x00000006caa00000, 0x00000006cab00000|  0%| F|  |TS 77|AC  0|TAMS 0x00000006caa00000, 0x00000006caa00000|
| 161|0x00000006cab00000, 0x00000006cab00000, 0x00000006cac00000|  0%| F|  |TS 77|AC  0|TAMS 0x00000006cab00000, 0x00000006cab00000|
| 162|0x00000006cac00000, 0x00000006cac00000, 0x00000006cad00000|  0%| F|  |TS 77|AC  0|TAMS 0x00000006cac00000, 0x00000006cac00000|
| 163|0x00000006cad00000, 0x00000006cad00000, 0x00000006cae00000|  0%| F|  |TS 77|AC  0|TAMS 0x00000006cad00000, 0x00000006cad00000|
| 164|0x00000006cae00000, 0x00000006cae00000, 0x00000006caf00000|  0%| F|  |TS 77|AC  0|TAMS 0x00000006cae00000, 0x00000006cae00000|
| 165|0x00000006caf00000, 0x00000006caf00000, 0x00000006cb000000|  0%| F|  |TS 77|AC  0|TAMS 0x00000006caf00000, 0x00000006caf00000|
| 166|0x00000006cb000000, 0x00000006cb000000, 0x00000006cb100000|  0%| F|  |TS 77|AC  0|TAMS 0x00000006cb000000, 0x00000006cb000000|
| 167|0x00000006cb100000, 0x00000006cb100000, 0x00000006cb200000|  0%| F|  |TS 77|AC  0|TAMS 0x00000006cb100000, 0x00000006cb100000|
| 168|0x00000006cb200000, 0x00000006cb200000, 0x00000006cb300000|  0%| F|  |TS 77|AC  0|TAMS 0x00000006cb200000, 0x00000006cb200000|
| 169|0x00000006cb300000, 0x00000006cb300000, 0x00000006cb400000|  0%| F|  |TS 77|AC  0|TAMS 0x00000006cb300000, 0x00000006cb300000|
| 170|0x00000006cb400000, 0x00000006cb400000, 0x00000006cb500000|  0%| F|  |TS 77|AC  0|TAMS 0x00000006cb400000, 0x00000006cb400000|
| 171|0x00000006cb500000, 0x00000006cb500000, 0x00000006cb600000|  0%| F|  |TS 77|AC  0|TAMS 0x00000006cb500000, 0x00000006cb500000|
| 172|0x00000006cb600000, 0x00000006cb600000, 0x00000006cb700000|  0%| F|  |TS 77|AC  0|TAMS 0x00000006cb600000, 0x00000006cb600000|
| 173|0x00000006cb700000, 0x00000006cb700000, 0x00000006cb800000|  0%| F|  |TS 77|AC  0|TAMS 0x00000006cb700000, 0x00000006cb700000|
| 174|0x00000006cb800000, 0x00000006cb800000, 0x00000006cb900000|  0%| F|  |TS 77|AC  0|TAMS 0x00000006cb800000, 0x00000006cb800000|
| 175|0x00000006cb900000, 0x00000006cb900000, 0x00000006cba00000|  0%| F|  |TS 77|AC  0|TAMS 0x00000006cb900000, 0x00000006cb900000|
| 176|0x00000006cba00000, 0x00000006cba00000, 0x00000006cbb00000|  0%| F|  |TS 77|AC  0|TAMS 0x00000006cba00000, 0x00000006cba00000|
| 177|0x00000006cbb00000, 0x00000006cbb00000, 0x00000006cbc00000|  0%| F|  |TS 77|AC  0|TAMS 0x00000006cbb00000, 0x00000006cbb00000|
| 178|0x00000006cbc00000, 0x00000006cbc00000, 0x00000006cbd00000|  0%| F|  |TS 77|AC  0|TAMS 0x00000006cbc00000, 0x00000006cbc00000|
| 179|0x00000006cbd00000, 0x00000006cbd00000, 0x00000006cbe00000|  0%| F|  |TS 77|AC  0|TAMS 0x00000006cbd00000, 0x00000006cbd00000|
| 180|0x00000006cbe00000, 0x00000006cbe00000, 0x00000006cbf00000|  0%| F|  |TS 77|AC  0|TAMS 0x00000006cbe00000, 0x00000006cbe00000|
| 181|0x00000006cbf00000, 0x00000006cbf00000, 0x00000006cc000000|  0%| F|  |TS 77|AC  0|TAMS 0x00000006cbf00000, 0x00000006cbf00000|
| 182|0x00000006cc000000, 0x00000006cc000000, 0x00000006cc100000|  0%| F|  |TS 77|AC  0|TAMS 0x00000006cc000000, 0x00000006cc000000|
| 183|0x00000006cc100000, 0x00000006cc100000, 0x00000006cc200000|  0%| F|  |TS 77|AC  0|TAMS 0x00000006cc100000, 0x00000006cc100000|
| 184|0x00000006cc200000, 0x00000006cc200000, 0x00000006cc300000|  0%| F|  |TS 77|AC  0|TAMS 0x00000006cc200000, 0x00000006cc200000|
| 185|0x00000006cc300000, 0x00000006cc300000, 0x00000006cc400000|  0%| F|  |TS 77|AC  0|TAMS 0x00000006cc300000, 0x00000006cc300000|
| 186|0x00000006cc400000, 0x00000006cc400000, 0x00000006cc500000|  0%| F|  |TS 77|AC  0|TAMS 0x00000006cc400000, 0x00000006cc400000|
| 187|0x00000006cc500000, 0x00000006cc500000, 0x00000006cc600000|  0%| F|  |TS 77|AC  0|TAMS 0x00000006cc500000, 0x00000006cc500000|
| 188|0x00000006cc600000, 0x00000006cc600000, 0x00000006cc700000|  0%| F|  |TS 77|AC  0|TAMS 0x00000006cc600000, 0x00000006cc600000|
| 189|0x00000006cc700000, 0x00000006cc700000, 0x00000006cc800000|  0%| F|  |TS 77|AC  0|TAMS 0x00000006cc700000, 0x00000006cc700000|
| 190|0x00000006cc800000, 0x00000006cc800000, 0x00000006cc900000|  0%| F|  |TS 77|AC  0|TAMS 0x00000006cc800000, 0x00000006cc800000|
| 191|0x00000006cc900000, 0x00000006cc900000, 0x00000006cca00000|  0%| F|  |TS 77|AC  0|TAMS 0x00000006cc900000, 0x00000006cc900000|
| 192|0x00000006cca00000, 0x00000006cca00000, 0x00000006ccb00000|  0%| F|  |TS 77|AC  0|TAMS 0x00000006cca00000, 0x00000006cca00000|
| 193|0x00000006ccb00000, 0x00000006ccb00000, 0x00000006ccc00000|  0%| F|  |TS 77|AC  0|TAMS 0x00000006ccb00000, 0x00000006ccb00000|
| 194|0x00000006ccc00000, 0x00000006ccc00000, 0x00000006ccd00000|  0%| F|  |TS 77|AC  0|TAMS 0x00000006ccc00000, 0x00000006ccc00000|
| 195|0x00000006ccd00000, 0x00000006ccd00000, 0x00000006cce00000|  0%| F|  |TS 77|AC  0|TAMS 0x00000006ccd00000, 0x00000006ccd00000|
| 196|0x00000006cce00000, 0x00000006cce00000, 0x00000006ccf00000|  0%| F|  |TS 77|AC  0|TAMS 0x00000006cce00000, 0x00000006cce00000|
| 197|0x00000006ccf00000, 0x00000006ccf00000, 0x00000006cd000000|  0%| F|  |TS 77|AC  0|TAMS 0x00000006ccf00000, 0x00000006ccf00000|
| 198|0x00000006cd000000, 0x00000006cd000000, 0x00000006cd100000|  0%| F|  |TS 77|AC  0|TAMS 0x00000006cd000000, 0x00000006cd000000|
| 199|0x00000006cd100000, 0x00000006cd100000, 0x00000006cd200000|  0%| F|  |TS 77|AC  0|TAMS 0x00000006cd100000, 0x00000006cd100000|
| 200|0x00000006cd200000, 0x00000006cd200000, 0x00000006cd300000|  0%| F|  |TS 77|AC  0|TAMS 0x00000006cd200000, 0x00000006cd200000|
| 201|0x00000006cd300000, 0x00000006cd300000, 0x00000006cd400000|  0%| F|  |TS 77|AC  0|TAMS 0x00000006cd300000, 0x00000006cd300000|
| 202|0x00000006cd400000, 0x00000006cd400000, 0x00000006cd500000|  0%| F|  |TS 77|AC  0|TAMS 0x00000006cd400000, 0x00000006cd400000|
| 203|0x00000006cd500000, 0x00000006cd500000, 0x00000006cd600000|  0%| F|  |TS 77|AC  0|TAMS 0x00000006cd500000, 0x00000006cd500000|
| 204|0x00000006cd600000, 0x00000006cd600000, 0x00000006cd700000|  0%| F|  |TS 77|AC  0|TAMS 0x00000006cd600000, 0x00000006cd600000|
| 205|0x00000006cd700000, 0x00000006cd700000, 0x00000006cd800000|  0%| F|  |TS 77|AC  0|TAMS 0x00000006cd700000, 0x00000006cd700000|
| 206|0x00000006cd800000, 0x00000006cd800000, 0x00000006cd900000|  0%| F|  |TS 77|AC  0|TAMS 0x00000006cd800000, 0x00000006cd800000|
| 207|0x00000006cd900000, 0x00000006cd900000, 0x00000006cda00000|  0%| F|  |TS 77|AC  0|TAMS 0x00000006cd900000, 0x00000006cd900000|
| 208|0x00000006cda00000, 0x00000006cda00000, 0x00000006cdb00000|  0%| F|  |TS 77|AC  0|TAMS 0x00000006cda00000, 0x00000006cda00000|
| 209|0x00000006cdb00000, 0x00000006cdb00000, 0x00000006cdc00000|  0%| F|  |TS 77|AC  0|TAMS 0x00000006cdb00000, 0x00000006cdb00000|
| 210|0x00000006cdc00000, 0x00000006cdc00000, 0x00000006cdd00000|  0%| F|  |TS 77|AC  0|TAMS 0x00000006cdc00000, 0x00000006cdc00000|
| 211|0x00000006cdd00000, 0x00000006cdd00000, 0x00000006cde00000|  0%| F|  |TS 77|AC  0|TAMS 0x00000006cdd00000, 0x00000006cdd00000|
| 212|0x00000006cde00000, 0x00000006cde00000, 0x00000006cdf00000|  0%| F|  |TS 77|AC  0|TAMS 0x00000006cde00000, 0x00000006cde00000|
| 213|0x00000006cdf00000, 0x00000006cdf00000, 0x00000006ce000000|  0%| F|  |TS 77|AC  0|TAMS 0x00000006cdf00000, 0x00000006cdf00000|
| 214|0x00000006ce000000, 0x00000006ce000000, 0x00000006ce100000|  0%| F|  |TS 77|AC  0|TAMS 0x00000006ce000000, 0x00000006ce000000|
| 215|0x00000006ce100000, 0x00000006ce100000, 0x00000006ce200000|  0%| F|  |TS 77|AC  0|TAMS 0x00000006ce100000, 0x00000006ce100000|
| 216|0x00000006ce200000, 0x00000006ce200000, 0x00000006ce300000|  0%| F|  |TS 77|AC  0|TAMS 0x00000006ce200000, 0x00000006ce200000|
| 217|0x00000006ce300000, 0x00000006ce300000, 0x00000006ce400000|  0%| F|  |TS 77|AC  0|TAMS 0x00000006ce300000, 0x00000006ce300000|
| 218|0x00000006ce400000, 0x00000006ce49b170, 0x00000006ce500000| 60%| E|  |TS 77|AC  0|TAMS 0x00000006ce400000, 0x00000006ce400000|
| 219|0x00000006ce500000, 0x00000006ce600000, 0x00000006ce600000|100%| E|CS|TS 77|AC  0|TAMS 0x00000006ce500000, 0x00000006ce500000|
| 220|0x00000006ce600000, 0x00000006ce700000, 0x00000006ce700000|100%| E|CS|TS 77|AC  0|TAMS 0x00000006ce600000, 0x00000006ce600000|
| 221|0x00000006ce700000, 0x00000006ce800000, 0x00000006ce800000|100%| E|CS|TS 77|AC  0|TAMS 0x00000006ce700000, 0x00000006ce700000|
| 222|0x00000006ce800000, 0x00000006ce900000, 0x00000006ce900000|100%| E|CS|TS 77|AC  0|TAMS 0x00000006ce800000, 0x00000006ce800000|
| 223|0x00000006ce900000, 0x00000006cea00000, 0x00000006cea00000|100%| E|CS|TS 77|AC  0|TAMS 0x00000006ce900000, 0x00000006ce900000|
| 224|0x00000006cea00000, 0x00000006ceb00000, 0x00000006ceb00000|100%| E|CS|TS 77|AC  0|TAMS 0x00000006cea00000, 0x00000006cea00000|
| 225|0x00000006ceb00000, 0x00000006cec00000, 0x00000006cec00000|100%| E|CS|TS 77|AC  0|TAMS 0x00000006ceb00000, 0x00000006ceb00000|
| 226|0x00000006cec00000, 0x00000006ced00000, 0x00000006ced00000|100%| E|CS|TS 77|AC  0|TAMS 0x00000006cec00000, 0x00000006cec00000|
| 227|0x00000006ced00000, 0x00000006cee00000, 0x00000006cee00000|100%| E|CS|TS 77|AC  0|TAMS 0x00000006ced00000, 0x00000006ced00000|
| 228|0x00000006cee00000, 0x00000006cef00000, 0x00000006cef00000|100%| E|CS|TS 77|AC  0|TAMS 0x00000006cee00000, 0x00000006cee00000|
| 229|0x00000006cef00000, 0x00000006cf000000, 0x00000006cf000000|100%| E|CS|TS 77|AC  0|TAMS 0x00000006cef00000, 0x00000006cef00000|
| 230|0x00000006cf000000, 0x00000006cf100000, 0x00000006cf100000|100%| E|CS|TS 77|AC  0|TAMS 0x00000006cf000000, 0x00000006cf000000|
| 231|0x00000006cf100000, 0x00000006cf200000, 0x00000006cf200000|100%| E|CS|TS 77|AC  0|TAMS 0x00000006cf100000, 0x00000006cf100000|
| 232|0x00000006cf200000, 0x00000006cf300000, 0x00000006cf300000|100%| E|CS|TS 77|AC  0|TAMS 0x00000006cf200000, 0x00000006cf200000|
| 233|0x00000006cf300000, 0x00000006cf400000, 0x00000006cf400000|100%| E|CS|TS 77|AC  0|TAMS 0x00000006cf300000, 0x00000006cf300000|
| 234|0x00000006cf400000, 0x00000006cf500000, 0x00000006cf500000|100%| E|CS|TS 77|AC  0|TAMS 0x00000006cf400000, 0x00000006cf400000|
| 235|0x00000006cf500000, 0x00000006cf600000, 0x00000006cf600000|100%| E|CS|TS 77|AC  0|TAMS 0x00000006cf500000, 0x00000006cf500000|
| 236|0x00000006cf600000, 0x00000006cf700000, 0x00000006cf700000|100%| E|CS|TS 77|AC  0|TAMS 0x00000006cf600000, 0x00000006cf600000|
| 237|0x00000006cf700000, 0x00000006cf800000, 0x00000006cf800000|100%| E|CS|TS 77|AC  0|TAMS 0x00000006cf700000, 0x00000006cf700000|
| 238|0x00000006cf800000, 0x00000006cf900000, 0x00000006cf900000|100%| E|CS|TS 77|AC  0|TAMS 0x00000006cf800000, 0x00000006cf800000|
| 239|0x00000006cf900000, 0x00000006cfa00000, 0x00000006cfa00000|100%| E|CS|TS 77|AC  0|TAMS 0x00000006cf900000, 0x00000006cf900000|
| 240|0x00000006cfa00000, 0x00000006cfb00000, 0x00000006cfb00000|100%| E|CS|TS 77|AC  0|TAMS 0x00000006cfa00000, 0x00000006cfa00000|
| 241|0x00000006cfb00000, 0x00000006cfc00000, 0x00000006cfc00000|100%| E|CS|TS 77|AC  0|TAMS 0x00000006cfb00000, 0x00000006cfb00000|
| 242|0x00000006cfc00000, 0x00000006cfd00000, 0x00000006cfd00000|100%| E|CS|TS 77|AC  0|TAMS 0x00000006cfc00000, 0x00000006cfc00000|
| 243|0x00000006cfd00000, 0x00000006cfe00000, 0x00000006cfe00000|100%| E|CS|TS 77|AC  0|TAMS 0x00000006cfd00000, 0x00000006cfd00000|
| 244|0x00000006cfe00000, 0x00000006cff00000, 0x00000006cff00000|100%| E|CS|TS 77|AC  0|TAMS 0x00000006cfe00000, 0x00000006cfe00000|
| 245|0x00000006cff00000, 0x00000006d0000000, 0x00000006d0000000|100%| E|CS|TS 77|AC  0|TAMS 0x00000006cff00000, 0x00000006cff00000|
| 246|0x00000006d0000000, 0x00000006d0100000, 0x00000006d0100000|100%| E|CS|TS 77|AC  0|TAMS 0x00000006d0000000, 0x00000006d0000000|
| 247|0x00000006d0100000, 0x00000006d0200000, 0x00000006d0200000|100%| E|CS|TS 77|AC  0|TAMS 0x00000006d0100000, 0x00000006d0100000|
| 248|0x00000006d0200000, 0x00000006d0300000, 0x00000006d0300000|100%| E|CS|TS 77|AC  0|TAMS 0x00000006d0200000, 0x00000006d0200000|
| 249|0x00000006d0300000, 0x00000006d0400000, 0x00000006d0400000|100%| E|CS|TS 77|AC  0|TAMS 0x00000006d0300000, 0x00000006d0300000|
| 250|0x00000006d0400000, 0x00000006d0500000, 0x00000006d0500000|100%| E|CS|TS 77|AC  0|TAMS 0x00000006d0400000, 0x00000006d0400000|
| 251|0x00000006d0500000, 0x00000006d0600000, 0x00000006d0600000|100%| E|CS|TS 77|AC  0|TAMS 0x00000006d0500000, 0x00000006d0500000|
| 252|0x00000006d0600000, 0x00000006d0700000, 0x00000006d0700000|100%| E|CS|TS 77|AC  0|TAMS 0x00000006d0600000, 0x00000006d0600000|
| 253|0x00000006d0700000, 0x00000006d0800000, 0x00000006d0800000|100%| E|CS|TS 77|AC  0|TAMS 0x00000006d0700000, 0x00000006d0700000|
| 254|0x00000006d0800000, 0x00000006d0900000, 0x00000006d0900000|100%| E|CS|TS 77|AC  0|TAMS 0x00000006d0800000, 0x00000006d0800000|
| 255|0x00000006d0900000, 0x00000006d0a00000, 0x00000006d0a00000|100%| E|CS|TS 77|AC  0|TAMS 0x00000006d0900000, 0x00000006d0900000|

Card table byte_map: [0x00000177b8000000,0x00000177b8800000] byte_map_base: 0x00000177b49fb000

Marking Bits (Prev, Next): (CMBitMap*) 0x000001779b55bb30, (CMBitMap*) 0x000001779b55bb68
 Prev Bits: [0x00000177b9000000, 0x00000177bcfd8000)
 Next Bits: [0x00000177bcfe0000, 0x00000177c0fb8000)

Polling page: 0x000001779b6c0000

CodeHeap 'non-profiled nmethods': size=120000Kb used=7445Kb max_used=8427Kb free=112555Kb
 bounds [0x00000177af060000, 0x00000177af8a0000, 0x00000177b6590000]
CodeHeap 'profiled nmethods': size=120000Kb used=11993Kb max_used=13214Kb free=108006Kb
 bounds [0x00000177a7b30000, 0x00000177a8840000, 0x00000177af060000]
CodeHeap 'non-nmethods': size=5760Kb used=1484Kb max_used=1579Kb free=4275Kb
 bounds [0x00000177a7590000, 0x00000177a7800000, 0x00000177a7b30000]
 total_blobs=11441 nmethods=5465 adapters=692
 compilation: enabled

Compilation events (10 events):
Event: 4072.777 Thread 0x00000177c44b3800 7289   !   3       java.awt.Component::checkCoalescing (91 bytes)
Event: 4072.778 Thread 0x00000177c44b3800 nmethod 7289 0x00000177a882ce90 code [0x00000177a882d160, 0x00000177a882e730]
Event: 4072.813 Thread 0x00000177c44b3800 7290       3       javax.swing.JComponent::<init> (77 bytes)
Event: 4072.815 Thread 0x00000177c44b3800 nmethod 7290 0x00000177a882ed90 code [0x00000177a882f060, 0x00000177a8830140]
Event: 4072.815 Thread 0x00000177c44b3800 7291       3       javax.swing.UIManager::getUI (43 bytes)
Event: 4072.815 Thread 0x00000177c44b3800 nmethod 7291 0x00000177a8830590 code [0x00000177a88307c0, 0x00000177a8830d20]
Event: 4072.815 Thread 0x00000177c44b3800 7292   !   3       javax.swing.UIManager::maybeInitializeFocusPolicy (59 bytes)
Event: 4072.816 Thread 0x00000177c44b3800 nmethod 7292 0x00000177a8830f90 code [0x00000177a88311e0, 0x00000177a8831ae0]
Event: 4165.452 Thread 0x00000177c44a1000 7293       4       lib.RepaintManager::waitAWhile (112 bytes)
Event: 4165.477 Thread 0x00000177c44a1000 nmethod 7293 0x00000177af26e310 code [0x00000177af26e520, 0x00000177af270a70]

GC Heap History (10 events):
Event: 3120.660 GC heap before
{Heap before GC invocations=41 (full 0):
 garbage-first heap   total 262144K, used 206645K [0x00000006c0a00000, 0x00000006c0b00800, 0x00000007c0000000)
  region size 1024K, 153 young (156672K), 5 survivors (5120K)
 Metaspace       used 39184K, capacity 40280K, committed 40704K, reserved 1085440K
  class space    used 4241K, capacity 4493K, committed 4608K, reserved 1048576K
}
Event: 3120.662 GC heap after
{Heap after GC invocations=42 (full 0):
 garbage-first heap   total 262144K, used 55171K [0x00000006c0a00000, 0x00000006c0b00800, 0x00000007c0000000)
  region size 1024K, 5 young (5120K), 5 survivors (5120K)
 Metaspace       used 39184K, capacity 40280K, committed 40704K, reserved 1085440K
  class space    used 4241K, capacity 4493K, committed 4608K, reserved 1048576K
}
Event: 3362.648 GC heap before
{Heap before GC invocations=42 (full 0):
 garbage-first heap   total 262144K, used 206723K [0x00000006c0a00000, 0x00000006c0b00800, 0x00000007c0000000)
  region size 1024K, 153 young (156672K), 5 survivors (5120K)
 Metaspace       used 39359K, capacity 40504K, committed 40960K, reserved 1085440K
  class space    used 4256K, capacity 4525K, committed 4608K, reserved 1048576K
}
Event: 3362.650 GC heap after
{Heap after GC invocations=43 (full 0):
 garbage-first heap   total 262144K, used 55257K [0x00000006c0a00000, 0x00000006c0b00800, 0x00000007c0000000)
  region size 1024K, 5 young (5120K), 5 survivors (5120K)
 Metaspace       used 39359K, capacity 40504K, committed 40960K, reserved 1085440K
  class space    used 4256K, capacity 4525K, committed 4608K, reserved 1048576K
}
Event: 3602.596 GC heap before
{Heap before GC invocations=43 (full 0):
 garbage-first heap   total 262144K, used 206809K [0x00000006c0a00000, 0x00000006c0b00800, 0x00000007c0000000)
  region size 1024K, 153 young (156672K), 5 survivors (5120K)
 Metaspace       used 39368K, capacity 40504K, committed 40960K, reserved 1085440K
  class space    used 4256K, capacity 4525K, committed 4608K, reserved 1048576K
}
Event: 3602.598 GC heap after
{Heap after GC invocations=44 (full 0):
 garbage-first heap   total 262144K, used 55144K [0x00000006c0a00000, 0x00000006c0b00800, 0x00000007c0000000)
  region size 1024K, 5 young (5120K), 5 survivors (5120K)
 Metaspace       used 39368K, capacity 40504K, committed 40960K, reserved 1085440K
  class space    used 4256K, capacity 4525K, committed 4608K, reserved 1048576K
}
Event: 3840.368 GC heap before
{Heap before GC invocations=44 (full 0):
 garbage-first heap   total 262144K, used 206696K [0x00000006c0a00000, 0x00000006c0b00800, 0x00000007c0000000)
  region size 1024K, 153 young (156672K), 5 survivors (5120K)
 Metaspace       used 39372K, capacity 40504K, committed 40960K, reserved 1085440K
  class space    used 4256K, capacity 4525K, committed 4608K, reserved 1048576K
}
Event: 3840.370 GC heap after
{Heap after GC invocations=45 (full 0):
 garbage-first heap   total 262144K, used 55395K [0x00000006c0a00000, 0x00000006c0b00800, 0x00000007c0000000)
  region size 1024K, 5 young (5120K), 5 survivors (5120K)
 Metaspace       used 39372K, capacity 40504K, committed 40960K, reserved 1085440K
  class space    used 4256K, capacity 4525K, committed 4608K, reserved 1048576K
}
Event: 4072.762 GC heap before
{Heap before GC invocations=45 (full 0):
 garbage-first heap   total 262144K, used 206947K [0x00000006c0a00000, 0x00000006c0b00800, 0x00000007c0000000)
  region size 1024K, 153 young (156672K), 5 survivors (5120K)
 Metaspace       used 39633K, capacity 40728K, committed 40960K, reserved 1085440K
  class space    used 4282K, capacity 4557K, committed 4608K, reserved 1048576K
}
Event: 4072.764 GC heap after
{Heap after GC invocations=46 (full 0):
 garbage-first heap   total 262144K, used 55338K [0x00000006c0a00000, 0x00000006c0b00800, 0x00000007c0000000)
  region size 1024K, 4 young (4096K), 4 survivors (4096K)
 Metaspace       used 39633K, capacity 40728K, committed 40960K, reserved 1085440K
  class space    used 4282K, capacity 4557K, committed 4608K, reserved 1048576K
}

Deoptimization events (10 events):
Event: 2257.308 Thread 0x00000177c4f35800 Uncommon trap: reason=unstable_if action=reinterpret pc=0x00000177af2c1ecc method=online.game.commonPlayer.setReviewTime(J)V @ 21 c2
Event: 2261.837 Thread 0x00000177c8aa8000 Uncommon trap: reason=unstable_if action=reinterpret pc=0x00000177af6dc54c method=arimaa.ArimaaBoard.legalToHitBoard(Larimaa/ArimaaCell;)Z @ 87 c2
Event: 2261.837 Thread 0x00000177c8aa8000 Uncommon trap: reason=unstable_if action=reinterpret pc=0x00000177af4a2d68 method=arimaa.ArimaaBoard.legalToHitBoard(Larimaa/ArimaaCell;)Z @ 87 c2
Event: 2262.808 Thread 0x00000177c444a000 Uncommon trap: reason=unhandled action=none pc=0x00000177af4ec330 method=com.sun.crypto.provider.GaloisCounterMode.decryptFinal([BII[BI)I @ 17 c2
Event: 2280.093 Thread 0x00000177c8aa8000 Uncommon trap: reason=unstable_if action=reinterpret pc=0x00000177af4a73b4 method=arimaa.ArimaaBoard.markRunwaysFrom(ILarimaa/ArimaaCell;III)V @ 9 c2
Event: 2299.298 Thread 0x00000177c8aa8000 Uncommon trap: reason=unstable_if action=reinterpret pc=0x00000177af72e8b8 method=arimaa.ArimaaBoard.markRunwaysFrom(ILarimaa/ArimaaCell;III)V @ 83 c2
Event: 2316.235 Thread 0x00000177c8aa8000 Uncommon trap: reason=unstable_if action=reinterpret pc=0x00000177af6f59d0 method=arimaa.ArimaaBoard.getPieceCaptured(Larimaa/ArimaaCell;)Larimaa/ArimaaChip; @ 5 c2
Event: 2316.236 Thread 0x00000177c8aa8000 Uncommon trap: reason=unstable_if action=reinterpret pc=0x00000177af4c639c method=arimaa.ArimaaViewer.DrawChipRack(Llib/Graphics;ILarimaa/ArimaaBoard;Lcom/codename1/ui/geom/Rectangle;ILlib/HitPoint;)V @ 297 c2
Event: 2316.266 Thread 0x00000177c8aa8000 Uncommon trap: reason=unstable_if action=reinterpret pc=0x00000177af4a5d18 method=arimaa.ArimaaBoard.getPieceCaptured(Larimaa/ArimaaCell;)Larimaa/ArimaaChip; @ 5 c2
Event: 3266.066 Thread 0x00000177c8aa8000 Uncommon trap: reason=unstable_if action=reinterpret pc=0x00000177af4fef94 method=lib.G.pointInRect(IIIIII)Z @ 7 c2

Classes redefined (10 events):
Event: 2431.860 Thread 0x00000177c3c28000 redefined class name=online.game.gBoard$BoardIterator, count=1
Event: 2431.874 Thread 0x00000177c3c28000 redefined class name=online.game.Bbox, count=1
Event: 2431.889 Thread 0x00000177c3c28000 redefined class name=online.game.gBoard, count=1
Event: 2760.594 Thread 0x00000177c3c28000 redefined class name=arimaa.ArimaaBoard, count=10
Event: 3265.495 Thread 0x00000177c3c28000 redefined class name=arimaa.ArimaaViewer, count=3
Event: 3310.931 Thread 0x00000177c3c28000 redefined class name=arimaa.ArimaaViewer, count=4
Event: 3905.185 Thread 0x00000177c3c28000 redefined class name=arimaa.ArimaaViewer, count=5
Event: 3911.292 Thread 0x00000177c3c28000 redefined class name=arimaa.ArimaaViewer, count=6
Event: 3945.950 Thread 0x00000177c3c28000 redefined class name=arimaa.ArimaaViewer, count=7
Event: 4272.066 Thread 0x00000177c3c28000 redefined class name=arimaa.ArimaaViewer, count=8

Internal exceptions (10 events):
Event: 2242.087 Thread 0x00000177c5043800 Exception <a 'java/io/FileNotFoundException'{0x00000006cc85f290}> (0x00000006cc85f290) thrown at [t:/workspace/hotspot/src/share/vm/prims/jni.cpp, line 604]
Event: 2242.087 Thread 0x00000177c5043800 Exception <a 'java/io/FileNotFoundException'{0x00000006cc860720}> (0x00000006cc860720) thrown at [t:/workspace/hotspot/src/share/vm/prims/jni.cpp, line 604]
Event: 2242.088 Thread 0x00000177c5043800 Exception <a 'java/io/FileNotFoundException'{0x00000006cc861e88}> (0x00000006cc861e88) thrown at [t:/workspace/hotspot/src/share/vm/prims/jni.cpp, line 604]
Event: 2242.088 Thread 0x00000177c5043800 Exception <a 'java/io/FileNotFoundException'{0x00000006cc8635b8}> (0x00000006cc8635b8) thrown at [t:/workspace/hotspot/src/share/vm/prims/jni.cpp, line 604]
Event: 2242.088 Thread 0x00000177c5043800 Exception <a 'java/io/FileNotFoundException'{0x00000006cc864a80}> (0x00000006cc864a80) thrown at [t:/workspace/hotspot/src/share/vm/prims/jni.cpp, line 604]
Event: 2253.290 Thread 0x00000177c8aa8000 Implicit null exception at 0x00000177af601c7a to 0x00000177af603865
Event: 2253.297 Thread 0x00000177c8aa8000 Implicit null exception at 0x00000177af401b83 to 0x00000177af401e41
Event: 2253.298 Thread 0x00000177c8aa8000 Implicit null exception at 0x00000177af37269c to 0x00000177af3753f5
Event: 2253.298 Thread 0x00000177c8aa8000 Implicit null exception at 0x00000177af3c2492 to 0x00000177af3c2b78
Event: 2253.300 Thread 0x00000177c8aa8000 Implicit null exception at 0x00000177af3a444a to 0x00000177af3a5225

Events (10 events):
Event: 4272.254 Executing VM operation: GetFrameLocation done
Event: 4272.254 Executing VM operation: GetOrSetLocal
Event: 4272.255 Executing VM operation: GetOrSetLocal done
Event: 4272.262 Executing VM operation: GetCurrentContendedMonitor
Event: 4272.262 Executing VM operation: GetCurrentContendedMonitor done
Event: 4272.262 Executing VM operation: GetOwnedMonitorInfo
Event: 4272.262 Executing VM operation: GetOwnedMonitorInfo done
Event: 4272.509 Executing VM operation: GetFrameLocation
Event: 4272.509 Executing VM operation: GetFrameLocation done
Event: 4272.509 Executing VM operation: GetOrSetLocal


Dynamic libraries:
0x00007ff75c0c0000 - 0x00007ff75c0fe000 	C:\Program Files\Java\jdk-9.0.1\bin\javaw.exe
0x00007ffa72510000 - 0x00007ffa72705000 	C:\WINDOWS\SYSTEM32\ntdll.dll
0x00007ffa70c50000 - 0x00007ffa70d0d000 	C:\WINDOWS\System32\KERNEL32.DLL
0x00007ffa6fef0000 - 0x00007ffa701b9000 	C:\WINDOWS\System32\KERNELBASE.dll
0x00007ffa715a0000 - 0x00007ffa7164c000 	C:\WINDOWS\System32\ADVAPI32.dll
0x00007ffa71120000 - 0x00007ffa711be000 	C:\WINDOWS\System32\msvcrt.dll
0x00007ffa70aa0000 - 0x00007ffa70b3c000 	C:\WINDOWS\System32\sechost.dll
0x00007ffa71930000 - 0x00007ffa71a5b000 	C:\WINDOWS\System32\RPCRT4.dll
0x00007ffa71650000 - 0x00007ffa717f0000 	C:\WINDOWS\System32\USER32.dll
0x00007ffa70440000 - 0x00007ffa70462000 	C:\WINDOWS\System32\win32u.dll
0x00007ffa70d10000 - 0x00007ffa70d3a000 	C:\WINDOWS\System32\GDI32.dll
0x00007ffa6fd30000 - 0x00007ffa6fe3b000 	C:\WINDOWS\System32\gdi32full.dll
0x00007ffa703a0000 - 0x00007ffa7043d000 	C:\WINDOWS\System32\msvcp_win.dll
0x00007ffa70470000 - 0x00007ffa70570000 	C:\WINDOWS\System32\ucrtbase.dll
0x00007ffa600c0000 - 0x00007ffa6035a000 	C:\WINDOWS\WinSxS\amd64_microsoft.windows.common-controls_6595b64144ccf1df_6.0.19041.844_none_ca00b6081b84eb1d\COMCTL32.dll
0x00007ffa673a0000 - 0x00007ffa673aa000 	C:\WINDOWS\SYSTEM32\VERSION.dll
0x00007ffa710f0000 - 0x00007ffa71120000 	C:\WINDOWS\System32\IMM32.DLL
0x00007ffa40900000 - 0x00007ffa409ef000 	C:\Program Files\Java\jdk-9.0.1\bin\msvcr120.dll
0x00007ffa438b0000 - 0x00007ffa43956000 	C:\Program Files\Java\jdk-9.0.1\bin\msvcp120.dll
0x00000000502b0000 - 0x0000000050cd4000 	C:\Program Files\Java\jdk-9.0.1\bin\server\jvm.dll
0x00007ffa723e0000 - 0x00007ffa723e8000 	C:\WINDOWS\System32\PSAPI.DLL
0x00007ffa6dad0000 - 0x00007ffa6dad9000 	C:\WINDOWS\SYSTEM32\WSOCK32.dll
0x00007ffa66130000 - 0x00007ffa66157000 	C:\WINDOWS\SYSTEM32\WINMM.dll
0x00007ffa711d0000 - 0x00007ffa7123b000 	C:\WINDOWS\System32\WS2_32.dll
0x00007ffa6aa60000 - 0x00007ffa6aa6f000 	C:\Program Files\Java\jdk-9.0.1\bin\verify.dll
0x00007ffa4de50000 - 0x00007ffa4de77000 	C:\Program Files\Java\jdk-9.0.1\bin\java.dll
0x00007ffa4be00000 - 0x00007ffa4be36000 	C:\Program Files\Java\jdk-9.0.1\bin\jdwp.dll
0x00007ffa4af50000 - 0x00007ffa4af7a000 	C:\Program Files\Java\jdk-9.0.1\bin\instrument.dll
0x00007ffa57150000 - 0x00007ffa57166000 	C:\Program Files\Java\jdk-9.0.1\bin\zip.dll
0x00007ffa66ff0000 - 0x00007ffa66ffa000 	C:\Program Files\Java\jdk-9.0.1\bin\jimage.dll
0x00007ffa71a90000 - 0x00007ffa721d2000 	C:\WINDOWS\System32\SHELL32.dll
0x00007ffa6d0e0000 - 0x00007ffa6d870000 	C:\WINDOWS\SYSTEM32\windows.storage.dll
0x00007ffa71240000 - 0x00007ffa71595000 	C:\WINDOWS\System32\combase.dll
0x00007ffa6f5f0000 - 0x00007ffa6f61c000 	C:\WINDOWS\SYSTEM32\Wldp.dll
0x00007ffa717f0000 - 0x00007ffa7189e000 	C:\WINDOWS\System32\SHCORE.dll
0x00007ffa70570000 - 0x00007ffa705c5000 	C:\WINDOWS\System32\shlwapi.dll
0x00007ffa6fb90000 - 0x00007ffa6fbaf000 	C:\WINDOWS\SYSTEM32\profapi.dll
0x00007ffa4ede0000 - 0x00007ffa4edfa000 	C:\Program Files\Java\jdk-9.0.1\bin\net.dll
0x00007ffa666f0000 - 0x00007ffa667fc000 	C:\WINDOWS\SYSTEM32\WINHTTP.dll
0x00007ffa6f370000 - 0x00007ffa6f3da000 	C:\WINDOWS\system32\mswsock.dll
0x00007ffa4dd60000 - 0x00007ffa4dd71000 	C:\Program Files\Java\jdk-9.0.1\bin\nio.dll
0x00007ffa66e50000 - 0x00007ffa66e5a000 	C:\Program Files\Java\jdk-9.0.1\bin\dt_socket.dll
0x00007ffa6f0a0000 - 0x00007ffa6f16b000 	C:\WINDOWS\SYSTEM32\DNSAPI.dll
0x00007ffa6f060000 - 0x00007ffa6f09b000 	C:\WINDOWS\SYSTEM32\IPHLPAPI.DLL
0x00007ffa711c0000 - 0x00007ffa711c8000 	C:\WINDOWS\System32\NSI.dll
0x00007ffa66ba0000 - 0x00007ffa66c1f000 	C:\WINDOWS\System32\fwpuclnt.dll
0x00007ffa701c0000 - 0x00007ffa701e7000 	C:\WINDOWS\System32\bcrypt.dll
0x00007ffa658e0000 - 0x00007ffa658ea000 	C:\Windows\System32\rasadhlp.dll
0x00007ffa39370000 - 0x00007ffa39509000 	C:\Program Files\Java\jdk-9.0.1\bin\awt.dll
0x00007ffa72310000 - 0x00007ffa723dd000 	C:\WINDOWS\System32\OLEAUT32.dll
0x00007ffa6c640000 - 0x00007ffa6cc00000 	C:\WINDOWS\SYSTEM32\d2d1.dll
0x00007ffa6bfc0000 - 0x00007ffa6c050000 	C:\WINDOWS\SYSTEM32\apphelp.dll
0x00007ffa57100000 - 0x00007ffa57108000 	C:\Program Files\Java\jdk-9.0.1\bin\prefs.dll
0x00007ffa6c0f0000 - 0x00007ffa6c18e000 	C:\WINDOWS\system32\uxtheme.dll
0x00007ffa70e20000 - 0x00007ffa70f35000 	C:\WINDOWS\System32\MSCTF.dll
0x00007ffa721e0000 - 0x00007ffa7230a000 	C:\WINDOWS\System32\ole32.dll
0x00007ffa6e560000 - 0x00007ffa6e572000 	C:\WINDOWS\SYSTEM32\kernel.appcore.dll
0x00007ffa6fc50000 - 0x00007ffa6fcd0000 	C:\WINDOWS\System32\bcryptPrimitives.dll
0x00007ffa6c480000 - 0x00007ffa6c4af000 	C:\WINDOWS\system32\DWMAPI.DLL
0x00007ffa250b0000 - 0x00007ffa251d6000 	C:\WINDOWS\system32\opengl32.dll
0x00007ffa275c0000 - 0x00007ffa275ec000 	C:\WINDOWS\SYSTEM32\GLU32.dll
0x00007ffa26620000 - 0x00007ffa267ef000 	C:\WINDOWS\system32\d3d9.dll
0x00007ffa57c60000 - 0x00007ffa57dc7000 	C:\WINDOWS\SYSTEM32\aticfx64.dll
0x00007ffa43220000 - 0x00007ffa43241000 	C:\WINDOWS\SYSTEM32\atiu9p64.dll
0x00007ffa25dc0000 - 0x00007ffa26619000 	C:\WINDOWS\SYSTEM32\atiumd64.dll
0x0000000052450000 - 0x0000000052cd8000 	C:\WINDOWS\SYSTEM32\atiumd6a.dll
0x00007ffa6f9b0000 - 0x00007ffa6f9fb000 	C:\WINDOWS\SYSTEM32\POWRPROF.dll
0x00007ffa6f990000 - 0x00007ffa6f9a2000 	C:\WINDOWS\SYSTEM32\UMPDC.dll
0x00007ffa43170000 - 0x00007ffa4320d000 	C:\Program Files\Java\jdk-9.0.1\bin\fontmanager.dll
0x00007ffa43db0000 - 0x00007ffa43df2000 	C:\Program Files\Java\jdk-9.0.1\bin\t2k.dll
0x00007ffa5b520000 - 0x00007ffa5b61b000 	C:\WINDOWS\SYSTEM32\textinputframework.dll
0x00007ffa6ba00000 - 0x00007ffa6baf2000 	C:\WINDOWS\System32\CoreMessaging.dll
0x00007ffa6bb00000 - 0x00007ffa6be5e000 	C:\WINDOWS\System32\CoreUIComponents.dll
0x00007ffa6e980000 - 0x00007ffa6e9b3000 	C:\WINDOWS\SYSTEM32\ntmarta.dll
0x00007ffa6b170000 - 0x00007ffa6b2c4000 	C:\WINDOWS\SYSTEM32\wintypes.dll
0x00007ffa6f550000 - 0x00007ffa6f568000 	C:\WINDOWS\SYSTEM32\CRYPTSP.dll
0x00007ffa6ed10000 - 0x00007ffa6ed44000 	C:\WINDOWS\system32\rsaenh.dll
0x00007ffa6fb50000 - 0x00007ffa6fb7e000 	C:\WINDOWS\SYSTEM32\USERENV.dll
0x00007ffa6f540000 - 0x00007ffa6f54c000 	C:\WINDOWS\SYSTEM32\CRYPTBASE.dll
0x00007ffa6c090000 - 0x00007ffa6c0a7000 	C:\WINDOWS\SYSTEM32\dhcpcsvc6.DLL
0x00007ffa6c050000 - 0x00007ffa6c06d000 	C:\WINDOWS\SYSTEM32\dhcpcsvc.DLL
0x00007ffa4af20000 - 0x00007ffa4af43000 	C:\Program Files\Java\jdk-9.0.1\bin\sunec.dll
0x00007ffa4f4c0000 - 0x00007ffa4f4cb000 	C:\Program Files\Java\jdk-9.0.1\bin\sunmscapi.dll
0x00007ffa701f0000 - 0x00007ffa7034f000 	C:\WINDOWS\System32\CRYPT32.dll
0x00007ffa45e90000 - 0x00007ffa45ebb000 	C:\Program Files\Java\jdk-9.0.1\bin\javajpeg.dll
0x00007ffa436c0000 - 0x00007ffa436fd000 	C:\Program Files\Java\jdk-9.0.1\bin\lcms.dll
0x00007ffa4ed80000 - 0x00007ffa4ed87000 	C:\Program Files\Java\jdk-9.0.1\bin\jawt.dll
0x00007ffa404f0000 - 0x00007ffa405e9000 	C:\Users\Ddyer\.codenameone\cef\lib\win64\chrome_elf.dll
0x00007ffa08be0000 - 0x00007ffa102d0000 	C:\Users\Ddyer\.codenameone\cef\lib\win64\libcef.dll
0x00007ffa6fcd0000 - 0x00007ffa6fd30000 	C:\WINDOWS\System32\WINTRUST.dll
0x00007ffa70d40000 - 0x00007ffa70e1a000 	C:\WINDOWS\System32\COMDLG32.dll
0x00007ffa6e580000 - 0x00007ffa6e673000 	C:\WINDOWS\SYSTEM32\dxgi.dll
0x00007ffa62dc0000 - 0x00007ffa62dcc000 	C:\WINDOWS\SYSTEM32\Secur32.dll
0x00007ffa688a0000 - 0x00007ffa688b8000 	C:\WINDOWS\SYSTEM32\NETAPI32.dll
0x00007ffa482f0000 - 0x00007ffa48356000 	C:\WINDOWS\SYSTEM32\OLEACC.dll
0x00007ffa4f150000 - 0x00007ffa4f446000 	C:\WINDOWS\SYSTEM32\UIAutomationCore.DLL
0x00007ffa6c5e0000 - 0x00007ffa6c5f4000 	C:\WINDOWS\SYSTEM32\WTSAPI32.dll
0x00007ffa6d870000 - 0x00007ffa6d87d000 	C:\WINDOWS\SYSTEM32\HID.DLL
0x00007ffa69e20000 - 0x00007ffa69f17000 	C:\WINDOWS\SYSTEM32\PROPSYS.dll
0x00007ffa6cc00000 - 0x00007ffa6ce7f000 	C:\WINDOWS\SYSTEM32\DWrite.dll
0x00007ffa63080000 - 0x00007ffa6310e000 	C:\WINDOWS\SYSTEM32\WINSPOOL.DRV
0x00007ffa6d8b0000 - 0x00007ffa6da94000 	C:\WINDOWS\SYSTEM32\dbghelp.dll
0x00007ffa57110000 - 0x00007ffa57129000 	C:\WINDOWS\SYSTEM32\USP10.dll
0x00007ffa66e70000 - 0x00007ffa66e94000 	C:\WINDOWS\SYSTEM32\dxva2.dll
0x00007ffa6dae0000 - 0x00007ffa6dd44000 	C:\WINDOWS\SYSTEM32\d3d11.dll
0x00007ffa5e810000 - 0x00007ffa5e9fe000 	C:\WINDOWS\SYSTEM32\urlmon.dll
0x00007ffa64c30000 - 0x00007ffa64c41000 	C:\WINDOWS\SYSTEM32\credui.dll
0x00007ffa6f660000 - 0x00007ffa6f687000 	C:\WINDOWS\SYSTEM32\ncrypt.dll
0x00007ffa5c350000 - 0x00007ffa5c82d000 	C:\WINDOWS\SYSTEM32\WININET.dll
0x00007ffa5d1a0000 - 0x00007ffa5d1f1000 	C:\WINDOWS\SYSTEM32\CRYPTUI.dll
0x00007ffa5e060000 - 0x00007ffa5e396000 	C:\WINDOWS\SYSTEM32\ESENT.dll
0x00007ffa5dc40000 - 0x00007ffa5def0000 	C:\WINDOWS\SYSTEM32\iertutil.dll
0x00007ffa6fb10000 - 0x00007ffa6fb4c000 	C:\WINDOWS\SYSTEM32\SSPICLI.DLL
0x00007ffa6f170000 - 0x00007ffa6f17c000 	C:\WINDOWS\SYSTEM32\NETUTILS.DLL
0x00007ffa6ee30000 - 0x00007ffa6ee47000 	C:\WINDOWS\SYSTEM32\WKSCLI.DLL
0x00007ffa63060000 - 0x00007ffa63079000 	C:\WINDOWS\SYSTEM32\SAMCLI.DLL
0x00007ffa6f770000 - 0x00007ffa6f782000 	C:\WINDOWS\SYSTEM32\MSASN1.dll
0x00007ffa6f620000 - 0x00007ffa6f65b000 	C:\WINDOWS\SYSTEM32\NTASN1.dll
0x00007ffa30090000 - 0x00007ffa301c9000 	C:\Users\Ddyer\.codenameone\cef\lib\win64\jcef.dll
0x00007ffa6fa20000 - 0x00007ffa6fa2a000 	C:\WINDOWS\SYSTEM32\DPAPI.dll
0x00007ffa6a550000 - 0x00007ffa6a56d000 	C:\WINDOWS\system32\NLAapi.dll
0x00007ffa70b40000 - 0x00007ffa70be9000 	C:\WINDOWS\System32\clbcatq.dll
0x00007ffa6daa0000 - 0x00007ffa6dac3000 	C:\WINDOWS\SYSTEM32\gpapi.dll
0x00007ffa6f930000 - 0x00007ffa6f98a000 	C:\WINDOWS\SYSTEM32\WINSTA.dll
0x00007ffa680a0000 - 0x00007ffa68125000 	C:\WINDOWS\System32\MMDevApi.dll
0x00007ffa6fa30000 - 0x00007ffa6fa5c000 	C:\WINDOWS\System32\DEVOBJ.dll
0x00007ffa70350000 - 0x00007ffa7039e000 	C:\WINDOWS\System32\cfgmgr32.dll
0x00007ffa5bc90000 - 0x00007ffa5bdd1000 	C:\Windows\System32\Windows.UI.dll

VM Arguments:
jvm_args: -agentlib:jdwp=transport=dt_socket,suspend=y,address=localhost:62153 -javaagent:C:\Users\Ddyer\eclipse\java-2021-03\eclipse\configuration\org.eclipse.osgi\222\0\.cp\lib\javaagent-shaded.jar -Dfile.encoding=Cp1252 
java_command: com.codename1.impl.javase.Simulator dev.boardspace.Develop
java_class_path (initial): G:\share\projects\eclipse\boardspace-cn2\JavaSE.jar;G:\share\projects\eclipse\boardspace-cn2\bin;G:\share\projects\eclipse\boardspace-cn2\lib\CLDC11.jar;G:\share\projects\eclipse\boardspace-cn2\lib\CodenameOne.jar;G:\share\projects\eclipse\boardspace-cn2\lib\impl\cls;G:\share\projects\eclipse\boardspace-cn2\lib\impl\stubs;G:\share\projects\eclipse\boardspace-cn2\jmf-2.1.1e.jar;G:\share\projects\eclipse\boardspace-cn2\native\internal_tmp
Launcher Type: SUN_STANDARD

Logging:
Log output configuration:
#0: stdout all=warning uptime,level,tags
#1: stderr all=off uptime,level,tags

Environment Variables:
JAVA_HOME=C:\program files\java\jdk1.8.0_71\
PATH=C:/Users/Ddyer/.p2/pool/plugins/org.eclipse.justj.openjdk.hotspot.jre.full.win32.x86_64_15.0.2.v20210201-0955/jre/bin/server;C:/Users/Ddyer/.p2/pool/plugins/org.eclipse.justj.openjdk.hotspot.jre.full.win32.x86_64_15.0.2.v20210201-0955/jre/bin;C:\Program Files (x86)\Common Files\Oracle\Java\javapath;C:\ProgramData\Oracle\Java\javapath;C:\Program Files\java\jdk1.8.0_71\bin;C:\Perl64\site\bin;C:\Perl64\bin;C:\Program Files\Common Files\Microsoft Shared\Windows Live;C:\Program Files (x86)\Common Files\Microsoft Shared\Windows Live;C:\Program Files (x86)\AMD APP\bin\x86_64;C:\Program Files (x86)\AMD APP\bin\x86;C:\WINDOWS\system32;C:\WINDOWS;C:\WINDOWS\System32\Wbem;C:\WINDOWS\System32\WindowsPowerShell\v1.0\;C:\Program Files (x86)\ATI Technologies\ATI.ACE\Core-Static;C:\Program Files (x86)\Windows Live\Shared;f:\rktools\bin;c:\Program Files (x86)\Microsoft SQL Server\100\Tools\Binn\;c:\Program Files\Microsoft SQL Server\100\Tools\Binn\;c:\Program Files\Microsoft SQL Server\100\DTS\Binn\;C:\Program Files\Microsoft\Web Platform Installer\;C:\Program Files (x86)\Microsoft ASP.NET\ASP.NET Web Pages\v1.0\;C:\Program Files\Microsoft SQL Server\110\Tools\Binn\;C:\Program Files (x86)\Gow\bin;C:\Program Files (x86)\Git\cmd;C:\Program Files\Emscript;C:\Program Files (x86)\AOMEI Backupper;C:\Program Files (x86)\Windows Kits\10\Windows Performance Toolkit\;C:\WINDOWS\System32\OpenSSH\;C:\WINDOWS\system32;C:\WINDOWS;C:\WINDOWS\System32\Wbem;C:\WINDOWS\System32\WindowsPowerShell\v1.0\;C:\WINDOWS\System32\OpenSSH\;C:\Program Files\Git\cmd;C:\Program Files\PuTTY\;C:\Program Files\PowerShell\7\;C:\Program Files (x86)\CVSNT\;C:\Program Files (x86)\SSH Communications Security\SSH Secure Shell;c:\java\run\;C:\Program Files\MySQL\MySQL Server 5.6\bin;C:\java\apache-maven-3.6.3\bin;C:\Users\Ddyer\AppData\Local\Microsoft\WindowsApps;c:\mingw\bin;C:\Users\Ddyer\AppData\Local\GitHubDesktop\bin;c:\Programs\apache-ant-1.10.7\bin\;C:\Users\Ddyer\AppData\Local\Microsoft\WindowsApps;;C:\Users\Ddye
USERNAME=Ddyer
OS=Windows_NT
PROCESSOR_IDENTIFIER=Intel64 Family 6 Model 58 Stepping 9, GenuineIntel



---------------  S Y S T E M  ---------------

OS: Windows 10 , 64 bit Build 19041 (10.0.19041.804)

CPU:total 8 (initial active 8) (4 cores per cpu, 2 threads per core) family 6 model 58 stepping 9, cmov, cx8, fxsr, mmx, sse, sse2, sse3, ssse3, sse4.1, sse4.2, popcnt, avx, aes, clmul, erms, ht, tsc, tscinvbit, tscinv

Memory: 4k page, physical 16733600k(6003140k free), swap 33510816k(17153004k free)

vm_info: Java HotSpot(TM) 64-Bit Server VM (9.0.1+11) for windows-amd64 JRE (9.0.1+11), built on Sep 28 2017 04:54:03 by "mach5one" with MS VC++ 12.0 (VS2013)

END.
