#
# A fatal error has been detected by the Java Runtime Environment:
#
#  EXCEPTION_ACCESS_VIOLATION (0xc0000005) at pc=0x0000000068a4bd50, pid=16208, tid=1544
#
# JRE version: Java(TM) SE Runtime Environment (9.0+11) (build 9.0.1+11)
# Java VM: Java HotSpot(TM) 64-Bit Server VM (9.0.1+11, mixed mode, tiered, compressed oops, g1 gc, windows-amd64)
# Problematic frame:
# V  [jvm.dll+0x32bd50]
#
# No core dump will be written. Minidumps are not enabled by default on client versions of Windows
#
# If you would like to submit a bug report, please visit:
#   http://bugreport.java.com/bugreport/crash.jsp
#

---------------  S U M M A R Y ------------

Command Line: -agentlib:jdwp=transport=dt_socket,suspend=y,address=localhost:57598 -javaagent:C:\Users\Ddyer\eclipse\java-2021-03\eclipse\configuration\org.eclipse.osgi\222\0\.cp\lib\javaagent-shaded.jar -Dfile.encoding=Cp1252 com.codename1.impl.javase.Simulator dev.boardspace.Develop

Host: Intel(R) Core(TM) i7-3770 CPU @ 3.40GHz, 8 cores, 15G,  Windows 10 , 64 bit Build 19041 (10.0.19041.804)
Time: Fri Apr 09 10:24:30 2021 Pacific Daylight Time elapsed time: 795 seconds (0d 0h 13m 15s)

---------------  T H R E A D  ---------------

Current thread (0x000001bfee95c000):  VMThread "VM Thread" [stack: 0x0000007628700000,0x0000007628800000] [id=1544]

Stack: [0x0000007628700000,0x0000007628800000],  sp=0x00000076287fe340,  free space=1016k
Native frames: (J=compiled Java code, j=interpreted, Vv=VM code, C=native code)
V  [jvm.dll+0x32bd50]
V  [jvm.dll+0x327708]
V  [jvm.dll+0x34200f]
V  [jvm.dll+0x34522d]
V  [jvm.dll+0x2968e0]
V  [jvm.dll+0x2969d9]
V  [jvm.dll+0x2f8671]
V  [jvm.dll+0x2f401a]
V  [jvm.dll+0x2f5f53]
V  [jvm.dll+0x2f654e]
V  [jvm.dll+0x2f3d05]
V  [jvm.dll+0x2f3173]
V  [jvm.dll+0x57845f]
V  [jvm.dll+0x57876c]
V  [jvm.dll+0x578e80]
V  [jvm.dll+0x546f8a]
V  [jvm.dll+0x465261]
V  [jvm.dll+0x6a34eb]
V  [jvm.dll+0x6a1c85]
V  [jvm.dll+0x6a2461]
V  [jvm.dll+0x6a274c]
V  [jvm.dll+0x5864e0]
C  [msvcr120.dll+0x24f7f]
C  [msvcr120.dll+0x25126]
C  [KERNEL32.DLL+0x17034]
C  [ntdll.dll+0x52651]


siginfo: EXCEPTION_ACCESS_VIOLATION (0xc0000005), reading address 0xffffffffffffffff


Register to memory mapping:

RIP=0x0000000068a4bd50 jvm.dll
RAX=0x6f530a00013e7469 is an unknown value
RBX=0x000001bfee95c000 is an unknown value
RCX=0x00000007c00016d0 is pointing into metadata
RDX=0x6f530a00013e7469 is an unknown value
RSP=0x00000076287fe340 is an unknown value
RBP=0x0000000000000003 is an unknown value
RSI=0x00000076287fe400 is an unknown value
RDI=0x0000000000000000 is an unknown value
R8 =0x000001bfee95c000 is an unknown value
R9 =0x6f530a00013e7469 is an unknown value
R10=0x0000000000000077 is an unknown value
R11=0x0000000000000077 is an unknown value
R12=0x00000076287ff001 is an unknown value
R13=0x0000000000000000 is an unknown value
R14=0x0000000000000054 is an unknown value
R15=0x0000000000000001 is an unknown value


Registers:
RAX=0x6f530a00013e7469, RBX=0x000001bfee95c000, RCX=0x00000007c00016d0, RDX=0x6f530a00013e7469
RSP=0x00000076287fe340, RBP=0x0000000000000003, RSI=0x00000076287fe400, RDI=0x0000000000000000
R8 =0x000001bfee95c000, R9 =0x6f530a00013e7469, R10=0x0000000000000077, R11=0x0000000000000077
R12=0x00000076287ff001, R13=0x0000000000000000, R14=0x0000000000000054, R15=0x0000000000000001
RIP=0x0000000068a4bd50, EFLAGS=0x0000000000010246

Top of Stack: (sp=0x00000076287fe340)
0x00000076287fe340:   00000007c00016d0 00007ffd6d5237e5
0x00000076287fe350:   000001bfebdeda30 000001bfee95c000
0x00000076287fe360:   0000000000000000 0000000068a47708
0x00000076287fe370:   00000007c00016d0 000001bfee95c000
0x00000076287fe380:   00000076287fe400 000001bfee95c000
0x00000076287fe390:   00000076287fe470 0000000068a6200f
0x00000076287fe3a0:   000001bfee95c000 0000000068ca8631
0x00000076287fe3b0:   00000076287fec30 0000000000000000
0x00000076287fe3c0:   0000000000000000 000001bfee818d20
0x00000076287fe3d0:   00000076287fe470 0000000068a6522d
0x00000076287fe3e0:   0000000000000000 00000076287fe5d0
0x00000076287fe3f0:   0000000000000054 0000000000000000
0x00000076287fe400:   000000762adfde40 000000762adfde44
0x00000076287fe410:   000001bfee95c000 00000076287fe5d0
0x00000076287fe420:   0000000000000000 00000000689b68e0
0x00000076287fe430:   00000076287fe5c0 6d6f63202c4b3001 

Instructions: (pc=0x0000000068a4bd50)
0x0000000068a4bd30:   8b d8 e8 c9 89 d8 ff 48 83 7b 08 00 4c 8b c8 74
0x0000000068a4bd40:   04 33 ff eb 23 80 3d c9 ac 62 00 00 74 05 33 ff
0x0000000068a4bd50:   89 78 0c 48 8d 4d fe 48 8d 78 10 48 85 c9 74 05
0x0000000068a4bd60:   33 c0 f3 48 ab 49 8b f9 48 83 7b 08 00 48 8b 74 


VM_Operation (0x00000076292feed0): GetOrSetLocal, mode: safepoint, requested by thread 0x000001bfef3be000


---------------  P R O C E S S  ---------------

Java Threads: ( => current thread )
  0x000001bff0b4d000 JavaThread "TimerQueue" daemon [_thread_blocked, id=8348, stack(0x000000762c500000,0x000000762c600000)]
  0x000001bff0b4c000 JavaThread "online.game.Game" [_thread_blocked, id=15648, stack(0x000000762af00000,0x000000762b000000)]
  0x000001bff0b4a000 JavaThread "file selector" [_thread_blocked, id=6456, stack(0x000000762ae00000,0x000000762af00000)]
  0x000001bff0b4f000 JavaThread "RA thread" [_thread_blocked, id=14024, stack(0x000000762ad00000,0x000000762ae00000)]
  0x000001bff0b4d800 JavaThread "invokeAndBlock1" [_thread_blocked, id=16324, stack(0x000000762b100000,0x000000762b200000)]
  0x000001bff0b50000 JavaThread "Network Thread" [_thread_blocked, id=8824, stack(0x000000762b000000,0x000000762b100000)]
  0x000001bfefe5a000 JavaThread "launcher" [_thread_blocked, id=12064, stack(0x000000762ac00000,0x000000762ad00000)]
  0x000001bfef42e000 JavaThread "Thread-4" [_thread_blocked, id=7304, stack(0x000000762a900000,0x000000762aa00000)]
  0x000001bff01a6000 JavaThread "D3D Screen Updater" daemon [_thread_blocked, id=12368, stack(0x000000762ab00000,0x000000762ac00000)]
  0x000001bff45e5800 JavaThread "EDT" [_thread_blocked, id=13508, stack(0x000000762aa00000,0x000000762ab00000)]
  0x000001bfc6275800 JavaThread "DestroyJavaVM" [_thread_blocked, id=10536, stack(0x0000007627200000,0x0000007627300000)]
  0x000001bff01aa000 JavaThread "Thread-3" [_thread_blocked, id=16140, stack(0x0000007629b00000,0x0000007629c00000)]
  0x000001bff064c000 JavaThread "AWT-EventQueue-0" [_thread_blocked, id=7944, stack(0x0000007629a00000,0x0000007629b00000)]
  0x000001bff00be000 JavaThread "AWT-Windows" daemon [_thread_in_native, id=14852, stack(0x0000007629900000,0x0000007629a00000)]
  0x000001bff014c000 JavaThread "AWT-Shutdown" [_thread_blocked, id=12808, stack(0x0000007629800000,0x0000007629900000)]
  0x000001bff014b800 JavaThread "Java2D Disposer" daemon [_thread_blocked, id=2616, stack(0x0000007629700000,0x0000007629800000)]
  0x000001bfef565800 JavaThread "Service Thread" daemon [_thread_blocked, id=15816, stack(0x0000007629500000,0x0000007629600000)]
  0x000001bfef3cc000 JavaThread "JDWP Command Reader" daemon [_thread_in_native, id=11564, stack(0x0000007629400000,0x0000007629500000)]
  0x000001bfef3c3000 JavaThread "JDWP Event Helper Thread" daemon [_thread_blocked, id=4100, stack(0x0000007629300000,0x0000007629400000)]
  0x000001bfef3be000 JavaThread "JDWP Transport Listener: dt_socket" daemon [_thread_blocked, id=7188, stack(0x0000007629200000,0x0000007629300000)]
  0x000001bfef297800 JavaThread "Common-Cleaner" daemon [_thread_blocked, id=3324, stack(0x0000007629100000,0x0000007629200000)]
  0x000001bfef1eb800 JavaThread "Sweeper thread" daemon [_thread_blocked, id=11952, stack(0x0000007629000000,0x0000007629100000)]
  0x000001bfef1d9800 JavaThread "C1 CompilerThread3" daemon [_thread_blocked, id=11172, stack(0x0000007628f00000,0x0000007629000000)]
  0x000001bfef1d6000 JavaThread "C2 CompilerThread2" daemon [_thread_blocked, id=2220, stack(0x0000007628e00000,0x0000007628f00000)]
  0x000001bfef1d1800 JavaThread "C2 CompilerThread1" daemon [_thread_blocked, id=3556, stack(0x0000007628d00000,0x0000007628e00000)]
  0x000001bfef1d0800 JavaThread "C2 CompilerThread0" daemon [_thread_blocked, id=12108, stack(0x0000007628c00000,0x0000007628d00000)]
  0x000001bfef1cb800 JavaThread "Attach Listener" daemon [_thread_blocked, id=12468, stack(0x0000007628b00000,0x0000007628c00000)]
  0x000001bfef1ca800 JavaThread "Signal Dispatcher" daemon [_thread_blocked, id=15148, stack(0x0000007628a00000,0x0000007628b00000)]
  0x000001bfef180800 JavaThread "Finalizer" daemon [_thread_blocked, id=12428, stack(0x0000007628900000,0x0000007628a00000)]
  0x000001bfee961800 JavaThread "Reference Handler" daemon [_thread_blocked, id=6548, stack(0x0000007628800000,0x0000007628900000)]

Other Threads:
=>0x000001bfee95c000 VMThread "VM Thread" [stack: 0x0000007628700000,0x0000007628800000] [id=1544]
  0x000001bfefad8800 WatcherThread [stack: 0x0000007629600000,0x0000007629700000] [id=15120]
  0x000001bfc628e800 GCTaskThread "GC Thread#0" [stack: 0x0000007627300000,0x0000007627400000] [id=13844]
  0x000001bfc6290000 GCTaskThread "GC Thread#1" [stack: 0x0000007627400000,0x0000007627500000] [id=13248]
  0x000001bfc6293000 GCTaskThread "GC Thread#2" [stack: 0x0000007627500000,0x0000007627600000] [id=14836]
  0x000001bfc6296000 GCTaskThread "GC Thread#3" [stack: 0x0000007627600000,0x0000007627700000] [id=12220]
  0x000001bfc629c800 GCTaskThread "GC Thread#4" [stack: 0x0000007627700000,0x0000007627800000] [id=12488]
  0x000001bfc629f800 GCTaskThread "GC Thread#5" [stack: 0x0000007627800000,0x0000007627900000] [id=8128]
  0x000001bfc62a1000 GCTaskThread "GC Thread#6" [stack: 0x0000007627900000,0x0000007627a00000] [id=11512]
  0x000001bfc62a2800 GCTaskThread "GC Thread#7" [stack: 0x0000007627a00000,0x0000007627b00000] [id=16060]
  0x000001bfc6310800 ConcurrentGCThread "G1 Main Marker" [stack: 0x0000007628400000,0x0000007628500000] [id=3532]
  0x000001bfc6312800 ConcurrentGCThread "G1 Marker#0" [stack: 0x0000007628500000,0x0000007628600000] [id=15144]
  0x000001bfc6315000 ConcurrentGCThread "G1 Marker#1" [stack: 0x0000007628600000,0x0000007628700000] [id=12004]
  0x000001bfc62bf000 ConcurrentGCThread "G1 Refine#0" [stack: 0x0000007628200000,0x0000007628300000] [id=4420]
  0x000001bfc62be000 ConcurrentGCThread "G1 Refine#1" [stack: 0x0000007628100000,0x0000007628200000] [id=15584]
  0x000001bfc62bb000 ConcurrentGCThread "G1 Refine#2" [stack: 0x0000007628000000,0x0000007628100000] [id=14180]
  0x000001bfc62ba000 ConcurrentGCThread "G1 Refine#3" [stack: 0x0000007627f00000,0x0000007628000000] [id=13884]
  0x000001bfc62b8800 ConcurrentGCThread "G1 Refine#4" [stack: 0x0000007627e00000,0x0000007627f00000] [id=14916]
  0x000001bfc62b3800 ConcurrentGCThread "G1 Refine#5" [stack: 0x0000007627d00000,0x0000007627e00000] [id=8732]
  0x000001bfc62a6800 ConcurrentGCThread "G1 Refine#6" [stack: 0x0000007627c00000,0x0000007627d00000] [id=11076]
  0x000001bfc62a5800 ConcurrentGCThread "G1 Refine#7" [stack: 0x0000007627b00000,0x0000007627c00000] [id=15196]
  0x000001bfc62c1800 ConcurrentGCThread "G1 Young RemSet Sampling" [stack: 0x0000007628300000,0x0000007628400000] [id=13820]

Threads with active compile tasks:

VM state:at safepoint (normal execution)

VM Mutex/Monitor currently owned by a thread:  ([mutex/lock_event])
[0x000001bfc6274a70] Threads_lock - owner thread: 0x000001bfee95c000

Heap address: 0x00000006c0a00000, size: 4086 MB, Compressed Oops mode: Zero based, Oop shift amount: 3
Narrow klass base: 0x0000000000000000, Narrow klass shift: 3
Compressed class space size: 1073741824 Address: 0x00000007c0000000

Heap:
 garbage-first heap   total 263168K, used 164089K [0x00000006c0a00000, 0x00000006c0b00808, 0x00000007c0000000)
  region size 1024K, 89 young (91136K), 2 survivors (2048K)
 Metaspace       used 37873K, capacity 38994K, committed 39376K, reserved 1083392K
  class space    used 4210K, capacity 4492K, committed 4608K, reserved 1048576K
Heap Regions: E=young(eden), S=young(survivor), O=old, HS=humongous(starts), HC=humongous(continues), CS=collection set, F=free, A=archive, TS=gc time stamp, AC=allocation context, TAMS=top-at-mark-start (previous, next)
|   0|0x00000006c0a00000, 0x00000006c0b00000, 0x00000006c0b00000|100%| O|  |TS  0|AC  0|TAMS 0x00000006c0b00000, 0x00000006c0b00000|
|   1|0x00000006c0b00000, 0x00000006c0c00000, 0x00000006c0c00000|100%|HS|  |TS  0|AC  0|TAMS 0x00000006c0c00000, 0x00000006c0c00000|
|   2|0x00000006c0c00000, 0x00000006c0d00000, 0x00000006c0d00000|100%|HC|  |TS  0|AC  0|TAMS 0x00000006c0d00000, 0x00000006c0d00000|
|   3|0x00000006c0d00000, 0x00000006c0e00000, 0x00000006c0e00000|100%|HS|  |TS  0|AC  0|TAMS 0x00000006c0e00000, 0x00000006c0e00000|
|   4|0x00000006c0e00000, 0x00000006c0f00000, 0x00000006c0f00000|100%|HC|  |TS  0|AC  0|TAMS 0x00000006c0f00000, 0x00000006c0f00000|
|   5|0x00000006c0f00000, 0x00000006c1000000, 0x00000006c1000000|100%|HS|  |TS  0|AC  0|TAMS 0x00000006c1000000, 0x00000006c1000000|
|   6|0x00000006c1000000, 0x00000006c1100000, 0x00000006c1100000|100%|HC|  |TS  0|AC  0|TAMS 0x00000006c1100000, 0x00000006c1100000|
|   7|0x00000006c1100000, 0x00000006c1200000, 0x00000006c1200000|100%|HS|  |TS  0|AC  0|TAMS 0x00000006c1200000, 0x00000006c1200000|
|   8|0x00000006c1200000, 0x00000006c1300000, 0x00000006c1300000|100%|HC|  |TS  0|AC  0|TAMS 0x00000006c1300000, 0x00000006c1300000|
|   9|0x00000006c1300000, 0x00000006c1400000, 0x00000006c1400000|100%|HC|  |TS  0|AC  0|TAMS 0x00000006c1400000, 0x00000006c1400000|
|  10|0x00000006c1400000, 0x00000006c1500000, 0x00000006c1500000|100%| O|  |TS  0|AC  0|TAMS 0x00000006c1500000, 0x00000006c1500000|
|  11|0x00000006c1500000, 0x00000006c1600000, 0x00000006c1600000|100%| O|  |TS  0|AC  0|TAMS 0x00000006c1600000, 0x00000006c1600000|
|  12|0x00000006c1600000, 0x00000006c1636800, 0x00000006c1700000| 21%| O|  |TS  7|AC  0|TAMS 0x00000006c1626c00, 0x00000006c1626c00|
|  13|0x00000006c1700000, 0x00000006c1700000, 0x00000006c1800000|  0%| F|  |TS  1|AC  0|TAMS 0x00000006c1700000, 0x00000006c1700000|
|  14|0x00000006c1800000, 0x00000006c1900000, 0x00000006c1900000|100%|HS|  |TS  0|AC  0|TAMS 0x00000006c1900000, 0x00000006c1900000|
|  15|0x00000006c1900000, 0x00000006c1900000, 0x00000006c1a00000|  0%| F|  |TS  3|AC  0|TAMS 0x00000006c1900000, 0x00000006c1900000|
|  16|0x00000006c1a00000, 0x00000006c1a00000, 0x00000006c1b00000|  0%| F|  |TS  3|AC  0|TAMS 0x00000006c1a00000, 0x00000006c1a00000|
|  17|0x00000006c1b00000, 0x00000006c1b00000, 0x00000006c1c00000|  0%| F|  |TS  3|AC  0|TAMS 0x00000006c1b00000, 0x00000006c1b00000|
|  18|0x00000006c1c00000, 0x00000006c1c00000, 0x00000006c1d00000|  0%| F|  |TS  1|AC  0|TAMS 0x00000006c1c00000, 0x00000006c1c00000|
|  19|0x00000006c1d00000, 0x00000006c1d00000, 0x00000006c1e00000|  0%| F|  |TS  1|AC  0|TAMS 0x00000006c1d00000, 0x00000006c1d00000|
|  20|0x00000006c1e00000, 0x00000006c1f00000, 0x00000006c1f00000|100%|HS|  |TS  0|AC  0|TAMS 0x00000006c1f00000, 0x00000006c1f00000|
|  21|0x00000006c1f00000, 0x00000006c2000000, 0x00000006c2000000|100%|HS|  |TS  0|AC  0|TAMS 0x00000006c2000000, 0x00000006c2000000|
|  22|0x00000006c2000000, 0x00000006c2100000, 0x00000006c2100000|100%|HC|  |TS  0|AC  0|TAMS 0x00000006c2100000, 0x00000006c2100000|
|  23|0x00000006c2100000, 0x00000006c2200000, 0x00000006c2200000|100%|HS|  |TS  0|AC  0|TAMS 0x00000006c2200000, 0x00000006c2200000|
|  24|0x00000006c2200000, 0x00000006c2300000, 0x00000006c2300000|100%|HC|  |TS  0|AC  0|TAMS 0x00000006c2300000, 0x00000006c2300000|
|  25|0x00000006c2300000, 0x00000006c2300000, 0x00000006c2400000|  0%| F|  |TS  1|AC  0|TAMS 0x00000006c2300000, 0x00000006c2300000|
|  26|0x00000006c2400000, 0x00000006c2400000, 0x00000006c2500000|  0%| F|  |TS  1|AC  0|TAMS 0x00000006c2400000, 0x00000006c2400000|
|  27|0x00000006c2500000, 0x00000006c2500000, 0x00000006c2600000|  0%| F|  |TS  1|AC  0|TAMS 0x00000006c2500000, 0x00000006c2500000|
|  28|0x00000006c2600000, 0x00000006c2600000, 0x00000006c2700000|  0%| F|  |TS  1|AC  0|TAMS 0x00000006c2600000, 0x00000006c2600000|
|  29|0x00000006c2700000, 0x00000006c2700000, 0x00000006c2800000|  0%| F|  |TS  1|AC  0|TAMS 0x00000006c2700000, 0x00000006c2700000|
|  30|0x00000006c2800000, 0x00000006c2800000, 0x00000006c2900000|  0%| F|  |TS  1|AC  0|TAMS 0x00000006c2800000, 0x00000006c2800000|
|  31|0x00000006c2900000, 0x00000006c2a00000, 0x00000006c2a00000|100%|HS|  |TS  0|AC  0|TAMS 0x00000006c2a00000, 0x00000006c2a00000|
|  32|0x00000006c2a00000, 0x00000006c2a00000, 0x00000006c2b00000|  0%| F|  |TS  1|AC  0|TAMS 0x00000006c2a00000, 0x00000006c2a00000|
|  33|0x00000006c2b00000, 0x00000006c2b00000, 0x00000006c2c00000|  0%| F|  |TS  1|AC  0|TAMS 0x00000006c2b00000, 0x00000006c2b00000|
|  34|0x00000006c2c00000, 0x00000006c2c00000, 0x00000006c2d00000|  0%| F|  |TS  1|AC  0|TAMS 0x00000006c2c00000, 0x00000006c2c00000|
|  35|0x00000006c2d00000, 0x00000006c2d00000, 0x00000006c2e00000|  0%| F|  |TS  1|AC  0|TAMS 0x00000006c2d00000, 0x00000006c2d00000|
|  36|0x00000006c2e00000, 0x00000006c2e00000, 0x00000006c2f00000|  0%| F|  |TS  1|AC  0|TAMS 0x00000006c2e00000, 0x00000006c2e00000|
|  37|0x00000006c2f00000, 0x00000006c2f00000, 0x00000006c3000000|  0%| F|  |TS  1|AC  0|TAMS 0x00000006c2f00000, 0x00000006c2f00000|
|  38|0x00000006c3000000, 0x00000006c3000000, 0x00000006c3100000|  0%| F|  |TS  1|AC  0|TAMS 0x00000006c3000000, 0x00000006c3000000|
|  39|0x00000006c3100000, 0x00000006c3100000, 0x00000006c3200000|  0%| F|  |TS  1|AC  0|TAMS 0x00000006c3100000, 0x00000006c3100000|
|  40|0x00000006c3200000, 0x00000006c3200000, 0x00000006c3300000|  0%| F|  |TS  1|AC  0|TAMS 0x00000006c3200000, 0x00000006c3200000|
|  41|0x00000006c3300000, 0x00000006c3400000, 0x00000006c3400000|100%| O|  |TS  0|AC  0|TAMS 0x00000006c3400000, 0x00000006c3400000|
|  42|0x00000006c3400000, 0x00000006c3500000, 0x00000006c3500000|100%| O|  |TS  0|AC  0|TAMS 0x00000006c3500000, 0x00000006c3500000|
|  43|0x00000006c3500000, 0x00000006c3600000, 0x00000006c3600000|100%| O|  |TS  0|AC  0|TAMS 0x00000006c3600000, 0x00000006c3600000|
|  44|0x00000006c3600000, 0x00000006c3700000, 0x00000006c3700000|100%| O|  |TS  0|AC  0|TAMS 0x00000006c3700000, 0x00000006c3700000|
|  45|0x00000006c3700000, 0x00000006c3800000, 0x00000006c3800000|100%| O|  |TS  0|AC  0|TAMS 0x00000006c3800000, 0x00000006c3800000|
|  46|0x00000006c3800000, 0x00000006c3900000, 0x00000006c3900000|100%| O|  |TS  0|AC  0|TAMS 0x00000006c3900000, 0x00000006c3900000|
|  47|0x00000006c3900000, 0x00000006c3a00000, 0x00000006c3a00000|100%| O|  |TS  0|AC  0|TAMS 0x00000006c3a00000, 0x00000006c3a00000|
|  48|0x00000006c3a00000, 0x00000006c3a00000, 0x00000006c3b00000|  0%| F|  |TS  1|AC  0|TAMS 0x00000006c3a00000, 0x00000006c3a00000|
|  49|0x00000006c3b00000, 0x00000006c3b00000, 0x00000006c3c00000|  0%| F|  |TS  1|AC  0|TAMS 0x00000006c3b00000, 0x00000006c3b00000|
|  50|0x00000006c3c00000, 0x00000006c3c00000, 0x00000006c3d00000|  0%| F|  |TS  3|AC  0|TAMS 0x00000006c3c00000, 0x00000006c3c00000|
|  51|0x00000006c3d00000, 0x00000006c3d00000, 0x00000006c3e00000|  0%| F|  |TS  1|AC  0|TAMS 0x00000006c3d00000, 0x00000006c3d00000|
|  52|0x00000006c3e00000, 0x00000006c3e00000, 0x00000006c3f00000|  0%| F|  |TS  3|AC  0|TAMS 0x00000006c3e00000, 0x00000006c3e00000|
|  53|0x00000006c3f00000, 0x00000006c4000000, 0x00000006c4000000|100%| O|  |TS  0|AC  0|TAMS 0x00000006c4000000, 0x00000006c4000000|
|  54|0x00000006c4000000, 0x00000006c4100000, 0x00000006c4100000|100%| O|  |TS  0|AC  0|TAMS 0x00000006c4100000, 0x00000006c4100000|
|  55|0x00000006c4100000, 0x00000006c4200000, 0x00000006c4200000|100%| O|  |TS  0|AC  0|TAMS 0x00000006c4200000, 0x00000006c4200000|
|  56|0x00000006c4200000, 0x00000006c4300000, 0x00000006c4300000|100%| O|  |TS  0|AC  0|TAMS 0x00000006c4300000, 0x00000006c4300000|
|  57|0x00000006c4300000, 0x00000006c4400000, 0x00000006c4400000|100%| O|  |TS  0|AC  0|TAMS 0x00000006c4400000, 0x00000006c4400000|
|  58|0x00000006c4400000, 0x00000006c4500000, 0x00000006c4500000|100%| O|  |TS  0|AC  0|TAMS 0x00000006c4500000, 0x00000006c4500000|
|  59|0x00000006c4500000, 0x00000006c4600000, 0x00000006c4600000|100%| O|  |TS  0|AC  0|TAMS 0x00000006c4600000, 0x00000006c4600000|
|  60|0x00000006c4600000, 0x00000006c4700000, 0x00000006c4700000|100%|HS|  |TS  0|AC  0|TAMS 0x00000006c4700000, 0x00000006c4700000|
|  61|0x00000006c4700000, 0x00000006c4800000, 0x00000006c4800000|100%| O|  |TS  0|AC  0|TAMS 0x00000006c4800000, 0x00000006c4800000|
|  62|0x00000006c4800000, 0x00000006c4900000, 0x00000006c4900000|100%| O|  |TS  0|AC  0|TAMS 0x00000006c4900000, 0x00000006c4900000|
|  63|0x00000006c4900000, 0x00000006c4a00000, 0x00000006c4a00000|100%| O|  |TS  0|AC  0|TAMS 0x00000006c4a00000, 0x00000006c4a00000|
|  64|0x00000006c4a00000, 0x00000006c4a00000, 0x00000006c4b00000|  0%| F|  |TS  1|AC  0|TAMS 0x00000006c4a00000, 0x00000006c4a00000|
|  65|0x00000006c4b00000, 0x00000006c4b00000, 0x00000006c4c00000|  0%| F|  |TS  1|AC  0|TAMS 0x00000006c4b00000, 0x00000006c4b00000|
|  66|0x00000006c4c00000, 0x00000006c4d00000, 0x00000006c4d00000|100%|HS|  |TS  0|AC  0|TAMS 0x00000006c4d00000, 0x00000006c4d00000|
|  67|0x00000006c4d00000, 0x00000006c4d00000, 0x00000006c4e00000|  0%| F|  |TS  1|AC  0|TAMS 0x00000006c4d00000, 0x00000006c4d00000|
|  68|0x00000006c4e00000, 0x00000006c4e00000, 0x00000006c4f00000|  0%| F|  |TS  1|AC  0|TAMS 0x00000006c4e00000, 0x00000006c4e00000|
|  69|0x00000006c4f00000, 0x00000006c4f00000, 0x00000006c5000000|  0%| F|  |TS  1|AC  0|TAMS 0x00000006c4f00000, 0x00000006c4f00000|
|  70|0x00000006c5000000, 0x00000006c5000000, 0x00000006c5100000|  0%| F|  |TS  1|AC  0|TAMS 0x00000006c5000000, 0x00000006c5000000|
|  71|0x00000006c5100000, 0x00000006c5100000, 0x00000006c5200000|  0%| F|  |TS  1|AC  0|TAMS 0x00000006c5100000, 0x00000006c5100000|
|  72|0x00000006c5200000, 0x00000006c5300000, 0x00000006c5300000|100%|HS|  |TS  0|AC  0|TAMS 0x00000006c5300000, 0x00000006c5300000|
|  73|0x00000006c5300000, 0x00000006c5300000, 0x00000006c5400000|  0%| F|  |TS  1|AC  0|TAMS 0x00000006c5300000, 0x00000006c5300000|
|  74|0x00000006c5400000, 0x00000006c5400000, 0x00000006c5500000|  0%| F|  |TS  1|AC  0|TAMS 0x00000006c5400000, 0x00000006c5400000|
|  75|0x00000006c5500000, 0x00000006c5500000, 0x00000006c5600000|  0%| F|  |TS  1|AC  0|TAMS 0x00000006c5500000, 0x00000006c5500000|
|  76|0x00000006c5600000, 0x00000006c5600000, 0x00000006c5700000|  0%| F|  |TS  1|AC  0|TAMS 0x00000006c5600000, 0x00000006c5600000|
|  77|0x00000006c5700000, 0x00000006c5700000, 0x00000006c5800000|  0%| F|  |TS  1|AC  0|TAMS 0x00000006c5700000, 0x00000006c5700000|
|  78|0x00000006c5800000, 0x00000006c5900000, 0x00000006c5900000|100%|HS|  |TS  0|AC  0|TAMS 0x00000006c5900000, 0x00000006c5900000|
|  79|0x00000006c5900000, 0x00000006c5900000, 0x00000006c5a00000|  0%| F|  |TS  1|AC  0|TAMS 0x00000006c5900000, 0x00000006c5900000|
|  80|0x00000006c5a00000, 0x00000006c5a00000, 0x00000006c5b00000|  0%| F|  |TS  1|AC  0|TAMS 0x00000006c5a00000, 0x00000006c5a00000|
|  81|0x00000006c5b00000, 0x00000006c5b00000, 0x00000006c5c00000|  0%| F|  |TS  1|AC  0|TAMS 0x00000006c5b00000, 0x00000006c5b00000|
|  82|0x00000006c5c00000, 0x00000006c5c00000, 0x00000006c5d00000|  0%| F|  |TS  1|AC  0|TAMS 0x00000006c5c00000, 0x00000006c5c00000|
|  83|0x00000006c5d00000, 0x00000006c5d00000, 0x00000006c5e00000|  0%| F|  |TS  1|AC  0|TAMS 0x00000006c5d00000, 0x00000006c5d00000|
|  84|0x00000006c5e00000, 0x00000006c5f00000, 0x00000006c5f00000|100%|HS|  |TS  0|AC  0|TAMS 0x00000006c5f00000, 0x00000006c5f00000|
|  85|0x00000006c5f00000, 0x00000006c5f00000, 0x00000006c6000000|  0%| F|  |TS  1|AC  0|TAMS 0x00000006c5f00000, 0x00000006c5f00000|
|  86|0x00000006c6000000, 0x00000006c6000000, 0x00000006c6100000|  0%| F|  |TS  1|AC  0|TAMS 0x00000006c6000000, 0x00000006c6000000|
|  87|0x00000006c6100000, 0x00000006c6100000, 0x00000006c6200000|  0%| F|  |TS  1|AC  0|TAMS 0x00000006c6100000, 0x00000006c6100000|
|  88|0x00000006c6200000, 0x00000006c6200000, 0x00000006c6300000|  0%| F|  |TS  1|AC  0|TAMS 0x00000006c6200000, 0x00000006c6200000|
|  89|0x00000006c6300000, 0x00000006c6300000, 0x00000006c6400000|  0%| F|  |TS  1|AC  0|TAMS 0x00000006c6300000, 0x00000006c6300000|
|  90|0x00000006c6400000, 0x00000006c6500000, 0x00000006c6500000|100%|HS|  |TS  0|AC  0|TAMS 0x00000006c6500000, 0x00000006c6500000|
|  91|0x00000006c6500000, 0x00000006c6500000, 0x00000006c6600000|  0%| F|  |TS  1|AC  0|TAMS 0x00000006c6500000, 0x00000006c6500000|
|  92|0x00000006c6600000, 0x00000006c6600000, 0x00000006c6700000|  0%| F|  |TS  1|AC  0|TAMS 0x00000006c6600000, 0x00000006c6600000|
|  93|0x00000006c6700000, 0x00000006c6700000, 0x00000006c6800000|  0%| F|  |TS  1|AC  0|TAMS 0x00000006c6700000, 0x00000006c6700000|
|  94|0x00000006c6800000, 0x00000006c6800000, 0x00000006c6900000|  0%| F|  |TS  1|AC  0|TAMS 0x00000006c6800000, 0x00000006c6800000|
|  95|0x00000006c6900000, 0x00000006c6900000, 0x00000006c6a00000|  0%| F|  |TS  1|AC  0|TAMS 0x00000006c6900000, 0x00000006c6900000|
|  96|0x00000006c6a00000, 0x00000006c6b00000, 0x00000006c6b00000|100%|HS|  |TS  0|AC  0|TAMS 0x00000006c6b00000, 0x00000006c6b00000|
|  97|0x00000006c6b00000, 0x00000006c6c00000, 0x00000006c6c00000|100%| O|  |TS  0|AC  0|TAMS 0x00000006c6c00000, 0x00000006c6c00000|
|  98|0x00000006c6c00000, 0x00000006c6d00000, 0x00000006c6d00000|100%| O|  |TS  0|AC  0|TAMS 0x00000006c6d00000, 0x00000006c6d00000|
|  99|0x00000006c6d00000, 0x00000006c6e00000, 0x00000006c6e00000|100%| O|  |TS  0|AC  0|TAMS 0x00000006c6e00000, 0x00000006c6e00000|
| 100|0x00000006c6e00000, 0x00000006c6f00000, 0x00000006c6f00000|100%| O|  |TS  0|AC  0|TAMS 0x00000006c6f00000, 0x00000006c6f00000|
| 101|0x00000006c6f00000, 0x00000006c7000000, 0x00000006c7000000|100%| O|  |TS  0|AC  0|TAMS 0x00000006c7000000, 0x00000006c7000000|
| 102|0x00000006c7000000, 0x00000006c7100000, 0x00000006c7100000|100%| O|  |TS  0|AC  0|TAMS 0x00000006c7100000, 0x00000006c7100000|
| 103|0x00000006c7100000, 0x00000006c7200000, 0x00000006c7200000|100%| O|  |TS  0|AC  0|TAMS 0x00000006c7200000, 0x00000006c7200000|
| 104|0x00000006c7200000, 0x00000006c7300000, 0x00000006c7300000|100%| O|  |TS  0|AC  0|TAMS 0x00000006c7300000, 0x00000006c7300000|
| 105|0x00000006c7300000, 0x00000006c7400000, 0x00000006c7400000|100%| O|  |TS  0|AC  0|TAMS 0x00000006c7400000, 0x00000006c7400000|
| 106|0x00000006c7400000, 0x00000006c7500000, 0x00000006c7500000|100%| O|  |TS  0|AC  0|TAMS 0x00000006c7500000, 0x00000006c7500000|
| 107|0x00000006c7500000, 0x00000006c7600000, 0x00000006c7600000|100%| O|  |TS  0|AC  0|TAMS 0x00000006c7600000, 0x00000006c7600000|
| 108|0x00000006c7600000, 0x00000006c7700000, 0x00000006c7700000|100%| O|  |TS  0|AC  0|TAMS 0x00000006c7700000, 0x00000006c7700000|
| 109|0x00000006c7700000, 0x00000006c7700000, 0x00000006c7800000|  0%| F|  |TS  1|AC  0|TAMS 0x00000006c7700000, 0x00000006c7700000|
| 110|0x00000006c7800000, 0x00000006c7800000, 0x00000006c7900000|  0%| F|  |TS  1|AC  0|TAMS 0x00000006c7800000, 0x00000006c7800000|
| 111|0x00000006c7900000, 0x00000006c7a00000, 0x00000006c7a00000|100%| O|  |TS  0|AC  0|TAMS 0x00000006c7a00000, 0x00000006c7a00000|
| 112|0x00000006c7a00000, 0x00000006c7a00000, 0x00000006c7b00000|  0%| F|  |TS  1|AC  0|TAMS 0x00000006c7a00000, 0x00000006c7a00000|
| 113|0x00000006c7b00000, 0x00000006c7b00000, 0x00000006c7c00000|  0%| F|  |TS  1|AC  0|TAMS 0x00000006c7b00000, 0x00000006c7b00000|
| 114|0x00000006c7c00000, 0x00000006c7c00000, 0x00000006c7d00000|  0%| F|  |TS  1|AC  0|TAMS 0x00000006c7c00000, 0x00000006c7c00000|
| 115|0x00000006c7d00000, 0x00000006c7d00000, 0x00000006c7e00000|  0%| F|  |TS  1|AC  0|TAMS 0x00000006c7d00000, 0x00000006c7d00000|
| 116|0x00000006c7e00000, 0x00000006c7e00000, 0x00000006c7f00000|  0%| F|  |TS  1|AC  0|TAMS 0x00000006c7e00000, 0x00000006c7e00000|
| 117|0x00000006c7f00000, 0x00000006c7f00000, 0x00000006c8000000|  0%| F|  |TS  1|AC  0|TAMS 0x00000006c7f00000, 0x00000006c7f00000|
| 118|0x00000006c8000000, 0x00000006c8000000, 0x00000006c8100000|  0%| F|  |TS  1|AC  0|TAMS 0x00000006c8000000, 0x00000006c8000000|
| 119|0x00000006c8100000, 0x00000006c8100000, 0x00000006c8200000|  0%| F|  |TS  1|AC  0|TAMS 0x00000006c8100000, 0x00000006c8100000|
| 120|0x00000006c8200000, 0x00000006c8200000, 0x00000006c8300000|  0%| F|  |TS  1|AC  0|TAMS 0x00000006c8200000, 0x00000006c8200000|
| 121|0x00000006c8300000, 0x00000006c8300000, 0x00000006c8400000|  0%| F|  |TS  1|AC  0|TAMS 0x00000006c8300000, 0x00000006c8300000|
| 122|0x00000006c8400000, 0x00000006c8400000, 0x00000006c8500000|  0%| F|  |TS  7|AC  0|TAMS 0x00000006c8400000, 0x00000006c8400000|
| 123|0x00000006c8500000, 0x00000006c8500000, 0x00000006c8600000|  0%| F|  |TS  7|AC  0|TAMS 0x00000006c8500000, 0x00000006c8500000|
| 124|0x00000006c8600000, 0x00000006c8600000, 0x00000006c8700000|  0%| F|  |TS  5|AC  0|TAMS 0x00000006c8600000, 0x00000006c8600000|
| 125|0x00000006c8700000, 0x00000006c8707d60, 0x00000006c8800000|  3%| S|CS|TS  7|AC  0|TAMS 0x00000006c8700000, 0x00000006c8700000|
| 126|0x00000006c8800000, 0x00000006c8900000, 0x00000006c8900000|100%| S|CS|TS  7|AC  0|TAMS 0x00000006c8800000, 0x00000006c8800000|
| 127|0x00000006c8900000, 0x00000006c8900000, 0x00000006c8a00000|  0%| F|  |TS  7|AC  0|TAMS 0x00000006c8900000, 0x00000006c8900000|
| 128|0x00000006c8a00000, 0x00000006c8a00000, 0x00000006c8b00000|  0%| F|  |TS  7|AC  0|TAMS 0x00000006c8a00000, 0x00000006c8a00000|
| 129|0x00000006c8b00000, 0x00000006c8b00000, 0x00000006c8c00000|  0%| F|  |TS  7|AC  0|TAMS 0x00000006c8b00000, 0x00000006c8b00000|
| 130|0x00000006c8c00000, 0x00000006c8c00000, 0x00000006c8d00000|  0%| F|  |TS  7|AC  0|TAMS 0x00000006c8c00000, 0x00000006c8c00000|
| 131|0x00000006c8d00000, 0x00000006c8d00000, 0x00000006c8e00000|  0%| F|  |TS  7|AC  0|TAMS 0x00000006c8d00000, 0x00000006c8d00000|
| 132|0x00000006c8e00000, 0x00000006c8e00000, 0x00000006c8f00000|  0%| F|  |TS  7|AC  0|TAMS 0x00000006c8e00000, 0x00000006c8e00000|
| 133|0x00000006c8f00000, 0x00000006c8f00000, 0x00000006c9000000|  0%| F|  |TS  7|AC  0|TAMS 0x00000006c8f00000, 0x00000006c8f00000|
| 134|0x00000006c9000000, 0x00000006c9000000, 0x00000006c9100000|  0%| F|  |TS  7|AC  0|TAMS 0x00000006c9000000, 0x00000006c9000000|
| 135|0x00000006c9100000, 0x00000006c9100000, 0x00000006c9200000|  0%| F|  |TS  7|AC  0|TAMS 0x00000006c9100000, 0x00000006c9100000|
| 136|0x00000006c9200000, 0x00000006c9200000, 0x00000006c9300000|  0%| F|  |TS  7|AC  0|TAMS 0x00000006c9200000, 0x00000006c9200000|
| 137|0x00000006c9300000, 0x00000006c9300000, 0x00000006c9400000|  0%| F|  |TS  7|AC  0|TAMS 0x00000006c9300000, 0x00000006c9300000|
| 138|0x00000006c9400000, 0x00000006c9400000, 0x00000006c9500000|  0%| F|  |TS  7|AC  0|TAMS 0x00000006c9400000, 0x00000006c9400000|
| 139|0x00000006c9500000, 0x00000006c9500000, 0x00000006c9600000|  0%| F|  |TS  7|AC  0|TAMS 0x00000006c9500000, 0x00000006c9500000|
| 140|0x00000006c9600000, 0x00000006c9600000, 0x00000006c9700000|  0%| F|  |TS  7|AC  0|TAMS 0x00000006c9600000, 0x00000006c9600000|
| 141|0x00000006c9700000, 0x00000006c9700000, 0x00000006c9800000|  0%| F|  |TS  7|AC  0|TAMS 0x00000006c9700000, 0x00000006c9700000|
| 142|0x00000006c9800000, 0x00000006c9800000, 0x00000006c9900000|  0%| F|  |TS  7|AC  0|TAMS 0x00000006c9800000, 0x00000006c9800000|
| 143|0x00000006c9900000, 0x00000006c9900000, 0x00000006c9a00000|  0%| F|  |TS  7|AC  0|TAMS 0x00000006c9900000, 0x00000006c9900000|
| 144|0x00000006c9a00000, 0x00000006c9a00000, 0x00000006c9b00000|  0%| F|  |TS  7|AC  0|TAMS 0x00000006c9a00000, 0x00000006c9a00000|
| 145|0x00000006c9b00000, 0x00000006c9b00000, 0x00000006c9c00000|  0%| F|  |TS  7|AC  0|TAMS 0x00000006c9b00000, 0x00000006c9b00000|
| 146|0x00000006c9c00000, 0x00000006c9c00000, 0x00000006c9d00000|  0%| F|  |TS  7|AC  0|TAMS 0x00000006c9c00000, 0x00000006c9c00000|
| 147|0x00000006c9d00000, 0x00000006c9d00000, 0x00000006c9e00000|  0%| F|  |TS  7|AC  0|TAMS 0x00000006c9d00000, 0x00000006c9d00000|
| 148|0x00000006c9e00000, 0x00000006c9e00000, 0x00000006c9f00000|  0%| F|  |TS  7|AC  0|TAMS 0x00000006c9e00000, 0x00000006c9e00000|
| 149|0x00000006c9f00000, 0x00000006c9f00000, 0x00000006ca000000|  0%| F|  |TS  7|AC  0|TAMS 0x00000006c9f00000, 0x00000006c9f00000|
| 150|0x00000006ca000000, 0x00000006ca000000, 0x00000006ca100000|  0%| F|  |TS  7|AC  0|TAMS 0x00000006ca000000, 0x00000006ca000000|
| 151|0x00000006ca100000, 0x00000006ca100000, 0x00000006ca200000|  0%| F|  |TS  7|AC  0|TAMS 0x00000006ca100000, 0x00000006ca100000|
| 152|0x00000006ca200000, 0x00000006ca200000, 0x00000006ca300000|  0%| F|  |TS  7|AC  0|TAMS 0x00000006ca200000, 0x00000006ca200000|
| 153|0x00000006ca300000, 0x00000006ca3de1f8, 0x00000006ca400000| 86%| E|  |TS  7|AC  0|TAMS 0x00000006ca300000, 0x00000006ca300000|
| 154|0x00000006ca400000, 0x00000006ca500000, 0x00000006ca500000|100%| E|CS|TS  7|AC  0|TAMS 0x00000006ca400000, 0x00000006ca400000|
| 155|0x00000006ca500000, 0x00000006ca600000, 0x00000006ca600000|100%| E|CS|TS  7|AC  0|TAMS 0x00000006ca500000, 0x00000006ca500000|
| 156|0x00000006ca600000, 0x00000006ca700000, 0x00000006ca700000|100%| E|CS|TS  7|AC  0|TAMS 0x00000006ca600000, 0x00000006ca600000|
| 157|0x00000006ca700000, 0x00000006ca800000, 0x00000006ca800000|100%| E|CS|TS  7|AC  0|TAMS 0x00000006ca700000, 0x00000006ca700000|
| 158|0x00000006ca800000, 0x00000006ca900000, 0x00000006ca900000|100%| E|CS|TS  7|AC  0|TAMS 0x00000006ca800000, 0x00000006ca800000|
| 159|0x00000006ca900000, 0x00000006caa00000, 0x00000006caa00000|100%| E|CS|TS  7|AC  0|TAMS 0x00000006ca900000, 0x00000006ca900000|
| 160|0x00000006caa00000, 0x00000006cab00000, 0x00000006cab00000|100%| E|CS|TS  7|AC  0|TAMS 0x00000006caa00000, 0x00000006caa00000|
| 161|0x00000006cab00000, 0x00000006cac00000, 0x00000006cac00000|100%| E|CS|TS  7|AC  0|TAMS 0x00000006cab00000, 0x00000006cab00000|
| 162|0x00000006cac00000, 0x00000006cad00000, 0x00000006cad00000|100%| E|CS|TS  7|AC  0|TAMS 0x00000006cac00000, 0x00000006cac00000|
| 163|0x00000006cad00000, 0x00000006cae00000, 0x00000006cae00000|100%| E|CS|TS  7|AC  0|TAMS 0x00000006cad00000, 0x00000006cad00000|
| 164|0x00000006cae00000, 0x00000006caf00000, 0x00000006caf00000|100%| E|CS|TS  7|AC  0|TAMS 0x00000006cae00000, 0x00000006cae00000|
| 165|0x00000006caf00000, 0x00000006cb000000, 0x00000006cb000000|100%| E|CS|TS  7|AC  0|TAMS 0x00000006caf00000, 0x00000006caf00000|
| 166|0x00000006cb000000, 0x00000006cb100000, 0x00000006cb100000|100%| E|CS|TS  7|AC  0|TAMS 0x00000006cb000000, 0x00000006cb000000|
| 167|0x00000006cb100000, 0x00000006cb200000, 0x00000006cb200000|100%| E|CS|TS  7|AC  0|TAMS 0x00000006cb100000, 0x00000006cb100000|
| 168|0x00000006cb200000, 0x00000006cb300000, 0x00000006cb300000|100%| E|CS|TS  7|AC  0|TAMS 0x00000006cb200000, 0x00000006cb200000|
| 169|0x00000006cb300000, 0x00000006cb400000, 0x00000006cb400000|100%| E|CS|TS  7|AC  0|TAMS 0x00000006cb300000, 0x00000006cb300000|
| 170|0x00000006cb400000, 0x00000006cb500000, 0x00000006cb500000|100%| E|CS|TS  7|AC  0|TAMS 0x00000006cb400000, 0x00000006cb400000|
| 171|0x00000006cb500000, 0x00000006cb600000, 0x00000006cb600000|100%| E|CS|TS  7|AC  0|TAMS 0x00000006cb500000, 0x00000006cb500000|
| 172|0x00000006cb600000, 0x00000006cb700000, 0x00000006cb700000|100%| E|CS|TS  7|AC  0|TAMS 0x00000006cb600000, 0x00000006cb600000|
| 173|0x00000006cb700000, 0x00000006cb800000, 0x00000006cb800000|100%| E|CS|TS  7|AC  0|TAMS 0x00000006cb700000, 0x00000006cb700000|
| 174|0x00000006cb800000, 0x00000006cb900000, 0x00000006cb900000|100%| E|CS|TS  7|AC  0|TAMS 0x00000006cb800000, 0x00000006cb800000|
| 175|0x00000006cb900000, 0x00000006cba00000, 0x00000006cba00000|100%| E|CS|TS  7|AC  0|TAMS 0x00000006cb900000, 0x00000006cb900000|
| 176|0x00000006cba00000, 0x00000006cbb00000, 0x00000006cbb00000|100%| E|CS|TS  7|AC  0|TAMS 0x00000006cba00000, 0x00000006cba00000|
| 177|0x00000006cbb00000, 0x00000006cbc00000, 0x00000006cbc00000|100%| E|CS|TS  7|AC  0|TAMS 0x00000006cbb00000, 0x00000006cbb00000|
| 178|0x00000006cbc00000, 0x00000006cbd00000, 0x00000006cbd00000|100%| E|CS|TS  7|AC  0|TAMS 0x00000006cbc00000, 0x00000006cbc00000|
| 179|0x00000006cbd00000, 0x00000006cbe00000, 0x00000006cbe00000|100%| E|CS|TS  7|AC  0|TAMS 0x00000006cbd00000, 0x00000006cbd00000|
| 180|0x00000006cbe00000, 0x00000006cbf00000, 0x00000006cbf00000|100%| E|CS|TS  7|AC  0|TAMS 0x00000006cbe00000, 0x00000006cbe00000|
| 181|0x00000006cbf00000, 0x00000006cc000000, 0x00000006cc000000|100%| E|CS|TS  7|AC  0|TAMS 0x00000006cbf00000, 0x00000006cbf00000|
| 182|0x00000006cc000000, 0x00000006cc100000, 0x00000006cc100000|100%| E|CS|TS  7|AC  0|TAMS 0x00000006cc000000, 0x00000006cc000000|
| 183|0x00000006cc100000, 0x00000006cc200000, 0x00000006cc200000|100%| E|CS|TS  7|AC  0|TAMS 0x00000006cc100000, 0x00000006cc100000|
| 184|0x00000006cc200000, 0x00000006cc300000, 0x00000006cc300000|100%| E|CS|TS  7|AC  0|TAMS 0x00000006cc200000, 0x00000006cc200000|
| 185|0x00000006cc300000, 0x00000006cc400000, 0x00000006cc400000|100%| E|CS|TS  7|AC  0|TAMS 0x00000006cc300000, 0x00000006cc300000|
| 186|0x00000006cc400000, 0x00000006cc500000, 0x00000006cc500000|100%| E|CS|TS  7|AC  0|TAMS 0x00000006cc400000, 0x00000006cc400000|
| 187|0x00000006cc500000, 0x00000006cc600000, 0x00000006cc600000|100%|HS|  |TS  0|AC  0|TAMS 0x00000006cc500000, 0x00000006cc500000|
| 188|0x00000006cc600000, 0x00000006cc700000, 0x00000006cc700000|100%|HC|  |TS  0|AC  0|TAMS 0x00000006cc600000, 0x00000006cc600000|
| 189|0x00000006cc700000, 0x00000006cc800000, 0x00000006cc800000|100%|HC|  |TS  0|AC  0|TAMS 0x00000006cc700000, 0x00000006cc700000|
| 190|0x00000006cc800000, 0x00000006cc900000, 0x00000006cc900000|100%|HC|  |TS  0|AC  0|TAMS 0x00000006cc800000, 0x00000006cc800000|
| 191|0x00000006cc900000, 0x00000006cca00000, 0x00000006cca00000|100%|HC|  |TS  0|AC  0|TAMS 0x00000006cc900000, 0x00000006cc900000|
| 192|0x00000006cca00000, 0x00000006ccb00000, 0x00000006ccb00000|100%| E|CS|TS  7|AC  0|TAMS 0x00000006cca00000, 0x00000006cca00000|
| 193|0x00000006ccb00000, 0x00000006ccc00000, 0x00000006ccc00000|100%| E|CS|TS  7|AC  0|TAMS 0x00000006ccb00000, 0x00000006ccb00000|
| 194|0x00000006ccc00000, 0x00000006ccd00000, 0x00000006ccd00000|100%| E|CS|TS  7|AC  0|TAMS 0x00000006ccc00000, 0x00000006ccc00000|
| 195|0x00000006ccd00000, 0x00000006cce00000, 0x00000006cce00000|100%| E|CS|TS  7|AC  0|TAMS 0x00000006ccd00000, 0x00000006ccd00000|
| 196|0x00000006cce00000, 0x00000006ccf00000, 0x00000006ccf00000|100%| E|CS|TS  7|AC  0|TAMS 0x00000006cce00000, 0x00000006cce00000|
| 197|0x00000006ccf00000, 0x00000006cd000000, 0x00000006cd000000|100%| E|CS|TS  7|AC  0|TAMS 0x00000006ccf00000, 0x00000006ccf00000|
| 198|0x00000006cd000000, 0x00000006cd100000, 0x00000006cd100000|100%| E|CS|TS  7|AC  0|TAMS 0x00000006cd000000, 0x00000006cd000000|
| 199|0x00000006cd100000, 0x00000006cd200000, 0x00000006cd200000|100%| E|CS|TS  7|AC  0|TAMS 0x00000006cd100000, 0x00000006cd100000|
| 200|0x00000006cd200000, 0x00000006cd300000, 0x00000006cd300000|100%| E|CS|TS  7|AC  0|TAMS 0x00000006cd200000, 0x00000006cd200000|
| 201|0x00000006cd300000, 0x00000006cd400000, 0x00000006cd400000|100%| E|CS|TS  7|AC  0|TAMS 0x00000006cd300000, 0x00000006cd300000|
| 202|0x00000006cd400000, 0x00000006cd500000, 0x00000006cd500000|100%| E|CS|TS  7|AC  0|TAMS 0x00000006cd400000, 0x00000006cd400000|
| 203|0x00000006cd500000, 0x00000006cd600000, 0x00000006cd600000|100%| E|CS|TS  7|AC  0|TAMS 0x00000006cd500000, 0x00000006cd500000|
| 204|0x00000006cd600000, 0x00000006cd700000, 0x00000006cd700000|100%|HS|  |TS  0|AC  0|TAMS 0x00000006cd600000, 0x00000006cd600000|
| 205|0x00000006cd700000, 0x00000006cd800000, 0x00000006cd800000|100%|HC|  |TS  0|AC  0|TAMS 0x00000006cd700000, 0x00000006cd700000|
| 206|0x00000006cd800000, 0x00000006cd900000, 0x00000006cd900000|100%|HC|  |TS  0|AC  0|TAMS 0x00000006cd800000, 0x00000006cd800000|
| 207|0x00000006cd900000, 0x00000006cda00000, 0x00000006cda00000|100%|HC|  |TS  0|AC  0|TAMS 0x00000006cd900000, 0x00000006cd900000|
| 208|0x00000006cda00000, 0x00000006cdb00000, 0x00000006cdb00000|100%|HS|  |TS  0|AC  0|TAMS 0x00000006cda00000, 0x00000006cda00000|
| 209|0x00000006cdb00000, 0x00000006cdc00000, 0x00000006cdc00000|100%|HC|  |TS  0|AC  0|TAMS 0x00000006cdb00000, 0x00000006cdb00000|
| 210|0x00000006cdc00000, 0x00000006cdd00000, 0x00000006cdd00000|100%|HC|  |TS  0|AC  0|TAMS 0x00000006cdc00000, 0x00000006cdc00000|
| 211|0x00000006cdd00000, 0x00000006cde00000, 0x00000006cde00000|100%|HC|  |TS  0|AC  0|TAMS 0x00000006cdd00000, 0x00000006cdd00000|
| 212|0x00000006cde00000, 0x00000006cdf00000, 0x00000006cdf00000|100%|HS|  |TS  0|AC  0|TAMS 0x00000006cde00000, 0x00000006cde00000|
| 213|0x00000006cdf00000, 0x00000006ce000000, 0x00000006ce000000|100%|HC|  |TS  0|AC  0|TAMS 0x00000006cdf00000, 0x00000006cdf00000|
| 214|0x00000006ce000000, 0x00000006ce100000, 0x00000006ce100000|100%|HC|  |TS  0|AC  0|TAMS 0x00000006ce000000, 0x00000006ce000000|
| 215|0x00000006ce100000, 0x00000006ce200000, 0x00000006ce200000|100%|HC|  |TS  0|AC  0|TAMS 0x00000006ce100000, 0x00000006ce100000|
| 216|0x00000006ce200000, 0x00000006ce300000, 0x00000006ce300000|100%| E|CS|TS  7|AC  0|TAMS 0x00000006ce200000, 0x00000006ce200000|
| 217|0x00000006ce300000, 0x00000006ce400000, 0x00000006ce400000|100%| E|CS|TS  7|AC  0|TAMS 0x00000006ce300000, 0x00000006ce300000|
| 218|0x00000006ce400000, 0x00000006ce500000, 0x00000006ce500000|100%| E|CS|TS  7|AC  0|TAMS 0x00000006ce400000, 0x00000006ce400000|
| 219|0x00000006ce500000, 0x00000006ce600000, 0x00000006ce600000|100%| E|CS|TS  7|AC  0|TAMS 0x00000006ce500000, 0x00000006ce500000|
| 220|0x00000006ce600000, 0x00000006ce700000, 0x00000006ce700000|100%| E|CS|TS  7|AC  0|TAMS 0x00000006ce600000, 0x00000006ce600000|
| 221|0x00000006ce700000, 0x00000006ce800000, 0x00000006ce800000|100%| E|CS|TS  7|AC  0|TAMS 0x00000006ce700000, 0x00000006ce700000|
| 222|0x00000006ce800000, 0x00000006ce900000, 0x00000006ce900000|100%| E|CS|TS  7|AC  0|TAMS 0x00000006ce800000, 0x00000006ce800000|
| 223|0x00000006ce900000, 0x00000006cea00000, 0x00000006cea00000|100%| E|CS|TS  7|AC  0|TAMS 0x00000006ce900000, 0x00000006ce900000|
| 224|0x00000006cea00000, 0x00000006ceb00000, 0x00000006ceb00000|100%| E|CS|TS  7|AC  0|TAMS 0x00000006cea00000, 0x00000006cea00000|
| 225|0x00000006ceb00000, 0x00000006cec00000, 0x00000006cec00000|100%| E|CS|TS  7|AC  0|TAMS 0x00000006ceb00000, 0x00000006ceb00000|
| 226|0x00000006cec00000, 0x00000006ced00000, 0x00000006ced00000|100%| E|CS|TS  7|AC  0|TAMS 0x00000006cec00000, 0x00000006cec00000|
| 227|0x00000006ced00000, 0x00000006cee00000, 0x00000006cee00000|100%| E|CS|TS  7|AC  0|TAMS 0x00000006ced00000, 0x00000006ced00000|
| 228|0x00000006cee00000, 0x00000006cef00000, 0x00000006cef00000|100%| E|CS|TS  7|AC  0|TAMS 0x00000006cee00000, 0x00000006cee00000|
| 229|0x00000006cef00000, 0x00000006cf000000, 0x00000006cf000000|100%| E|CS|TS  7|AC  0|TAMS 0x00000006cef00000, 0x00000006cef00000|
| 230|0x00000006cf000000, 0x00000006cf100000, 0x00000006cf100000|100%| E|CS|TS  7|AC  0|TAMS 0x00000006cf000000, 0x00000006cf000000|
| 231|0x00000006cf100000, 0x00000006cf200000, 0x00000006cf200000|100%| E|CS|TS  7|AC  0|TAMS 0x00000006cf100000, 0x00000006cf100000|
| 232|0x00000006cf200000, 0x00000006cf300000, 0x00000006cf300000|100%| E|CS|TS  7|AC  0|TAMS 0x00000006cf200000, 0x00000006cf200000|
| 233|0x00000006cf300000, 0x00000006cf400000, 0x00000006cf400000|100%| E|CS|TS  7|AC  0|TAMS 0x00000006cf300000, 0x00000006cf300000|
| 234|0x00000006cf400000, 0x00000006cf500000, 0x00000006cf500000|100%| E|CS|TS  7|AC  0|TAMS 0x00000006cf400000, 0x00000006cf400000|
| 235|0x00000006cf500000, 0x00000006cf600000, 0x00000006cf600000|100%| E|CS|TS  7|AC  0|TAMS 0x00000006cf500000, 0x00000006cf500000|
| 236|0x00000006cf600000, 0x00000006cf700000, 0x00000006cf700000|100%| E|CS|TS  7|AC  0|TAMS 0x00000006cf600000, 0x00000006cf600000|
| 237|0x00000006cf700000, 0x00000006cf800000, 0x00000006cf800000|100%| E|CS|TS  7|AC  0|TAMS 0x00000006cf700000, 0x00000006cf700000|
| 238|0x00000006cf800000, 0x00000006cf900000, 0x00000006cf900000|100%| E|CS|TS  7|AC  0|TAMS 0x00000006cf800000, 0x00000006cf800000|
| 239|0x00000006cf900000, 0x00000006cfa00000, 0x00000006cfa00000|100%| E|CS|TS  7|AC  0|TAMS 0x00000006cf900000, 0x00000006cf900000|
| 240|0x00000006cfa00000, 0x00000006cfb00000, 0x00000006cfb00000|100%| E|CS|TS  7|AC  0|TAMS 0x00000006cfa00000, 0x00000006cfa00000|
| 241|0x00000006cfb00000, 0x00000006cfc00000, 0x00000006cfc00000|100%| E|CS|TS  7|AC  0|TAMS 0x00000006cfb00000, 0x00000006cfb00000|
| 242|0x00000006cfc00000, 0x00000006cfd00000, 0x00000006cfd00000|100%| E|CS|TS  7|AC  0|TAMS 0x00000006cfc00000, 0x00000006cfc00000|
| 243|0x00000006cfd00000, 0x00000006cfe00000, 0x00000006cfe00000|100%| E|CS|TS  7|AC  0|TAMS 0x00000006cfd00000, 0x00000006cfd00000|
| 244|0x00000006cfe00000, 0x00000006cff00000, 0x00000006cff00000|100%| E|CS|TS  7|AC  0|TAMS 0x00000006cfe00000, 0x00000006cfe00000|
| 245|0x00000006cff00000, 0x00000006d0000000, 0x00000006d0000000|100%| E|CS|TS  7|AC  0|TAMS 0x00000006cff00000, 0x00000006cff00000|
| 246|0x00000006d0000000, 0x00000006d0100000, 0x00000006d0100000|100%| E|CS|TS  7|AC  0|TAMS 0x00000006d0000000, 0x00000006d0000000|
| 247|0x00000006d0100000, 0x00000006d0200000, 0x00000006d0200000|100%| E|CS|TS  7|AC  0|TAMS 0x00000006d0100000, 0x00000006d0100000|
| 248|0x00000006d0200000, 0x00000006d0300000, 0x00000006d0300000|100%| E|CS|TS  7|AC  0|TAMS 0x00000006d0200000, 0x00000006d0200000|
| 249|0x00000006d0300000, 0x00000006d0400000, 0x00000006d0400000|100%| E|CS|TS  7|AC  0|TAMS 0x00000006d0300000, 0x00000006d0300000|
| 250|0x00000006d0400000, 0x00000006d0500000, 0x00000006d0500000|100%| E|CS|TS  7|AC  0|TAMS 0x00000006d0400000, 0x00000006d0400000|
| 251|0x00000006d0500000, 0x00000006d0600000, 0x00000006d0600000|100%| E|CS|TS  7|AC  0|TAMS 0x00000006d0500000, 0x00000006d0500000|
| 252|0x00000006d0600000, 0x00000006d0700000, 0x00000006d0700000|100%| E|CS|TS  7|AC  0|TAMS 0x00000006d0600000, 0x00000006d0600000|
| 253|0x00000006d0700000, 0x00000006d0800000, 0x00000006d0800000|100%| E|CS|TS  7|AC  0|TAMS 0x00000006d0700000, 0x00000006d0700000|
| 254|0x00000006d0800000, 0x00000006d0900000, 0x00000006d0900000|100%| E|CS|TS  7|AC  0|TAMS 0x00000006d0800000, 0x00000006d0800000|
| 255|0x00000006d0900000, 0x00000006d0a00000, 0x00000006d0a00000|100%| E|CS|TS  7|AC  0|TAMS 0x00000006d0900000, 0x00000006d0900000|
| 256|0x00000006d0a00000, 0x00000006d0b00000, 0x00000006d0b00000|100%| E|CS|TS  7|AC  0|TAMS 0x00000006d0a00000, 0x00000006d0a00000|

Card table byte_map: [0x000001bfe2d30000,0x000001bfe3530000] byte_map_base: 0x000001bfdf72b000

Marking Bits (Prev, Next): (CMBitMap*) 0x000001bfc63100b8, (CMBitMap*) 0x000001bfc6310080
 Prev Bits: [0x000001bfe7d10000, 0x000001bfebce8000)
 Next Bits: [0x000001bfe3d30000, 0x000001bfe7d08000)

Polling page: 0x000001bfc6470000

CodeHeap 'non-profiled nmethods': size=120000Kb used=4494Kb max_used=4494Kb free=115505Kb
 bounds [0x000001bfd9e90000, 0x000001bfda310000, 0x000001bfe13c0000]
CodeHeap 'profiled nmethods': size=120000Kb used=11797Kb max_used=13627Kb free=108202Kb
 bounds [0x000001bfd2960000, 0x000001bfd36c0000, 0x000001bfd9e90000]
CodeHeap 'non-nmethods': size=5760Kb used=1482Kb max_used=1566Kb free=4277Kb
 bounds [0x000001bfd23c0000, 0x000001bfd2630000, 0x000001bfd2960000]
 total_blobs=9262 nmethods=5087 adapters=688
 compilation: enabled

Compilation events (10 events):
Event: 648.385 Thread 0x000001bfef1d0800 6337       4       sun.awt.image.BufImgSurfaceData::getBounds (22 bytes)
Event: 648.386 Thread 0x000001bfef1d0800 nmethod 6337 0x000001bfda18da90 code [0x000001bfda18dc20, 0x000001bfda18dd78]
Event: 649.362 Thread 0x000001bfef1d9800 6338       3       lib.RepaintManager::getOrCreateDrawBuffer (79 bytes)
Event: 649.363 Thread 0x000001bfef1d9800 nmethod 6338 0x000001bfd2bfe390 code [0x000001bfd2bfe640, 0x000001bfd2bff5d0]
Event: 649.363 Thread 0x000001bfef1d9800 6339       3       lib.RepaintManager::getDrawBuffer (99 bytes)
Event: 649.363 Thread 0x000001bfef1d9800 nmethod 6339 0x000001bfd2b59010 code [0x000001bfd2b59240, 0x000001bfd2b59a60]
Event: 649.704 Thread 0x000001bfef1d1800 6340       4       online.game.Game::sendRobotProgress (133 bytes)
Event: 649.706 Thread 0x000001bfef1d1800 nmethod 6340 0x000001bfda146390 code [0x000001bfda146520, 0x000001bfda146658]
Event: 720.264 Thread 0x000001bfef1d0800 6341  s    4       lib.RepaintManager::addTimer (282 bytes)
Event: 720.290 Thread 0x000001bfef1d0800 nmethod 6341 0x000001bfda1ebf90 code [0x000001bfda1ec1c0, 0x000001bfda1ee260]

GC Heap History (10 events):
Event: 96.532 GC heap before
{Heap before GC invocations=9 (full 0):
 garbage-first heap   total 262144K, used 174584K [0x00000006c0a00000, 0x00000006c0b00800, 0x00000007c0000000)
  region size 1024K, 58 young (59392K), 1 survivors (1024K)
 Metaspace       used 37158K, capacity 38316K, committed 38736K, reserved 1083392K
  class space    used 4188K, capacity 4459K, committed 4480K, reserved 1048576K
}
Event: 96.534 GC heap after
{Heap after GC invocations=10 (full 0):
 garbage-first heap   total 262144K, used 114045K [0x00000006c0a00000, 0x00000006c0b00800, 0x00000007c0000000)
  region size 1024K, 1 young (1024K), 1 survivors (1024K)
 Metaspace       used 37158K, capacity 38316K, committed 38736K, reserved 1083392K
  class space    used 4188K, capacity 4459K, committed 4480K, reserved 1048576K
}
Event: 107.943 GC heap before
{Heap before GC invocations=11 (full 0):
 garbage-first heap   total 262144K, used 260477K [0x00000006c0a00000, 0x00000006c0b00800, 0x00000007c0000000)
  region size 1024K, 43 young (44032K), 1 survivors (1024K)
 Metaspace       used 37355K, capacity 38514K, committed 38736K, reserved 1083392K
  class space    used 4191K, capacity 4460K, committed 4480K, reserved 1048576K
}
Event: 107.945 GC heap after
{Heap after GC invocations=12 (full 0):
 garbage-first heap   total 263168K, used 150530K [0x00000006c0a00000, 0x00000006c0b00808, 0x00000007c0000000)
  region size 1024K, 1 young (1024K), 1 survivors (1024K)
 Metaspace       used 37355K, capacity 38514K, committed 38736K, reserved 1083392K
  class space    used 4191K, capacity 4460K, committed 4480K, reserved 1048576K
}
Event: 109.930 GC heap before
{Heap before GC invocations=12 (full 0):
 garbage-first heap   total 263168K, used 161794K [0x00000006c0a00000, 0x00000006c0b00808, 0x00000007c0000000)
  region size 1024K, 13 young (13312K), 1 survivors (1024K)
 Metaspace       used 37373K, capacity 38514K, committed 38736K, reserved 1083392K
  class space    used 4191K, capacity 4460K, committed 4480K, reserved 1048576K
}
Event: 109.931 GC heap after
{Heap after GC invocations=13 (full 0):
 garbage-first heap   total 263168K, used 85052K [0x00000006c0a00000, 0x00000006c0b00808, 0x00000007c0000000)
  region size 1024K, 1 young (1024K), 1 survivors (1024K)
 Metaspace       used 37373K, capacity 38514K, committed 38736K, reserved 1083392K
  class space    used 4191K, capacity 4460K, committed 4480K, reserved 1048576K
}
Event: 201.221 GC heap before
{Heap before GC invocations=13 (full 0):
 garbage-first heap   total 263168K, used 193596K [0x00000006c0a00000, 0x00000006c0b00808, 0x00000007c0000000)
  region size 1024K, 107 young (109568K), 1 survivors (1024K)
 Metaspace       used 37401K, capacity 38514K, committed 38736K, reserved 1083392K
  class space    used 4192K, capacity 4460K, committed 4480K, reserved 1048576K
}
Event: 201.222 GC heap after
{Heap after GC invocations=14 (full 0):
 garbage-first heap   total 263168K, used 76027K [0x00000006c0a00000, 0x00000006c0b00808, 0x00000007c0000000)
  region size 1024K, 2 young (2048K), 2 survivors (2048K)
 Metaspace       used 37401K, capacity 38514K, committed 38736K, reserved 1083392K
  class space    used 4192K, capacity 4460K, committed 4480K, reserved 1048576K
}
Event: 407.198 GC heap before
{Heap before GC invocations=14 (full 0):
 garbage-first heap   total 263168K, used 191739K [0x00000006c0a00000, 0x00000006c0b00808, 0x00000007c0000000)
  region size 1024K, 115 young (117760K), 2 survivors (2048K)
 Metaspace       used 37578K, capacity 38706K, committed 38992K, reserved 1083392K
  class space    used 4198K, capacity 4460K, committed 4480K, reserved 1048576K
}
Event: 407.199 GC heap after
{Heap after GC invocations=15 (full 0):
 garbage-first heap   total 263168K, used 76025K [0x00000006c0a00000, 0x00000006c0b00808, 0x00000007c0000000)
  region size 1024K, 2 young (2048K), 2 survivors (2048K)
 Metaspace       used 37578K, capacity 38706K, committed 38992K, reserved 1083392K
  class space    used 4198K, capacity 4460K, committed 4480K, reserved 1048576K
}

Deoptimization events (10 events):
Event: 398.741 Thread 0x000001bff064c000 Uncommon trap: reason=class_check action=maybe_recompile pc=0x000001bfda29ab80 method=java.awt.LightweightDispatcher.trackMouseEnterExit(Ljava/awt/Component;Ljava/awt/event/MouseEvent;)V @ 85 c2
Event: 398.749 Thread 0x000001bff064c000 Uncommon trap: reason=class_check action=maybe_recompile pc=0x000001bfda29ab80 method=java.awt.LightweightDispatcher.trackMouseEnterExit(Ljava/awt/Component;Ljava/awt/event/MouseEvent;)V @ 85 c2
Event: 398.763 Thread 0x000001bff064c000 Uncommon trap: reason=class_check action=maybe_recompile pc=0x000001bfda29ab80 method=java.awt.LightweightDispatcher.trackMouseEnterExit(Ljava/awt/Component;Ljava/awt/event/MouseEvent;)V @ 85 c2
Event: 398.765 Thread 0x000001bff064c000 Uncommon trap: reason=class_check action=maybe_recompile pc=0x000001bfda29ab80 method=java.awt.LightweightDispatcher.trackMouseEnterExit(Ljava/awt/Component;Ljava/awt/event/MouseEvent;)V @ 85 c2
Event: 399.434 Thread 0x000001bff064c000 Uncommon trap: reason=class_check action=maybe_recompile pc=0x000001bfda230eb4 method=java.awt.EventQueue.coalesceEvent(Ljava/awt/AWTEvent;I)Z @ 32 c2
Event: 402.903 Thread 0x000001bff064c000 Uncommon trap: reason=intrinsic_or_type_checked_inlining action=make_not_entrant pc=0x000001bfda0309d0 method=java.util.ArrayList.toArray([Ljava/lang/Object;)[Ljava/lang/Object; @ 36 c2
Event: 406.294 Thread 0x000001bff064c000 Uncommon trap: reason=unstable_if action=reinterpret pc=0x000001bfda14d2dc method=java.util.concurrent.locks.ReentrantLock$Sync.nonfairTryAcquire(I)Z @ 19 c2
Event: 406.917 Thread 0x000001bff0b4c000 Uncommon trap: reason=unstable_if action=reinterpret pc=0x000001bfda156a40 method=lib.RepaintManager.addTimer(JILlib/RefreshReason;Ljava/lang/String;)V @ 3 c2
Event: 554.082 Thread 0x000001bff064c000 Uncommon trap: reason=class_check action=maybe_recompile pc=0x000001bfda230eb4 method=java.awt.EventQueue.coalesceEvent(Ljava/awt/AWTEvent;I)Z @ 32 c2
Event: 636.066 Thread 0x000001bff064c000 Uncommon trap: reason=class_check action=maybe_recompile pc=0x000001bfda230eb4 method=java.awt.EventQueue.coalesceEvent(Ljava/awt/AWTEvent;I)Z @ 32 c2

Classes redefined (10 events):
Event: 795.132 Thread 0x000001bfee95c000 redefined class name=lib.RepaintManager$RepaintStrategy, count=3
Event: 795.146 Thread 0x000001bfee95c000 redefined class name=lib.RepaintManager$RepaintHelper, count=3
Event: 795.160 Thread 0x000001bfee95c000 redefined class name=lib.RepaintManager, count=3
Event: 795.173 Thread 0x000001bfee95c000 redefined class name=lib.PTStack, count=3
Event: 795.186 Thread 0x000001bfee95c000 redefined class name=lib.PaintTimer, count=3
Event: 795.199 Thread 0x000001bfee95c000 redefined class name=lib.RefreshReason, count=3
Event: 795.211 Thread 0x000001bfee95c000 redefined class name=lib.RepaintId, count=3
Event: 795.224 Thread 0x000001bfee95c000 redefined class name=lib.RepaintManager$1, count=3
Event: 795.236 Thread 0x000001bfee95c000 redefined class name=lib.RepaintManager$2, count=3
Event: 795.249 Thread 0x000001bfee95c000 redefined class name=lib.RepaintManager$3, count=3

Internal exceptions (10 events):
Event: 29.837 Thread 0x000001bfefe5a000 Exception <a 'java/io/FileNotFoundException'{0x00000006d0016268}> (0x00000006d0016268) thrown at [t:/workspace/hotspot/src/share/vm/prims/jni.cpp, line 604]
Event: 29.838 Thread 0x000001bfefe5a000 Exception <a 'java/io/FileNotFoundException'{0x00000006d0017788}> (0x00000006d0017788) thrown at [t:/workspace/hotspot/src/share/vm/prims/jni.cpp, line 604]
Event: 29.838 Thread 0x000001bfefe5a000 Exception <a 'java/io/FileNotFoundException'{0x00000006d0018c50}> (0x00000006d0018c50) thrown at [t:/workspace/hotspot/src/share/vm/prims/jni.cpp, line 604]
Event: 29.838 Thread 0x000001bfefe5a000 Exception <a 'java/io/FileNotFoundException'{0x00000006d001a0e0}> (0x00000006d001a0e0) thrown at [t:/workspace/hotspot/src/share/vm/prims/jni.cpp, line 604]
Event: 29.838 Thread 0x000001bfefe5a000 Exception <a 'java/io/FileNotFoundException'{0x00000006d001b5b8}> (0x00000006d001b5b8) thrown at [t:/workspace/hotspot/src/share/vm/prims/jni.cpp, line 604]
Event: 29.839 Thread 0x000001bfefe5a000 Exception <a 'java/io/FileNotFoundException'{0x00000006d001ca90}> (0x00000006d001ca90) thrown at [t:/workspace/hotspot/src/share/vm/prims/jni.cpp, line 604]
Event: 29.839 Thread 0x000001bfefe5a000 Exception <a 'java/io/FileNotFoundException'{0x00000006d001df58}> (0x00000006d001df58) thrown at [t:/workspace/hotspot/src/share/vm/prims/jni.cpp, line 604]
Event: 43.081 Thread 0x000001bff45e5800 Implicit null exception at 0x000001bfd9f8b275 to 0x000001bfd9f8b8ed
Event: 44.019 Thread 0x000001bff0b49000 Implicit null exception at 0x000001bfd9fb3a52 to 0x000001bfd9fb49e9
Event: 97.570 Thread 0x000001bff45e5800 Implicit null exception at 0x000001bfda0dc7f1 to 0x000001bfda0dca63

Events (10 events):
Event: 795.334 Executing VM operation: GetOwnedMonitorInfo done
Event: 795.335 Executing VM operation: GetCurrentContendedMonitor
Event: 795.335 Executing VM operation: GetCurrentContendedMonitor done
Event: 795.358 Executing VM operation: GetCurrentContendedMonitor
Event: 795.358 Executing VM operation: GetCurrentContendedMonitor done
Event: 795.358 Executing VM operation: GetOwnedMonitorInfo
Event: 795.358 Executing VM operation: GetOwnedMonitorInfo done
Event: 795.367 Executing VM operation: GetFrameLocation
Event: 795.367 Executing VM operation: GetFrameLocation done
Event: 795.367 Executing VM operation: GetOrSetLocal


Dynamic libraries:
0x00007ff7c59a0000 - 0x00007ff7c59de000 	C:\Program Files\Java\jdk-9.0.1\bin\javaw.exe
0x00007ffdbdaf0000 - 0x00007ffdbdce5000 	C:\WINDOWS\SYSTEM32\ntdll.dll
0x00007ffdbcf90000 - 0x00007ffdbd04d000 	C:\WINDOWS\System32\KERNEL32.DLL
0x00007ffdbb3c0000 - 0x00007ffdbb689000 	C:\WINDOWS\System32\KERNELBASE.dll
0x00007ffdbda00000 - 0x00007ffdbdaac000 	C:\WINDOWS\System32\ADVAPI32.dll
0x00007ffdbbb70000 - 0x00007ffdbbc0e000 	C:\WINDOWS\System32\msvcrt.dll
0x00007ffdbc930000 - 0x00007ffdbc9cc000 	C:\WINDOWS\System32\sechost.dll
0x00007ffdbd0e0000 - 0x00007ffdbd20b000 	C:\WINDOWS\System32\RPCRT4.dll
0x00007ffdbc670000 - 0x00007ffdbc810000 	C:\WINDOWS\System32\USER32.dll
0x00007ffdbb230000 - 0x00007ffdbb252000 	C:\WINDOWS\System32\win32u.dll
0x00007ffdbd050000 - 0x00007ffdbd07a000 	C:\WINDOWS\System32\GDI32.dll
0x00007ffdbb890000 - 0x00007ffdbb99b000 	C:\WINDOWS\System32\gdi32full.dll
0x00007ffdbb7f0000 - 0x00007ffdbb88d000 	C:\WINDOWS\System32\msvcp_win.dll
0x00007ffdbb6f0000 - 0x00007ffdbb7f0000 	C:\WINDOWS\System32\ucrtbase.dll
0x00007ffdad100000 - 0x00007ffdad39a000 	C:\WINDOWS\WinSxS\amd64_microsoft.windows.common-controls_6595b64144ccf1df_6.0.19041.844_none_ca00b6081b84eb1d\COMCTL32.dll
0x00007ffdb5e00000 - 0x00007ffdb5e0a000 	C:\WINDOWS\SYSTEM32\VERSION.dll
0x00007ffdbd560000 - 0x00007ffdbd590000 	C:\WINDOWS\System32\IMM32.DLL
0x00007ffd6d4f0000 - 0x00007ffd6d5df000 	C:\Program Files\Java\jdk-9.0.1\bin\msvcr120.dll
0x00007ffd6dbe0000 - 0x00007ffd6dc86000 	C:\Program Files\Java\jdk-9.0.1\bin\msvcp120.dll
0x0000000068720000 - 0x0000000069144000 	C:\Program Files\Java\jdk-9.0.1\bin\server\jvm.dll
0x00007ffdbd490000 - 0x00007ffdbd498000 	C:\WINDOWS\System32\PSAPI.DLL
0x00007ffdb88e0000 - 0x00007ffdb88e9000 	C:\WINDOWS\SYSTEM32\WSOCK32.dll
0x00007ffdb2fa0000 - 0x00007ffdb2fc7000 	C:\WINDOWS\SYSTEM32\WINMM.dll
0x00007ffdbc8c0000 - 0x00007ffdbc92b000 	C:\WINDOWS\System32\WS2_32.dll
0x00007ffdb0320000 - 0x00007ffdb032f000 	C:\Program Files\Java\jdk-9.0.1\bin\verify.dll
0x00007ffd9d750000 - 0x00007ffd9d777000 	C:\Program Files\Java\jdk-9.0.1\bin\java.dll
0x00007ffd9d660000 - 0x00007ffd9d696000 	C:\Program Files\Java\jdk-9.0.1\bin\jdwp.dll
0x00007ffd7a9a0000 - 0x00007ffd7a9ca000 	C:\Program Files\Java\jdk-9.0.1\bin\instrument.dll
0x00007ffda70d0000 - 0x00007ffda70e6000 	C:\Program Files\Java\jdk-9.0.1\bin\zip.dll
0x00007ffda5f00000 - 0x00007ffda5f0a000 	C:\Program Files\Java\jdk-9.0.1\bin\jimage.dll
0x00007ffdbbc10000 - 0x00007ffdbc352000 	C:\WINDOWS\System32\SHELL32.dll
0x00007ffdb9390000 - 0x00007ffdb9b20000 	C:\WINDOWS\SYSTEM32\windows.storage.dll
0x00007ffdbcb00000 - 0x00007ffdbce55000 	C:\WINDOWS\System32\combase.dll
0x00007ffdbabd0000 - 0x00007ffdbabfc000 	C:\WINDOWS\SYSTEM32\Wldp.dll
0x00007ffdbc810000 - 0x00007ffdbc8be000 	C:\WINDOWS\System32\SHCORE.dll
0x00007ffdbd500000 - 0x00007ffdbd555000 	C:\WINDOWS\System32\shlwapi.dll
0x00007ffdbb170000 - 0x00007ffdbb18f000 	C:\WINDOWS\SYSTEM32\profapi.dll
0x00007ffd7a900000 - 0x00007ffd7a91a000 	C:\Program Files\Java\jdk-9.0.1\bin\net.dll
0x00007ffdb16e0000 - 0x00007ffdb17ec000 	C:\WINDOWS\SYSTEM32\WINHTTP.dll
0x00007ffdba950000 - 0x00007ffdba9ba000 	C:\WINDOWS\system32\mswsock.dll
0x00007ffd7a870000 - 0x00007ffd7a881000 	C:\Program Files\Java\jdk-9.0.1\bin\nio.dll
0x00007ffda1010000 - 0x00007ffda101a000 	C:\Program Files\Java\jdk-9.0.1\bin\dt_socket.dll
0x00007ffdba680000 - 0x00007ffdba74b000 	C:\WINDOWS\SYSTEM32\DNSAPI.dll
0x00007ffdba640000 - 0x00007ffdba67b000 	C:\WINDOWS\SYSTEM32\IPHLPAPI.DLL
0x00007ffdbc490000 - 0x00007ffdbc498000 	C:\WINDOWS\System32\NSI.dll
0x00007ffdb2e80000 - 0x00007ffdb2eff000 	C:\WINDOWS\System32\fwpuclnt.dll
0x00007ffdbb260000 - 0x00007ffdbb287000 	C:\WINDOWS\System32\bcrypt.dll
0x00007ffdb1410000 - 0x00007ffdb141a000 	C:\Windows\System32\rasadhlp.dll
0x00007ffd6c0d0000 - 0x00007ffd6c269000 	C:\Program Files\Java\jdk-9.0.1\bin\awt.dll
0x00007ffdbd210000 - 0x00007ffdbd2dd000 	C:\WINDOWS\System32\OLEAUT32.dll
0x00007ffdb7be0000 - 0x00007ffdb81a0000 	C:\WINDOWS\SYSTEM32\d2d1.dll
0x00007ffdb75a0000 - 0x00007ffdb7630000 	C:\WINDOWS\SYSTEM32\apphelp.dll
0x00007ffd9ef30000 - 0x00007ffd9ef38000 	C:\Program Files\Java\jdk-9.0.1\bin\prefs.dll
0x00007ffdb7780000 - 0x00007ffdb781e000 	C:\WINDOWS\system32\uxtheme.dll
0x00007ffdbc9d0000 - 0x00007ffdbcae5000 	C:\WINDOWS\System32\MSCTF.dll
0x00007ffdbc360000 - 0x00007ffdbc48a000 	C:\WINDOWS\System32\ole32.dll
0x00007ffdb9370000 - 0x00007ffdb9382000 	C:\WINDOWS\SYSTEM32\kernel.appcore.dll
0x00007ffdbb340000 - 0x00007ffdbb3c0000 	C:\WINDOWS\System32\bcryptPrimitives.dll
0x00007ffdb7a80000 - 0x00007ffdb7aaf000 	C:\WINDOWS\system32\DWMAPI.DLL
0x00007ffd6e3d0000 - 0x00007ffd6e4f6000 	C:\WINDOWS\system32\opengl32.dll
0x00007ffd6e3a0000 - 0x00007ffd6e3cc000 	C:\WINDOWS\SYSTEM32\GLU32.dll
0x00007ffd7cef0000 - 0x00007ffd7d0bf000 	C:\WINDOWS\system32\d3d9.dll
0x00007ffdac9d0000 - 0x00007ffdacb37000 	C:\WINDOWS\SYSTEM32\aticfx64.dll
0x00007ffd7cec0000 - 0x00007ffd7cee1000 	C:\WINDOWS\SYSTEM32\atiu9p64.dll
0x00007ffd7c660000 - 0x00007ffd7ceb9000 	C:\WINDOWS\SYSTEM32\atiumd64.dll
0x0000000069e90000 - 0x000000006a718000 	C:\WINDOWS\SYSTEM32\atiumd6a.dll
0x00007ffdbaf90000 - 0x00007ffdbafdb000 	C:\WINDOWS\SYSTEM32\POWRPROF.dll
0x00007ffdbaf70000 - 0x00007ffdbaf82000 	C:\WINDOWS\SYSTEM32\UMPDC.dll
0x00007ffd6d450000 - 0x00007ffd6d4ed000 	C:\Program Files\Java\jdk-9.0.1\bin\fontmanager.dll
0x00007ffd6c080000 - 0x00007ffd6c0c2000 	C:\Program Files\Java\jdk-9.0.1\bin\t2k.dll
0x00007ffdadd00000 - 0x00007ffdaddfb000 	C:\WINDOWS\SYSTEM32\textinputframework.dll
0x00007ffdb7110000 - 0x00007ffdb746e000 	C:\WINDOWS\System32\CoreUIComponents.dll
0x00007ffdb6c70000 - 0x00007ffdb6d62000 	C:\WINDOWS\System32\CoreMessaging.dll
0x00007ffdb9f60000 - 0x00007ffdb9f93000 	C:\WINDOWS\SYSTEM32\ntmarta.dll
0x00007ffdb6310000 - 0x00007ffdb6464000 	C:\WINDOWS\SYSTEM32\wintypes.dll
0x00007ffdbab20000 - 0x00007ffdbab38000 	C:\WINDOWS\SYSTEM32\CRYPTSP.dll
0x00007ffdba2f0000 - 0x00007ffdba324000 	C:\WINDOWS\system32\rsaenh.dll
0x00007ffdbb130000 - 0x00007ffdbb15e000 	C:\WINDOWS\SYSTEM32\USERENV.dll
0x00007ffdbab40000 - 0x00007ffdbab4c000 	C:\WINDOWS\SYSTEM32\CRYPTBASE.dll
0x00007ffdb7690000 - 0x00007ffdb76a7000 	C:\WINDOWS\SYSTEM32\dhcpcsvc6.DLL
0x00007ffdb7650000 - 0x00007ffdb766d000 	C:\WINDOWS\SYSTEM32\dhcpcsvc.DLL
0x00007ffd9e100000 - 0x00007ffd9e10b000 	C:\Program Files\Java\jdk-9.0.1\bin\sunmscapi.dll
0x00007ffdbb9a0000 - 0x00007ffdbbaff000 	C:\WINDOWS\System32\CRYPT32.dll
0x00007ffd6dbb0000 - 0x00007ffd6dbd3000 	C:\Program Files\Java\jdk-9.0.1\bin\sunec.dll
0x00007ffd6d220000 - 0x00007ffd6d24b000 	C:\Program Files\Java\jdk-9.0.1\bin\javajpeg.dll
0x00007ffd6be40000 - 0x00007ffd6be7d000 	C:\Program Files\Java\jdk-9.0.1\bin\lcms.dll
0x00007ffd9d9d0000 - 0x00007ffd9d9d7000 	C:\Program Files\Java\jdk-9.0.1\bin\jawt.dll
0x00007ffd6bd40000 - 0x00007ffd6be39000 	C:\Users\Ddyer\.codenameone\cef\lib\win64\chrome_elf.dll
0x00007ffd50260000 - 0x00007ffd57950000 	C:\Users\Ddyer\.codenameone\cef\lib\win64\libcef.dll
0x00007ffdbb690000 - 0x00007ffdbb6f0000 	C:\WINDOWS\System32\WINTRUST.dll
0x00007ffdbc4a0000 - 0x00007ffdbc57a000 	C:\WINDOWS\System32\COMDLG32.dll
0x00007ffdb9c80000 - 0x00007ffdb9d73000 	C:\WINDOWS\SYSTEM32\dxgi.dll
0x00007ffdaec10000 - 0x00007ffdaec1c000 	C:\WINDOWS\SYSTEM32\Secur32.dll
0x00007ffdb4360000 - 0x00007ffdb4378000 	C:\WINDOWS\SYSTEM32\NETAPI32.dll
0x00007ffdb7940000 - 0x00007ffdb7954000 	C:\WINDOWS\SYSTEM32\WTSAPI32.dll
0x00007ffda1c20000 - 0x00007ffda1f16000 	C:\WINDOWS\SYSTEM32\UIAutomationCore.DLL
0x00007ffd9c2d0000 - 0x00007ffd9c336000 	C:\WINDOWS\SYSTEM32\OLEACC.dll
0x00007ffdb9b20000 - 0x00007ffdb9b2d000 	C:\WINDOWS\SYSTEM32\HID.DLL
0x00007ffdb53a0000 - 0x00007ffdb5497000 	C:\WINDOWS\SYSTEM32\PROPSYS.dll
0x00007ffdb81a0000 - 0x00007ffdb841f000 	C:\WINDOWS\SYSTEM32\DWrite.dll
0x00007ffdaf720000 - 0x00007ffdaf7ae000 	C:\WINDOWS\SYSTEM32\WINSPOOL.DRV
0x00007ffdb86f0000 - 0x00007ffdb88d4000 	C:\WINDOWS\SYSTEM32\dbghelp.dll
0x00007ffda1100000 - 0x00007ffda1119000 	C:\WINDOWS\SYSTEM32\USP10.dll
0x00007ffda5e90000 - 0x00007ffda5eb4000 	C:\WINDOWS\SYSTEM32\dxva2.dll
0x00007ffdb88f0000 - 0x00007ffdb8b54000 	C:\WINDOWS\SYSTEM32\d3d11.dll
0x00007ffdafcc0000 - 0x00007ffdafcd1000 	C:\WINDOWS\SYSTEM32\credui.dll
0x00007ffdaa600000 - 0x00007ffdaa7ee000 	C:\WINDOWS\SYSTEM32\urlmon.dll
0x00007ffdbac40000 - 0x00007ffdbac67000 	C:\WINDOWS\SYSTEM32\ncrypt.dll
0x00007ffda5830000 - 0x00007ffda5881000 	C:\WINDOWS\SYSTEM32\CRYPTUI.dll
0x00007ffda5050000 - 0x00007ffda552d000 	C:\WINDOWS\SYSTEM32\WININET.dll
0x00007ffda4450000 - 0x00007ffda4786000 	C:\WINDOWS\SYSTEM32\ESENT.dll
0x00007ffdaa7f0000 - 0x00007ffdaaaa0000 	C:\WINDOWS\SYSTEM32\iertutil.dll
0x00007ffdbb0f0000 - 0x00007ffdbb12c000 	C:\WINDOWS\SYSTEM32\SSPICLI.DLL
0x00007ffdba750000 - 0x00007ffdba75c000 	C:\WINDOWS\SYSTEM32\NETUTILS.DLL
0x00007ffdba380000 - 0x00007ffdba397000 	C:\WINDOWS\SYSTEM32\WKSCLI.DLL
0x00007ffdaed70000 - 0x00007ffdaed89000 	C:\WINDOWS\SYSTEM32\SAMCLI.DLL
0x00007ffdbad50000 - 0x00007ffdbad62000 	C:\WINDOWS\SYSTEM32\MSASN1.dll
0x00007ffdbac00000 - 0x00007ffdbac3b000 	C:\WINDOWS\SYSTEM32\NTASN1.dll
0x00007ffd6bc00000 - 0x00007ffd6bd39000 	C:\Users\Ddyer\.codenameone\cef\lib\win64\jcef.dll
0x00007ffdbb030000 - 0x00007ffdbb03a000 	C:\WINDOWS\SYSTEM32\DPAPI.dll
0x00007ffdb6150000 - 0x00007ffdb616d000 	C:\WINDOWS\system32\NLAapi.dll
0x00007ffdbcee0000 - 0x00007ffdbcf89000 	C:\WINDOWS\System32\clbcatq.dll
0x00007ffdb9b30000 - 0x00007ffdb9b53000 	C:\WINDOWS\SYSTEM32\gpapi.dll
0x00007ffdbaf10000 - 0x00007ffdbaf6a000 	C:\WINDOWS\SYSTEM32\WINSTA.dll
0x00007ffdb3c90000 - 0x00007ffdb3d15000 	C:\WINDOWS\System32\MMDevApi.dll
0x00007ffdbb000000 - 0x00007ffdbb02c000 	C:\WINDOWS\System32\DEVOBJ.dll
0x00007ffdbbb00000 - 0x00007ffdbbb4e000 	C:\WINDOWS\System32\cfgmgr32.dll
0x00007ffdae400000 - 0x00007ffdae541000 	C:\Windows\System32\Windows.UI.dll

VM Arguments:
jvm_args: -agentlib:jdwp=transport=dt_socket,suspend=y,address=localhost:57598 -javaagent:C:\Users\Ddyer\eclipse\java-2021-03\eclipse\configuration\org.eclipse.osgi\222\0\.cp\lib\javaagent-shaded.jar -Dfile.encoding=Cp1252 
java_command: com.codename1.impl.javase.Simulator dev.boardspace.Develop
java_class_path (initial): G:\share\projects\eclipse\boardspace-cn2\JavaSE.jar;G:\share\projects\eclipse\boardspace-cn2\bin;G:\share\projects\eclipse\boardspace-cn2\lib\CLDC11.jar;G:\share\projects\eclipse\boardspace-cn2\lib\CodenameOne.jar;G:\share\projects\eclipse\boardspace-cn2\lib\impl\cls;G:\share\projects\eclipse\boardspace-cn2\lib\impl\stubs;G:\share\projects\eclipse\boardspace-cn2\jmf-2.1.1e.jar;G:\share\projects\eclipse\boardspace-cn2\native\internal_tmp
Launcher Type: SUN_STANDARD

Logging:
Log output configuration:
#0: stdout all=warning uptime,level,tags
#1: stderr all=off uptime,level,tags

Environment Variables:
JAVA_HOME=C:\program files\java\jdk1.8.0_71\
PATH=C:/Users/Ddyer/.p2/pool/plugins/org.eclipse.justj.openjdk.hotspot.jre.full.win32.x86_64_15.0.2.v20210201-0955/jre/bin/server;C:/Users/Ddyer/.p2/pool/plugins/org.eclipse.justj.openjdk.hotspot.jre.full.win32.x86_64_15.0.2.v20210201-0955/jre/bin;C:\Program Files (x86)\Common Files\Oracle\Java\javapath;C:\ProgramData\Oracle\Java\javapath;C:\Program Files\java\jdk1.8.0_71\bin;C:\Perl64\site\bin;C:\Perl64\bin;C:\Program Files\Common Files\Microsoft Shared\Windows Live;C:\Program Files (x86)\Common Files\Microsoft Shared\Windows Live;C:\Program Files (x86)\AMD APP\bin\x86_64;C:\Program Files (x86)\AMD APP\bin\x86;C:\WINDOWS\system32;C:\WINDOWS;C:\WINDOWS\System32\Wbem;C:\WINDOWS\System32\WindowsPowerShell\v1.0\;C:\Program Files (x86)\ATI Technologies\ATI.ACE\Core-Static;C:\Program Files (x86)\Windows Live\Shared;f:\rktools\bin;c:\Program Files (x86)\Microsoft SQL Server\100\Tools\Binn\;c:\Program Files\Microsoft SQL Server\100\Tools\Binn\;c:\Program Files\Microsoft SQL Server\100\DTS\Binn\;C:\Program Files\Microsoft\Web Platform Installer\;C:\Program Files (x86)\Microsoft ASP.NET\ASP.NET Web Pages\v1.0\;C:\Program Files\Microsoft SQL Server\110\Tools\Binn\;C:\Program Files (x86)\Gow\bin;C:\Program Files (x86)\Git\cmd;C:\Program Files\Emscript;C:\Program Files (x86)\AOMEI Backupper;C:\Program Files (x86)\Windows Kits\10\Windows Performance Toolkit\;C:\WINDOWS\System32\OpenSSH\;C:\WINDOWS\system32;C:\WINDOWS;C:\WINDOWS\System32\Wbem;C:\WINDOWS\System32\WindowsPowerShell\v1.0\;C:\WINDOWS\System32\OpenSSH\;C:\Program Files\Git\cmd;C:\Program Files\PuTTY\;C:\Program Files\PowerShell\7\;C:\Program Files (x86)\CVSNT\;C:\Program Files (x86)\SSH Communications Security\SSH Secure Shell;c:\java\run\;C:\Program Files\MySQL\MySQL Server 5.6\bin;C:\java\apache-maven-3.6.3\bin;C:\Users\Ddyer\AppData\Local\Microsoft\WindowsApps;c:\mingw\bin;C:\Users\Ddyer\AppData\Local\GitHubDesktop\bin;c:\Programs\apache-ant-1.10.7\bin\;C:\Users\Ddyer\AppData\Local\Microsoft\WindowsApps;;C:\Users\Ddye
USERNAME=Ddyer
OS=Windows_NT
PROCESSOR_IDENTIFIER=Intel64 Family 6 Model 58 Stepping 9, GenuineIntel



---------------  S Y S T E M  ---------------

OS: Windows 10 , 64 bit Build 19041 (10.0.19041.804)

CPU:total 8 (initial active 8) (4 cores per cpu, 2 threads per core) family 6 model 58 stepping 9, cmov, cx8, fxsr, mmx, sse, sse2, sse3, ssse3, sse4.1, sse4.2, popcnt, avx, aes, clmul, erms, ht, tsc, tscinvbit, tscinv

Memory: 4k page, physical 16733600k(6597628k free), swap 33510816k(19362076k free)

vm_info: Java HotSpot(TM) 64-Bit Server VM (9.0.1+11) for windows-amd64 JRE (9.0.1+11), built on Sep 28 2017 04:54:03 by "mach5one" with MS VC++ 12.0 (VS2013)

END.
