#
# A fatal error has been detected by the Java Runtime Environment:
#
#  EXCEPTION_ACCESS_VIOLATION (0xc0000005) at pc=0x00000000569f8ad5, pid=1176, tid=5636
#
# JRE version: Java(TM) SE Runtime Environment (8.0_71-b15) (build 1.8.0_71-b15)
# Java VM: Java HotSpot(TM) 64-Bit Server VM (25.71-b15 mixed mode windows-amd64 compressed oops)
# Problematic frame:
# V  [jvm.dll+0x128ad5]
#
# Failed to write core dump. Minidumps are not enabled by default on client versions of Windows
#
# If you would like to submit a bug report, please visit:
#   http://bugreport.java.com/bugreport/crash.jsp
#

---------------  T H R E A D  ---------------

Current thread (0x000000001c75c800):  JavaThread "JDWP Transport Listener: dt_socket" daemon [_thread_in_vm, id=5636, stack(0x000000001f140000,0x000000001f240000)]

siginfo: ExceptionCode=0xc0000005, reading address 0xffffffffffffffff

Registers:
RAX=0x000000001f23f601, RBX=0x000000001c75c800, RCX=0x00630065005c0073, RDX=0x0000000000000000
RSP=0x000000001f23f6a0, RBP=0x00630065005c0073, RSI=0x000000001f23f7b8, RDI=0x0000000002b8abd0
R8 =0x000000001c75c800, R9 =0x0000000000000000, R10=0x0000000000000000, R11=0x0000000000000064
R12=0x0000000000000000, R13=0x000000001e83be88, R14=0x0000000000000000, R15=0x0000000000000000
RIP=0x00000000569f8ad5, EFLAGS=0x0000000000010202

Top of Stack: (sp=0x000000001f23f6a0)
0x000000001f23f6a0:   000000001c75c800 000000001c75c800
0x000000001f23f6b0:   000000001f23f768 0000000056bfe34b
0x000000001f23f6c0:   000000001c75c800 0000000056c1abad
0x000000001f23f6d0:   0000000000000000 0000000056869155
0x000000001f23f6e0:   00000000230eba68 000000005687291e
0x000000001f23f6f0:   000000001c75c800 0000000000000000
0x000000001f23f700:   0000000000000000 0000000000000000
0x000000001f23f710:   00630065005c0073 0000000056871a15
0x000000001f23f720:   000000001f23f7b8 000000001f23f790
0x000000001f23f730:   0000000000000001 00000000230eba68
0x000000001f23f740:   00630065005c0073 00000000568553b3
0x000000001f23f750:   000000001f23f880 0000000000000001
0x000000001f23f760:   0000000000000001 00000000230eba68
0x000000001f23f770:   0000000000000009 0000000000000000
0x000000001f23f780:   0000000000000000 0000000000000000
0x000000001f23f790:   0000000000000001 0000000056855571 

Instructions: (pc=0x00000000569f8ad5)
0x00000000569f8ab5:   cc cc cc cc cc cc cc cc cc cc cc 48 83 ec 28 48
0x00000000569f8ac5:   85 c9 75 07 33 c0 48 83 c4 28 c3 48 89 5c 24 20
0x00000000569f8ad5:   48 8b 19 48 85 db 74 20 48 83 fb 37 74 1a 48 8b
0x00000000569f8ae5:   13 48 8b cb ff 52 10 84 c0 74 0d 48 8b c3 48 8b 


Register to memory mapping:

RAX=0x000000001f23f601 is pointing into the stack for thread: 0x000000001c75c800
RBX=0x000000001c75c800 is a thread
RCX=0x00630065005c0073 is an unknown value
RDX=0x0000000000000000 is an unknown value
RSP=0x000000001f23f6a0 is pointing into the stack for thread: 0x000000001c75c800
RBP=0x00630065005c0073 is an unknown value
RSI=0x000000001f23f7b8 is pointing into the stack for thread: 0x000000001c75c800
RDI=0x0000000002b8abd0 is an unknown value
R8 =0x000000001c75c800 is a thread
R9 =0x0000000000000000 is an unknown value
R10=0x0000000000000000 is an unknown value
R11=0x0000000000000064 is an unknown value
R12=0x0000000000000000 is an unknown value
R13=0x000000001e83be88 is an unknown value
R14=0x0000000000000000 is an unknown value
R15=0x0000000000000000 is an unknown value


Stack: [0x000000001f140000,0x000000001f240000],  sp=0x000000001f23f6a0,  free space=1021k
Native frames: (J=compiled Java code, j=interpreted, Vv=VM code, C=native code)
V  [jvm.dll+0x128ad5]
V  [jvm.dll+0x34abad]
C  [jdwp.dll+0x21a15]
C  [jdwp.dll+0x53b3]
C  [jdwp.dll+0x5571]
C  [jdwp.dll+0xf0a8]
C  [jdwp.dll+0x1f2d5]
C  [jdwp.dll+0x1f4aa]
V  [jvm.dll+0x1bbb58]
V  [jvm.dll+0x243234]
V  [jvm.dll+0x29a10a]
C  [msvcr100.dll+0x21d9f]
C  [msvcr100.dll+0x21e3b]
C  [KERNEL32.DLL+0x12d92]
C  [ntdll.dll+0x9f64]


---------------  P R O C E S S  ---------------

Java Threads: ( => current thread )
  0x0000000022fae000 JavaThread "D3D Screen Updater" daemon [_thread_blocked, id=3784, stack(0x0000000023d30000,0x0000000023e30000)]
  0x00000000202d0800 JavaThread "EDT" [_thread_blocked, id=8500, stack(0x00000000240d0000,0x00000000241d0000)]
  0x0000000002b92800 JavaThread "DestroyJavaVM" [_thread_blocked, id=10088, stack(0x00000000029d0000,0x0000000002ad0000)]
  0x000000001fb95000 JavaThread "Thread-1" [_thread_blocked, id=9820, stack(0x0000000020800000,0x0000000020900000)]
  0x000000001fb94800 JavaThread "AWT-EventQueue-0" [_thread_blocked, id=9296, stack(0x00000000206e0000,0x00000000207e0000)]
  0x000000001ebfa000 JavaThread "AWT-Windows" daemon [_thread_in_native, id=4748, stack(0x0000000020520000,0x0000000020620000)]
  0x000000001ebf9800 JavaThread "AWT-Shutdown" [_thread_blocked, id=4364, stack(0x0000000020420000,0x0000000020520000)]
  0x000000001ebf8800 JavaThread "Java2D Disposer" daemon [_thread_blocked, id=10156, stack(0x0000000020320000,0x0000000020420000)]
  0x000000001e8ed800 JavaThread "Service Thread" daemon [_thread_blocked, id=2240, stack(0x000000001f840000,0x000000001f940000)]
  0x000000001e860000 JavaThread "C1 CompilerThread3" daemon [_thread_blocked, id=9776, stack(0x000000001f740000,0x000000001f840000)]
  0x000000001e85b800 JavaThread "C2 CompilerThread2" daemon [_thread_blocked, id=2416, stack(0x000000001f640000,0x000000001f740000)]
  0x000000001e857800 JavaThread "C2 CompilerThread1" daemon [_thread_blocked, id=4964, stack(0x000000001f540000,0x000000001f640000)]
  0x000000001e84f800 JavaThread "C2 CompilerThread0" daemon [_thread_blocked, id=1324, stack(0x000000001f440000,0x000000001f540000)]
  0x000000001e844000 JavaThread "JDWP Command Reader" daemon [_thread_in_native, id=1960, stack(0x000000001f340000,0x000000001f440000)]
  0x000000001e83f000 JavaThread "JDWP Event Helper Thread" daemon [_thread_blocked, id=8496, stack(0x000000001f240000,0x000000001f340000)]
=>0x000000001c75c800 JavaThread "JDWP Transport Listener: dt_socket" daemon [_thread_in_vm, id=5636, stack(0x000000001f140000,0x000000001f240000)]
  0x000000001e82e000 JavaThread "Attach Listener" daemon [_thread_blocked, id=9564, stack(0x000000001ed00000,0x000000001ee00000)]
  0x000000001e82d800 JavaThread "Signal Dispatcher" daemon [_thread_blocked, id=2136, stack(0x000000001ec00000,0x000000001ed00000)]
  0x0000000002c8a800 JavaThread "Finalizer" daemon [_thread_blocked, id=8980, stack(0x000000001e620000,0x000000001e720000)]
  0x000000001c74d800 JavaThread "Reference Handler" daemon [_thread_blocked, id=1704, stack(0x000000001e520000,0x000000001e620000)]

Other Threads:
  0x000000001c749000 VMThread [stack: 0x000000001e420000,0x000000001e520000] [id=232]
  0x000000001e8fa000 WatcherThread [stack: 0x000000001f940000,0x000000001fa40000] [id=2176]

VM state:not at safepoint (normal execution)

VM Mutex/Monitor currently owned by a thread: None

Heap:
 PSYoungGen      total 141824K, used 105818K [0x000000076ae00000, 0x0000000781200000, 0x00000007c0000000)
  eden space 131072K, 72% used [0x000000076ae00000,0x0000000770ada040,0x0000000772e00000)
  from space 10752K, 99% used [0x0000000772e00000,0x000000077387cb80,0x0000000773880000)
  to   space 51200K, 0% used [0x000000077e000000,0x000000077e000000,0x0000000781200000)
 ParOldGen       total 175104K, used 86109K [0x00000006c0a00000, 0x00000006cb500000, 0x000000076ae00000)
  object space 175104K, 49% used [0x00000006c0a00000,0x00000006c5e174f8,0x00000006cb500000)
 Metaspace       used 16992K, capacity 17188K, committed 17408K, reserved 1064960K
  class space    used 2154K, capacity 2226K, committed 2304K, reserved 1048576K

Card table byte_map: [0x0000000012050000,0x0000000012850000] byte_map_base: 0x000000000ea4b000

Marking Bits: (ParMarkBitMap*) 0x00000000570df600
 Begin Bits: [0x00000000135b0000, 0x0000000017588000)
 End Bits:   [0x0000000017588000, 0x000000001b560000)

Polling page: 0x00000000028b0000

CodeCache: size=245760Kb used=4227Kb max_used=4227Kb free=241533Kb
 bounds [0x0000000002c90000, 0x00000000030c0000, 0x0000000011c90000]
 total_blobs=1677 nmethods=1133 adapters=465
 compilation: enabled

Compilation events (10 events):
Event: 28.395 Thread 0x000000001e860000 1128       3       sun.java2d.d3d.D3DSurfaceData$D3DWindowSurfaceData::isDirty (18 bytes)
Event: 28.395 Thread 0x000000001e860000 nmethod 1128 0x00000000030b1710 code [0x00000000030b1880, 0x00000000030b1b08]
Event: 28.395 Thread 0x000000001e860000 1129       3       sun.java2d.StateTrackableDelegate$1::isCurrent (17 bytes)
Event: 28.396 Thread 0x000000001e860000 nmethod 1129 0x00000000030b1bd0 code [0x00000000030b1d20, 0x00000000030b1ef0]
Event: 53.396 Thread 0x000000001e860000 1130       3       java.lang.AbstractStringBuilder::append (40 bytes)
Event: 53.396 Thread 0x000000001e860000 nmethod 1130 0x00000000030b1f90 code [0x00000000030b2120, 0x00000000030b2538]
Event: 61.300 Thread 0x000000001e860000 1132       3       java.lang.System::checkKey (34 bytes)
Event: 61.301 Thread 0x000000001e860000 nmethod 1132 0x00000000030b2690 code [0x00000000030b2840, 0x00000000030b2c48]
Event: 61.301 Thread 0x000000001e860000 1131       3       java.lang.System::getProperty (25 bytes)
Event: 61.301 Thread 0x000000001e860000 nmethod 1131 0x00000000030b2dd0 code [0x00000000030b2fc0, 0x00000000030b3668]

GC Heap History (10 events):
Event: 1.787 GC heap before
{Heap before GC invocations=1 (full 0):
 PSYoungGen      total 76288K, used 65236K [0x000000076ae00000, 0x0000000770300000, 0x00000007c0000000)
  eden space 65536K, 99% used [0x000000076ae00000,0x000000076edb5150,0x000000076ee00000)
  from space 10752K, 0% used [0x000000076f880000,0x000000076f880000,0x0000000770300000)
  to   space 10752K, 0% used [0x000000076ee00000,0x000000076ee00000,0x000000076f880000)
 ParOldGen       total 175104K, used 0K [0x00000006c0a00000, 0x00000006cb500000, 0x000000076ae00000)
  object space 175104K, 0% used [0x00000006c0a00000,0x00000006c0a00000,0x00000006cb500000)
 Metaspace       used 10997K, capacity 11204K, committed 11392K, reserved 1058816K
  class space    used 1290K, capacity 1388K, committed 1408K, reserved 1048576K
Event: 1.801 GC heap after
Heap after GC invocations=1 (full 0):
 PSYoungGen      total 76288K, used 10738K [0x000000076ae00000, 0x0000000770300000, 0x00000007c0000000)
  eden space 65536K, 0% used [0x000000076ae00000,0x000000076ae00000,0x000000076ee00000)
  from space 10752K, 99% used [0x000000076ee00000,0x000000076f87cb80,0x000000076f880000)
  to   space 10752K, 0% used [0x000000076f880000,0x000000076f880000,0x0000000770300000)
 ParOldGen       total 175104K, used 31317K [0x00000006c0a00000, 0x00000006cb500000, 0x000000076ae00000)
  object space 175104K, 17% used [0x00000006c0a00000,0x00000006c28955b8,0x00000006cb500000)
 Metaspace       used 10997K, capacity 11204K, committed 11392K, reserved 1058816K
  class space    used 1290K, capacity 1388K, committed 1408K, reserved 1048576K
}
Event: 1.962 GC heap before
{Heap before GC invocations=2 (full 0):
 PSYoungGen      total 76288K, used 76274K [0x000000076ae00000, 0x0000000770300000, 0x00000007c0000000)
  eden space 65536K, 100% used [0x000000076ae00000,0x000000076ee00000,0x000000076ee00000)
  from space 10752K, 99% used [0x000000076ee00000,0x000000076f87cb80,0x000000076f880000)
  to   space 10752K, 0% used [0x000000076f880000,0x000000076f880000,0x0000000770300000)
 ParOldGen       total 175104K, used 31317K [0x00000006c0a00000, 0x00000006cb500000, 0x000000076ae00000)
  object space 175104K, 17% used [0x00000006c0a00000,0x00000006c28955b8,0x00000006cb500000)
 Metaspace       used 11020K, capacity 11204K, committed 11392K, reserved 1058816K
  class space    used 1290K, capacity 1388K, committed 1408K, reserved 1048576K
Event: 1.971 GC heap after
Heap after GC invocations=2 (full 0):
 PSYoungGen      total 76288K, used 10738K [0x000000076ae00000, 0x0000000774300000, 0x00000007c0000000)
  eden space 65536K, 0% used [0x000000076ae00000,0x000000076ae00000,0x000000076ee00000)
  from space 10752K, 99% used [0x000000076f880000,0x00000007702fcb80,0x0000000770300000)
  to   space 10752K, 0% used [0x000000076ee00000,0x000000076ee00000,0x000000076f880000)
 ParOldGen       total 175104K, used 56260K [0x00000006c0a00000, 0x00000006cb500000, 0x000000076ae00000)
  object space 175104K, 32% used [0x00000006c0a00000,0x00000006c40f1278,0x00000006cb500000)
 Metaspace       used 11020K, capacity 11204K, committed 11392K, reserved 1058816K
  class space    used 1290K, capacity 1388K, committed 1408K, reserved 1048576K
}
Event: 2.029 GC heap before
{Heap before GC invocations=3 (full 0):
 PSYoungGen      total 76288K, used 76274K [0x000000076ae00000, 0x0000000774300000, 0x00000007c0000000)
  eden space 65536K, 100% used [0x000000076ae00000,0x000000076ee00000,0x000000076ee00000)
  from space 10752K, 99% used [0x000000076f880000,0x00000007702fcb80,0x0000000770300000)
  to   space 10752K, 0% used [0x000000076ee00000,0x000000076ee00000,0x000000076f880000)
 ParOldGen       total 175104K, used 56260K [0x00000006c0a00000, 0x00000006cb500000, 0x000000076ae00000)
  object space 175104K, 32% used [0x00000006c0a00000,0x00000006c40f1278,0x00000006cb500000)
 Metaspace       used 11020K, capacity 11204K, committed 11392K, reserved 1058816K
  class space    used 1290K, capacity 1388K, committed 1408K, reserved 1048576K
Event: 2.033 GC heap after
Heap after GC invocations=3 (full 0):
 PSYoungGen      total 76288K, used 10738K [0x000000076ae00000, 0x0000000774300000, 0x00000007c0000000)
  eden space 65536K, 0% used [0x000000076ae00000,0x000000076ae00000,0x000000076ee00000)
  from space 10752K, 99% used [0x000000076ee00000,0x000000076f87cb80,0x000000076f880000)
  to   space 10752K, 0% used [0x0000000773880000,0x0000000773880000,0x0000000774300000)
 ParOldGen       total 175104K, used 66223K [0x00000006c0a00000, 0x00000006cb500000, 0x000000076ae00000)
  object space 175104K, 37% used [0x00000006c0a00000,0x00000006c4aabdf8,0x00000006cb500000)
 Metaspace       used 11020K, capacity 11204K, committed 11392K, reserved 1058816K
  class space    used 1290K, capacity 1388K, committed 1408K, reserved 1048576K
}
Event: 2.121 GC heap before
{Heap before GC invocations=4 (full 0):
 PSYoungGen      total 76288K, used 76274K [0x000000076ae00000, 0x0000000774300000, 0x00000007c0000000)
  eden space 65536K, 100% used [0x000000076ae00000,0x000000076ee00000,0x000000076ee00000)
  from space 10752K, 99% used [0x000000076ee00000,0x000000076f87cb80,0x000000076f880000)
  to   space 10752K, 0% used [0x0000000773880000,0x0000000773880000,0x0000000774300000)
 ParOldGen       total 175104K, used 66223K [0x00000006c0a00000, 0x00000006cb500000, 0x000000076ae00000)
  object space 175104K, 37% used [0x00000006c0a00000,0x00000006c4aabdf8,0x00000006cb500000)
 Metaspace       used 11020K, capacity 11204K, committed 11392K, reserved 1058816K
  class space    used 1290K, capacity 1388K, committed 1408K, reserved 1048576K
Event: 2.126 GC heap after
Heap after GC invocations=4 (full 0):
 PSYoungGen      total 141824K, used 10706K [0x000000076ae00000, 0x0000000774300000, 0x00000007c0000000)
  eden space 131072K, 0% used [0x000000076ae00000,0x000000076ae00000,0x0000000772e00000)
  from space 10752K, 99% used [0x0000000773880000,0x00000007742f4b80,0x0000000774300000)
  to   space 10752K, 0% used [0x0000000772e00000,0x0000000772e00000,0x0000000773880000)
 ParOldGen       total 175104K, used 76162K [0x00000006c0a00000, 0x00000006cb500000, 0x000000076ae00000)
  object space 175104K, 43% used [0x00000006c0a00000,0x00000006c5460978,0x00000006cb500000)
 Metaspace       used 11020K, capacity 11204K, committed 11392K, reserved 1058816K
  class space    used 1290K, capacity 1388K, committed 1408K, reserved 1048576K
}
Event: 2.210 GC heap before
{Heap before GC invocations=5 (full 0):
 PSYoungGen      total 141824K, used 141778K [0x000000076ae00000, 0x0000000774300000, 0x00000007c0000000)
  eden space 131072K, 100% used [0x000000076ae00000,0x0000000772e00000,0x0000000772e00000)
  from space 10752K, 99% used [0x0000000773880000,0x00000007742f4b80,0x0000000774300000)
  to   space 10752K, 0% used [0x0000000772e00000,0x0000000772e00000,0x0000000773880000)
 ParOldGen       total 175104K, used 76162K [0x00000006c0a00000, 0x00000006cb500000, 0x000000076ae00000)
  object space 175104K, 43% used [0x00000006c0a00000,0x00000006c5460978,0x00000006cb500000)
 Metaspace       used 11020K, capacity 11204K, committed 11392K, reserved 1058816K
  class space    used 1290K, capacity 1388K, committed 1408K, reserved 1048576K
Event: 2.215 GC heap after
Heap after GC invocations=5 (full 0):
 PSYoungGen      total 141824K, used 10738K [0x000000076ae00000, 0x0000000781200000, 0x00000007c0000000)
  eden space 131072K, 0% used [0x000000076ae00000,0x000000076ae00000,0x0000000772e00000)
  from space 10752K, 99% used [0x0000000772e00000,0x000000077387cb80,0x0000000773880000)
  to   space 51200K, 0% used [0x000000077e000000,0x000000077e000000,0x0000000781200000)
 ParOldGen       total 175104K, used 86109K [0x00000006c0a00000, 0x00000006cb500000, 0x000000076ae00000)
  object space 175104K, 49% used [0x00000006c0a00000,0x00000006c5e174f8,0x00000006cb500000)
 Metaspace       used 11020K, capacity 11204K, committed 11392K, reserved 1058816K
  class space    used 1290K, capacity 1388K, committed 1408K, reserved 1048576K
}

Deoptimization events (10 events):
Event: 3.454 Thread 0x00000000202d0800 Uncommon trap: reason=class_check action=maybe_recompile pc=0x0000000002e024ec method=java.lang.String.equals(Ljava/lang/Object;)Z @ 8
Event: 3.454 Thread 0x00000000202d0800 Uncommon trap: reason=class_check action=maybe_recompile pc=0x0000000002e024ec method=java.lang.String.equals(Ljava/lang/Object;)Z @ 8
Event: 3.454 Thread 0x00000000202d0800 Uncommon trap: reason=class_check action=maybe_recompile pc=0x0000000002e024ec method=java.lang.String.equals(Ljava/lang/Object;)Z @ 8
Event: 3.507 Thread 0x00000000202d0800 Uncommon trap: reason=class_check action=maybe_recompile pc=0x0000000002ff7b08 method=java.util.HashMap.putVal(ILjava/lang/Object;Ljava/lang/Object;ZZ)Ljava/lang/Object; @ 203
Event: 3.507 Thread 0x00000000202d0800 Uncommon trap: reason=class_check action=maybe_recompile pc=0x0000000002ff7b08 method=java.util.HashMap.putVal(ILjava/lang/Object;Ljava/lang/Object;ZZ)Ljava/lang/Object; @ 203
Event: 3.507 Thread 0x00000000202d0800 Uncommon trap: reason=class_check action=maybe_recompile pc=0x0000000002ff7b08 method=java.util.HashMap.putVal(ILjava/lang/Object;Ljava/lang/Object;ZZ)Ljava/lang/Object; @ 203
Event: 3.508 Thread 0x00000000202d0800 Uncommon trap: reason=class_check action=maybe_recompile pc=0x0000000002ff7b08 method=java.util.HashMap.putVal(ILjava/lang/Object;Ljava/lang/Object;ZZ)Ljava/lang/Object; @ 203
Event: 3.508 Thread 0x00000000202d0800 Uncommon trap: reason=unstable_if action=reinterpret pc=0x0000000002ff8e98 method=java.lang.CharacterData.of(I)Ljava/lang/CharacterData; @ 4
Event: 3.510 Thread 0x00000000202d0800 Uncommon trap: reason=class_check action=maybe_recompile pc=0x0000000002fea938 method=java.util.HashMap.putVal(ILjava/lang/Object;Ljava/lang/Object;ZZ)Ljava/lang/Object; @ 203
Event: 19.536 Thread 0x00000000202d0800 Uncommon trap: reason=unstable_if action=reinterpret pc=0x00000000030aa3c8 method=util.Env.cpuTest()D @ 22

Internal exceptions (10 events):
Event: 0.028 Thread 0x0000000002b92800 Exception <a 'java/lang/NoSuchMethodError': Method sun.misc.Unsafe.defineClass(Ljava/lang/String;[BII)Ljava/lang/Class; name or signature does not match> (0x000000076ae0de18) thrown at [C:\re\workspace\8-2-build-windows-amd64-cygwin\jdk8u71\5731\hotspot\sr@ª¯@(¡œ?
Event: 0.028 Thread 0x0000000002b92800 Exception <a 'java/lang/NoSuchMethodError': Method sun.misc.Unsafe.prefetchRead(Ljava/lang/Object;J)V name or signature does not match> (0x000000076ae0e100) thrown at [C:\re\workspace\8-2-build-windows-amd64-cygwin\jdk8u71\5731\hotspot\src\share\vm\prims\jÉUöÍ_Æ?
Event: 0.172 Thread 0x0000000002b92800 Exception <a 'java/security/PrivilegedActionException'> (0x000000076af109b8) thrown at [C:\re\workspace\8-2-build-windows-amd64-cygwin\jdk8u71\5731\hotspot\src\share\vm\prims\jvm.cpp, line 1386]
Event: 0.172 Thread 0x0000000002b92800 Exception <a 'java/security/PrivilegedActionException'> (0x000000076af10bc8) thrown at [C:\re\workspace\8-2-build-windows-amd64-cygwin\jdk8u71\5731\hotspot\src\share\vm\prims\jvm.cpp, line 1386]
Event: 0.173 Thread 0x0000000002b92800 Exception <a 'java/security/PrivilegedActionException'> (0x000000076af14bf8) thrown at [C:\re\workspace\8-2-build-windows-amd64-cygwin\jdk8u71\5731\hotspot\src\share\vm\prims\jvm.cpp, line 1386]
Event: 0.173 Thread 0x0000000002b92800 Exception <a 'java/security/PrivilegedActionException'> (0x000000076af14e08) thrown at [C:\re\workspace\8-2-build-windows-amd64-cygwin\jdk8u71\5731\hotspot\src\share\vm\prims\jvm.cpp, line 1386]
Event: 0.175 Thread 0x0000000002b92800 Exception <a 'java/io/FileNotFoundException'> (0x000000076af171d0) thrown at [C:\re\workspace\8-2-build-windows-amd64-cygwin\jdk8u71\5731\hotspot\src\share\vm\prims\jni.cpp, line 709]
Event: 0.204 Thread 0x0000000002b92800 Exception <a 'java/lang/NoSuchFieldError': method resolution failed> (0x000000076b3bbea8) thrown at [C:\re\workspace\8-2-build-windows-amd64-cygwin\jdk8u71\5731\hotspot\src\share\vm\prims\methodHandles.cpp, line 1146]
Event: 0.207 Thread 0x0000000002b92800 Exception <a 'java/lang/NoSuchFieldError': method resolution failed> (0x000000076b3c9460) thrown at [C:\re\workspace\8-2-build-windows-amd64-cygwin\jdk8u71\5731\hotspot\src\share\vm\prims\methodHandles.cpp, line 1146]
Event: 1.366 Thread 0x000000001fb94800 Exception <a 'java/io/FileNotFoundException'> (0x000000076cb6ad28) thrown at [C:\re\workspace\8-2-build-windows-amd64-cygwin\jdk8u71\5731\hotspot\src\share\vm\prims\jni.cpp, line 709]

Events (10 events):
Event: 311.411 Executing VM operation: GetCurrentLocation
Event: 311.411 Executing VM operation: GetCurrentLocation done
Event: 311.411 Executing VM operation: EnterInterpOnlyMode
Event: 311.411 Executing VM operation: EnterInterpOnlyMode done
Event: 311.411 Executing VM operation: ChangeSingleStep
Event: 311.411 Executing VM operation: ChangeSingleStep done
Event: 311.423 Executing VM operation: ChangeSingleStep
Event: 311.423 Executing VM operation: ChangeSingleStep done
Event: 311.426 Executing VM operation: RedefineClasses
Event: 311.430 Executing VM operation: RedefineClasses done


Dynamic libraries:
0x00007ff7b00b0000 - 0x00007ff7b00e7000 	C:\Program Files\Java\jdk1.8.0_71\bin\javaw.exe
0x00007ffde2100000 - 0x00007ffde22c2000 	C:\WINDOWS\SYSTEM32\ntdll.dll
0x00007ffddfce0000 - 0x00007ffddfd8d000 	C:\WINDOWS\system32\KERNEL32.DLL
0x00007ffddefa0000 - 0x00007ffddf17d000 	C:\WINDOWS\system32\KERNELBASE.dll
0x00007ffde1f00000 - 0x00007ffde1fa6000 	C:\WINDOWS\system32\ADVAPI32.dll
0x00007ffddfc40000 - 0x00007ffddfcdd000 	C:\WINDOWS\system32\msvcrt.dll
0x00007ffde1ea0000 - 0x00007ffde1efb000 	C:\WINDOWS\system32\sechost.dll
0x00007ffde0260000 - 0x00007ffde0386000 	C:\WINDOWS\system32\RPCRT4.dll
0x00007ffddfaf0000 - 0x00007ffddfc3e000 	C:\WINDOWS\system32\USER32.dll
0x00007ffddf870000 - 0x00007ffddf9f6000 	C:\WINDOWS\system32\GDI32.dll
0x00007ffdd55f0000 - 0x00007ffdd5864000 	C:\WINDOWS\WinSxS\amd64_microsoft.windows.common-controls_6595b64144ccf1df_6.0.10240.16384_none_f41f7b285750ef43\COMCTL32.dll
0x00007ffddfd90000 - 0x00007ffddfdc6000 	C:\WINDOWS\system32\IMM32.DLL
0x00007ffde0390000 - 0x00007ffde04ec000 	C:\WINDOWS\system32\MSCTF.dll
0x0000000057160000 - 0x0000000057232000 	C:\Program Files\Java\jdk1.8.0_71\jre\bin\msvcr100.dll
0x00000000568d0000 - 0x000000005715f000 	C:\Program Files\Java\jdk1.8.0_71\jre\bin\server\jvm.dll
0x00007ffddfa00000 - 0x00007ffddfa08000 	C:\WINDOWS\system32\PSAPI.DLL
0x00007ffdda550000 - 0x00007ffdda55a000 	C:\WINDOWS\SYSTEM32\VERSION.dll
0x00007ffdd3440000 - 0x00007ffdd3449000 	C:\WINDOWS\SYSTEM32\WSOCK32.dll
0x00007ffddc740000 - 0x00007ffddc763000 	C:\WINDOWS\SYSTEM32\WINMM.dll
0x00007ffde1e30000 - 0x00007ffde1e99000 	C:\WINDOWS\system32\WS2_32.dll
0x00007ffddf860000 - 0x00007ffddf868000 	C:\WINDOWS\system32\NSI.dll
0x00000000028e0000 - 0x000000000290c000 	C:\WINDOWS\SYSTEM32\WINMMBASE.dll
0x00007ffddee30000 - 0x00007ffddee74000 	C:\WINDOWS\system32\cfgmgr32.dll
0x00007ffddd480000 - 0x00007ffddd4a7000 	C:\WINDOWS\SYSTEM32\DEVOBJ.dll
0x00000000568c0000 - 0x00000000568cf000 	C:\Program Files\Java\jdk1.8.0_71\jre\bin\verify.dll
0x0000000056890000 - 0x00000000568b9000 	C:\Program Files\Java\jdk1.8.0_71\jre\bin\java.dll
0x0000000056850000 - 0x0000000056885000 	C:\Program Files\Java\jdk1.8.0_71\jre\bin\jdwp.dll
0x0000000056840000 - 0x0000000056848000 	C:\Program Files\Java\jdk1.8.0_71\jre\bin\npt.dll
0x0000000056820000 - 0x0000000056836000 	C:\Program Files\Java\jdk1.8.0_71\jre\bin\zip.dll
0x00007ffde06e0000 - 0x00007ffde1c02000 	C:\WINDOWS\system32\SHELL32.dll
0x00007ffddf180000 - 0x00007ffddf7a8000 	C:\WINDOWS\system32\windows.storage.dll
0x00007ffddff80000 - 0x00007ffde01fc000 	C:\WINDOWS\system32\combase.dll
0x00007ffde1d60000 - 0x00007ffde1db1000 	C:\WINDOWS\system32\shlwapi.dll
0x00007ffddeb30000 - 0x00007ffddeb3f000 	C:\WINDOWS\system32\kernel.appcore.dll
0x00007ffddee80000 - 0x00007ffddef33000 	C:\WINDOWS\system32\shcore.dll
0x00007ffddeb60000 - 0x00007ffddebaa000 	C:\WINDOWS\system32\powrprof.dll
0x00007ffddeb40000 - 0x00007ffddeb53000 	C:\WINDOWS\system32\profapi.dll
0x0000000056810000 - 0x0000000056819000 	C:\Program Files\Java\jdk1.8.0_71\jre\bin\dt_socket.dll
0x00007ffddc450000 - 0x00007ffddc468000 	C:\WINDOWS\system32\NLAapi.dll
0x00007ffdd3b30000 - 0x00007ffdd3b45000 	C:\WINDOWS\system32\napinsp.dll
0x00007ffdd3ae0000 - 0x00007ffdd3afa000 	C:\WINDOWS\system32\pnrpnsp.dll
0x00007ffdde410000 - 0x00007ffdde46d000 	C:\WINDOWS\System32\mswsock.dll
0x00007ffdde0a0000 - 0x00007ffdde148000 	C:\WINDOWS\SYSTEM32\DNSAPI.dll
0x00007ffdd3b20000 - 0x00007ffdd3b2d000 	C:\WINDOWS\System32\winrnr.dll
0x00007ffdda700000 - 0x00007ffdda768000 	C:\WINDOWS\System32\fwpuclnt.dll
0x00007ffddea50000 - 0x00007ffddea78000 	C:\WINDOWS\SYSTEM32\bcrypt.dll
0x00007ffdd8c50000 - 0x00007ffdd8c5a000 	C:\Windows\System32\rasadhlp.dll
0x0000000055a70000 - 0x0000000055c08000 	C:\Program Files\Java\jdk1.8.0_71\jre\bin\awt.dll
0x00007ffde1c10000 - 0x00007ffde1cce000 	C:\WINDOWS\system32\OLEAUT32.dll
0x00007ffddd260000 - 0x00007ffddd2d8000 	C:\WINDOWS\system32\apphelp.dll
0x00007ffddd370000 - 0x00007ffddd406000 	C:\WINDOWS\system32\uxtheme.dll
0x00007ffddcbb0000 - 0x00007ffddcbd2000 	C:\WINDOWS\system32\dwmapi.dll
0x00007ffde1fb0000 - 0x00007ffde20f1000 	C:\WINDOWS\system32\ole32.dll
0x00007ffdde8d0000 - 0x00007ffdde93b000 	C:\WINDOWS\SYSTEM32\bcryptPrimitives.dll
0x00007ffdd6560000 - 0x00007ffdd6770000 	C:\WINDOWS\system32\d3d9.dll
0x00007ffdda330000 - 0x00007ffdda492000 	C:\WINDOWS\SYSTEM32\aticfx64.dll
0x00007ffddc530000 - 0x00007ffddc551000 	C:\WINDOWS\SYSTEM32\atiu9p64.dll
0x00007ffdc1e80000 - 0x00007ffdc26db000 	C:\WINDOWS\SYSTEM32\atiumd64.dll
0x0000000055f60000 - 0x00000000567e5000 	C:\WINDOWS\SYSTEM32\atiumd6a.dll
0x00007ffdde4a0000 - 0x00007ffdde4b7000 	C:\WINDOWS\SYSTEM32\CRYPTSP.dll
0x00007ffdddfd0000 - 0x00007ffdde003000 	C:\WINDOWS\system32\rsaenh.dll
0x00007ffdde390000 - 0x00007ffdde3af000 	C:\WINDOWS\SYSTEM32\USERENV.dll
0x00007ffdde6c0000 - 0x00007ffdde6cb000 	C:\WINDOWS\SYSTEM32\CRYPTBASE.dll
0x00000000567f0000 - 0x000000005680a000 	C:\Program Files\Java\jdk1.8.0_71\jre\bin\net.dll
0x00007ffddcec0000 - 0x00007ffddcef8000 	C:\WINDOWS\SYSTEM32\IPHLPAPI.DLL
0x00007ffddcb40000 - 0x00007ffddcb4b000 	C:\WINDOWS\SYSTEM32\WINNSI.DLL
0x00007ffddba10000 - 0x00007ffddba26000 	C:\WINDOWS\SYSTEM32\dhcpcsvc6.DLL
0x00007ffddb9f0000 - 0x00007ffddba0a000 	C:\WINDOWS\SYSTEM32\dhcpcsvc.DLL
0x0000000055f40000 - 0x0000000055f51000 	C:\Program Files\Java\jdk1.8.0_71\jre\bin\nio.dll
0x0000000055ef0000 - 0x0000000055f37000 	C:\Program Files\Java\jdk1.8.0_71\jre\bin\fontmanager.dll
0x0000000055ea0000 - 0x0000000055ee2000 	C:\Program Files\Java\jdk1.8.0_71\jre\bin\t2k.dll
0x00007ffddbaf0000 - 0x00007ffddbc7a000 	C:\WINDOWS\SYSTEM32\dbghelp.dll

VM Arguments:
jvm_args: -agentlib:jdwp=transport=dt_socket,suspend=y,address=localhost:63203 -Dfile.encoding=Cp1252 
java_command: com.codename1.impl.javase.Simulator com.boardspace.Launch
java_class_path (initial): G:\share\projects\eclipse\boardspace-cn2\JavaSE.jar;G:\share\projects\eclipse\boardspace-cn2\bin;G:\share\projects\eclipse\boardspace-cn2\lib\CLDC11.jar;G:\share\projects\eclipse\boardspace-cn2\lib\CodenameOne.jar;G:\share\projects\eclipse\boardspace-cn2\lib\impl\cls;G:\share\projects\eclipse\boardspace-cn2\lib\impl\stubs;G:\share\projects\eclipse\boardspace-cn2\native\internal_tmp
Launcher Type: SUN_STANDARD

Environment Variables:
JAVA_HOME=C:\program files\java\jdk1.8.0_71\
PATH=C:\Program Files\Java\jdk1.8.0_71\jre\bin;C:/Program Files/Java/jre1.8.0_73/bin/server;C:/Program Files/Java/jre1.8.0_73/bin;C:/Program Files/Java/jre1.8.0_73/lib/amd64;C:\ProgramData\Oracle\Java\javapath;C:\Program Files\java\jdk1.8.0_71\bin;C:\Perl64\site\bin;C:\Perl64\bin;C:\Program Files\Common Files\Microsoft Shared\Windows Live;C:\Program Files (x86)\Common Files\Microsoft Shared\Windows Live;C:\Program Files (x86)\AMD APP\bin\x86_64;C:\Program Files (x86)\AMD APP\bin\x86;C:\WINDOWS\system32;C:\WINDOWS;C:\WINDOWS\System32\Wbem;C:\WINDOWS\System32\WindowsPowerShell\v1.0\;C:\Program Files (x86)\ATI Technologies\ATI.ACE\Core-Static;C:\Program Files (x86)\Windows Live\Shared;f:\rktools\bin;c:\Program Files (x86)\Microsoft SQL Server\100\Tools\Binn\;c:\Program Files\Microsoft SQL Server\100\Tools\Binn\;c:\Program Files\Microsoft SQL Server\100\DTS\Binn\;C:\Program Files\Microsoft\Web Platform Installer\;C:\Program Files (x86)\Microsoft ASP.NET\ASP.NET Web Pages\v1.0\;C:\Program Files (x86)\Windows Kits\8.0\Windows Performance Toolkit\;C:\Program Files\Microsoft SQL Server\110\Tools\Binn\;C:\Program Files (x86)\Gow\bin;C:\Program Files (x86)\Git\cmd;C:\Program Files\Emscripten\clang\e1.29.0_64bit;C:\Program Files\Emscripten\node\0.10.17_64bit;C:\Program Files\Emscripten\python\2.7.5.3_64bit;C:\Program Files\Emscripten\java\7.45_64bit\bin;C:\Program Files\Emscripten;C:\Program Files\Emscripten\emscripten\1.29.0;C:\Program Files\Emscripten\crunch\1.03;C:\Program Files\Emscripten\mingw\4.6.2_32bit;C:\Program Files (x86)\AMD\ATI.ACE\Core-Static;C:\Program Files (x86)\QuickTime\QTSystem\;C:\Program Files (x86)\Skype\Phone\;C:\Program Files\AMI\DuOS\;C:\Program Files (x86)\CVSNT\;C:\Program Files (x86)\SSH Communications Security\SSH Secure Shell;c:\java\run\;C:\Program Files\MySQL\MySQL Server 5.6\bin;C:\java\apache-maven-3.0.5\bin;C:\Program Files\AMI\DuOS\;C:\java\eclipse;
USERNAME=Ddyer
OS=Windows_NT
PROCESSOR_IDENTIFIER=Intel64 Family 6 Model 58 Stepping 9, GenuineIntel



---------------  S Y S T E M  ---------------

OS: Windows 10.0 , 64 bit Build 10240 (10.0.10240.16384)

CPU:total 8 (4 cores per cpu, 2 threads per core) family 6 model 58 stepping 9, cmov, cx8, fxsr, mmx, sse, sse2, sse3, ssse3, sse4.1, sse4.2, popcnt, avx, aes, clmul, erms, ht, tsc, tscinvbit, tscinv

Memory: 4k page, physical 16733600k(9518140k free), swap 17847712k(9969576k free)

vm_info: Java HotSpot(TM) 64-Bit Server VM (25.71-b15) for windows-amd64 JRE (1.8.0_71-b15), built on Dec 22 2015 18:15:55 by "java_re" with MS VC++ 10.0 (VS2010)

time: Thu Feb 11 13:55:47 2016
elapsed time: 311 seconds (0d 0h 5m 11s)

