98.05.31 14:36 B e:\share\usr\ddyer\java-1.02\tictac\GameServer.class --> ftp.andromeda.com /www/loa/java GameServer.class
98.05.31 14:37 B e:\share\usr\ddyer\java-1.02\tictac\NetworkSocket.class --> ftp.andromeda.com /www/loa/java NetworkSocket.class
98.05.31 14:38 B e:\share\usr\ddyer\java-1.02\tictac\Connection.class --> ftp.andromeda.com /www/loa/java Connection.class
98.05.31 14:47 B e:\share\usr\ddyer\java-1.02\tictac\Connection.java --> ftp.andromeda.com /www/loa/java/server Connection.java
98.05.31 14:47 B e:\share\usr\ddyer\java-1.02\tictac\GameServer.java --> ftp.andromeda.com /www/loa/java/server GameServer.java
98.05.31 14:48 B e:\share\usr\ddyer\java-1.02\tictac\NetworkSocket.java --> ftp.andromeda.com /www/loa/java/server NetworkSocket.java
98.05.31 15:11 B e:\share\usr\ddyer\java-1.02\tictac\5perc.gif --> ftp.andromeda.com /www/loa/java/server/tictac 5perc.gif
98.05.31 15:11 B e:\share\usr\ddyer\java-1.02\tictac\Connection.class --> ftp.andromeda.com /www/loa/java/server/tictac Connection.class
98.05.31 15:11 B e:\share\usr\ddyer\java-1.02\tictac\Connection.java --> ftp.andromeda.com /www/loa/java/server/tictac Connection.java
98.05.31 15:11 B e:\share\usr\ddyer\java-1.02\tictac\CPictButton.class --> ftp.andromeda.com /www/loa/java/server/tictac CPictButton.class
98.05.31 15:11 B e:\share\usr\ddyer\java-1.02\tictac\CPictButton.java --> ftp.andromeda.com /www/loa/java/server/tictac CPictButton.java
98.05.31 15:11 B e:\share\usr\ddyer\java-1.02\tictac\GameBoard.class --> ftp.andromeda.com /www/loa/java/server/tictac GameBoard.class
98.05.31 15:11 B e:\share\usr\ddyer\java-1.02\tictac\GameBoard.java --> ftp.andromeda.com /www/loa/java/server/tictac GameBoard.java
98.05.31 15:11 B e:\share\usr\ddyer\java-1.02\tictac\GameClient.class --> ftp.andromeda.com /www/loa/java/server/tictac GameClient.class
98.05.31 15:11 B e:\share\usr\ddyer\java-1.02\tictac\GameClient.java --> ftp.andromeda.com /www/loa/java/server/tictac GameClient.java
98.05.31 15:11 B e:\share\usr\ddyer\java-1.02\tictac\GameServer.class --> ftp.andromeda.com /www/loa/java/server/tictac GameServer.class
98.05.31 15:11 B e:\share\usr\ddyer\java-1.02\tictac\GameServer.java --> ftp.andromeda.com /www/loa/java/server/tictac GameServer.java
98.05.31 15:11 B e:\share\usr\ddyer\java-1.02\tictac\graphicPanel.class --> ftp.andromeda.com /www/loa/java/server/tictac graphicPanel.class
98.05.31 15:11 B e:\share\usr\ddyer\java-1.02\tictac\image0.gif --> ftp.andromeda.com /www/loa/java/server/tictac image0.gif
98.05.31 15:11 B e:\share\usr\ddyer\java-1.02\tictac\image1.gif --> ftp.andromeda.com /www/loa/java/server/tictac image1.gif
98.05.31 15:11 B e:\share\usr\ddyer\java-1.02\tictac\image10.gif --> ftp.andromeda.com /www/loa/java/server/tictac image10.gif
98.05.31 15:11 B e:\share\usr\ddyer\java-1.02\tictac\image11.gif --> ftp.andromeda.com /www/loa/java/server/tictac image11.gif
98.05.31 15:11 B e:\share\usr\ddyer\java-1.02\tictac\image12.gif --> ftp.andromeda.com /www/loa/java/server/tictac image12.gif
98.05.31 15:11 B e:\share\usr\ddyer\java-1.02\tictac\image13.gif --> ftp.andromeda.com /www/loa/java/server/tictac image13.gif
98.05.31 15:11 B e:\share\usr\ddyer\java-1.02\tictac\image14.gif --> ftp.andromeda.com /www/loa/java/server/tictac image14.gif
98.05.31 15:11 B e:\share\usr\ddyer\java-1.02\tictac\image2.gif --> ftp.andromeda.com /www/loa/java/server/tictac image2.gif
98.05.31 15:11 B e:\share\usr\ddyer\java-1.02\tictac\image3.gif --> ftp.andromeda.com /www/loa/java/server/tictac image3.gif
98.05.31 15:11 B e:\share\usr\ddyer\java-1.02\tictac\image4.gif --> ftp.andromeda.com /www/loa/java/server/tictac image4.gif
98.05.31 15:11 B e:\share\usr\ddyer\java-1.02\tictac\image5.gif --> ftp.andromeda.com /www/loa/java/server/tictac image5.gif
98.05.31 15:12 B e:\share\usr\ddyer\java-1.02\tictac\image6.gif --> ftp.andromeda.com /www/loa/java/server/tictac image6.gif
98.05.31 15:12 B e:\share\usr\ddyer\java-1.02\tictac\image7.gif --> ftp.andromeda.com /www/loa/java/server/tictac image7.gif
98.05.31 15:12 B e:\share\usr\ddyer\java-1.02\tictac\image8.gif --> ftp.andromeda.com /www/loa/java/server/tictac image8.gif
98.05.31 15:12 B e:\share\usr\ddyer\java-1.02\tictac\image9.gif --> ftp.andromeda.com /www/loa/java/server/tictac image9.gif
98.05.31 15:12 B e:\share\usr\ddyer\java-1.02\tictac\main_dn.gif --> ftp.andromeda.com /www/loa/java/server/tictac main_dn.gif
98.05.31 15:12 B e:\share\usr\ddyer\java-1.02\tictac\main_up.gif --> ftp.andromeda.com /www/loa/java/server/tictac main_up.gif
98.05.31 15:12 B e:\share\usr\ddyer\java-1.02\tictac\NCClient.class --> ftp.andromeda.com /www/loa/java/server/tictac NCClient.class
98.05.31 15:12 B e:\share\usr\ddyer\java-1.02\tictac\NCClient.java --> ftp.andromeda.com /www/loa/java/server/tictac NCClient.java
98.05.31 15:12 B e:\share\usr\ddyer\java-1.02\tictac\NCWindow.class --> ftp.andromeda.com /www/loa/java/server/tictac NCWindow.class
98.05.31 15:12 B e:\share\usr\ddyer\java-1.02\tictac\NCWindow.java --> ftp.andromeda.com /www/loa/java/server/tictac NCWindow.java
98.05.31 15:12 B e:\share\usr\ddyer\java-1.02\tictac\NetworkSocket.class --> ftp.andromeda.com /www/loa/java/server/tictac NetworkSocket.class
98.05.31 15:12 B e:\share\usr\ddyer\java-1.02\tictac\NetworkSocket.java --> ftp.andromeda.com /www/loa/java/server/tictac NetworkSocket.java
98.05.31 15:12 B e:\share\usr\ddyer\java-1.02\tictac\rhuk.html --> ftp.andromeda.com /www/loa/java/server/tictac rhuk.html
98.05.31 15:12 B e:\share\usr\ddyer\java-1.02\tictac\rhuk.html~ --> ftp.andromeda.com /www/loa/java/server/tictac rhuk.html~
98.05.31 15:12 B e:\share\usr\ddyer\java-1.02\tictac\tictac.kawa --> ftp.andromeda.com /www/loa/java/server/tictac tictac.kawa
