This file contains any messages produced by compilers while
running configure, to aid debugging if configure makes a mistake.

It was created by configure, which was
generated by GNU Autoconf 2.59.  Invocation command line was

  $ ./configure --prefix=/home/boardspa/bin/nngs

## --------- ##
## Platform. ##
## --------- ##

hostname = boardspace.net
uname -m = i686
uname -r = 2.4.20-021stab028.19.777-enterprise
uname -s = Linux
uname -v = #1 SMP Wed Oct 19 13:05:01 MSD 2005

/usr/bin/uname -p = unknown
/bin/uname -X     = unknown

/bin/arch              = i686
/usr/bin/arch -k       = unknown
/usr/convex/getsysinfo = unknown
hostinfo               = unknown
/bin/machine           = unknown
/usr/bin/oslevel       = unknown
/bin/universe          = unknown

PATH: /usr/kerberos/bin
PATH: /usr/local/bin
PATH: /bin
PATH: /usr/bin
PATH: /usr/X11R6/bin
PATH: /home/boardspa/bin


## ----------- ##
## Core tests. ##
## ----------- ##

configure:1355: checking for a BSD-compatible install
configure:1410: result: /usr/bin/install -c
configure:1421: checking whether build environment is sane
configure:1464: result: yes
configure:1521: checking for gawk
configure:1537: found /bin/gawk
configure:1547: result: gawk
configure:1557: checking whether make sets $(MAKE)
configure:1577: result: yes
configure:1747: checking whether to enable maintainer-specific portions of Makefiles
configure:1756: result: no
configure:1818: checking for gcc
configure:1834: found /usr/bin/gcc
configure:1844: result: gcc
configure:2088: checking for C compiler version
configure:2091: gcc --version </dev/null >&5
gcc (GCC) 3.2.3 20030502 (Red Hat Linux 3.2.3-53)
Copyright (C) 2002 Free Software Foundation, Inc.
This is free software; see the source for copying conditions.  There is NO
warranty; not even for MERCHANTABILITY or FITNESS FOR A PARTICULAR PURPOSE.

configure:2094: $? = 0
configure:2096: gcc -v </dev/null >&5
Reading specs from /usr/lib/gcc-lib/i386-redhat-linux/3.2.3/specs
Configured with: ../configure --prefix=/usr --mandir=/usr/share/man --infodir=/usr/share/info --enable-shared --enable-threads=posix --disable-checking --with-system-zlib --enable-__cxa_atexit --host=i386-redhat-linux
Thread model: posix
gcc version 3.2.3 20030502 (Red Hat Linux 3.2.3-53)
configure:2099: $? = 0
configure:2101: gcc -V </dev/null >&5
gcc: argument to `-V' is missing
configure:2104: $? = 1
configure:2127: checking for C compiler default output file name
configure:2130: gcc    conftest.c  >&5
configure:2133: $? = 0
configure:2179: result: a.out
configure:2184: checking whether the C compiler works
configure:2190: ./a.out
configure:2193: $? = 0
configure:2210: result: yes
configure:2217: checking whether we are cross compiling
configure:2219: result: no
configure:2222: checking for suffix of executables
configure:2224: gcc -o conftest    conftest.c  >&5
configure:2227: $? = 0
configure:2252: result: 
configure:2258: checking for suffix of object files
configure:2279: gcc -c   conftest.c >&5
configure:2282: $? = 0
configure:2304: result: o
configure:2308: checking whether we are using the GNU C compiler
configure:2332: gcc -c   conftest.c >&5
configure:2338: $? = 0
configure:2342: test -z 
			 || test ! -s conftest.err
configure:2345: $? = 0
configure:2348: test -s conftest.o
configure:2351: $? = 0
configure:2364: result: yes
configure:2370: checking whether gcc accepts -g
configure:2391: gcc -c -g  conftest.c >&5
configure:2397: $? = 0
configure:2401: test -z 
			 || test ! -s conftest.err
configure:2404: $? = 0
configure:2407: test -s conftest.o
configure:2410: $? = 0
configure:2421: result: yes
configure:2438: checking for gcc option to accept ANSI C
configure:2508: gcc  -c -g -O2  conftest.c >&5
configure:2514: $? = 0
configure:2518: test -z 
			 || test ! -s conftest.err
configure:2521: $? = 0
configure:2524: test -s conftest.o
configure:2527: $? = 0
configure:2545: result: none needed
configure:2563: gcc -c -g -O2  conftest.c >&5
conftest.c:2: syntax error before "me"
configure:2569: $? = 1
configure: failed program was:
| #ifndef __cplusplus
|   choke me
| #endif
configure:2713: checking for style of include used by make
configure:2741: result: GNU
configure:2769: checking dependency style of gcc
configure:2854: result: gcc3
configure:2923: checking for g++
configure:2939: found /usr/bin/g++
configure:2949: result: g++
configure:2965: checking for C++ compiler version
configure:2968: g++ --version </dev/null >&5
g++ (GCC) 3.2.3 20030502 (Red Hat Linux 3.2.3-53)
Copyright (C) 2002 Free Software Foundation, Inc.
This is free software; see the source for copying conditions.  There is NO
warranty; not even for MERCHANTABILITY or FITNESS FOR A PARTICULAR PURPOSE.

configure:2971: $? = 0
configure:2973: g++ -v </dev/null >&5
Reading specs from /usr/lib/gcc-lib/i386-redhat-linux/3.2.3/specs
Configured with: ../configure --prefix=/usr --mandir=/usr/share/man --infodir=/usr/share/info --enable-shared --enable-threads=posix --disable-checking --with-system-zlib --enable-__cxa_atexit --host=i386-redhat-linux
Thread model: posix
gcc version 3.2.3 20030502 (Red Hat Linux 3.2.3-53)
configure:2976: $? = 0
configure:2978: g++ -V </dev/null >&5
g++: argument to `-V' missing

configure:2981: $? = 1
configure:2984: checking whether we are using the GNU C++ compiler
configure:3008: g++ -c   conftest.cc >&5
configure:3014: $? = 0
configure:3018: test -z 
			 || test ! -s conftest.err
configure:3021: $? = 0
configure:3024: test -s conftest.o
configure:3027: $? = 0
configure:3040: result: yes
configure:3046: checking whether g++ accepts -g
configure:3067: g++ -c -g  conftest.cc >&5
configure:3073: $? = 0
configure:3077: test -z 
			 || test ! -s conftest.err
configure:3080: $? = 0
configure:3083: test -s conftest.o
configure:3086: $? = 0
configure:3097: result: yes
configure:3139: g++ -c -g -O2  conftest.cc >&5
configure:3145: $? = 0
configure:3149: test -z 
			 || test ! -s conftest.err
configure:3152: $? = 0
configure:3155: test -s conftest.o
configure:3158: $? = 0
configure:3184: g++ -c -g -O2  conftest.cc >&5
conftest.cc: In function `int main()':
conftest.cc:16: `exit' undeclared (first use this function)
conftest.cc:16: (Each undeclared identifier is reported only once for each 
   function it appears in.)
configure:3190: $? = 1
configure: failed program was:
| /* confdefs.h.  */
| 
| #define PACKAGE_NAME ""
| #define PACKAGE_TARNAME ""
| #define PACKAGE_VERSION ""
| #define PACKAGE_STRING ""
| #define PACKAGE_BUGREPORT ""
| #define PACKAGE "nngssrv"
| #define VERSION "1.1.17"
| #define GNU_PACKAGE "GNU nngssrv"
| /* end confdefs.h.  */
| 
| int
| main ()
| {
| exit (42);
|   ;
|   return 0;
| }
configure:3139: g++ -c -g -O2  conftest.cc >&5
configure:3145: $? = 0
configure:3149: test -z 
			 || test ! -s conftest.err
configure:3152: $? = 0
configure:3155: test -s conftest.o
configure:3158: $? = 0
configure:3184: g++ -c -g -O2  conftest.cc >&5
configure:3190: $? = 0
configure:3194: test -z 
			 || test ! -s conftest.err
configure:3197: $? = 0
configure:3200: test -s conftest.o
configure:3203: $? = 0
configure:3228: checking dependency style of g++
configure:3313: result: gcc3
configure:3335: checking for pow in -lm
configure:3365: gcc -o conftest -g -O2   conftest.c -lm   >&5
configure:3371: $? = 0
configure:3375: test -z 
			 || test ! -s conftest.err
configure:3378: $? = 0
configure:3381: test -s conftest
configure:3384: $? = 0
configure:3397: result: yes
configure:3409: checking for bind in -lsocket
configure:3439: gcc -o conftest -g -O2   conftest.c -lsocket  -lm  >&5
/usr/bin/ld: cannot find -lsocket
collect2: ld returned 1 exit status
configure:3445: $? = 1
configure: failed program was:
| /* confdefs.h.  */
| 
| #define PACKAGE_NAME ""
| #define PACKAGE_TARNAME ""
| #define PACKAGE_VERSION ""
| #define PACKAGE_STRING ""
| #define PACKAGE_BUGREPORT ""
| #define PACKAGE "nngssrv"
| #define VERSION "1.1.17"
| #define GNU_PACKAGE "GNU nngssrv"
| #ifdef __cplusplus
| extern "C" void std::exit (int) throw (); using std::exit;
| #endif
| #define HAVE_LIBM 1
| /* end confdefs.h.  */
| 
| /* Override any gcc2 internal prototype to avoid an error.  */
| #ifdef __cplusplus
| extern "C"
| #endif
| /* We use char because int might match the return type of a gcc2
|    builtin and then its argument prototype would still apply.  */
| char bind ();
| int
| main ()
| {
| bind ();
|   ;
|   return 0;
| }
configure:3471: result: no
configure:3483: checking for crypt in -lcrypt
configure:3513: gcc -o conftest -g -O2   conftest.c -lcrypt  -lm  >&5
configure:3519: $? = 0
configure:3523: test -z 
			 || test ! -s conftest.err
configure:3526: $? = 0
configure:3529: test -s conftest
configure:3532: $? = 0
configure:3545: result: yes
configure:3566: checking how to run the C preprocessor
configure:3601: gcc -E  conftest.c
configure:3607: $? = 0
configure:3639: gcc -E  conftest.c
conftest.c:17:28: ac_nonexistent.h: No such file or directory
configure:3645: $? = 1
configure: failed program was:
| /* confdefs.h.  */
| 
| #define PACKAGE_NAME ""
| #define PACKAGE_TARNAME ""
| #define PACKAGE_VERSION ""
| #define PACKAGE_STRING ""
| #define PACKAGE_BUGREPORT ""
| #define PACKAGE "nngssrv"
| #define VERSION "1.1.17"
| #define GNU_PACKAGE "GNU nngssrv"
| #ifdef __cplusplus
| extern "C" void std::exit (int) throw (); using std::exit;
| #endif
| #define HAVE_LIBM 1
| #define HAVE_LIBCRYPT 1
| /* end confdefs.h.  */
| #include <ac_nonexistent.h>
configure:3684: result: gcc -E
configure:3708: gcc -E  conftest.c
configure:3714: $? = 0
configure:3746: gcc -E  conftest.c
conftest.c:17:28: ac_nonexistent.h: No such file or directory
configure:3752: $? = 1
configure: failed program was:
| /* confdefs.h.  */
| 
| #define PACKAGE_NAME ""
| #define PACKAGE_TARNAME ""
| #define PACKAGE_VERSION ""
| #define PACKAGE_STRING ""
| #define PACKAGE_BUGREPORT ""
| #define PACKAGE "nngssrv"
| #define VERSION "1.1.17"
| #define GNU_PACKAGE "GNU nngssrv"
| #ifdef __cplusplus
| extern "C" void std::exit (int) throw (); using std::exit;
| #endif
| #define HAVE_LIBM 1
| #define HAVE_LIBCRYPT 1
| /* end confdefs.h.  */
| #include <ac_nonexistent.h>
configure:3796: checking for egrep
configure:3806: result: grep -E
configure:3812: checking whether gcc needs -traditional
configure:3854: result: no
configure:3902: checking for ranlib
configure:3918: found /usr/bin/ranlib
configure:3929: result: ranlib
configure:3942: checking whether make sets $(MAKE)
configure:3962: result: yes
configure:3972: checking for ANSI C header files
configure:3997: gcc -c -g -O2  conftest.c >&5
configure:4003: $? = 0
configure:4007: test -z 
			 || test ! -s conftest.err
configure:4010: $? = 0
configure:4013: test -s conftest.o
configure:4016: $? = 0
configure:4102: gcc -o conftest -g -O2   conftest.c -lcrypt -lm  >&5
configure:4105: $? = 0
configure:4107: ./conftest
configure:4110: $? = 0
configure:4125: result: yes
configure:4149: checking for sys/types.h
configure:4165: gcc -c -g -O2  conftest.c >&5
configure:4171: $? = 0
configure:4175: test -z 
			 || test ! -s conftest.err
configure:4178: $? = 0
configure:4181: test -s conftest.o
configure:4184: $? = 0
configure:4195: result: yes
configure:4149: checking for sys/stat.h
configure:4165: gcc -c -g -O2  conftest.c >&5
configure:4171: $? = 0
configure:4175: test -z 
			 || test ! -s conftest.err
configure:4178: $? = 0
configure:4181: test -s conftest.o
configure:4184: $? = 0
configure:4195: result: yes
configure:4149: checking for stdlib.h
configure:4165: gcc -c -g -O2  conftest.c >&5
configure:4171: $? = 0
configure:4175: test -z 
			 || test ! -s conftest.err
configure:4178: $? = 0
configure:4181: test -s conftest.o
configure:4184: $? = 0
configure:4195: result: yes
configure:4149: checking for string.h
configure:4165: gcc -c -g -O2  conftest.c >&5
configure:4171: $? = 0
configure:4175: test -z 
			 || test ! -s conftest.err
configure:4178: $? = 0
configure:4181: test -s conftest.o
configure:4184: $? = 0
configure:4195: result: yes
configure:4149: checking for memory.h
configure:4165: gcc -c -g -O2  conftest.c >&5
configure:4171: $? = 0
configure:4175: test -z 
			 || test ! -s conftest.err
configure:4178: $? = 0
configure:4181: test -s conftest.o
configure:4184: $? = 0
configure:4195: result: yes
configure:4149: checking for strings.h
configure:4165: gcc -c -g -O2  conftest.c >&5
configure:4171: $? = 0
configure:4175: test -z 
			 || test ! -s conftest.err
configure:4178: $? = 0
configure:4181: test -s conftest.o
configure:4184: $? = 0
configure:4195: result: yes
configure:4149: checking for inttypes.h
configure:4165: gcc -c -g -O2  conftest.c >&5
configure:4171: $? = 0
configure:4175: test -z 
			 || test ! -s conftest.err
configure:4178: $? = 0
configure:4181: test -s conftest.o
configure:4184: $? = 0
configure:4195: result: yes
configure:4149: checking for stdint.h
configure:4165: gcc -c -g -O2  conftest.c >&5
configure:4171: $? = 0
configure:4175: test -z 
			 || test ! -s conftest.err
configure:4178: $? = 0
configure:4181: test -s conftest.o
configure:4184: $? = 0
configure:4195: result: yes
configure:4149: checking for unistd.h
configure:4165: gcc -c -g -O2  conftest.c >&5
configure:4171: $? = 0
configure:4175: test -z 
			 || test ! -s conftest.err
configure:4178: $? = 0
configure:4181: test -s conftest.o
configure:4184: $? = 0
configure:4195: result: yes
configure:4207: checking whether sys/types.h defines makedev
configure:4228: gcc -o conftest -g -O2   conftest.c -lcrypt -lm  >&5
configure:4234: $? = 0
configure:4238: test -z 
			 || test ! -s conftest.err
configure:4241: $? = 0
configure:4244: test -s conftest
configure:4247: $? = 0
configure:4260: result: yes
configure:4561: checking whether time.h and sys/time.h may both be included
configure:4586: gcc -c -g -O2  conftest.c >&5
configure:4592: $? = 0
configure:4596: test -z 
			 || test ! -s conftest.err
configure:4599: $? = 0
configure:4602: test -s conftest.o
configure:4605: $? = 0
configure:4616: result: yes
configure:4627: checking for an ANSI C-conforming const
configure:4694: gcc -c -g -O2  conftest.c >&5
configure:4700: $? = 0
configure:4704: test -z 
			 || test ! -s conftest.err
configure:4707: $? = 0
configure:4710: test -s conftest.o
configure:4713: $? = 0
configure:4724: result: yes
configure:4769: checking for unistd.h
configure:4774: result: yes
configure:4778: checking crypt.h usability
configure:4790: gcc -c -g -O2  conftest.c >&5
configure:4796: $? = 0
configure:4800: test -z 
			 || test ! -s conftest.err
configure:4803: $? = 0
configure:4806: test -s conftest.o
configure:4809: $? = 0
configure:4819: result: yes
configure:4823: checking crypt.h presence
configure:4833: gcc -E  conftest.c
configure:4839: $? = 0
configure:4859: result: yes
configure:4894: checking for crypt.h
configure:4901: result: yes
configure:4778: checking term.h usability
configure:4790: gcc -c -g -O2  conftest.c >&5
conftest.c:64:18: term.h: No such file or directory
configure:4796: $? = 1
configure: failed program was:
| /* confdefs.h.  */
| 
| #define PACKAGE_NAME ""
| #define PACKAGE_TARNAME ""
| #define PACKAGE_VERSION ""
| #define PACKAGE_STRING ""
| #define PACKAGE_BUGREPORT ""
| #define PACKAGE "nngssrv"
| #define VERSION "1.1.17"
| #define GNU_PACKAGE "GNU nngssrv"
| #ifdef __cplusplus
| extern "C" void std::exit (int) throw (); using std::exit;
| #endif
| #define HAVE_LIBM 1
| #define HAVE_LIBCRYPT 1
| #define STDC_HEADERS 1
| #define HAVE_SYS_TYPES_H 1
| #define HAVE_SYS_STAT_H 1
| #define HAVE_STDLIB_H 1
| #define HAVE_STRING_H 1
| #define HAVE_MEMORY_H 1
| #define HAVE_STRINGS_H 1
| #define HAVE_INTTYPES_H 1
| #define HAVE_STDINT_H 1
| #define HAVE_UNISTD_H 1
| #define TIME_WITH_SYS_TIME 1
| #define HAVE_UNISTD_H 1
| #define HAVE_CRYPT_H 1
| /* end confdefs.h.  */
| #include <stdio.h>
| #if HAVE_SYS_TYPES_H
| # include <sys/types.h>
| #endif
| #if HAVE_SYS_STAT_H
| # include <sys/stat.h>
| #endif
| #if STDC_HEADERS
| # include <stdlib.h>
| # include <stddef.h>
| #else
| # if HAVE_STDLIB_H
| #  include <stdlib.h>
| # endif
| #endif
| #if HAVE_STRING_H
| # if !STDC_HEADERS && HAVE_MEMORY_H
| #  include <memory.h>
| # endif
| # include <string.h>
| #endif
| #if HAVE_STRINGS_H
| # include <strings.h>
| #endif
| #if HAVE_INTTYPES_H
| # include <inttypes.h>
| #else
| # if HAVE_STDINT_H
| #  include <stdint.h>
| # endif
| #endif
| #if HAVE_UNISTD_H
| # include <unistd.h>
| #endif
| #include <term.h>
configure:4819: result: no
configure:4823: checking term.h presence
configure:4833: gcc -E  conftest.c
conftest.c:30:18: term.h: No such file or directory
configure:4839: $? = 1
configure: failed program was:
| /* confdefs.h.  */
| 
| #define PACKAGE_NAME ""
| #define PACKAGE_TARNAME ""
| #define PACKAGE_VERSION ""
| #define PACKAGE_STRING ""
| #define PACKAGE_BUGREPORT ""
| #define PACKAGE "nngssrv"
| #define VERSION "1.1.17"
| #define GNU_PACKAGE "GNU nngssrv"
| #ifdef __cplusplus
| extern "C" void std::exit (int) throw (); using std::exit;
| #endif
| #define HAVE_LIBM 1
| #define HAVE_LIBCRYPT 1
| #define STDC_HEADERS 1
| #define HAVE_SYS_TYPES_H 1
| #define HAVE_SYS_STAT_H 1
| #define HAVE_STDLIB_H 1
| #define HAVE_STRING_H 1
| #define HAVE_MEMORY_H 1
| #define HAVE_STRINGS_H 1
| #define HAVE_INTTYPES_H 1
| #define HAVE_STDINT_H 1
| #define HAVE_UNISTD_H 1
| #define TIME_WITH_SYS_TIME 1
| #define HAVE_UNISTD_H 1
| #define HAVE_CRYPT_H 1
| /* end confdefs.h.  */
| #include <term.h>
configure:4859: result: no
configure:4894: checking for term.h
configure:4901: result: no
configure:4778: checking fcntl.h usability
configure:4790: gcc -c -g -O2  conftest.c >&5
configure:4796: $? = 0
configure:4800: test -z 
			 || test ! -s conftest.err
configure:4803: $? = 0
configure:4806: test -s conftest.o
configure:4809: $? = 0
configure:4819: result: yes
configure:4823: checking fcntl.h presence
configure:4833: gcc -E  conftest.c
configure:4839: $? = 0
configure:4859: result: yes
configure:4894: checking for fcntl.h
configure:4901: result: yes
configure:4778: checking dirent.h usability
configure:4790: gcc -c -g -O2  conftest.c >&5
configure:4796: $? = 0
configure:4800: test -z 
			 || test ! -s conftest.err
configure:4803: $? = 0
configure:4806: test -s conftest.o
configure:4809: $? = 0
configure:4819: result: yes
configure:4823: checking dirent.h presence
configure:4833: gcc -E  conftest.c
configure:4839: $? = 0
configure:4859: result: yes
configure:4894: checking for dirent.h
configure:4901: result: yes
configure:4778: checking ctype.h usability
configure:4790: gcc -c -g -O2  conftest.c >&5
configure:4796: $? = 0
configure:4800: test -z 
			 || test ! -s conftest.err
configure:4803: $? = 0
configure:4806: test -s conftest.o
configure:4809: $? = 0
configure:4819: result: yes
configure:4823: checking ctype.h presence
configure:4833: gcc -E  conftest.c
configure:4839: $? = 0
configure:4859: result: yes
configure:4894: checking for ctype.h
configure:4901: result: yes
configure:4778: checking stdio.h usability
configure:4790: gcc -c -g -O2  conftest.c >&5
configure:4796: $? = 0
configure:4800: test -z 
			 || test ! -s conftest.err
configure:4803: $? = 0
configure:4806: test -s conftest.o
configure:4809: $? = 0
configure:4819: result: yes
configure:4823: checking stdio.h presence
configure:4833: gcc -E  conftest.c
configure:4839: $? = 0
configure:4859: result: yes
configure:4894: checking for stdio.h
configure:4901: result: yes
configure:4769: checking for stdlib.h
configure:4774: result: yes
configure:4769: checking for string.h
configure:4774: result: yes
configure:4778: checking utime.h usability
configure:4790: gcc -c -g -O2  conftest.c >&5
configure:4796: $? = 0
configure:4800: test -z 
			 || test ! -s conftest.err
configure:4803: $? = 0
configure:4806: test -s conftest.o
configure:4809: $? = 0
configure:4819: result: yes
configure:4823: checking utime.h presence
configure:4833: gcc -E  conftest.c
configure:4839: $? = 0
configure:4859: result: yes
configure:4894: checking for utime.h
configure:4901: result: yes
configure:4778: checking time.h usability
configure:4790: gcc -c -g -O2  conftest.c >&5
configure:4796: $? = 0
configure:4800: test -z 
			 || test ! -s conftest.err
configure:4803: $? = 0
configure:4806: test -s conftest.o
configure:4809: $? = 0
configure:4819: result: yes
configure:4823: checking time.h presence
configure:4833: gcc -E  conftest.c
configure:4839: $? = 0
configure:4859: result: yes
configure:4894: checking for time.h
configure:4901: result: yes
configure:4778: checking errno.h usability
configure:4790: gcc -c -g -O2  conftest.c >&5
configure:4796: $? = 0
configure:4800: test -z 
			 || test ! -s conftest.err
configure:4803: $? = 0
configure:4806: test -s conftest.o
configure:4809: $? = 0
configure:4819: result: yes
configure:4823: checking errno.h presence
configure:4833: gcc -E  conftest.c
configure:4839: $? = 0
configure:4859: result: yes
configure:4894: checking for errno.h
configure:4901: result: yes
configure:4769: checking for strings.h
configure:4774: result: yes
configure:4778: checking signal.h usability
configure:4790: gcc -c -g -O2  conftest.c >&5
configure:4796: $? = 0
configure:4800: test -z 
			 || test ! -s conftest.err
configure:4803: $? = 0
configure:4806: test -s conftest.o
configure:4809: $? = 0
configure:4819: result: yes
configure:4823: checking signal.h presence
configure:4833: gcc -E  conftest.c
configure:4839: $? = 0
configure:4859: result: yes
configure:4894: checking for signal.h
configure:4901: result: yes
configure:4778: checking endian.h usability
configure:4790: gcc -c -g -O2  conftest.c >&5
configure:4796: $? = 0
configure:4800: test -z 
			 || test ! -s conftest.err
configure:4803: $? = 0
configure:4806: test -s conftest.o
configure:4809: $? = 0
configure:4819: result: yes
configure:4823: checking endian.h presence
configure:4833: gcc -E  conftest.c
configure:4839: $? = 0
configure:4859: result: yes
configure:4894: checking for endian.h
configure:4901: result: yes
configure:4778: checking sys/time.h usability
configure:4790: gcc -c -g -O2  conftest.c >&5
configure:4796: $? = 0
configure:4800: test -z 
			 || test ! -s conftest.err
configure:4803: $? = 0
configure:4806: test -s conftest.o
configure:4809: $? = 0
configure:4819: result: yes
configure:4823: checking sys/time.h presence
configure:4833: gcc -E  conftest.c
configure:4839: $? = 0
configure:4859: result: yes
configure:4894: checking for sys/time.h
configure:4901: result: yes
configure:4769: checking for sys/stat.h
configure:4774: result: yes
configure:4778: checking sys/socket.h usability
configure:4790: gcc -c -g -O2  conftest.c >&5
configure:4796: $? = 0
configure:4800: test -z 
			 || test ! -s conftest.err
configure:4803: $? = 0
configure:4806: test -s conftest.o
configure:4809: $? = 0
configure:4819: result: yes
configure:4823: checking sys/socket.h presence
configure:4833: gcc -E  conftest.c
configure:4839: $? = 0
configure:4859: result: yes
configure:4894: checking for sys/socket.h
configure:4901: result: yes
configure:4778: checking arpa/inet.h usability
configure:4790: gcc -c -g -O2  conftest.c >&5
configure:4796: $? = 0
configure:4800: test -z 
			 || test ! -s conftest.err
configure:4803: $? = 0
configure:4806: test -s conftest.o
configure:4809: $? = 0
configure:4819: result: yes
configure:4823: checking arpa/inet.h presence
configure:4833: gcc -E  conftest.c
configure:4839: $? = 0
configure:4859: result: yes
configure:4894: checking for arpa/inet.h
configure:4901: result: yes
configure:4778: checking arpa/telnet.h usability
configure:4790: gcc -c -g -O2  conftest.c >&5
configure:4796: $? = 0
configure:4800: test -z 
			 || test ! -s conftest.err
configure:4803: $? = 0
configure:4806: test -s conftest.o
configure:4809: $? = 0
configure:4819: result: yes
configure:4823: checking arpa/telnet.h presence
configure:4833: gcc -E  conftest.c
configure:4839: $? = 0
configure:4859: result: yes
configure:4894: checking for arpa/telnet.h
configure:4901: result: yes
configure:4778: checking netinet/in.h usability
configure:4790: gcc -c -g -O2  conftest.c >&5
configure:4796: $? = 0
configure:4800: test -z 
			 || test ! -s conftest.err
configure:4803: $? = 0
configure:4806: test -s conftest.o
configure:4809: $? = 0
configure:4819: result: yes
configure:4823: checking netinet/in.h presence
configure:4833: gcc -E  conftest.c
configure:4839: $? = 0
configure:4859: result: yes
configure:4894: checking for netinet/in.h
configure:4901: result: yes
configure:4778: checking netdb.h usability
configure:4790: gcc -c -g -O2  conftest.c >&5
configure:4796: $? = 0
configure:4800: test -z 
			 || test ! -s conftest.err
configure:4803: $? = 0
configure:4806: test -s conftest.o
configure:4809: $? = 0
configure:4819: result: yes
configure:4823: checking netdb.h presence
configure:4833: gcc -E  conftest.c
configure:4839: $? = 0
configure:4859: result: yes
configure:4894: checking for netdb.h
configure:4901: result: yes
configure:4778: checking gdbm.h usability
configure:4790: gcc -c -g -O2  conftest.c >&5
conftest.c:83:18: gdbm.h: No such file or directory
configure:4796: $? = 1
configure: failed program was:
| /* confdefs.h.  */
| 
| #define PACKAGE_NAME ""
| #define PACKAGE_TARNAME ""
| #define PACKAGE_VERSION ""
| #define PACKAGE_STRING ""
| #define PACKAGE_BUGREPORT ""
| #define PACKAGE "nngssrv"
| #define VERSION "1.1.17"
| #define GNU_PACKAGE "GNU nngssrv"
| #ifdef __cplusplus
| extern "C" void std::exit (int) throw (); using std::exit;
| #endif
| #define HAVE_LIBM 1
| #define HAVE_LIBCRYPT 1
| #define STDC_HEADERS 1
| #define HAVE_SYS_TYPES_H 1
| #define HAVE_SYS_STAT_H 1
| #define HAVE_STDLIB_H 1
| #define HAVE_STRING_H 1
| #define HAVE_MEMORY_H 1
| #define HAVE_STRINGS_H 1
| #define HAVE_INTTYPES_H 1
| #define HAVE_STDINT_H 1
| #define HAVE_UNISTD_H 1
| #define TIME_WITH_SYS_TIME 1
| #define HAVE_UNISTD_H 1
| #define HAVE_CRYPT_H 1
| #define HAVE_FCNTL_H 1
| #define HAVE_DIRENT_H 1
| #define HAVE_CTYPE_H 1
| #define HAVE_STDIO_H 1
| #define HAVE_STDLIB_H 1
| #define HAVE_STRING_H 1
| #define HAVE_UTIME_H 1
| #define HAVE_TIME_H 1
| #define HAVE_ERRNO_H 1
| #define HAVE_STRINGS_H 1
| #define HAVE_SIGNAL_H 1
| #define HAVE_ENDIAN_H 1
| #define HAVE_SYS_TIME_H 1
| #define HAVE_SYS_STAT_H 1
| #define HAVE_SYS_SOCKET_H 1
| #define HAVE_ARPA_INET_H 1
| #define HAVE_ARPA_TELNET_H 1
| #define HAVE_NETINET_IN_H 1
| #define HAVE_NETDB_H 1
| /* end confdefs.h.  */
| #include <stdio.h>
| #if HAVE_SYS_TYPES_H
| # include <sys/types.h>
| #endif
| #if HAVE_SYS_STAT_H
| # include <sys/stat.h>
| #endif
| #if STDC_HEADERS
| # include <stdlib.h>
| # include <stddef.h>
| #else
| # if HAVE_STDLIB_H
| #  include <stdlib.h>
| # endif
| #endif
| #if HAVE_STRING_H
| # if !STDC_HEADERS && HAVE_MEMORY_H
| #  include <memory.h>
| # endif
| # include <string.h>
| #endif
| #if HAVE_STRINGS_H
| # include <strings.h>
| #endif
| #if HAVE_INTTYPES_H
| # include <inttypes.h>
| #else
| # if HAVE_STDINT_H
| #  include <stdint.h>
| # endif
| #endif
| #if HAVE_UNISTD_H
| # include <unistd.h>
| #endif
| #include <gdbm.h>
configure:4819: result: no
configure:4823: checking gdbm.h presence
configure:4833: gcc -E  conftest.c
conftest.c:49:18: gdbm.h: No such file or directory
configure:4839: $? = 1
configure: failed program was:
| /* confdefs.h.  */
| 
| #define PACKAGE_NAME ""
| #define PACKAGE_TARNAME ""
| #define PACKAGE_VERSION ""
| #define PACKAGE_STRING ""
| #define PACKAGE_BUGREPORT ""
| #define PACKAGE "nngssrv"
| #define VERSION "1.1.17"
| #define GNU_PACKAGE "GNU nngssrv"
| #ifdef __cplusplus
| extern "C" void std::exit (int) throw (); using std::exit;
| #endif
| #define HAVE_LIBM 1
| #define HAVE_LIBCRYPT 1
| #define STDC_HEADERS 1
| #define HAVE_SYS_TYPES_H 1
| #define HAVE_SYS_STAT_H 1
| #define HAVE_STDLIB_H 1
| #define HAVE_STRING_H 1
| #define HAVE_MEMORY_H 1
| #define HAVE_STRINGS_H 1
| #define HAVE_INTTYPES_H 1
| #define HAVE_STDINT_H 1
| #define HAVE_UNISTD_H 1
| #define TIME_WITH_SYS_TIME 1
| #define HAVE_UNISTD_H 1
| #define HAVE_CRYPT_H 1
| #define HAVE_FCNTL_H 1
| #define HAVE_DIRENT_H 1
| #define HAVE_CTYPE_H 1
| #define HAVE_STDIO_H 1
| #define HAVE_STDLIB_H 1
| #define HAVE_STRING_H 1
| #define HAVE_UTIME_H 1
| #define HAVE_TIME_H 1
| #define HAVE_ERRNO_H 1
| #define HAVE_STRINGS_H 1
| #define HAVE_SIGNAL_H 1
| #define HAVE_ENDIAN_H 1
| #define HAVE_SYS_TIME_H 1
| #define HAVE_SYS_STAT_H 1
| #define HAVE_SYS_SOCKET_H 1
| #define HAVE_ARPA_INET_H 1
| #define HAVE_ARPA_TELNET_H 1
| #define HAVE_NETINET_IN_H 1
| #define HAVE_NETDB_H 1
| /* end confdefs.h.  */
| #include <gdbm.h>
configure:4859: result: no
configure:4894: checking for gdbm.h
configure:4901: result: no
configure:4778: checking ndbm.h usability
configure:4790: gcc -c -g -O2  conftest.c >&5
conftest.c:83:18: ndbm.h: No such file or directory
configure:4796: $? = 1
configure: failed program was:
| /* confdefs.h.  */
| 
| #define PACKAGE_NAME ""
| #define PACKAGE_TARNAME ""
| #define PACKAGE_VERSION ""
| #define PACKAGE_STRING ""
| #define PACKAGE_BUGREPORT ""
| #define PACKAGE "nngssrv"
| #define VERSION "1.1.17"
| #define GNU_PACKAGE "GNU nngssrv"
| #ifdef __cplusplus
| extern "C" void std::exit (int) throw (); using std::exit;
| #endif
| #define HAVE_LIBM 1
| #define HAVE_LIBCRYPT 1
| #define STDC_HEADERS 1
| #define HAVE_SYS_TYPES_H 1
| #define HAVE_SYS_STAT_H 1
| #define HAVE_STDLIB_H 1
| #define HAVE_STRING_H 1
| #define HAVE_MEMORY_H 1
| #define HAVE_STRINGS_H 1
| #define HAVE_INTTYPES_H 1
| #define HAVE_STDINT_H 1
| #define HAVE_UNISTD_H 1
| #define TIME_WITH_SYS_TIME 1
| #define HAVE_UNISTD_H 1
| #define HAVE_CRYPT_H 1
| #define HAVE_FCNTL_H 1
| #define HAVE_DIRENT_H 1
| #define HAVE_CTYPE_H 1
| #define HAVE_STDIO_H 1
| #define HAVE_STDLIB_H 1
| #define HAVE_STRING_H 1
| #define HAVE_UTIME_H 1
| #define HAVE_TIME_H 1
| #define HAVE_ERRNO_H 1
| #define HAVE_STRINGS_H 1
| #define HAVE_SIGNAL_H 1
| #define HAVE_ENDIAN_H 1
| #define HAVE_SYS_TIME_H 1
| #define HAVE_SYS_STAT_H 1
| #define HAVE_SYS_SOCKET_H 1
| #define HAVE_ARPA_INET_H 1
| #define HAVE_ARPA_TELNET_H 1
| #define HAVE_NETINET_IN_H 1
| #define HAVE_NETDB_H 1
| /* end confdefs.h.  */
| #include <stdio.h>
| #if HAVE_SYS_TYPES_H
| # include <sys/types.h>
| #endif
| #if HAVE_SYS_STAT_H
| # include <sys/stat.h>
| #endif
| #if STDC_HEADERS
| # include <stdlib.h>
| # include <stddef.h>
| #else
| # if HAVE_STDLIB_H
| #  include <stdlib.h>
| # endif
| #endif
| #if HAVE_STRING_H
| # if !STDC_HEADERS && HAVE_MEMORY_H
| #  include <memory.h>
| # endif
| # include <string.h>
| #endif
| #if HAVE_STRINGS_H
| # include <strings.h>
| #endif
| #if HAVE_INTTYPES_H
| # include <inttypes.h>
| #else
| # if HAVE_STDINT_H
| #  include <stdint.h>
| # endif
| #endif
| #if HAVE_UNISTD_H
| # include <unistd.h>
| #endif
| #include <ndbm.h>
configure:4819: result: no
configure:4823: checking ndbm.h presence
configure:4833: gcc -E  conftest.c
conftest.c:49:18: ndbm.h: No such file or directory
configure:4839: $? = 1
configure: failed program was:
| /* confdefs.h.  */
| 
| #define PACKAGE_NAME ""
| #define PACKAGE_TARNAME ""
| #define PACKAGE_VERSION ""
| #define PACKAGE_STRING ""
| #define PACKAGE_BUGREPORT ""
| #define PACKAGE "nngssrv"
| #define VERSION "1.1.17"
| #define GNU_PACKAGE "GNU nngssrv"
| #ifdef __cplusplus
| extern "C" void std::exit (int) throw (); using std::exit;
| #endif
| #define HAVE_LIBM 1
| #define HAVE_LIBCRYPT 1
| #define STDC_HEADERS 1
| #define HAVE_SYS_TYPES_H 1
| #define HAVE_SYS_STAT_H 1
| #define HAVE_STDLIB_H 1
| #define HAVE_STRING_H 1
| #define HAVE_MEMORY_H 1
| #define HAVE_STRINGS_H 1
| #define HAVE_INTTYPES_H 1
| #define HAVE_STDINT_H 1
| #define HAVE_UNISTD_H 1
| #define TIME_WITH_SYS_TIME 1
| #define HAVE_UNISTD_H 1
| #define HAVE_CRYPT_H 1
| #define HAVE_FCNTL_H 1
| #define HAVE_DIRENT_H 1
| #define HAVE_CTYPE_H 1
| #define HAVE_STDIO_H 1
| #define HAVE_STDLIB_H 1
| #define HAVE_STRING_H 1
| #define HAVE_UTIME_H 1
| #define HAVE_TIME_H 1
| #define HAVE_ERRNO_H 1
| #define HAVE_STRINGS_H 1
| #define HAVE_SIGNAL_H 1
| #define HAVE_ENDIAN_H 1
| #define HAVE_SYS_TIME_H 1
| #define HAVE_SYS_STAT_H 1
| #define HAVE_SYS_SOCKET_H 1
| #define HAVE_ARPA_INET_H 1
| #define HAVE_ARPA_TELNET_H 1
| #define HAVE_NETINET_IN_H 1
| #define HAVE_NETDB_H 1
| /* end confdefs.h.  */
| #include <ndbm.h>
configure:4859: result: no
configure:4894: checking for ndbm.h
configure:4901: result: no
configure:4915: checking for int
configure:4939: gcc -c -g -O2  conftest.c >&5
configure:4945: $? = 0
configure:4949: test -z 
			 || test ! -s conftest.err
configure:4952: $? = 0
configure:4955: test -s conftest.o
configure:4958: $? = 0
configure:4969: result: yes
configure:4972: checking size of int
configure:5291: gcc -o conftest -g -O2   conftest.c -lcrypt -lm  >&5
configure:5294: $? = 0
configure:5296: ./conftest
configure:5299: $? = 0
configure:5322: result: 4
configure:5329: checking for long
configure:5353: gcc -c -g -O2  conftest.c >&5
configure:5359: $? = 0
configure:5363: test -z 
			 || test ! -s conftest.err
configure:5366: $? = 0
configure:5369: test -s conftest.o
configure:5372: $? = 0
configure:5383: result: yes
configure:5386: checking size of long
configure:5705: gcc -o conftest -g -O2   conftest.c -lcrypt -lm  >&5
configure:5708: $? = 0
configure:5710: ./conftest
configure:5713: $? = 0
configure:5736: result: 4
configure:5744: checking for ulong
configure:5768: gcc -c -g -O2  conftest.c >&5
configure:5774: $? = 0
configure:5778: test -z 
			 || test ! -s conftest.err
configure:5781: $? = 0
configure:5784: test -s conftest.o
configure:5787: $? = 0
configure:5798: result: yes
configure:5825: checking for setlinebuf
configure:5882: gcc -o conftest -g -O2   conftest.c -lcrypt -lm  >&5
configure:5888: $? = 0
configure:5892: test -z 
			 || test ! -s conftest.err
configure:5895: $? = 0
configure:5898: test -s conftest
configure:5901: $? = 0
configure:5913: result: yes
configure:5825: checking for alarm
configure:5882: gcc -o conftest -g -O2   conftest.c -lcrypt -lm  >&5
configure:5888: $? = 0
configure:5892: test -z 
			 || test ! -s conftest.err
configure:5895: $? = 0
configure:5898: test -s conftest
configure:5901: $? = 0
configure:5913: result: yes
configure:5825: checking for vsnprintf
configure:5882: gcc -o conftest -g -O2   conftest.c -lcrypt -lm  >&5
configure:5888: $? = 0
configure:5892: test -z 
			 || test ! -s conftest.err
configure:5895: $? = 0
configure:5898: test -s conftest
configure:5901: $? = 0
configure:5913: result: yes
configure:5825: checking for snprintf
configure:5882: gcc -o conftest -g -O2   conftest.c -lcrypt -lm  >&5
configure:5888: $? = 0
configure:5892: test -z 
			 || test ! -s conftest.err
configure:5895: $? = 0
configure:5898: test -s conftest
configure:5901: $? = 0
configure:5913: result: yes
configure:5825: checking for gettimeofday
configure:5882: gcc -o conftest -g -O2   conftest.c -lcrypt -lm  >&5
configure:5888: $? = 0
configure:5892: test -z 
			 || test ! -s conftest.err
configure:5895: $? = 0
configure:5898: test -s conftest
configure:5901: $? = 0
configure:5913: result: yes
configure:5825: checking for usleep
configure:5882: gcc -o conftest -g -O2   conftest.c -lcrypt -lm  >&5
configure:5888: $? = 0
configure:5892: test -z 
			 || test ! -s conftest.err
configure:5895: $? = 0
configure:5898: test -s conftest
configure:5901: $? = 0
configure:5913: result: yes
configure:5825: checking for random
configure:5882: gcc -o conftest -g -O2   conftest.c -lcrypt -lm  >&5
configure:5888: $? = 0
configure:5892: test -z 
			 || test ! -s conftest.err
configure:5895: $? = 0
configure:5898: test -s conftest
configure:5901: $? = 0
configure:5913: result: yes
configure:5825: checking for popen
configure:5882: gcc -o conftest -g -O2   conftest.c -lcrypt -lm  >&5
configure:5888: $? = 0
configure:5892: test -z 
			 || test ! -s conftest.err
configure:5895: $? = 0
configure:5898: test -s conftest
configure:5901: $? = 0
configure:5913: result: yes
configure:5825: checking for pclose
configure:5882: gcc -o conftest -g -O2   conftest.c -lcrypt -lm  >&5
configure:5888: $? = 0
configure:5892: test -z 
			 || test ! -s conftest.err
configure:5895: $? = 0
configure:5898: test -s conftest
configure:5901: $? = 0
configure:5913: result: yes
configure:5825: checking for ftruncate
configure:5882: gcc -o conftest -g -O2   conftest.c -lcrypt -lm  >&5
configure:5888: $? = 0
configure:5892: test -z 
			 || test ! -s conftest.err
configure:5895: $? = 0
configure:5898: test -s conftest
configure:5901: $? = 0
configure:5913: result: yes
configure:5956: checking for mail
configure:5989: result: no
configure:5956: checking for mailx
configure:5989: result: no
configure:5956: checking for Mail
configure:5989: result: no
configure:6001: checking whether adminlevels are requested
configure:6018: result: no
configure:6198: checking whether dmalloc debugging is requested
configure:6217: result: no
configure:6349: creating ./config.status

## ---------------------- ##
## Running config.status. ##
## ---------------------- ##

This file was extended by config.status, which was
generated by GNU Autoconf 2.59.  Invocation command line was

  CONFIG_FILES    = 
  CONFIG_HEADERS  = 
  CONFIG_LINKS    = 
  CONFIG_COMMANDS = 
  $ ./config.status 

on boardspace.net

config.status:710: creating Makefile
config.status:710: creating src/Makefile
config.status:710: creating nrat/Makefile
config.status:710: creating memory/Makefile
config.status:710: creating data/Makefile
config.status:710: creating data/help/Makefile
config.status:710: creating data/ahelp/Makefile
config.status:814: creating config.h
config.status:1278: executing depfiles commands

## ---------------- ##
## Cache variables. ##
## ---------------- ##

ac_cv_c_compiler_gnu=yes
ac_cv_c_const=yes
ac_cv_cxx_compiler_gnu=yes
ac_cv_env_CC_set=
ac_cv_env_CC_value=
ac_cv_env_CFLAGS_set=
ac_cv_env_CFLAGS_value=
ac_cv_env_CPPFLAGS_set=
ac_cv_env_CPPFLAGS_value=
ac_cv_env_CPP_set=
ac_cv_env_CPP_value=
ac_cv_env_CXXFLAGS_set=
ac_cv_env_CXXFLAGS_value=
ac_cv_env_CXX_set=
ac_cv_env_CXX_value=
ac_cv_env_LDFLAGS_set=
ac_cv_env_LDFLAGS_value=
ac_cv_env_build_alias_set=
ac_cv_env_build_alias_value=
ac_cv_env_host_alias_set=
ac_cv_env_host_alias_value=
ac_cv_env_target_alias_set=
ac_cv_env_target_alias_value=
ac_cv_exeext=
ac_cv_func_alarm=yes
ac_cv_func_ftruncate=yes
ac_cv_func_gettimeofday=yes
ac_cv_func_pclose=yes
ac_cv_func_popen=yes
ac_cv_func_random=yes
ac_cv_func_setlinebuf=yes
ac_cv_func_snprintf=yes
ac_cv_func_usleep=yes
ac_cv_func_vsnprintf=yes
ac_cv_header_arpa_inet_h=yes
ac_cv_header_arpa_telnet_h=yes
ac_cv_header_crypt_h=yes
ac_cv_header_ctype_h=yes
ac_cv_header_dirent_h=yes
ac_cv_header_endian_h=yes
ac_cv_header_errno_h=yes
ac_cv_header_fcntl_h=yes
ac_cv_header_gdbm_h=no
ac_cv_header_inttypes_h=yes
ac_cv_header_memory_h=yes
ac_cv_header_ndbm_h=no
ac_cv_header_netdb_h=yes
ac_cv_header_netinet_in_h=yes
ac_cv_header_signal_h=yes
ac_cv_header_stdc=yes
ac_cv_header_stdint_h=yes
ac_cv_header_stdio_h=yes
ac_cv_header_stdlib_h=yes
ac_cv_header_string_h=yes
ac_cv_header_strings_h=yes
ac_cv_header_sys_socket_h=yes
ac_cv_header_sys_stat_h=yes
ac_cv_header_sys_time_h=yes
ac_cv_header_sys_types_h=yes
ac_cv_header_sys_types_h_makedev=yes
ac_cv_header_term_h=no
ac_cv_header_time=yes
ac_cv_header_time_h=yes
ac_cv_header_unistd_h=yes
ac_cv_header_utime_h=yes
ac_cv_lib_crypt_crypt=yes
ac_cv_lib_m_pow=yes
ac_cv_lib_socket_bind=no
ac_cv_objext=o
ac_cv_path_install='/usr/bin/install -c'
ac_cv_prog_AWK=gawk
ac_cv_prog_CPP='gcc -E'
ac_cv_prog_ac_ct_CC=gcc
ac_cv_prog_ac_ct_CXX=g++
ac_cv_prog_ac_ct_RANLIB=ranlib
ac_cv_prog_cc_g=yes
ac_cv_prog_cc_stdc=
ac_cv_prog_cxx_g=yes
ac_cv_prog_egrep='grep -E'
ac_cv_prog_gcc_traditional=no
ac_cv_prog_make_make_set=yes
ac_cv_sizeof_int=4
ac_cv_sizeof_long=4
ac_cv_type_int=yes
ac_cv_type_long=yes
ac_cv_type_ulong=yes
am_cv_CC_dependencies_compiler_type=gcc3
am_cv_CXX_dependencies_compiler_type=gcc3

## ----------------- ##
## Output variables. ##
## ----------------- ##

ACLOCAL='${SHELL} /home/boardspa/nngs/nngs-1.1.17/missing --run aclocal-1.8'
AMDEPBACKSLASH='\'
AMDEP_FALSE='#'
AMDEP_TRUE=''
AMTAR='${SHELL} /home/boardspa/nngs/nngs-1.1.17/missing --run tar'
AUTOCONF='${SHELL} /home/boardspa/nngs/nngs-1.1.17/missing --run autoconf'
AUTOHEADER='${SHELL} /home/boardspa/nngs/nngs-1.1.17/missing --run autoheader'
AUTOMAKE='${SHELL} /home/boardspa/nngs/nngs-1.1.17/missing --run automake-1.8'
AWK='gawk'
CC='gcc'
CCDEPMODE='depmode=gcc3'
CFLAGS='-g -O2 -Wall -W -Wpointer-arith -Wbad-function-cast -Wcast-qual -Wcast-align -Wwrite-strings -Wstrict-prototypes -Wmissing-prototypes -Wmissing-declarations -Wp,-std=c89'
CPP='gcc -E'
CPPFLAGS=''
CXX='g++'
CXXDEPMODE='depmode=gcc3'
CXXFLAGS='-g -O2'
CYGPATH_W='echo'
DEFS='-DHAVE_CONFIG_H'
DEPDIR='.deps'
DMALLOCLIB=''
ECHO_C=''
ECHO_N='-n'
ECHO_T=''
EGREP='grep -E'
EXEEXT=''
GCC_ONLY=''
INSTALL_DATA='${INSTALL} -m 644'
INSTALL_PROGRAM='${INSTALL}'
INSTALL_SCRIPT='${INSTALL}'
INSTALL_STRIP_PROGRAM='${SHELL} $(install_sh) -c -s'
LDFLAGS=''
LIBOBJS=''
LIBS='-lcrypt -lm  '
LTLIBOBJS=''
MAILPROGRAM=''
MAINT='#'
MAINTAINER_MODE_FALSE=''
MAINTAINER_MODE_TRUE='#'
MAKEINFO='${SHELL} /home/boardspa/nngs/nngs-1.1.17/missing --run makeinfo'
NNGS_ALL_WARNINGS='CFLAGS=-g -O2 -Wall -W -Wshadow -Wpointer-arith -Wbad-function-cast -Wcast-qual -Wcast-align -Wwrite-strings -Wstrict-prototypes -Wmissing-prototypes -Wmissing-declarations -Wp,-std=c89'
NNGS_SOME_WARNINGS='CFLAGS=-g -O2 -Wall -W -Wpointer-arith -Wbad-function-cast -Wcast-qual -Wcast-align -Wwrite-strings -Wstrict-prototypes -Wmissing-prototypes -Wmissing-declarations -Wp,-std=c89'
NO_WARNINGS='CFLAGS=-g -O2'
OBJEXT='o'
PACKAGE='nngssrv'
PACKAGE_BUGREPORT=''
PACKAGE_NAME=''
PACKAGE_STRING=''
PACKAGE_TARNAME=''
PACKAGE_VERSION=''
PATH_SEPARATOR=':'
RANLIB='ranlib'
SET_MAKE=''
SHELL='/bin/sh'
STRIP=''
VERSION='1.1.17'
ac_ct_CC='gcc'
ac_ct_CXX='g++'
ac_ct_RANLIB='ranlib'
ac_ct_STRIP=''
am__fastdepCC_FALSE='#'
am__fastdepCC_TRUE=''
am__fastdepCXX_FALSE='#'
am__fastdepCXX_TRUE=''
am__include='include'
am__leading_dot='.'
am__quote=''
bindir='${exec_prefix}/bin'
build_alias=''
datadir='${prefix}/share'
exec_prefix='${prefix}'
host_alias=''
includedir='${prefix}/include'
infodir='${prefix}/info'
install_sh='/home/boardspa/nngs/nngs-1.1.17/install-sh'
libdir='${exec_prefix}/lib'
libexecdir='${exec_prefix}/libexec'
localstatedir='${prefix}/var'
mandir='${prefix}/man'
mkdir_p='mkdir -p -- .'
oldincludedir='/usr/include'
prefix='/home/boardspa/bin/nngs'
program_transform_name='s,x,x,'
sbindir='${exec_prefix}/sbin'
sharedstatedir='${prefix}/com'
sysconfdir='${prefix}/etc'
target_alias=''

## ----------- ##
## confdefs.h. ##
## ----------- ##

#define AHELP_DIR "/home/boardspa/bin/nngs/share/nngssrv/ahelp"
#define CGAME_DIR "/home/boardspa/bin/nngs/share/nngssrv/cgames"
#define EMOTES_FILE "/home/boardspa/bin/nngs/share/nngssrv/emotestr"
#define FIND_FILE "/home/boardspa/bin/nngs/share/nngssrv/find.out"
#define GAME_DIR "/home/boardspa/bin/nngs/share/nngssrv/games"
#define GNU_PACKAGE "GNU nngssrv"
#define HAVE_ALARM 1
#define HAVE_ARPA_INET_H 1
#define HAVE_ARPA_TELNET_H 1
#define HAVE_CRYPT_H 1
#define HAVE_CTYPE_H 1
#define HAVE_DIRENT_H 1
#define HAVE_ENDIAN_H 1
#define HAVE_ERRNO_H 1
#define HAVE_FCNTL_H 1
#define HAVE_FTRUNCATE 1
#define HAVE_GETTIMEOFDAY 1
#define HAVE_INTTYPES_H 1
#define HAVE_LIBCRYPT 1
#define HAVE_LIBM 1
#define HAVE_MEMORY_H 1
#define HAVE_NETDB_H 1
#define HAVE_NETINET_IN_H 1
#define HAVE_PCLOSE 1
#define HAVE_POPEN 1
#define HAVE_RANDOM 1
#define HAVE_SETLINEBUF 1
#define HAVE_SIGNAL_H 1
#define HAVE_SNPRINTF 1
#define HAVE_STDINT_H 1
#define HAVE_STDIO_H 1
#define HAVE_STDLIB_H 1
#define HAVE_STDLIB_H 1
#define HAVE_STRINGS_H 1
#define HAVE_STRINGS_H 1
#define HAVE_STRING_H 1
#define HAVE_STRING_H 1
#define HAVE_SYS_SOCKET_H 1
#define HAVE_SYS_STAT_H 1
#define HAVE_SYS_STAT_H 1
#define HAVE_SYS_TIME_H 1
#define HAVE_SYS_TYPES_H 1
#define HAVE_TIME_H 1
#define HAVE_UNISTD_H 1
#define HAVE_UNISTD_H 1
#define HAVE_USLEEP 1
#define HAVE_UTIME_H 1
#define HAVE_VSNPRINTF 1
#define HELP_DIR "/home/boardspa/bin/nngs/share/nngssrv/help"
#define INFO_DIR "/home/boardspa/bin/nngs/share/nngssrv/info"
#define INTERGO_FILE "/home/boardspa/bin/nngs/share/nngssrv/intergo/intergo"
#define LADDER19_FILE "/home/boardspa/bin/nngs/share/nngssrv/ladder/ladder19"
#define LADDER9_FILE "/home/boardspa/bin/nngs/share/nngssrv/ladder/ladder9"
#define LIST_DIR "/home/boardspa/bin/nngs/share/nngssrv/lists"
#define LOG_FILE "logfile"
#define MAILPROGRAM ""
#define MESSAGE_DIR "/home/boardspa/bin/nngs/share/nngssrv/messages"
#define MESS_AMOTD "admotd"
#define MESS_LOGIN "login"
#define MESS_LOGOUT "logout"
#define MESS_MOTD "motd"
#define MESS_UNREGISTERED "unregistered"
#define MESS_WELCOME "welcome"
#define NEWS_DIR "/home/boardspa/bin/nngs/share/nngssrv/news"
#define NOTE_FILE "/home/boardspa/bin/nngs/share/nngssrv/note"
#define NRATINGS_FILE "/home/boardspa/bin/nngs/share/nngssrv/ratdb"
#define NRESULTS_FILE "/home/boardspa/bin/nngs/share/nngssrv/nresults"
#define PACKAGE "nngssrv"
#define PACKAGE_BUGREPORT ""
#define PACKAGE_NAME ""
#define PACKAGE_STRING ""
#define PACKAGE_TARNAME ""
#define PACKAGE_VERSION ""
#define PLAYER_DIR "/home/boardspa/bin/nngs/share/nngssrv/players"
#define PROBLEM_DIR "/home/boardspa/bin/nngs/share/nngssrv/problems"
#define RATINGS_FILE "/home/boardspa/bin/nngs/share/nngssrv/results-rated"
#define RESULTS_FILE "/home/boardspa/bin/nngs/share/nngssrv/results"
#define SIZEOF_INT 4
#define SIZEOF_LONG 4
#define STATS_CGAMES "cgames"
#define STATS_DIR "/home/boardspa/bin/nngs/share/nngssrv/stats"
#define STATS_GAMES "games"
#define STATS_LOGONS "logons"
#define STATS_MESSAGES "messages"
#define STATS_RGAMES "rgames"
#define STDC_HEADERS 1
#define TIME_WITH_SYS_TIME 1
#define VERSION "1.1.17"
#endif
#ifdef __cplusplus
extern "C" void std::exit (int) throw (); using std::exit;

configure: exit 0
